This file contains any messages produced by compilers while
running configure, to aid debugging if configure makes a mistake.

It was created by GNU C Library configure (see version.h), which was
generated by GNU Autoconf 2.69.  Invocation command line was

  $ /workspaces/labsisop-buildroot/output/build/glibc-2.36-81-g4f4d7a13edfd2fdc57c9d76e1fd6d017fb47550c/configure --target=i686-buildroot-linux-gnu --host=i686-buildroot-linux-gnu --build=x86_64-pc-linux-gnu --prefix=/usr --enable-shared --with-pkgversion=Buildroot --disable-profile --disable-werror --without-gd --with-headers=/workspaces/labsisop-buildroot/output/host/i686-buildroot-linux-gnu/sysroot/usr/include --enable-kernel=4.13

## --------- ##
## Platform. ##
## --------- ##

hostname = codespaces-1ee735
uname -m = x86_64
uname -r = 6.8.0-1027-azure
uname -s = Linux
uname -v = #32~22.04.1-Ubuntu SMP Thu Apr  3 20:26:27 UTC 2025

/usr/bin/uname -p = x86_64
/bin/uname -X     = unknown

/bin/arch              = x86_64
/usr/bin/arch -k       = unknown
/usr/convex/getsysinfo = unknown
/usr/bin/hostinfo      = unknown
/bin/machine           = unknown
/usr/bin/oslevel       = unknown
/bin/universe          = unknown

PATH: /workspaces/labsisop-buildroot/output/host/bin
PATH: /workspaces/labsisop-buildroot/output/host/sbin
PATH: /usr/local/rvm/gems/ruby-3.3.4/bin
PATH: /usr/local/rvm/gems/ruby-3.3.4@global/bin
PATH: /usr/local/rvm/rubies/ruby-3.3.4/bin
PATH: /vscode/bin/linux-x64/19e0f9e681ecb8e5c09d8784acaa601316ca4571/bin/remote-cli
PATH: /home/codespace/.local/bin
PATH: /home/codespace/.dotnet
PATH: /home/codespace/nvm/current/bin
PATH: /home/codespace/.php/current/bin
PATH: /home/codespace/.python/current/bin
PATH: /home/codespace/java/current/bin
PATH: /home/codespace/.ruby/current/bin
PATH: /home/codespace/.local/bin
PATH: /usr/local/python/current/bin
PATH: /usr/local/py-utils/bin
PATH: /usr/local/jupyter
PATH: /usr/local/oryx
PATH: /usr/local/go/bin
PATH: /go/bin
PATH: /usr/local/sdkman/bin
PATH: /usr/local/sdkman/candidates/java/current/bin
PATH: /usr/local/sdkman/candidates/gradle/current/bin
PATH: /usr/local/sdkman/candidates/maven/current/bin
PATH: /usr/local/sdkman/candidates/ant/current/bin
PATH: /usr/local/rvm/gems/default/bin
PATH: /usr/local/rvm/gems/default@global/bin
PATH: /usr/local/rvm/rubies/default/bin
PATH: /usr/local/share/rbenv/bin
PATH: /usr/local/php/current/bin
PATH: /opt/conda/bin
PATH: /usr/local/nvs
PATH: /usr/local/share/nvm/versions/node/v20.19.0/bin
PATH: /usr/local/hugo/bin
PATH: /usr/local/sbin
PATH: /usr/local/bin
PATH: /usr/sbin
PATH: /usr/bin
PATH: /sbin
PATH: /bin
PATH: /usr/share/dotnet
PATH: /home/codespace/.dotnet/tools
PATH: /usr/local/rvm/bin


## ----------- ##
## Core tests. ##
## ----------- ##

configure:2247: checking build system type
configure:2261: result: x86_64-pc-linux-gnu
configure:2281: checking host system type
configure:2294: result: i686-buildroot-linux-gnu
configure:2323: checking for i686-buildroot-linux-gnu-gcc
configure:2350: result: /workspaces/labsisop-buildroot/output/host/bin/i686-buildroot-linux-gnu-gcc
configure:2619: checking for C compiler version
configure:2628: /workspaces/labsisop-buildroot/output/host/bin/i686-buildroot-linux-gnu-gcc --version >&5
i686-buildroot-linux-gnu-gcc.br_real (Buildroot -g22acba568) 11.3.0
Copyright (C) 2021 Free Software Foundation, Inc.
This is free software; see the source for copying conditions.  There is NO
warranty; not even for MERCHANTABILITY or FITNESS FOR A PARTICULAR PURPOSE.

configure:2639: $? = 0
configure:2628: /workspaces/labsisop-buildroot/output/host/bin/i686-buildroot-linux-gnu-gcc -v >&5
Using built-in specs.
COLLECT_GCC=/workspaces/labsisop-buildroot/output/host/bin/i686-buildroot-linux-gnu-gcc.br_real
COLLECT_LTO_WRAPPER=/workspaces/labsisop-buildroot/output/host/libexec/gcc/i686-buildroot-linux-gnu/11.3.0/lto-wrapper
Target: i686-buildroot-linux-gnu
Configured with: ./configure --prefix=/workspaces/labsisop-buildroot/output/host --sysconfdir=/workspaces/labsisop-buildroot/output/host/etc --localstatedir=/workspaces/labsisop-buildroot/output/host/var --enable-shared --disable-static --disable-gtk-doc --disable-gtk-doc-html --disable-doc --disable-docs --disable-documentation --disable-debug --with-xmlto=no --with-fop=no --disable-nls --disable-dependency-tracking --target=i686-buildroot-linux-gnu --with-sysroot=/workspaces/labsisop-buildroot/output/host/i686-buildroot-linux-gnu/sysroot --enable-__cxa_atexit --with-gnu-ld --disable-libssp --disable-multilib --disable-decimal-float --enable-plugins --enable-lto --with-gmp=/workspaces/labsisop-buildroot/output/host --with-mpc=/workspaces/labsisop-buildroot/output/host --with-mpfr=/workspaces/labsisop-buildroot/output/host --with-pkgversion='Buildroot -g22acba568' --with-bugurl=http://bugs.buildroot.net/ --without-zstd --enable-libquadmath --enable-libquadmath-support --enable-tls --enable-threads --without-isl --without-cloog --with-arch=pentiumpro --enable-languages=c --disable-shared --without-headers --disable-threads --with-newlib --disable-largefile
Thread model: single
Supported LTO compression algorithms: zlib
gcc version 11.3.0 (Buildroot -g22acba568) 
COMPILER_PATH=/workspaces/labsisop-buildroot/output/host/libexec/gcc/i686-buildroot-linux-gnu/11.3.0/:/workspaces/labsisop-buildroot/output/host/libexec/gcc/i686-buildroot-linux-gnu/11.3.0/:/workspaces/labsisop-buildroot/output/host/libexec/gcc/i686-buildroot-linux-gnu/:/workspaces/labsisop-buildroot/output/host/lib/gcc/i686-buildroot-linux-gnu/11.3.0/:/workspaces/labsisop-buildroot/output/host/lib/gcc/i686-buildroot-linux-gnu/:/workspaces/labsisop-buildroot/output/host/lib/gcc/i686-buildroot-linux-gnu/11.3.0/../../../../i686-buildroot-linux-gnu/bin/
LIBRARY_PATH=/workspaces/labsisop-buildroot/output/host/lib/gcc/i686-buildroot-linux-gnu/11.3.0/:/workspaces/labsisop-buildroot/output/host/lib/gcc/i686-buildroot-linux-gnu/11.3.0/../../../../i686-buildroot-linux-gnu/lib/:/workspaces/labsisop-buildroot/output/host/i686-buildroot-linux-gnu/sysroot/lib/:/workspaces/labsisop-buildroot/output/host/i686-buildroot-linux-gnu/sysroot/usr/lib/
... rest of stderr output deleted ...
configure:2639: $? = 1
configure:2628: /workspaces/labsisop-buildroot/output/host/bin/i686-buildroot-linux-gnu-gcc -V >&5
i686-buildroot-linux-gnu-gcc.br_real: error: unrecognized command-line option '-V'
configure:2639: $? = 1
configure:2628: /workspaces/labsisop-buildroot/output/host/bin/i686-buildroot-linux-gnu-gcc -qversion >&5
i686-buildroot-linux-gnu-gcc.br_real: error: unrecognized command-line option '-qversion'; did you mean '--version'?
configure:2639: $? = 1
configure:2644: checking for suffix of object files
configure:2666: /workspaces/labsisop-buildroot/output/host/bin/i686-buildroot-linux-gnu-gcc -c -Os -fno-lto  conftest.c >&5
configure:2670: $? = 0
configure:2691: result: o
configure:2695: checking whether we are using the GNU C compiler
configure:2714: /workspaces/labsisop-buildroot/output/host/bin/i686-buildroot-linux-gnu-gcc -c -Os -fno-lto  conftest.c >&5
configure:2714: $? = 0
configure:2723: result: yes
configure:2732: checking whether /workspaces/labsisop-buildroot/output/host/bin/i686-buildroot-linux-gnu-gcc accepts -g
configure:2752: /workspaces/labsisop-buildroot/output/host/bin/i686-buildroot-linux-gnu-gcc -c -g  conftest.c >&5
configure:2752: $? = 0
configure:2793: result: yes
configure:2822: checking for gcc
configure:2838: found /usr/bin/gcc
configure:2849: result: gcc
configure:2873: checking for i686-buildroot-linux-gnu-readelf
configure:2900: result: /workspaces/labsisop-buildroot/output/host/bin/i686-buildroot-linux-gnu-readelf
configure:3076: checking for C++ compiler version
configure:3085: no --version >&5
/workspaces/labsisop-buildroot/output/build/glibc-2.36-81-g4f4d7a13edfd2fdc57c9d76e1fd6d017fb47550c/configure: line 3087: no: command not found
configure:3096: $? = 127
configure:3085: no -v >&5
/workspaces/labsisop-buildroot/output/build/glibc-2.36-81-g4f4d7a13edfd2fdc57c9d76e1fd6d017fb47550c/configure: line 3087: no: command not found
configure:3096: $? = 127
configure:3085: no -V >&5
/workspaces/labsisop-buildroot/output/build/glibc-2.36-81-g4f4d7a13edfd2fdc57c9d76e1fd6d017fb47550c/configure: line 3087: no: command not found
configure:3096: $? = 127
configure:3085: no -qversion >&5
/workspaces/labsisop-buildroot/output/build/glibc-2.36-81-g4f4d7a13edfd2fdc57c9d76e1fd6d017fb47550c/configure: line 3087: no: command not found
configure:3096: $? = 127
configure:3100: checking whether we are using the GNU C++ compiler
configure:3119: no -c -Os -fno-lto  conftest.cpp >&5
/workspaces/labsisop-buildroot/output/build/glibc-2.36-81-g4f4d7a13edfd2fdc57c9d76e1fd6d017fb47550c/configure: line 1630: no: command not found
configure:3119: $? = 127
configure: failed program was:
| /* confdefs.h */
| #define PACKAGE_NAME "GNU C Library"
| #define PACKAGE_TARNAME "glibc"
| #define PACKAGE_VERSION "(see version.h)"
| #define PACKAGE_STRING "GNU C Library (see version.h)"
| #define PACKAGE_BUGREPORT "https://sourceware.org/bugzilla/"
| #define PACKAGE_URL "https://www.gnu.org/software/glibc/"
| #define PKGVERSION "(Buildroot) "
| #define REPORT_BUGS_TO "<https://www.gnu.org/software/libc/bugs.html>"
| /* end confdefs.h.  */
| 
| int
| main ()
| {
| #ifndef __GNUC__
|        choke me
| #endif
| 
|   ;
|   return 0;
| }
configure:3128: result: no
configure:3137: checking whether no accepts -g
configure:3157: no -c -g  conftest.cpp >&5
/workspaces/labsisop-buildroot/output/build/glibc-2.36-81-g4f4d7a13edfd2fdc57c9d76e1fd6d017fb47550c/configure: line 1630: no: command not found
configure:3157: $? = 127
configure: failed program was:
| /* confdefs.h */
| #define PACKAGE_NAME "GNU C Library"
| #define PACKAGE_TARNAME "glibc"
| #define PACKAGE_VERSION "(see version.h)"
| #define PACKAGE_STRING "GNU C Library (see version.h)"
| #define PACKAGE_BUGREPORT "https://sourceware.org/bugzilla/"
| #define PACKAGE_URL "https://www.gnu.org/software/glibc/"
| #define PKGVERSION "(Buildroot) "
| #define REPORT_BUGS_TO "<https://www.gnu.org/software/libc/bugs.html>"
| /* end confdefs.h.  */
| 
| int
| main ()
| {
| 
|   ;
|   return 0;
| }
configure:3172: no -c   conftest.cpp >&5
/workspaces/labsisop-buildroot/output/build/glibc-2.36-81-g4f4d7a13edfd2fdc57c9d76e1fd6d017fb47550c/configure: line 1630: no: command not found
configure:3172: $? = 127
configure: failed program was:
| /* confdefs.h */
| #define PACKAGE_NAME "GNU C Library"
| #define PACKAGE_TARNAME "glibc"
| #define PACKAGE_VERSION "(see version.h)"
| #define PACKAGE_STRING "GNU C Library (see version.h)"
| #define PACKAGE_BUGREPORT "https://sourceware.org/bugzilla/"
| #define PACKAGE_URL "https://www.gnu.org/software/glibc/"
| #define PKGVERSION "(Buildroot) "
| #define REPORT_BUGS_TO "<https://www.gnu.org/software/libc/bugs.html>"
| /* end confdefs.h.  */
| 
| int
| main ()
| {
| 
|   ;
|   return 0;
| }
configure:3188: no -c -g  conftest.cpp >&5
/workspaces/labsisop-buildroot/output/build/glibc-2.36-81-g4f4d7a13edfd2fdc57c9d76e1fd6d017fb47550c/configure: line 1630: no: command not found
configure:3188: $? = 127
configure: failed program was:
| /* confdefs.h */
| #define PACKAGE_NAME "GNU C Library"
| #define PACKAGE_TARNAME "glibc"
| #define PACKAGE_VERSION "(see version.h)"
| #define PACKAGE_STRING "GNU C Library (see version.h)"
| #define PACKAGE_BUGREPORT "https://sourceware.org/bugzilla/"
| #define PACKAGE_URL "https://www.gnu.org/software/glibc/"
| #define PKGVERSION "(Buildroot) "
| #define REPORT_BUGS_TO "<https://www.gnu.org/software/libc/bugs.html>"
| /* end confdefs.h.  */
| 
| int
| main ()
| {
| 
|   ;
|   return 0;
| }
configure:3198: result: no
configure:3223: checking whether no can link programs
configure:3246: no -o conftest -Os -fno-lto   conftest.cpp  >&5
/workspaces/labsisop-buildroot/output/build/glibc-2.36-81-g4f4d7a13edfd2fdc57c9d76e1fd6d017fb47550c/configure: line 1668: no: command not found
configure:3246: $? = 127
configure: failed program was:
| /* confdefs.h */
| #define PACKAGE_NAME "GNU C Library"
| #define PACKAGE_TARNAME "glibc"
| #define PACKAGE_VERSION "(see version.h)"
| #define PACKAGE_STRING "GNU C Library (see version.h)"
| #define PACKAGE_BUGREPORT "https://sourceware.org/bugzilla/"
| #define PACKAGE_URL "https://www.gnu.org/software/glibc/"
| #define PKGVERSION "(Buildroot) "
| #define REPORT_BUGS_TO "<https://www.gnu.org/software/libc/bugs.html>"
| /* end confdefs.h.  */
| 
| int
| main ()
| {
| 
|   ;
|   return 0;
| }
configure:3269: no -o conftest -Os -fno-lto   -static conftest.cpp  >&5
/workspaces/labsisop-buildroot/output/build/glibc-2.36-81-g4f4d7a13edfd2fdc57c9d76e1fd6d017fb47550c/configure: line 1668: no: command not found
configure:3269: $? = 127
configure: failed program was:
| /* confdefs.h */
| #define PACKAGE_NAME "GNU C Library"
| #define PACKAGE_TARNAME "glibc"
| #define PACKAGE_VERSION "(see version.h)"
| #define PACKAGE_STRING "GNU C Library (see version.h)"
| #define PACKAGE_BUGREPORT "https://sourceware.org/bugzilla/"
| #define PACKAGE_URL "https://www.gnu.org/software/glibc/"
| #define PKGVERSION "(Buildroot) "
| #define REPORT_BUGS_TO "<https://www.gnu.org/software/libc/bugs.html>"
| /* end confdefs.h.  */
| 
| #include <iostream>
| 
| int
| main()
| {
|   std::cout << "Hello, world!";
|   return 0;
| }
| 
configure:3284: result: no
configure:3824: /workspaces/labsisop-buildroot/output/host/bin/i686-buildroot-linux-gnu-cpp  conftest.c
conftest.c:19:3: error: #error no CET compiler support
   19 | # error no CET compiler support
      |   ^~~~~
configure:3824: $? = 1
configure: failed program was:
| /* confdefs.h */
| #define PACKAGE_NAME "GNU C Library"
| #define PACKAGE_TARNAME "glibc"
| #define PACKAGE_VERSION "(see version.h)"
| #define PACKAGE_STRING "GNU C Library (see version.h)"
| #define PACKAGE_BUGREPORT "https://sourceware.org/bugzilla/"
| #define PACKAGE_URL "https://www.gnu.org/software/glibc/"
| #define PKGVERSION "(Buildroot) "
| #define REPORT_BUGS_TO "<https://www.gnu.org/software/libc/bugs.html>"
| #define TIMEOUTFACTOR 1
| #define HAVE_TUNABLES 1
| /* end confdefs.h.  */
| 
| int
| main ()
| {
| 
| #ifndef __CET__
| # error no CET compiler support
| #endif
|   ;
|   return 0;
| }
configure:3896: checking for sysdeps preconfigure fragments
configure:6: checking for grep that handles long lines and -e
configure:64: result: /usr/bin/grep
configure:69: checking for egrep
configure:131: result: /usr/bin/grep -E
configure:6: checking for grep that handles long lines and -e
configure:64: result: /usr/bin/grep
configure:69: checking for egrep
configure:131: result: /usr/bin/grep -E
configure:3903: result: 
configure:3933: checking for use of fpu sysdeps directories
configure:3952: result: yes
configure:3956: checking for -fstack-protector
configure:3973: result: no
configure:3976: checking for -fstack-protector-strong
configure:3982: /workspaces/labsisop-buildroot/output/host/bin/i686-buildroot-linux-gnu-gcc -Os -fno-lto  -Werror -fstack-protector-strong -xc /dev/null -S -o /dev/null
configure:3985: $? = 0
configure:3993: result: yes
configure:3996: checking for -fstack-protector-all
configure:4002: /workspaces/labsisop-buildroot/output/host/bin/i686-buildroot-linux-gnu-gcc -Os -fno-lto  -Werror -fstack-protector-all -xc /dev/null -S -o /dev/null
configure:4005: $? = 0
configure:4013: result: yes
configure:4056: checking for assembler and linker STT_GNU_IFUNC support

Relocation section '.rel.dyn' at offset 0x1ac contains 1 entry:
 Offset     Info    Type            Sym.Value  Sym. Name
00002000  0000002a R_386_IRELATIVE  
configure:4087: result: yes
configure:4091: checking for gcc attribute ifunc support
configure:4117: result: yes
configure:4122: checking whether the linker supports textrels along with ifunc
configure:4152: /workspaces/labsisop-buildroot/output/host/bin/i686-buildroot-linux-gnu-gcc -Os -fno-lto   -nostartfiles -nostdlib -fno-stack-protector -pie -o conftest conftest.S
/workspaces/labsisop-buildroot/output/host/lib/gcc/i686-buildroot-linux-gnu/11.3.0/../../../../i686-buildroot-linux-gnu/bin/ld: /tmp/ccFnuhbl.o: warning: relocation against `address' in read-only section `.text'
/workspaces/labsisop-buildroot/output/host/lib/gcc/i686-buildroot-linux-gnu/11.3.0/../../../../i686-buildroot-linux-gnu/bin/ld: warning: GNU indirect functions with DT_TEXTREL may result in a segfault at runtime; recompile with -fPIE
/workspaces/labsisop-buildroot/output/host/lib/gcc/i686-buildroot-linux-gnu/11.3.0/../../../../i686-buildroot-linux-gnu/bin/ld: warning: creating DT_TEXTREL in a PIE
configure:4155: $? = 0
configure:4162: result: yes
configure:4167: checking for GNU attribute retain support
conftest.c:1:1: error: 'retain' attribute ignored [-Werror=attributes]
    1 | static int var  __attribute__ ((used, retain, section ("__libc_atexit")));
      | ^~~~~~
cc1: all warnings being treated as errors
configure:4182: result: no
configure:4192: checking if compiler warns about alias for function with incompatible types
conftest.c:9:34: error: 'foo_alias' alias between functions of incompatible types 'int(const void *, int)' and 'int (*(void))(const void *, int)' [-Werror=attribute-alias=]
    9 | extern __typeof (__redirect_foo) foo_alias __attribute__ ((alias ("foo")));
      |                                  ^~~~~~~~~
conftest.c:4:28: note: aliased declaration here
    4 | __typeof (__redirect_foo) *foo_impl (void)
      |                            ^~~~~~~~
cc1: all warnings being treated as errors
configure:4214: result: yes
configure:4252: checking sysdep dirs
configure:4450: result: sysdeps/generic
configure:4470: checking for a BSD-compatible install
configure:4538: result: /usr/bin/install -c
configure:4553: checking whether ln -s works
configure:4557: result: yes
configure:4587: checking whether /workspaces/labsisop-buildroot/output/host/lib/gcc/i686-buildroot-linux-gnu/11.3.0/../../../../i686-buildroot-linux-gnu/bin/as is GNU as
configure:4601: result: yes
configure:4606: checking whether /workspaces/labsisop-buildroot/output/host/lib/gcc/i686-buildroot-linux-gnu/11.3.0/../../../../i686-buildroot-linux-gnu/bin/ld is GNU ld
configure:4620: result: yes
configure:4630: checking for /workspaces/labsisop-buildroot/output/host/lib/gcc/i686-buildroot-linux-gnu/11.3.0/../../../../i686-buildroot-linux-gnu/bin/as
configure:4657: result: /workspaces/labsisop-buildroot/output/host/lib/gcc/i686-buildroot-linux-gnu/11.3.0/../../../../i686-buildroot-linux-gnu/bin/as
configure:4672: checking version of /workspaces/labsisop-buildroot/output/host/lib/gcc/i686-buildroot-linux-gnu/11.3.0/../../../../i686-buildroot-linux-gnu/bin/as
configure:4682: result: 2.38, ok
configure:4830: checking for /workspaces/labsisop-buildroot/output/host/lib/gcc/i686-buildroot-linux-gnu/11.3.0/../../../../i686-buildroot-linux-gnu/bin/ld
configure:4857: result: /workspaces/labsisop-buildroot/output/host/lib/gcc/i686-buildroot-linux-gnu/11.3.0/../../../../i686-buildroot-linux-gnu/bin/ld
configure:4872: checking version of /workspaces/labsisop-buildroot/output/host/lib/gcc/i686-buildroot-linux-gnu/11.3.0/../../../../i686-buildroot-linux-gnu/bin/ld
configure:4882: result: 2.38, ok
configure:4899: checking for gnumake
configure:4926: result: /usr/bin/make -j3
configure:4941: checking version of /usr/bin/make -j3
configure:4951: result: 4.2.1, ok
configure:4963: checking for gnumsgfmt
configure:4993: result: no
configure:4963: checking for gmsgfmt
configure:4993: result: no
configure:4963: checking for msgfmt
configure:4979: found /usr/bin/msgfmt
configure:4990: result: msgfmt
configure:5005: checking version of msgfmt
configure:5015: result: 0.19.8.1, ok
configure:5026: checking for makeinfo
configure:5056: result: no
configure:5089: checking for sed
configure:5105: found /usr/bin/sed
configure:5116: result: sed
configure:5131: checking version of sed
configure:5141: result: 4.7, ok
configure:5152: checking for gawk
configure:5168: found /workspaces/labsisop-buildroot/output/host/bin/gawk
configure:5179: result: gawk
configure:5194: checking version of gawk
configure:5204: result: 5.2.0, ok
configure:5215: checking for bison
configure:5231: found /workspaces/labsisop-buildroot/output/host/bin/bison
configure:5242: result: bison
configure:5257: checking version of bison
configure:5267: result: 3.8.2, ok
configure:5275: checking if /workspaces/labsisop-buildroot/output/host/bin/i686-buildroot-linux-gnu-gcc is sufficient to build libc
configure:5295: /workspaces/labsisop-buildroot/output/host/bin/i686-buildroot-linux-gnu-cpp  conftest.c
configure:5295: $? = 0
configure:5302: result: yes
configure:5311: checking for i686-buildroot-linux-gnu-nm
configure:5338: result: /workspaces/labsisop-buildroot/output/host/bin/i686-buildroot-linux-gnu-gcc-nm
configure:5476: checking for python3
configure:5492: found /home/codespace/.python/current/bin/python3
configure:5503: result: python3
configure:5518: checking version of python3
configure:5528: result: 3.12.1, ok
configure:5545: WARNING:
*** These auxiliary programs are missing or incompatible versions: makeinfo
*** some features or tests will be disabled.
*** Check the INSTALL file for required versions.
configure:5596: checking LD_LIBRARY_PATH variable
configure:5606: result: ok
configure:5617: checking for bash
configure:5648: result: /bin/sh
configure:5659: checking for perl
configure:5690: result: /usr/bin/perl
configure:5704: checking for install-info
configure:5736: result: no
configure:5745: checking for .set assembler directive
configure:5771: result: yes
configure:5778: checking linker support for protected data symbol
configure:5788: /workspaces/labsisop-buildroot/output/host/bin/i686-buildroot-linux-gnu-gcc -nostdlib -nostartfiles -fno-stack-protector -fPIC -shared conftest.c -o conftest.so
configure:5791: $? = 0
configure:5798: /workspaces/labsisop-buildroot/output/host/bin/i686-buildroot-linux-gnu-gcc -nostdlib -nostartfiles -fno-stack-protector conftest.c -o conftest conftest.so
/workspaces/labsisop-buildroot/output/host/lib/gcc/i686-buildroot-linux-gnu/11.3.0/../../../../i686-buildroot-linux-gnu/bin/ld: warning: cannot find entry symbol _start; defaulting to 0000000000001000
configure:5801: $? = 0
configure:5809: result: yes
configure:5813: checking linker support for INSERT in linker script
configure:5831: /workspaces/labsisop-buildroot/output/host/bin/i686-buildroot-linux-gnu-gcc -nostdlib -nostartfiles -fno-stack-protector -fPIC -shared conftest.c -Wl,-T,conftest.t -o conftest.so
/workspaces/labsisop-buildroot/output/host/lib/gcc/i686-buildroot-linux-gnu/11.3.0/../../../../i686-buildroot-linux-gnu/bin/ld: .rela.dyn not found for insert
collect2: error: ld returned 1 exit status
configure:5834: $? = 1
configure:5841: result: no
configure:5845: checking for broken __attribute__((alias()))
configure:5860: /workspaces/labsisop-buildroot/output/host/bin/i686-buildroot-linux-gnu-gcc -Werror -S conftest.c -o conftest.s 1>&5
configure:5863: $? = 0
configure:5873: result: no
configure:5879: checking whether to put _rtld_local into .sdata section
configure:5893: result: no
configure:5900: checking for libunwind-support in compiler
configure:5917: result: no
configure:5926: checking whether --noexecstack is desirable for .S files
configure:5936: /workspaces/labsisop-buildroot/output/host/bin/i686-buildroot-linux-gnu-gcc -Os -fno-lto 
		   -S -o conftest.s conftest.c 1>&5
configure:5939: $? = 0
configure:5944: /workspaces/labsisop-buildroot/output/host/bin/i686-buildroot-linux-gnu-gcc  -Wa,--noexecstack
		      -c -o conftest.o conftest.s 1>&5
configure:5947: $? = 0
configure:5956: result: yes
configure:5963: checking for linker that supports -z execstack
configure:5974: /workspaces/labsisop-buildroot/output/host/bin/i686-buildroot-linux-gnu-gcc -Os -fno-lto   -fno-stack-protector
		    -Wl,-z,execstack -nostdlib -nostartfiles
		    -fPIC -shared -o conftest.so conftest.c
		    1>&5
configure:5977: $? = 0
configure:5995: result: yes
configure:5999: checking for linker that supports -z start-stop-gc
configure:6010: /workspaces/labsisop-buildroot/output/host/bin/i686-buildroot-linux-gnu-gcc -Os -fno-lto   -fno-stack-protector
		    -Wl,-z,start-stop-gc -nostdlib -nostartfiles
		    -fPIC -shared -o conftest.so conftest.c
		    1>&5
configure:6013: $? = 0
configure:6031: result: yes
configure:6036: checking for linker that supports --depaudit
configure:6047: /workspaces/labsisop-buildroot/output/host/bin/i686-buildroot-linux-gnu-gcc -Os -fno-lto   -fno-stack-protector
		    -Wl,--depaudit,x -nostdlib -nostartfiles
		    -fPIC -shared -o conftest.so conftest.c
		    1>&5
configure:6050: $? = 0
configure:6068: result: yes
configure:6073: checking for linker that supports -z pack-relative-relocs
configure:6084: /workspaces/labsisop-buildroot/output/host/bin/i686-buildroot-linux-gnu-gcc -Os -fno-lto   -fno-stack-protector
		    -Wl,-z,pack-relative-relocs -nostdlib -nostartfiles
		    -fPIC -shared -o conftest.so conftest.c
		    1>&5
configure:6087: $? = 0
configure:6105: result: yes
configure:6110: checking for linker that supports --no-dynamic-linker
configure:6121: /workspaces/labsisop-buildroot/output/host/bin/i686-buildroot-linux-gnu-gcc -Os -fno-lto   -fno-stack-protector
		    -Wl,--no-dynamic-linker -nostdlib -nostartfiles
		    -fPIC -shared -o conftest.so conftest.c
		    1>&5
configure:6124: $? = 0
configure:6142: result: yes
configure:6147: checking for -static-pie
configure:6153: /workspaces/labsisop-buildroot/output/host/bin/i686-buildroot-linux-gnu-gcc -static-pie -xc /dev/null -S -o /dev/null
configure:6156: $? = 0
configure:6164: result: yes
configure:6169: checking for -fpie
configure:6175: /workspaces/labsisop-buildroot/output/host/bin/i686-buildroot-linux-gnu-gcc -fpie -xc /dev/null -S -o /dev/null
configure:6178: $? = 0
configure:6186: result: yes
configure:6191: checking for GLOB_DAT reloc
configure:6204: /workspaces/labsisop-buildroot/output/host/bin/i686-buildroot-linux-gnu-gcc -Os -fno-lto  
			-fPIC -shared -o conftest.so conftest.c
			-nostdlib -nostartfiles -fno-stack-protector
			1>&5
configure:6207: $? = 0
configure:6220: result: yes
configure:6224: checking for -mtls-dialect=gnu2
configure:6238: /workspaces/labsisop-buildroot/output/host/bin/i686-buildroot-linux-gnu-gcc -Os -fno-lto  -fPIC -mtls-dialect=gnu2 -nostdlib -nostartfiles
		   conftest.c -o conftest 1>&5
/workspaces/labsisop-buildroot/output/host/lib/gcc/i686-buildroot-linux-gnu/11.3.0/../../../../i686-buildroot-linux-gnu/bin/ld: warning: cannot find entry symbol _start; defaulting to 0000000000001000
configure:6241: $? = 0
configure:6250: result: yes
configure:6256: checking whether cc puts quotes around section names
configure:6277: result: no
configure:6284: checking for __builtin_memset
configure:6296: /workspaces/labsisop-buildroot/output/host/bin/i686-buildroot-linux-gnu-gcc -O3 -S conftest.c -o - | grep -F memset > /dev/null
configure:6299: $? = 1
configure:6308: result: yes
configure:6315: checking for redirection of built-in functions
configure:6328: /workspaces/labsisop-buildroot/output/host/bin/i686-buildroot-linux-gnu-gcc -O3 -S conftest.c -o - | grep -F my_strstr > /dev/null
configure:6331: $? = 0
configure:6340: result: yes
configure:6346: checking for compiler option to disable generation of FMA instructions
configure:6354: /workspaces/labsisop-buildroot/output/host/bin/i686-buildroot-linux-gnu-gcc -ffp-contract=off -xc /dev/null -S -o /dev/null
configure:6357: $? = 0
configure:6363: result: -ffp-contract=off
configure:6396: checking if /workspaces/labsisop-buildroot/output/host/bin/i686-buildroot-linux-gnu-gcc accepts -fno-tree-loop-distribute-patterns with __attribute__ ((__optimize__))
configure:6409: /workspaces/labsisop-buildroot/output/host/bin/i686-buildroot-linux-gnu-gcc -Os -fno-lto  -c conftest.c
configure:6412: $? = 0
configure:6419: result: yes
configure:6427: checking for libgd
configure:6460: result: no
configure:6469: checking for is_selinux_enabled in -lselinux
configure:6494: /workspaces/labsisop-buildroot/output/host/bin/i686-buildroot-linux-gnu-gcc -o conftest -Os -fno-lto   conftest.c -lselinux   >&5
/workspaces/labsisop-buildroot/output/host/lib/gcc/i686-buildroot-linux-gnu/11.3.0/../../../../i686-buildroot-linux-gnu/bin/ld: cannot find Scrt1.o: No such file or directory
/workspaces/labsisop-buildroot/output/host/lib/gcc/i686-buildroot-linux-gnu/11.3.0/../../../../i686-buildroot-linux-gnu/bin/ld: cannot find crti.o: No such file or directory
/workspaces/labsisop-buildroot/output/host/lib/gcc/i686-buildroot-linux-gnu/11.3.0/../../../../i686-buildroot-linux-gnu/bin/ld: cannot find -lselinux: No such file or directory
/workspaces/labsisop-buildroot/output/host/lib/gcc/i686-buildroot-linux-gnu/11.3.0/../../../../i686-buildroot-linux-gnu/bin/ld: cannot find -lc: No such file or directory
/workspaces/labsisop-buildroot/output/host/lib/gcc/i686-buildroot-linux-gnu/11.3.0/../../../../i686-buildroot-linux-gnu/bin/ld: cannot find crtn.o: No such file or directory
collect2: error: ld returned 1 exit status
configure:6494: $? = 1
configure: failed program was:
| /* confdefs.h */
| #define PACKAGE_NAME "GNU C Library"
| #define PACKAGE_TARNAME "glibc"
| #define PACKAGE_VERSION "(see version.h)"
| #define PACKAGE_STRING "GNU C Library (see version.h)"
| #define PACKAGE_BUGREPORT "https://sourceware.org/bugzilla/"
| #define PACKAGE_URL "https://www.gnu.org/software/glibc/"
| #define PKGVERSION "(Buildroot) "
| #define REPORT_BUGS_TO "<https://www.gnu.org/software/libc/bugs.html>"
| #define TIMEOUTFACTOR 1
| #define HAVE_TUNABLES 1
| #define USE_PPC_SCV 1
| #define STACK_PROTECTOR_LEVEL 0
| #define USE_MULTIARCH 1
| #define HAVE_ASM_SET_DIRECTIVE 1
| #define HAVE_BUILTIN_MEMSET 1
| #define HAVE_CC_INHIBIT_LOOP_TO_LIBCALL 1
| /* end confdefs.h.  */
| 
| /* Override any GCC internal prototype to avoid an error.
|    Use char because int might match the return type of a GCC
|    builtin and then its argument prototype would still apply.  */
| #ifdef __cplusplus
| extern "C"
| #endif
| char is_selinux_enabled ();
| int
| main ()
| {
| return is_selinux_enabled ();
|   ;
|   return 0;
| }
configure:6503: result: no
configure:6626: checking for _FORTIFY_SOURCE predefine
configure:6645: /workspaces/labsisop-buildroot/output/host/bin/i686-buildroot-linux-gnu-gcc -c -Os -fno-lto  conftest.c >&5
configure:6645: $? = 0
configure:6652: result: no
configure:6659: checking whether the assembler requires one version per symbol
configure:6680: result: no
configure:6687: checking for __builtin_trap with no external dependencies
configure:6704: /workspaces/labsisop-buildroot/output/host/bin/i686-buildroot-linux-gnu-gcc -c -Os -fno-lto  conftest.c >&5
configure:6704: $? = 0
libc_undefs=''
configure:6718: result: yes
configure:6732: checking whether the C++ compiler supports thread_local
configure:6760:  -c -Os -fno-lto -std=gnu++11  conftest.cpp >&5
/workspaces/labsisop-buildroot/output/build/glibc-2.36-81-g4f4d7a13edfd2fdc57c9d76e1fd6d017fb47550c/configure: line 1630: -c: command not found
configure:6760: $? = 127
configure: failed program was:
| /* confdefs.h */
| #define PACKAGE_NAME "GNU C Library"
| #define PACKAGE_TARNAME "glibc"
| #define PACKAGE_VERSION "(see version.h)"
| #define PACKAGE_STRING "GNU C Library (see version.h)"
| #define PACKAGE_BUGREPORT "https://sourceware.org/bugzilla/"
| #define PACKAGE_URL "https://www.gnu.org/software/glibc/"
| #define PKGVERSION "(Buildroot) "
| #define REPORT_BUGS_TO "<https://www.gnu.org/software/libc/bugs.html>"
| #define TIMEOUTFACTOR 1
| #define HAVE_TUNABLES 1
| #define USE_PPC_SCV 1
| #define STACK_PROTECTOR_LEVEL 0
| #define USE_MULTIARCH 1
| #define HAVE_ASM_SET_DIRECTIVE 1
| #define HAVE_BUILTIN_MEMSET 1
| #define HAVE_CC_INHIBIT_LOOP_TO_LIBCALL 1
| #define HAVE_BUILTIN_TRAP 1
| /* end confdefs.h.  */
| 
| #include <thread>
| 
| // Compiler support.
| struct S
| {
|   S ();
|   ~S ();
| };
| thread_local S s;
| S * get () { return &s; }
| 
| // libstdc++ support.
| #ifndef _GLIBCXX_HAVE___CXA_THREAD_ATEXIT_IMPL
| #error __cxa_thread_atexit_impl not supported
| #endif
| 
configure:6769: result: no
configure:6800: result: running configure fragment for sysdeps/unix/sysv/linux/i386
configure:6800: result: running configure fragment for sysdeps/unix/sysv/linux
configure:10: checking installed Linux kernel header files
configure:29: /workspaces/labsisop-buildroot/output/host/bin/i686-buildroot-linux-gnu-cpp  -nostdinc -isystem /workspaces/labsisop-buildroot/output/host/lib/gcc/i686-buildroot-linux-gnu/11.3.0/include -isystem /workspaces/labsisop-buildroot/output/host/lib/gcc/i686-buildroot-linux-gnu/11.3.0/include-fixed -isystem /workspaces/labsisop-buildroot/output/host/i686-buildroot-linux-gnu/sysroot/usr/include conftest.c
configure:29: $? = 0
configure:36: result: 3.2.0 or later
configure:70: checking for kernel header at least 4.13
configure:89: /workspaces/labsisop-buildroot/output/host/bin/i686-buildroot-linux-gnu-cpp  -nostdinc -isystem /workspaces/labsisop-buildroot/output/host/lib/gcc/i686-buildroot-linux-gnu/11.3.0/include -isystem /workspaces/labsisop-buildroot/output/host/lib/gcc/i686-buildroot-linux-gnu/11.3.0/include-fixed -isystem /workspaces/labsisop-buildroot/output/host/i686-buildroot-linux-gnu/sysroot/usr/include conftest.c
configure:89: $? = 0
configure:95: result: ok
configure:6800: result: running configure fragment for sysdeps/gnu
configure:6800: result: running configure fragment for sysdeps/i386
configure:23: checking for compiler support of inlined builtin function __sync_val_compare_and_swap
configure:33: /workspaces/labsisop-buildroot/output/host/bin/i686-buildroot-linux-gnu-gcc -Os -fno-lto   -fno-stack-protector
		     -O0 -nostdlib -nostartfiles
		     -S conftest.c -o - | grep -F __sync_val_compare_and_swap
		     1>&5
configure:36: $? = 1
configure:50: result: yes
configure:6800: result: running configure fragment for sysdeps/x86
configure:73: checking for linker x86 ISA level support
configure:130: /workspaces/labsisop-buildroot/output/host/bin/i686-buildroot-linux-gnu-gcc -Os -fno-lto  -nostartfiles -nostdlib -r -o conftest conftest1.S conftest2.S
configure:133: $? = 0
configure:142: result: yes
configure:147: checking for LAHF/SAHF instruction support
configure:154: /workspaces/labsisop-buildroot/output/host/bin/i686-buildroot-linux-gnu-gcc -Os -fno-lto  -fverbose-asm -S -o - -x c /dev/null
configure:157: $? = 0
configure:162: result: no
configure:168: checking for MOVBE instruction support
configure:175: /workspaces/labsisop-buildroot/output/host/bin/i686-buildroot-linux-gnu-gcc -Os -fno-lto  -fverbose-asm -S -o - -x c /dev/null
configure:178: $? = 0
configure:183: result: no
configure:6865: checking whether -fPIC is default
conftest.c:2:3: error: #error PIC is default.
    2 | # error PIC is default.
      |   ^~~~~
configure:6881: result: yes
configure:6886: checking whether -fPIE is default
conftest.c:2:3: error: #error PIE is default.
    2 | # error PIE is default.
      |   ^~~~~
configure:6902: result: yes
configure:6907: checking if we can build programs as PIE
configure:6915: /workspaces/labsisop-buildroot/output/host/bin/i686-buildroot-linux-gnu-gcc -c -Os -fno-lto  conftest.c >&5
configure:6915: $? = 0
configure:6921: result: yes
configure:6933: checking if we can build static PIE programs
configure:6944: /workspaces/labsisop-buildroot/output/host/bin/i686-buildroot-linux-gnu-gcc -c -Os -fno-lto  conftest.c >&5
configure:6944: $? = 0
configure:6951: result: yes
configure:7101: creating ./config.status

## ---------------------- ##
## Running config.status. ##
## ---------------------- ##

This file was extended by GNU C Library config.status (see version.h), which was
generated by GNU Autoconf 2.69.  Invocation command line was

  CONFIG_FILES    = 
  CONFIG_HEADERS  = 
  CONFIG_LINKS    = 
  CONFIG_COMMANDS = 
  $ ./config.status 

on codespaces-1ee735

config.status:956: creating config.make
config.status:956: creating Makefile
config.status:956: creating config.h
config.status:1130: executing default commands

## ---------------- ##
## Cache variables. ##
## ---------------- ##

ac_cv_build=x86_64-pc-linux-gnu
ac_cv_c_compiler_gnu=yes
ac_cv_cxx_compiler_gnu=no
ac_cv_env_CCC_set=
ac_cv_env_CCC_value=
ac_cv_env_CC_set=set
ac_cv_env_CC_value=/workspaces/labsisop-buildroot/output/host/bin/i686-buildroot-linux-gnu-gcc
ac_cv_env_CFLAGS_set=set
ac_cv_env_CFLAGS_value='-Os -fno-lto'
ac_cv_env_CPPFLAGS_set=set
ac_cv_env_CPPFLAGS_value=
ac_cv_env_CPP_set=set
ac_cv_env_CPP_value=/workspaces/labsisop-buildroot/output/host/bin/i686-buildroot-linux-gnu-cpp
ac_cv_env_CXXFLAGS_set=set
ac_cv_env_CXXFLAGS_value='-Os -fno-lto'
ac_cv_env_CXX_set=set
ac_cv_env_CXX_value=no
ac_cv_env_LDFLAGS_set=set
ac_cv_env_LDFLAGS_value=
ac_cv_env_LIBS_set=
ac_cv_env_LIBS_value=
ac_cv_env_build_alias_set=set
ac_cv_env_build_alias_value=x86_64-pc-linux-gnu
ac_cv_env_host_alias_set=set
ac_cv_env_host_alias_value=i686-buildroot-linux-gnu
ac_cv_env_target_alias_set=set
ac_cv_env_target_alias_value=i686-buildroot-linux-gnu
ac_cv_host=i686-buildroot-linux-gnu
ac_cv_lib_selinux_is_selinux_enabled=no
ac_cv_objext=o
ac_cv_path_BASH_SHELL=/bin/sh
ac_cv_path_EGREP='/usr/bin/grep -E'
ac_cv_path_GREP=/usr/bin/grep
ac_cv_path_INSTALL_INFO=no
ac_cv_path_PERL=/usr/bin/perl
ac_cv_path_install='/usr/bin/install -c'
ac_cv_prog_AS=/workspaces/labsisop-buildroot/output/host/lib/gcc/i686-buildroot-linux-gnu/11.3.0/../../../../i686-buildroot-linux-gnu/bin/as
ac_cv_prog_AWK=gawk
ac_cv_prog_BISON=bison
ac_cv_prog_BUILD_CC=gcc
ac_cv_prog_CC=/workspaces/labsisop-buildroot/output/host/bin/i686-buildroot-linux-gnu-gcc
ac_cv_prog_LD=/workspaces/labsisop-buildroot/output/host/lib/gcc/i686-buildroot-linux-gnu/11.3.0/../../../../i686-buildroot-linux-gnu/bin/ld
ac_cv_prog_MAKE='/usr/bin/make -j3'
ac_cv_prog_MSGFMT=msgfmt
ac_cv_prog_NM=/workspaces/labsisop-buildroot/output/host/bin/i686-buildroot-linux-gnu-gcc-nm
ac_cv_prog_PYTHON_PROG=python3
ac_cv_prog_READELF=/workspaces/labsisop-buildroot/output/host/bin/i686-buildroot-linux-gnu-readelf
ac_cv_prog_SED=sed
ac_cv_prog_cc_g=yes
ac_cv_prog_cxx_g=no
libc_cv_as_noexecstack=yes
libc_cv_asm_set_directive=yes
libc_cv_broken_alias_attribute=no
libc_cv_builtin_trap=yes
libc_cv_cc_loop_to_function=yes
libc_cv_cc_nofma=-ffp-contract=off
libc_cv_cc_pie_default=yes
libc_cv_cc_with_libunwind=no
libc_cv_compiler_default_cet=no
libc_cv_compiler_ok=yes
libc_cv_complocaledir='${exec_prefix}/lib/locale'
libc_cv_cxx_link_ok=no
libc_cv_cxx_thread_local=no
libc_cv_depaudit=yes
libc_cv_dt_relr=yes
libc_cv_forced_unwind=yes
libc_cv_fpie=yes
libc_cv_gcc_builtin_memset=yes
libc_cv_gcc_builtin_redirection=yes
libc_cv_gcc_incompatible_alias=yes
libc_cv_gcc_indirect_function=yes
libc_cv_gcc_unwind_find_fde=yes
libc_cv_gnu_retain=no
libc_cv_has_glob_dat=yes
libc_cv_have_sdata_section=no
libc_cv_have_section_quotes=no
libc_cv_have_x86_lahf_sahf=no
libc_cv_have_x86_movbe=no
libc_cv_idn=no
libc_cv_include_x86_isa_level=yes
libc_cv_insert=no
libc_cv_ld_gnu_indirect_function=yes
libc_cv_linux320='3.2.0 or later'
libc_cv_localstatedir=/var
libc_cv_mtls_dialect_gnu2=yes
libc_cv_multidir=.
libc_cv_no_dynamic_linker=yes
libc_cv_nss_crypt=no
libc_cv_pic_default=yes
libc_cv_pie_supported=yes
libc_cv_predef_fortify_source=no
libc_cv_prog_as_gnu=yes
libc_cv_prog_ld_gnu=yes
libc_cv_protected_data=yes
libc_cv_rootsbindir=/sbin
libc_cv_rtlddir=/lib
libc_cv_slibdir=/lib
libc_cv_ssp=no
libc_cv_ssp_all=yes
libc_cv_ssp_strong=yes
libc_cv_static_nss_crypt=no
libc_cv_static_pie=yes
libc_cv_static_pie_supported=yes
libc_cv_symver_needs_alias=no
libc_cv_sysconfdir=/etc
libc_cv_textrel_ifunc=yes
libc_cv_unsupported_i386=no
libc_cv_with_fp=yes
libc_cv_with_lld=no
libc_cv_z_execstack=yes
libc_cv_z_start_stop_gc=yes

## ----------------- ##
## Output variables. ##
## ----------------- ##

AR='/workspaces/labsisop-buildroot/output/host/lib/gcc/i686-buildroot-linux-gnu/11.3.0/../../../../i686-buildroot-linux-gnu/bin/ar'
AS='/workspaces/labsisop-buildroot/output/host/lib/gcc/i686-buildroot-linux-gnu/11.3.0/../../../../i686-buildroot-linux-gnu/bin/as'
ASFLAGS_config=' -Wa,--noexecstack'
AUTOCONF='no'
AWK='gawk'
BASH_SHELL='/bin/sh'
BISON='bison'
BUILD_CC='gcc'
CC='/workspaces/labsisop-buildroot/output/host/bin/i686-buildroot-linux-gnu-gcc'
CFLAGS='-Os -fno-lto'
CPP='/workspaces/labsisop-buildroot/output/host/bin/i686-buildroot-linux-gnu-cpp'
CPPFLAGS=''
CPPUNDEFS=''
CXX=''
CXXFLAGS='-Os -fno-lto'
CXX_BITS_STD_ABS_H=''
CXX_CMATH_HEADER=''
CXX_CSTDLIB_HEADER=''
CXX_SYSINCLUDES=''
DEFINES=''
DEFS='-DHAVE_CONFIG_H'
ECHO_C=''
ECHO_N='-n'
ECHO_T=''
GPROF='gprof'
INSTALL_DATA='${INSTALL} -m 644'
INSTALL_INFO='no'
INSTALL_PROGRAM='${INSTALL}'
INSTALL_SCRIPT='${INSTALL}'
LD='/workspaces/labsisop-buildroot/output/host/lib/gcc/i686-buildroot-linux-gnu/11.3.0/../../../../i686-buildroot-linux-gnu/bin/ld'
LDFLAGS=''
LIBGD='no'
LIBOBJS=''
LIBS=''
LN_S='ln -s'
LTLIBOBJS=''
MAKE='/usr/bin/make -j3'
MAKEINFO=':'
MSGFMT='msgfmt'
NM='/workspaces/labsisop-buildroot/output/host/bin/i686-buildroot-linux-gnu-gcc-nm'
OBJCOPY='/workspaces/labsisop-buildroot/output/host/lib/gcc/i686-buildroot-linux-gnu/11.3.0/../../../../i686-buildroot-linux-gnu/bin/objcopy'
OBJDUMP='/workspaces/labsisop-buildroot/output/host/lib/gcc/i686-buildroot-linux-gnu/11.3.0/../../../../i686-buildroot-linux-gnu/bin/objdump'
OBJEXT='o'
PACKAGE_BUGREPORT='https://sourceware.org/bugzilla/'
PACKAGE_NAME='GNU C Library'
PACKAGE_STRING='GNU C Library (see version.h)'
PACKAGE_TARNAME='glibc'
PACKAGE_URL='https://www.gnu.org/software/glibc/'
PACKAGE_VERSION='(see version.h)'
PATH_SEPARATOR=':'
PERL='/usr/bin/perl'
PKGVERSION='(Buildroot) '
PKGVERSION_TEXI='(Buildroot) '
PYTHON='python3 -B'
PYTHON_PROG='python3'
READELF='/workspaces/labsisop-buildroot/output/host/bin/i686-buildroot-linux-gnu-readelf'
RELEASE='stable'
REPORT_BUGS_TEXI='@uref{https://www.gnu.org/software/libc/bugs.html}'
REPORT_BUGS_TO='<https://www.gnu.org/software/libc/bugs.html>'
SED='sed'
SHELL='/bin/bash'
SYSINCLUDES='-nostdinc -isystem /workspaces/labsisop-buildroot/output/host/lib/gcc/i686-buildroot-linux-gnu/11.3.0/include -isystem /workspaces/labsisop-buildroot/output/host/lib/gcc/i686-buildroot-linux-gnu/11.3.0/include-fixed -isystem /workspaces/labsisop-buildroot/output/host/i686-buildroot-linux-gnu/sysroot/usr/include'
VERSION='2.36'
ac_ct_CC=''
ac_ct_CXX=''
all_warnings=''
base_machine='i386'
bindir='${exec_prefix}/bin'
bindnow='no'
build='x86_64-pc-linux-gnu'
build_alias='x86_64-pc-linux-gnu'
build_cpu='x86_64'
build_crypt='yes'
build_nscd='yes'
build_os='linux-gnu'
build_pt_chown='no'
build_vendor='pc'
cross_compiling='yes'
datadir='${datarootdir}'
datarootdir='${prefix}/share'
docdir='${datarootdir}/doc/${PACKAGE_TARNAME}'
dvidir='${docdir}'
enable_timezone_tools='yes'
enable_werror='no'
exec_prefix='${prefix}'
experimental_malloc='yes'
extra_nonshared_cflags=''
force_install='yes'
hardcoded_path_in_tests='no'
have_libaudit=''
have_libcap=''
have_selinux='no'
have_tunables='yes'
host='i686-buildroot-linux-gnu'
host_alias='i686-buildroot-linux-gnu'
host_cpu='i686'
host_os='linux-gnu'
host_vendor='buildroot'
htmldir='${docdir}'
includedir='${prefix}/include'
infodir='${datarootdir}/info'
ldd_rewrite_script='sysdeps/unix/sysv/linux/ldd-rewrite.sed'
libc_cv_cc_loop_to_function='yes'
libc_cv_cc_nofma='-ffp-contract=off'
libc_cv_cc_submachine=''
libc_cv_cc_with_libunwind='no'
libc_cv_complocaledir='${exec_prefix}/lib/locale'
libc_cv_cxx_thread_local='no'
libc_cv_fpie='yes'
libc_cv_gcc_unwind_find_fde='yes'
libc_cv_has_glob_dat='yes'
libc_cv_insert='no'
libc_cv_localstatedir='/var'
libc_cv_mtls_dialect_gnu2='yes'
libc_cv_multidir='.'
libc_cv_nss_crypt='no'
libc_cv_protected_data='yes'
libc_cv_rootsbindir='/sbin'
libc_cv_rtlddir='/lib'
libc_cv_slibdir='/lib'
libc_cv_ssp='no'
libc_cv_static_nss_crypt='no'
libc_cv_sysconfdir='/etc'
libc_cv_textrel_ifunc='yes'
libc_cv_with_fp='yes'
libc_cv_z_execstack='yes'
libc_extra_cflags=''
libc_extra_cppflags=''
libdir='${exec_prefix}/lib'
libexecdir='${exec_prefix}/libexec'
localedir='${datarootdir}/locale'
localstatedir='${prefix}/var'
mach_interface_list=''
mandir='${datarootdir}/man'
memory_tagging='no'
multi_arch='default'
no_stack_protector=''
oldincludedir='/usr/include'
pdfdir='${docdir}'
prefix='/usr'
profile='no'
program_transform_name='s,x,x,'
psdir='${docdir}'
pthread_in_libc='yes'
rtld_early_cflags=''
sbindir='${exec_prefix}/sbin'
shared='yes'
sharedstatedir='${prefix}/com'
stack_protector='-fno-stack-protector'
static=''
static_nss='no'
subdirs=' '
submachine=''
sysconfdir='${prefix}/etc'
sysheaders='/workspaces/labsisop-buildroot/output/host/i686-buildroot-linux-gnu/sysroot/usr/include'
sysnames=' sysdeps/unix/sysv/linux/i386/i686 sysdeps/i386/i686/nptl sysdeps/unix/sysv/linux/i386 sysdeps/unix/sysv/linux/x86 sysdeps/x86/nptl sysdeps/i386/nptl sysdeps/unix/sysv/linux sysdeps/nptl sysdeps/pthread sysdeps/gnu sysdeps/unix/inet sysdeps/unix/sysv sysdeps/unix/i386 sysdeps/unix sysdeps/posix sysdeps/i386/i686/fpu/multiarch sysdeps/i386/i686/fpu sysdeps/i386/i686/multiarch sysdeps/i386/i686 sysdeps/i386/fpu sysdeps/x86/fpu sysdeps/i386 sysdeps/x86 sysdeps/wordsize-32 sysdeps/ieee754/float128 sysdeps/ieee754/ldbl-96 sysdeps/ieee754/dbl-64 sysdeps/ieee754/flt-32 sysdeps/ieee754 sysdeps/generic'
target_alias='i686-buildroot-linux-gnu'
use_default_link='no'
use_ldconfig='yes'
use_nscd='yes'

## ----------- ##
## confdefs.h. ##
## ----------- ##

/* confdefs.h */
#define PACKAGE_NAME "GNU C Library"
#define PACKAGE_TARNAME "glibc"
#define PACKAGE_VERSION "(see version.h)"
#define PACKAGE_STRING "GNU C Library (see version.h)"
#define PACKAGE_BUGREPORT "https://sourceware.org/bugzilla/"
#define PACKAGE_URL "https://www.gnu.org/software/glibc/"
#define PKGVERSION "(Buildroot) "
#define REPORT_BUGS_TO "<https://www.gnu.org/software/libc/bugs.html>"
#define TIMEOUTFACTOR 1
#define HAVE_TUNABLES 1
#define USE_PPC_SCV 1
#define STACK_PROTECTOR_LEVEL 0
#define USE_MULTIARCH 1
#define HAVE_ASM_SET_DIRECTIVE 1
#define HAVE_BUILTIN_MEMSET 1
#define HAVE_CC_INHIBIT_LOOP_TO_LIBCALL 1
#define HAVE_BUILTIN_TRAP 1
#define __LINUX_KERNEL_VERSION (4 * 65536 + 13 * 256 + 0)
#define __LINUX_KERNEL_VERSION_STR "4.13.0"
#define __ABI_TAG_VERSION 4,13,0
#define HAVE_INLINED_SYSCALLS 1
#define NO_HIDDEN_EXTERN_FUNC_IN_PIE 1
#define INCLUDE_X86_ISA_LEVEL 1
#define SUPPORT_STATIC_PIE 1
#define EXPORT_UNWIND_FIND_FDE 1
#define HAVE_IFUNC 1
#define HAVE_GCC_IFUNC 1
#define USE_NSCD 1
#define USE_LDCONFIG 1
#define ENABLE_STATIC_PIE 1
#define PTHREAD_IN_LIBC 1

configure: exit 0
