This file contains any messages produced by compilers while
running configure, to aid debugging if configure makes a mistake.

It was created by binutils configure 2.38, which was
generated by GNU Autoconf 2.69.  Invocation command line was

  $ /workspaces/labsisop-buildroot/output/build/host-binutils-2.38/binutils/configure --srcdir=.././binutils --cache-file=./config.cache --with-gnu-as --with-gnu-ld --prefix=/workspaces/labsisop-buildroot/output/host --sysconfdir=/workspaces/labsisop-buildroot/output/host/etc --localstatedir=/workspaces/labsisop-buildroot/output/host/var --enable-shared --disable-static --disable-gtk-doc --disable-gtk-doc-html --disable-doc --disable-docs --disable-documentation --disable-debug --with-xmlto=no --with-fop=no --disable-nls --disable-dependency-tracking --disable-multilib --disable-werror --disable-shared --enable-static --with-sysroot=/workspaces/labsisop-buildroot/output/host/i686-buildroot-linux-gnu/sysroot --enable-poison-system-directories --without-debuginfod --enable-plugins --enable-lto --disable-sim --disable-gdb --disable-gprofng --program-transform-name=s&^&i686-buildroot-linux-gnu-& --disable-option-checking --build=x86_64-pc-linux-gnu --host=x86_64-pc-linux-gnu --target=i686-buildroot-linux-gnu

## --------- ##
## Platform. ##
## --------- ##

hostname = codespaces-1ee735
uname -m = x86_64
uname -r = 6.8.0-1027-azure
uname -s = Linux
uname -v = #32~22.04.1-Ubuntu SMP Thu Apr  3 20:26:27 UTC 2025

/usr/bin/uname -p = x86_64
/bin/uname -X     = unknown

/bin/arch              = x86_64
/usr/bin/arch -k       = unknown
/usr/convex/getsysinfo = unknown
/usr/bin/hostinfo      = unknown
/bin/machine           = unknown
/usr/bin/oslevel       = unknown
/bin/universe          = unknown

PATH: /workspaces/labsisop-buildroot/output/host/bin
PATH: /workspaces/labsisop-buildroot/output/host/sbin
PATH: /usr/local/rvm/gems/ruby-3.3.4/bin
PATH: /usr/local/rvm/gems/ruby-3.3.4@global/bin
PATH: /usr/local/rvm/rubies/ruby-3.3.4/bin
PATH: /vscode/bin/linux-x64/19e0f9e681ecb8e5c09d8784acaa601316ca4571/bin/remote-cli
PATH: /home/codespace/.local/bin
PATH: /home/codespace/.dotnet
PATH: /home/codespace/nvm/current/bin
PATH: /home/codespace/.php/current/bin
PATH: /home/codespace/.python/current/bin
PATH: /home/codespace/java/current/bin
PATH: /home/codespace/.ruby/current/bin
PATH: /home/codespace/.local/bin
PATH: /usr/local/python/current/bin
PATH: /usr/local/py-utils/bin
PATH: /usr/local/jupyter
PATH: /usr/local/oryx
PATH: /usr/local/go/bin
PATH: /go/bin
PATH: /usr/local/sdkman/bin
PATH: /usr/local/sdkman/candidates/java/current/bin
PATH: /usr/local/sdkman/candidates/gradle/current/bin
PATH: /usr/local/sdkman/candidates/maven/current/bin
PATH: /usr/local/sdkman/candidates/ant/current/bin
PATH: /usr/local/rvm/gems/default/bin
PATH: /usr/local/rvm/gems/default@global/bin
PATH: /usr/local/rvm/rubies/default/bin
PATH: /usr/local/share/rbenv/bin
PATH: /usr/local/php/current/bin
PATH: /opt/conda/bin
PATH: /usr/local/nvs
PATH: /usr/local/share/nvm/versions/node/v20.19.0/bin
PATH: /usr/local/hugo/bin
PATH: /usr/local/sbin
PATH: /usr/local/bin
PATH: /usr/sbin
PATH: /usr/bin
PATH: /sbin
PATH: /bin
PATH: /usr/share/dotnet
PATH: /home/codespace/.dotnet/tools
PATH: /usr/local/rvm/bin


## ----------- ##
## Core tests. ##
## ----------- ##

configure:2533: creating cache ./config.cache
configure:2647: checking build system type
configure:2661: result: x86_64-pc-linux-gnu
configure:2681: checking host system type
configure:2694: result: x86_64-pc-linux-gnu
configure:2714: checking target system type
configure:2727: result: i686-buildroot-linux-gnu
configure:2770: checking for a BSD-compatible install
configure:2838: result: /usr/bin/install -c
configure:2849: checking whether build environment is sane
configure:2904: result: yes
configure:3053: checking for a thread-safe mkdir -p
configure:3092: result: /usr/bin/mkdir -p
configure:3099: checking for gawk
configure:3126: result: gawk
configure:3137: checking whether /usr/bin/make sets $(MAKE)
configure:3159: result: yes
configure:3188: checking whether /usr/bin/make supports nested variables
configure:3205: result: yes
configure:3342: checking whether /usr/bin/make supports nested variables
configure:3359: result: yes
configure:3379: checking for x86_64-pc-linux-gnu-gcc
configure:3406: result: /usr/bin/gcc
configure:3675: checking for C compiler version
configure:3684: /usr/bin/gcc --version >&5
gcc (Ubuntu 9.4.0-1ubuntu1~20.04.2) 9.4.0
Copyright (C) 2019 Free Software Foundation, Inc.
This is free software; see the source for copying conditions.  There is NO
warranty; not even for MERCHANTABILITY or FITNESS FOR A PARTICULAR PURPOSE.

configure:3695: $? = 0
configure:3684: /usr/bin/gcc -v >&5
Using built-in specs.
COLLECT_GCC=/usr/bin/gcc
COLLECT_LTO_WRAPPER=/usr/lib/gcc/x86_64-linux-gnu/9/lto-wrapper
OFFLOAD_TARGET_NAMES=nvptx-none:hsa
OFFLOAD_TARGET_DEFAULT=1
Target: x86_64-linux-gnu
Configured with: ../src/configure -v --with-pkgversion='Ubuntu 9.4.0-1ubuntu1~20.04.2' --with-bugurl=file:///usr/share/doc/gcc-9/README.Bugs --enable-languages=c,ada,c++,go,brig,d,fortran,objc,obj-c++,gm2 --prefix=/usr --with-gcc-major-version-only --program-suffix=-9 --program-prefix=x86_64-linux-gnu- --enable-shared --enable-linker-build-id --libexecdir=/usr/lib --without-included-gettext --enable-threads=posix --libdir=/usr/lib --enable-nls --enable-clocale=gnu --enable-libstdcxx-debug --enable-libstdcxx-time=yes --with-default-libstdcxx-abi=new --enable-gnu-unique-object --disable-vtable-verify --enable-plugin --enable-default-pie --with-system-zlib --with-target-system-zlib=auto --enable-objc-gc=auto --enable-multiarch --disable-werror --with-arch-32=i686 --with-abi=m64 --with-multilib-list=m32,m64,mx32 --enable-multilib --with-tune=generic --enable-offload-targets=nvptx-none=/build/gcc-9-9QDOt0/gcc-9-9.4.0/debian/tmp-nvptx/usr,hsa --without-cuda-driver --enable-checking=release --build=x86_64-linux-gnu --host=x86_64-linux-gnu --target=x86_64-linux-gnu
Thread model: posix
gcc version 9.4.0 (Ubuntu 9.4.0-1ubuntu1~20.04.2) 
configure:3695: $? = 0
configure:3684: /usr/bin/gcc -V >&5
gcc: error: unrecognized command line option '-V'
gcc: fatal error: no input files
compilation terminated.
configure:3695: $? = 1
configure:3684: /usr/bin/gcc -qversion >&5
gcc: error: unrecognized command line option '-qversion'; did you mean '--version'?
gcc: fatal error: no input files
compilation terminated.
configure:3695: $? = 1
configure:3715: checking whether the C compiler works
configure:3737: /usr/bin/gcc -O2 -I/workspaces/labsisop-buildroot/output/host/include       -L/workspaces/labsisop-buildroot/output/host/lib -Wl,-rpath,/workspaces/labsisop-buildroot/output/host/lib conftest.c  >&5
configure:3741: $? = 0
configure:3789: result: yes
configure:3792: checking for C compiler default output file name
configure:3794: result: a.out
configure:3800: checking for suffix of executables
configure:3807: /usr/bin/gcc -o conftest -O2 -I/workspaces/labsisop-buildroot/output/host/include       -L/workspaces/labsisop-buildroot/output/host/lib -Wl,-rpath,/workspaces/labsisop-buildroot/output/host/lib conftest.c  >&5
configure:3811: $? = 0
configure:3833: result: 
configure:3855: checking whether we are cross compiling
configure:3863: /usr/bin/gcc -o conftest -O2 -I/workspaces/labsisop-buildroot/output/host/include       -L/workspaces/labsisop-buildroot/output/host/lib -Wl,-rpath,/workspaces/labsisop-buildroot/output/host/lib conftest.c  >&5
configure:3867: $? = 0
configure:3874: ./conftest
configure:3878: $? = 0
configure:3866: result: no
configure:3871: checking for suffix of object files
configure:3893: /usr/bin/gcc -c -O2 -I/workspaces/labsisop-buildroot/output/host/include      conftest.c >&5
configure:3897: $? = 0
configure:3918: result: o
configure:3922: checking whether we are using the GNU C compiler
configure:3941: /usr/bin/gcc -c -O2 -I/workspaces/labsisop-buildroot/output/host/include      conftest.c >&5
configure:3941: $? = 0
configure:3950: result: yes
configure:3959: checking whether /usr/bin/gcc accepts -g
configure:3979: /usr/bin/gcc -c -g  conftest.c >&5
configure:3979: $? = 0
configure:4020: result: yes
configure:4037: checking for /usr/bin/gcc option to accept ISO C89
configure:4100: /usr/bin/gcc  -c -O2 -I/workspaces/labsisop-buildroot/output/host/include      conftest.c >&5
configure:4100: $? = 0
configure:4113: result: none needed
configure:4138: checking whether /usr/bin/gcc understands -c and -o together
configure:4160: /usr/bin/gcc -c conftest.c -o conftest2.o
configure:4163: $? = 0
configure:4160: /usr/bin/gcc -c conftest.c -o conftest2.o
configure:4163: $? = 0
configure:4175: result: yes
configure:4203: checking for style of include used by /usr/bin/make
configure:4231: result: GNU
configure:4257: checking dependency style of /usr/bin/gcc
configure:4368: result: none
configure:4389: checking how to run the C preprocessor
configure:4420: /usr/bin/gcc -E  conftest.c
configure:4420: $? = 0
configure:4434: /usr/bin/gcc -E  conftest.c
conftest.c:11:10: fatal error: ac_nonexistent.h: No such file or directory
   11 | #include <ac_nonexistent.h>
      |          ^~~~~~~~~~~~~~~~~~
compilation terminated.
configure:4434: $? = 1
configure: failed program was:
| /* confdefs.h */
| #define PACKAGE_NAME "binutils"
| #define PACKAGE_TARNAME "binutils"
| #define PACKAGE_VERSION "2.38"
| #define PACKAGE_STRING "binutils 2.38"
| #define PACKAGE_BUGREPORT ""
| #define PACKAGE_URL ""
| #define PACKAGE "binutils"
| #define VERSION "2.38"
| /* end confdefs.h.  */
| #include <ac_nonexistent.h>
configure:4459: result: /usr/bin/gcc -E
configure:4479: /usr/bin/gcc -E  conftest.c
configure:4479: $? = 0
configure:4493: /usr/bin/gcc -E  conftest.c
conftest.c:11:10: fatal error: ac_nonexistent.h: No such file or directory
   11 | #include <ac_nonexistent.h>
      |          ^~~~~~~~~~~~~~~~~~
compilation terminated.
configure:4493: $? = 1
configure: failed program was:
| /* confdefs.h */
| #define PACKAGE_NAME "binutils"
| #define PACKAGE_TARNAME "binutils"
| #define PACKAGE_VERSION "2.38"
| #define PACKAGE_STRING "binutils 2.38"
| #define PACKAGE_BUGREPORT ""
| #define PACKAGE_URL ""
| #define PACKAGE "binutils"
| #define VERSION "2.38"
| /* end confdefs.h.  */
| #include <ac_nonexistent.h>
configure:4522: checking for grep that handles long lines and -e
configure:4580: result: /usr/bin/grep
configure:4585: checking for egrep
configure:4647: result: /usr/bin/grep -E
configure:4652: checking for ANSI C header files
configure:4672: /usr/bin/gcc -c -O2 -I/workspaces/labsisop-buildroot/output/host/include      conftest.c >&5
configure:4672: $? = 0
configure:4745: /usr/bin/gcc -o conftest -O2 -I/workspaces/labsisop-buildroot/output/host/include       -L/workspaces/labsisop-buildroot/output/host/lib -Wl,-rpath,/workspaces/labsisop-buildroot/output/host/lib conftest.c  >&5
configure:4745: $? = 0
configure:4745: ./conftest
configure:4745: $? = 0
configure:4756: result: yes
configure:4769: checking for sys/types.h
configure:4769: /usr/bin/gcc -c -O2 -I/workspaces/labsisop-buildroot/output/host/include      conftest.c >&5
configure:4769: $? = 0
configure:4769: result: yes
configure:4769: checking for sys/stat.h
configure:4769: /usr/bin/gcc -c -O2 -I/workspaces/labsisop-buildroot/output/host/include      conftest.c >&5
configure:4769: $? = 0
configure:4769: result: yes
configure:4769: checking for stdlib.h
configure:4769: /usr/bin/gcc -c -O2 -I/workspaces/labsisop-buildroot/output/host/include      conftest.c >&5
configure:4769: $? = 0
configure:4769: result: yes
configure:4769: checking for string.h
configure:4769: /usr/bin/gcc -c -O2 -I/workspaces/labsisop-buildroot/output/host/include      conftest.c >&5
configure:4769: $? = 0
configure:4769: result: yes
configure:4769: checking for memory.h
configure:4769: /usr/bin/gcc -c -O2 -I/workspaces/labsisop-buildroot/output/host/include      conftest.c >&5
configure:4769: $? = 0
configure:4769: result: yes
configure:4769: checking for strings.h
configure:4769: /usr/bin/gcc -c -O2 -I/workspaces/labsisop-buildroot/output/host/include      conftest.c >&5
configure:4769: $? = 0
configure:4769: result: yes
configure:4769: checking for inttypes.h
configure:4769: /usr/bin/gcc -c -O2 -I/workspaces/labsisop-buildroot/output/host/include      conftest.c >&5
configure:4769: $? = 0
configure:4769: result: yes
configure:4769: checking for stdint.h
configure:4769: /usr/bin/gcc -c -O2 -I/workspaces/labsisop-buildroot/output/host/include      conftest.c >&5
configure:4769: $? = 0
configure:4769: result: yes
configure:4769: checking for unistd.h
configure:4769: /usr/bin/gcc -c -O2 -I/workspaces/labsisop-buildroot/output/host/include      conftest.c >&5
configure:4769: $? = 0
configure:4769: result: yes
configure:4782: checking minix/config.h usability
configure:4782: /usr/bin/gcc -c -O2 -I/workspaces/labsisop-buildroot/output/host/include      conftest.c >&5
conftest.c:54:10: fatal error: minix/config.h: No such file or directory
   54 | #include <minix/config.h>
      |          ^~~~~~~~~~~~~~~~
compilation terminated.
configure:4782: $? = 1
configure: failed program was:
| /* confdefs.h */
| #define PACKAGE_NAME "binutils"
| #define PACKAGE_TARNAME "binutils"
| #define PACKAGE_VERSION "2.38"
| #define PACKAGE_STRING "binutils 2.38"
| #define PACKAGE_BUGREPORT ""
| #define PACKAGE_URL ""
| #define PACKAGE "binutils"
| #define VERSION "2.38"
| #define STDC_HEADERS 1
| #define HAVE_SYS_TYPES_H 1
| #define HAVE_SYS_STAT_H 1
| #define HAVE_STDLIB_H 1
| #define HAVE_STRING_H 1
| #define HAVE_MEMORY_H 1
| #define HAVE_STRINGS_H 1
| #define HAVE_INTTYPES_H 1
| #define HAVE_STDINT_H 1
| #define HAVE_UNISTD_H 1
| /* end confdefs.h.  */
| #include <stdio.h>
| #ifdef HAVE_SYS_TYPES_H
| # include <sys/types.h>
| #endif
| #ifdef HAVE_SYS_STAT_H
| # include <sys/stat.h>
| #endif
| #ifdef STDC_HEADERS
| # include <stdlib.h>
| # include <stddef.h>
| #else
| # ifdef HAVE_STDLIB_H
| #  include <stdlib.h>
| # endif
| #endif
| #ifdef HAVE_STRING_H
| # if !defined STDC_HEADERS && defined HAVE_MEMORY_H
| #  include <memory.h>
| # endif
| # include <string.h>
| #endif
| #ifdef HAVE_STRINGS_H
| # include <strings.h>
| #endif
| #ifdef HAVE_INTTYPES_H
| # include <inttypes.h>
| #endif
| #ifdef HAVE_STDINT_H
| # include <stdint.h>
| #endif
| #ifdef HAVE_UNISTD_H
| # include <unistd.h>
| #endif
| #include <minix/config.h>
configure:4782: result: no
configure:4782: checking minix/config.h presence
configure:4782: /usr/bin/gcc -E  conftest.c
conftest.c:21:10: fatal error: minix/config.h: No such file or directory
   21 | #include <minix/config.h>
      |          ^~~~~~~~~~~~~~~~
compilation terminated.
configure:4782: $? = 1
configure: failed program was:
| /* confdefs.h */
| #define PACKAGE_NAME "binutils"
| #define PACKAGE_TARNAME "binutils"
| #define PACKAGE_VERSION "2.38"
| #define PACKAGE_STRING "binutils 2.38"
| #define PACKAGE_BUGREPORT ""
| #define PACKAGE_URL ""
| #define PACKAGE "binutils"
| #define VERSION "2.38"
| #define STDC_HEADERS 1
| #define HAVE_SYS_TYPES_H 1
| #define HAVE_SYS_STAT_H 1
| #define HAVE_STDLIB_H 1
| #define HAVE_STRING_H 1
| #define HAVE_MEMORY_H 1
| #define HAVE_STRINGS_H 1
| #define HAVE_INTTYPES_H 1
| #define HAVE_STDINT_H 1
| #define HAVE_UNISTD_H 1
| /* end confdefs.h.  */
| #include <minix/config.h>
configure:4782: result: no
configure:4782: checking for minix/config.h
configure:4782: result: no
configure:4803: checking whether it is safe to define __EXTENSIONS__
configure:4821: /usr/bin/gcc -c -O2 -I/workspaces/labsisop-buildroot/output/host/include      conftest.c >&5
configure:4821: $? = 0
configure:4828: result: yes
configure:4891: checking how to print strings
configure:4918: result: printf
configure:4939: checking for a sed that does not truncate output
configure:5003: result: /usr/bin/sed
configure:5021: checking for fgrep
configure:5083: result: /usr/bin/grep -F
configure:5118: checking for ld used by /usr/bin/gcc
configure:5185: result: /usr/bin/ld
configure:5192: checking if the linker (/usr/bin/ld) is GNU ld
configure:5207: result: yes
configure:5219: checking for BSD- or MS-compatible name lister (nm)
configure:5269: result: /usr/bin/nm -B
configure:5399: checking the name lister (/usr/bin/nm -B) interface
configure:5406: /usr/bin/gcc -c -O2 -I/workspaces/labsisop-buildroot/output/host/include      conftest.c >&5
configure:5409: /usr/bin/nm -B "conftest.o"
configure:5412: output
0000000000000000 B some_variable
configure:5413: result: BSD nm
configure:5416: checking whether ln -s works
configure:5420: result: yes
configure:5428: checking the maximum length of command line arguments
configure:5553: result: 1572864
configure:5570: checking whether the shell understands some XSI constructs
configure:5579: result: yes
configure:5583: checking whether the shell understands "+="
configure:5587: result: yes
configure:5622: checking for /usr/bin/ld option to reload object files
configure:5629: result: -r
configure:5658: checking for x86_64-pc-linux-gnu-objdump
configure:5685: result: objdump
configure:5757: checking how to recognize dependent libraries
configure:5958: result: pass_all
configure:5991: checking for x86_64-pc-linux-gnu-ar
configure:6018: result: /usr/bin/ar --plugin /usr/lib/gcc/x86_64-linux-gnu/9/liblto_plugin.so
configure:6109: checking for x86_64-pc-linux-gnu-strip
configure:6139: result: no
configure:6149: checking for strip
configure:6165: found /usr/bin/strip
configure:6176: result: strip
configure:6208: checking for x86_64-pc-linux-gnu-ranlib
configure:6235: result: /usr/bin/ranlib --plugin /usr/lib/gcc/x86_64-linux-gnu/9/liblto_plugin.so
configure:6382: checking command to parse /usr/bin/nm -B output from /usr/bin/gcc object
configure:6500: /usr/bin/gcc -c -O2 -I/workspaces/labsisop-buildroot/output/host/include      conftest.c >&5
configure:6503: $? = 0
configure:6507: /usr/bin/nm -B conftest.o \| sed -n -e 's/^.*[ ]\([ABCDGIRSTW][ABCDGIRSTW]*\)[ ][ ]*\([_A-Za-z][_A-Za-z0-9]*\)$/\1 \2 \2/p' \> conftest.nm
configure:6510: $? = 0
configure:6564: /usr/bin/gcc -o conftest -O2 -I/workspaces/labsisop-buildroot/output/host/include       -L/workspaces/labsisop-buildroot/output/host/lib -Wl,-rpath,/workspaces/labsisop-buildroot/output/host/lib conftest.c conftstm.o >&5
configure:6567: $? = 0
configure:6605: result: ok
configure:6700: /usr/bin/gcc -c -O2 -I/workspaces/labsisop-buildroot/output/host/include      conftest.c >&5
configure:6703: $? = 0
configure:7453: checking for dlfcn.h
configure:7453: /usr/bin/gcc -c -O2 -I/workspaces/labsisop-buildroot/output/host/include      conftest.c >&5
configure:7453: $? = 0
configure:7453: result: yes
configure:7640: checking for objdir
configure:7655: result: .libs
configure:7926: checking if /usr/bin/gcc supports -fno-rtti -fno-exceptions
configure:7944: /usr/bin/gcc -c -O2 -I/workspaces/labsisop-buildroot/output/host/include      -fno-rtti -fno-exceptions conftest.c >&5
cc1: warning: command line option '-fno-rtti' is valid for C++/D/ObjC++ but not for C
configure:7948: $? = 0
configure:7961: result: no
configure:7981: checking for /usr/bin/gcc option to produce PIC
configure:8267: result: -fPIC -DPIC
configure:8279: checking if /usr/bin/gcc PIC flag -fPIC -DPIC works
configure:8297: /usr/bin/gcc -c -O2 -I/workspaces/labsisop-buildroot/output/host/include      -fPIC -DPIC -DPIC conftest.c >&5
configure:8301: $? = 0
configure:8314: result: yes
configure:8338: checking if /usr/bin/gcc static flag -static works
configure:8366: result: yes
configure:8381: checking if /usr/bin/gcc supports -c -o file.o
configure:8402: /usr/bin/gcc -c -O2 -I/workspaces/labsisop-buildroot/output/host/include      -o out/conftest2.o conftest.c >&5
configure:8406: $? = 0
configure:8428: result: yes
configure:8436: checking if /usr/bin/gcc supports -c -o file.o
configure:8483: result: yes
configure:8516: checking whether the /usr/bin/gcc linker (/usr/bin/ld -m elf_x86_64) supports shared libraries
configure:9587: result: yes
configure:9832: checking dynamic linker characteristics
configure:10273: /usr/bin/gcc -o conftest -O2 -I/workspaces/labsisop-buildroot/output/host/include       -L/workspaces/labsisop-buildroot/output/host/lib -Wl,-rpath,/workspaces/labsisop-buildroot/output/host/lib -Wl,-rpath -Wl,/foo conftest.c  >&5
configure:10273: $? = 0
configure:10495: result: GNU/Linux ld.so
configure:10602: checking how to hardcode library paths into programs
configure:10627: result: immediate
configure:11167: checking whether stripping libraries is possible
configure:11172: result: yes
configure:11207: checking if libtool supports shared libraries
configure:11209: result: yes
configure:11212: checking whether to build shared libraries
configure:11233: result: no
configure:11236: checking whether to build static libraries
configure:11240: result: yes
configure:8445: checking for dlfcn.h
configure:8445: result: yes
configure:8458: checking for windows.h
configure:8458: /usr/bin/gcc -c -O2 -I/workspaces/labsisop-buildroot/output/host/include      conftest.c >&5
conftest.c:63:10: fatal error: windows.h: No such file or directory
   63 | #include <windows.h>
      |          ^~~~~~~~~~~
compilation terminated.
configure:8458: $? = 1
configure: failed program was:
| /* confdefs.h */
| #define PACKAGE_NAME "binutils"
| #define PACKAGE_TARNAME "binutils"
| #define PACKAGE_VERSION "2.38"
| #define PACKAGE_STRING "binutils 2.38"
| #define PACKAGE_BUGREPORT ""
| #define PACKAGE_URL ""
| #define PACKAGE "binutils"
| #define VERSION "2.38"
| #define STDC_HEADERS 1
| #define HAVE_SYS_TYPES_H 1
| #define HAVE_SYS_STAT_H 1
| #define HAVE_STDLIB_H 1
| #define HAVE_STRING_H 1
| #define HAVE_MEMORY_H 1
| #define HAVE_STRINGS_H 1
| #define HAVE_INTTYPES_H 1
| #define HAVE_STDINT_H 1
| #define HAVE_UNISTD_H 1
| #define __EXTENSIONS__ 1
| #define _ALL_SOURCE 1
| #define _GNU_SOURCE 1
| #define _POSIX_PTHREAD_SEMANTICS 1
| #define _TANDEM_SOURCE 1
| #define HAVE_DLFCN_H 1
| #define LT_OBJDIR ".libs/"
| #define HAVE_DLFCN_H 1
| /* end confdefs.h.  */
| #include <stdio.h>
| #ifdef HAVE_SYS_TYPES_H
| # include <sys/types.h>
| #endif
| #ifdef HAVE_SYS_STAT_H
| # include <sys/stat.h>
| #endif
| #ifdef STDC_HEADERS
| # include <stdlib.h>
| # include <stddef.h>
| #else
| # ifdef HAVE_STDLIB_H
| #  include <stdlib.h>
| # endif
| #endif
| #ifdef HAVE_STRING_H
| # if !defined STDC_HEADERS && defined HAVE_MEMORY_H
| #  include <memory.h>
| # endif
| # include <string.h>
| #endif
| #ifdef HAVE_STRINGS_H
| # include <strings.h>
| #endif
| #ifdef HAVE_INTTYPES_H
| # include <inttypes.h>
| #endif
| #ifdef HAVE_STDINT_H
| # include <stdint.h>
| #endif
| #ifdef HAVE_UNISTD_H
| # include <unistd.h>
| #endif
| 
| #include <windows.h>
configure:8458: result: no
configure:8485: checking for library containing dlsym
configure:8516: /usr/bin/gcc -o conftest -O2 -I/workspaces/labsisop-buildroot/output/host/include       -L/workspaces/labsisop-buildroot/output/host/lib -Wl,-rpath,/workspaces/labsisop-buildroot/output/host/lib conftest.c  >&5
/usr/bin/ld: /tmp/ccNaCwR5.o: in function `main':
conftest.c:(.text.startup+0xb): undefined reference to `dlsym'
collect2: error: ld returned 1 exit status
configure:8516: $? = 1
configure: failed program was:
| /* confdefs.h */
| #define PACKAGE_NAME "binutils"
| #define PACKAGE_TARNAME "binutils"
| #define PACKAGE_VERSION "2.38"
| #define PACKAGE_STRING "binutils 2.38"
| #define PACKAGE_BUGREPORT ""
| #define PACKAGE_URL ""
| #define PACKAGE "binutils"
| #define VERSION "2.38"
| #define STDC_HEADERS 1
| #define HAVE_SYS_TYPES_H 1
| #define HAVE_SYS_STAT_H 1
| #define HAVE_STDLIB_H 1
| #define HAVE_STRING_H 1
| #define HAVE_MEMORY_H 1
| #define HAVE_STRINGS_H 1
| #define HAVE_INTTYPES_H 1
| #define HAVE_STDINT_H 1
| #define HAVE_UNISTD_H 1
| #define __EXTENSIONS__ 1
| #define _ALL_SOURCE 1
| #define _GNU_SOURCE 1
| #define _POSIX_PTHREAD_SEMANTICS 1
| #define _TANDEM_SOURCE 1
| #define HAVE_DLFCN_H 1
| #define LT_OBJDIR ".libs/"
| #define HAVE_DLFCN_H 1
| /* end confdefs.h.  */
| 
| /* Override any GCC internal prototype to avoid an error.
|    Use char because int might match the return type of a GCC
|    builtin and then its argument prototype would still apply.  */
| #ifdef __cplusplus
| extern "C"
| #endif
| char dlsym ();
| int
| main ()
| {
| return dlsym ();
|   ;
|   return 0;
| }
configure:8516: /usr/bin/gcc -o conftest -O2 -I/workspaces/labsisop-buildroot/output/host/include       -L/workspaces/labsisop-buildroot/output/host/lib -Wl,-rpath,/workspaces/labsisop-buildroot/output/host/lib conftest.c -ldl   >&5
configure:8516: $? = 0
configure:8533: result: -ldl
configure:8605: checking for special C compiler options needed for large files
configure:8650: result: no
configure:8656: checking for _FILE_OFFSET_BITS value needed for large files
configure:8681: /usr/bin/gcc -c -O2 -I/workspaces/labsisop-buildroot/output/host/include      conftest.c >&5
configure:8681: $? = 0
configure:8713: result: no
configure:9016: checking pkg-config is at least version 0.9.0
configure:9019: result: yes
configure:9037: checking whether to use debuginfod
configure:9039: result: no
configure:9151: WARNING: debuginfod support disabled; some features may be unavailable.
gcc: error: CPPFLAGS_FOR_BUILD@: No such file or directory
gcc: error: CPPFLAGS_FOR_BUILD@: No such file or directory
configure:9352: checking for bison
configure:9379: result: bison -y
configure:9395: checking for flex
configure:9422: result: /workspaces/labsisop-buildroot/output/build/host-binutils-2.38/missing flex
configure:9569: checking whether NLS is requested
configure:9572: result: no
configure:9640: checking whether NLS is requested
configure:9649: result: no
configure:9687: checking for msgfmt
configure:9718: result: /usr/bin/msgfmt
configure:9727: checking for gmsgfmt
configure:9758: result: /usr/bin/msgfmt
configure:9798: checking for xgettext
configure:9829: result: /usr/bin/xgettext
configure:9869: checking for msgmerge
configure:9899: result: /usr/bin/msgmerge
configure:9936: checking whether to enable maintainer-specific portions of Makefiles
configure:9945: result: no
configure:9990: checking for x86_64-pc-linux-gnu-ranlib
configure:10017: result: /usr/bin/ranlib --plugin /usr/lib/gcc/x86_64-linux-gnu/9/liblto_plugin.so
configure:10130: checking size of long
configure:10135: /usr/bin/gcc -o conftest -O2 -I/workspaces/labsisop-buildroot/output/host/include       -L/workspaces/labsisop-buildroot/output/host/lib -Wl,-rpath,/workspaces/labsisop-buildroot/output/host/lib conftest.c -ldl  >&5
configure:10135: $? = 0
configure:10135: ./conftest
configure:10135: $? = 0
configure:10149: result: 8
configure:10163: checking size of long long
configure:10168: /usr/bin/gcc -o conftest -O2 -I/workspaces/labsisop-buildroot/output/host/include       -L/workspaces/labsisop-buildroot/output/host/lib -Wl,-rpath,/workspaces/labsisop-buildroot/output/host/lib conftest.c -ldl  >&5
configure:10168: $? = 0
configure:10168: ./conftest
configure:10168: $? = 0
configure:10182: result: 8
configure:10202: checking fcntl.h usability
configure:10202: /usr/bin/gcc -c -O2 -I/workspaces/labsisop-buildroot/output/host/include      conftest.c >&5
configure:10202: $? = 0
configure:10202: result: yes
configure:10202: checking fcntl.h presence
configure:10202: /usr/bin/gcc -E  conftest.c
configure:10202: $? = 0
configure:10202: result: yes
configure:10202: checking for fcntl.h
configure:10202: result: yes
configure:10202: checking for inttypes.h
configure:10202: result: yes
configure:10202: checking for stdint.h
configure:10202: result: yes
configure:10202: checking sys/file.h usability
configure:10202: /usr/bin/gcc -c -O2 -I/workspaces/labsisop-buildroot/output/host/include      conftest.c >&5
configure:10202: $? = 0
configure:10202: result: yes
configure:10202: checking sys/file.h presence
configure:10202: /usr/bin/gcc -E  conftest.c
configure:10202: $? = 0
configure:10202: result: yes
configure:10202: checking for sys/file.h
configure:10202: result: yes
configure:10202: checking for sys/stat.h
configure:10202: result: yes
configure:10202: checking sys/time.h usability
configure:10202: /usr/bin/gcc -c -O2 -I/workspaces/labsisop-buildroot/output/host/include      conftest.c >&5
configure:10202: $? = 0
configure:10202: result: yes
configure:10202: checking sys/time.h presence
configure:10202: /usr/bin/gcc -E  conftest.c
configure:10202: $? = 0
configure:10202: result: yes
configure:10202: checking for sys/time.h
configure:10202: result: yes
configure:10202: checking for sys/types.h
configure:10202: result: yes
configure:10202: checking for unistd.h
configure:10202: result: yes
configure:10212: checking for sys/wait.h that is POSIX.1 compatible
configure:10238: /usr/bin/gcc -c -O2 -I/workspaces/labsisop-buildroot/output/host/include      conftest.c >&5
configure:10238: $? = 0
configure:10245: result: yes
configure:10259: checking for stdlib.h
configure:10259: result: yes
configure:10259: checking for unistd.h
configure:10259: result: yes
configure:10259: checking for sys/param.h
configure:10259: /usr/bin/gcc -c -O2 -I/workspaces/labsisop-buildroot/output/host/include      conftest.c >&5
configure:10259: $? = 0
configure:10259: result: yes
configure:10279: checking for getpagesize
configure:10279: /usr/bin/gcc -o conftest -O2 -I/workspaces/labsisop-buildroot/output/host/include       -L/workspaces/labsisop-buildroot/output/host/lib -Wl,-rpath,/workspaces/labsisop-buildroot/output/host/lib conftest.c -ldl  >&5
configure:10279: $? = 0
configure:10279: result: yes
configure:10288: checking for working mmap
configure:10435: /usr/bin/gcc -o conftest -O2 -I/workspaces/labsisop-buildroot/output/host/include       -L/workspaces/labsisop-buildroot/output/host/lib -Wl,-rpath,/workspaces/labsisop-buildroot/output/host/lib conftest.c -ldl  >&5
configure:10435: $? = 0
configure:10435: ./conftest
configure:10435: $? = 0
configure:10445: result: yes
configure:10457: checking for getc_unlocked
configure:10457: /usr/bin/gcc -o conftest -O2 -I/workspaces/labsisop-buildroot/output/host/include       -L/workspaces/labsisop-buildroot/output/host/lib -Wl,-rpath,/workspaces/labsisop-buildroot/output/host/lib conftest.c -ldl  >&5
configure:10457: $? = 0
configure:10457: result: yes
configure:10457: checking for mkdtemp
configure:10457: /usr/bin/gcc -o conftest -O2 -I/workspaces/labsisop-buildroot/output/host/include       -L/workspaces/labsisop-buildroot/output/host/lib -Wl,-rpath,/workspaces/labsisop-buildroot/output/host/lib conftest.c -ldl  >&5
configure:10457: $? = 0
configure:10457: result: yes
configure:10457: checking for mkstemp
configure:10457: /usr/bin/gcc -o conftest -O2 -I/workspaces/labsisop-buildroot/output/host/include       -L/workspaces/labsisop-buildroot/output/host/lib -Wl,-rpath,/workspaces/labsisop-buildroot/output/host/lib conftest.c -ldl  >&5
configure:10457: $? = 0
configure:10457: result: yes
configure:10457: checking for sbrk
configure:10457: /usr/bin/gcc -o conftest -O2 -I/workspaces/labsisop-buildroot/output/host/include       -L/workspaces/labsisop-buildroot/output/host/lib -Wl,-rpath,/workspaces/labsisop-buildroot/output/host/lib conftest.c -ldl  >&5
configure:10457: $? = 0
configure:10457: result: yes
configure:10457: checking for utimensat
configure:10457: /usr/bin/gcc -o conftest -O2 -I/workspaces/labsisop-buildroot/output/host/include       -L/workspaces/labsisop-buildroot/output/host/lib -Wl,-rpath,/workspaces/labsisop-buildroot/output/host/lib conftest.c -ldl  >&5
configure:10457: $? = 0
configure:10457: result: yes
configure:10457: checking for utimes
configure:10457: /usr/bin/gcc -o conftest -O2 -I/workspaces/labsisop-buildroot/output/host/include       -L/workspaces/labsisop-buildroot/output/host/lib -Wl,-rpath,/workspaces/labsisop-buildroot/output/host/lib conftest.c -ldl  >&5
configure:10457: $? = 0
configure:10457: result: yes
configure:10467: checking for mbstate_t
configure:10480: /usr/bin/gcc -c -O2 -I/workspaces/labsisop-buildroot/output/host/include      conftest.c >&5
configure:10480: $? = 0
configure:10486: result: yes
configure:10496: checking for struct stat.st_atim.tv_nsec
configure:10496: /usr/bin/gcc -c -O2 -I/workspaces/labsisop-buildroot/output/host/include      conftest.c >&5
configure:10496: $? = 0
configure:10496: result: yes
configure:10505: checking whether struct stat.st_atim is of type struct timespec
configure:10532: /usr/bin/gcc -c -O2 -I/workspaces/labsisop-buildroot/output/host/include      conftest.c >&5
configure:10532: $? = 0
configure:10539: result: yes
configure:10589: checking for library containing frexp
configure:10620: /usr/bin/gcc -o conftest -O2 -I/workspaces/labsisop-buildroot/output/host/include       -L/workspaces/labsisop-buildroot/output/host/lib -Wl,-rpath,/workspaces/labsisop-buildroot/output/host/lib conftest.c -ldl  >&5
conftest.c:67:6: warning: conflicting types for built-in function 'frexp'; expected 'double(double,  int *)' [-Wbuiltin-declaration-mismatch]
   67 | char frexp ();
      |      ^~~~~
conftest.c:1:1: note: 'frexp' is declared in header '<math.h>'
    1 | /* confdefs.h */
configure:10620: $? = 0
configure:10637: result: none required
configure:10647: checking for LC_MESSAGES
configure:10663: /usr/bin/gcc -o conftest -O2 -I/workspaces/labsisop-buildroot/output/host/include       -L/workspaces/labsisop-buildroot/output/host/lib -Wl,-rpath,/workspaces/labsisop-buildroot/output/host/lib conftest.c -ldl  >&5
configure:10663: $? = 0
configure:10671: result: yes
configure:10680: checking for a known getopt prototype in unistd.h
configure:10696: /usr/bin/gcc -c -O2 -I/workspaces/labsisop-buildroot/output/host/include      conftest.c >&5
configure:10696: $? = 0
configure:10704: result: yes
configure:10714: checking for utime.h
configure:10734: /usr/bin/gcc -c -O2 -I/workspaces/labsisop-buildroot/output/host/include      conftest.c >&5
configure:10734: $? = 0
configure:10742: result: yes
configure:10750: checking whether asprintf is declared
configure:10750: /usr/bin/gcc -c -O2 -I/workspaces/labsisop-buildroot/output/host/include      conftest.c >&5
configure:10750: $? = 0
configure:10750: result: yes
configure:10760: checking whether environ is declared
configure:10760: /usr/bin/gcc -c -O2 -I/workspaces/labsisop-buildroot/output/host/include      conftest.c >&5
configure:10760: $? = 0
configure:10760: result: yes
configure:10770: checking whether getc_unlocked is declared
configure:10770: /usr/bin/gcc -c -O2 -I/workspaces/labsisop-buildroot/output/host/include      conftest.c >&5
configure:10770: $? = 0
configure:10770: result: yes
configure:10780: checking whether sbrk is declared
configure:10780: /usr/bin/gcc -c -O2 -I/workspaces/labsisop-buildroot/output/host/include      conftest.c >&5
configure:10780: $? = 0
configure:10780: result: yes
configure:10790: checking whether stpcpy is declared
configure:10790: /usr/bin/gcc -c -O2 -I/workspaces/labsisop-buildroot/output/host/include      conftest.c >&5
configure:10790: $? = 0
configure:10790: result: yes
configure:10800: checking whether strnlen is declared
configure:10800: /usr/bin/gcc -c -O2 -I/workspaces/labsisop-buildroot/output/host/include      conftest.c >&5
configure:10800: $? = 0
configure:10800: result: yes
configure:10857: checking iconv.h usability
configure:10857: /usr/bin/gcc -c -O2 -I/workspaces/labsisop-buildroot/output/host/include      conftest.c >&5
configure:10857: $? = 0
configure:10857: result: yes
configure:10857: checking iconv.h presence
configure:10857: /usr/bin/gcc -E  conftest.c
configure:10857: $? = 0
configure:10857: result: yes
configure:10857: checking for iconv.h
configure:10857: result: yes
configure:10903: checking for ld used by GCC
configure:10966: result: /usr/bin/ld -m elf_x86_64
configure:10973: checking if the linker (/usr/bin/ld -m elf_x86_64) is GNU ld
GNU ld (GNU Binutils for Ubuntu) 2.34
configure:10985: result: yes
configure:10991: checking for shared library run path origin
configure:11004: result: done
configure:11424: checking for iconv
configure:11448: /usr/bin/gcc -o conftest -O2 -I/workspaces/labsisop-buildroot/output/host/include        -L/workspaces/labsisop-buildroot/output/host/lib -Wl,-rpath,/workspaces/labsisop-buildroot/output/host/lib conftest.c -ldl  >&5
configure:11448: $? = 0
configure:11522: result: yes
configure:11565: checking for iconv declaration
configure:11594: /usr/bin/gcc -c -O2 -I/workspaces/labsisop-buildroot/output/host/include      conftest.c >&5
configure:11594: $? = 0
configure:11605: result: 
         extern size_t iconv (iconv_t cd, char * *inbuf, size_t *inbytesleft, char * *outbuf, size_t *outbytesleft);
configure:11915: updating cache ./config.cache
configure:11959: checking that generated files are newer than configure
configure:11965: result: done
configure:12000: creating ./config.status

## ---------------------- ##
## Running config.status. ##
## ---------------------- ##

This file was extended by binutils config.status 2.38, which was
generated by GNU Autoconf 2.69.  Invocation command line was

  CONFIG_FILES    = 
  CONFIG_HEADERS  = 
  CONFIG_LINKS    = 
  CONFIG_COMMANDS = 
  $ ./config.status 

on codespaces-1ee735

config.status:1183: creating Makefile
config.status:1183: creating po/Makefile.in
config.status:1183: creating config.h
config.status:1412: executing depfiles commands
config.status:1412: executing libtool commands
config.status:1412: executing default-1 commands

## ---------------- ##
## Cache variables. ##
## ---------------- ##

ac_cv_build=x86_64-pc-linux-gnu
ac_cv_c_compiler_gnu=yes
ac_cv_env_CC_set=set
ac_cv_env_CC_value=/usr/bin/gcc
ac_cv_env_CFLAGS_set=set
ac_cv_env_CFLAGS_value='-O2 -I/workspaces/labsisop-buildroot/output/host/include    '
ac_cv_env_CPPFLAGS_set=
ac_cv_env_CPPFLAGS_value=
ac_cv_env_CPP_set=
ac_cv_env_CPP_value=
ac_cv_env_DEBUGINFOD_CFLAGS_set=
ac_cv_env_DEBUGINFOD_CFLAGS_value=
ac_cv_env_DEBUGINFOD_LIBS_set=
ac_cv_env_DEBUGINFOD_LIBS_value=
ac_cv_env_LDFLAGS_set=set
ac_cv_env_LDFLAGS_value=' -L/workspaces/labsisop-buildroot/output/host/lib -Wl,-rpath,/workspaces/labsisop-buildroot/output/host/lib'
ac_cv_env_LIBS_set=
ac_cv_env_LIBS_value=
ac_cv_env_PKG_CONFIG_LIBDIR_set=set
ac_cv_env_PKG_CONFIG_LIBDIR_value=/workspaces/labsisop-buildroot/output/host/lib/pkgconfig:/workspaces/labsisop-buildroot/output/host/share/pkgconfig
ac_cv_env_PKG_CONFIG_PATH_set=
ac_cv_env_PKG_CONFIG_PATH_value=
ac_cv_env_PKG_CONFIG_set=set
ac_cv_env_PKG_CONFIG_value=/workspaces/labsisop-buildroot/output/host/bin/pkg-config
ac_cv_env_YACC_set=set
ac_cv_env_YACC_value='bison -y'
ac_cv_env_YFLAGS_set=
ac_cv_env_YFLAGS_value=
ac_cv_env_build_alias_set=set
ac_cv_env_build_alias_value=x86_64-pc-linux-gnu
ac_cv_env_host_alias_set=set
ac_cv_env_host_alias_value=x86_64-pc-linux-gnu
ac_cv_env_target_alias_set=set
ac_cv_env_target_alias_value=i686-buildroot-linux-gnu
ac_cv_func_getc_unlocked=yes
ac_cv_func_getpagesize=yes
ac_cv_func_mkdtemp=yes
ac_cv_func_mkstemp=yes
ac_cv_func_mmap_fixed_mapped=yes
ac_cv_func_sbrk=yes
ac_cv_func_utimensat=yes
ac_cv_func_utimes=yes
ac_cv_have_decl_asprintf=yes
ac_cv_have_decl_environ=yes
ac_cv_have_decl_getc_unlocked=yes
ac_cv_have_decl_sbrk=yes
ac_cv_have_decl_stpcpy=yes
ac_cv_have_decl_strnlen=yes
ac_cv_header_dlfcn_h=yes
ac_cv_header_fcntl_h=yes
ac_cv_header_iconv_h=yes
ac_cv_header_inttypes_h=yes
ac_cv_header_memory_h=yes
ac_cv_header_minix_config_h=no
ac_cv_header_stdc=yes
ac_cv_header_stdint_h=yes
ac_cv_header_stdlib_h=yes
ac_cv_header_string_h=yes
ac_cv_header_strings_h=yes
ac_cv_header_sys_file_h=yes
ac_cv_header_sys_param_h=yes
ac_cv_header_sys_stat_h=yes
ac_cv_header_sys_time_h=yes
ac_cv_header_sys_types_h=yes
ac_cv_header_sys_wait_h=yes
ac_cv_header_unistd_h=yes
ac_cv_header_windows_h=no
ac_cv_host=x86_64-pc-linux-gnu
ac_cv_member_struct_stat_st_atim_tv_nsec=yes
ac_cv_objext=o
ac_cv_path_EGREP='/usr/bin/grep -E'
ac_cv_path_FGREP='/usr/bin/grep -F'
ac_cv_path_GMSGFMT=/usr/bin/msgfmt
ac_cv_path_GREP=/usr/bin/grep
ac_cv_path_MSGFMT=/usr/bin/msgfmt
ac_cv_path_MSGMERGE=/usr/bin/msgmerge
ac_cv_path_SED=/usr/bin/sed
ac_cv_path_XGETTEXT=/usr/bin/xgettext
ac_cv_path_mkdir=/usr/bin/mkdir
ac_cv_prog_AR='/usr/bin/ar --plugin /usr/lib/gcc/x86_64-linux-gnu/9/liblto_plugin.so'
ac_cv_prog_AWK=gawk
ac_cv_prog_CC=/usr/bin/gcc
ac_cv_prog_CPP='/usr/bin/gcc -E'
ac_cv_prog_LEX='/workspaces/labsisop-buildroot/output/build/host-binutils-2.38/missing flex'
ac_cv_prog_OBJDUMP=objdump
ac_cv_prog_RANLIB='/usr/bin/ranlib --plugin /usr/lib/gcc/x86_64-linux-gnu/9/liblto_plugin.so'
ac_cv_prog_YACC='bison -y'
ac_cv_prog_ac_ct_STRIP=strip
ac_cv_prog_cc_c89=
ac_cv_prog_cc_g=yes
ac_cv_prog_make__usr_bin_make_set=yes
ac_cv_safe_to_define___extensions__=yes
ac_cv_search_dlsym=-ldl
ac_cv_search_frexp='none required'
ac_cv_sizeof_long=8
ac_cv_sizeof_long_long=8
ac_cv_sys_file_offset_bits=no
ac_cv_sys_largefile_CC=no
ac_cv_target=i686-buildroot-linux-gnu
ac_cv_typeof_struct_stat_st_atim_is_struct_timespec=yes
acl_cv_hardcode_direct=no
acl_cv_hardcode_libdir_flag_spec='${wl}-rpath ${wl}$libdir'
acl_cv_hardcode_libdir_separator=
acl_cv_hardcode_minus_L=no
acl_cv_libext=a
acl_cv_path_LD='/usr/bin/ld -m elf_x86_64'
acl_cv_prog_gnu_ld=yes
acl_cv_rpath=done
acl_cv_shlibext=so
acl_cv_wl=-Wl,
am_cv_CC_dependencies_compiler_type=none
am_cv_func_iconv=yes
am_cv_lib_iconv=no
am_cv_make_support_nested_variables=yes
am_cv_prog_cc_c_o=yes
am_cv_proto_iconv='extern size_t iconv (iconv_t cd, char * *inbuf, size_t *inbytesleft, char * *outbuf, size_t *outbytesleft);'
am_cv_proto_iconv_arg1=
am_cv_val_LC_MESSAGES=yes
bu_cv_decl_getopt_unistd_h=yes
bu_cv_header_utime_h=yes
lt_cv_deplibs_check_method=pass_all
lt_cv_file_magic_cmd='$MAGIC_CMD'
lt_cv_file_magic_test_file=
lt_cv_ld_reload_flag=-r
lt_cv_nm_interface='BSD nm'
lt_cv_objdir=.libs
lt_cv_path_LD=/usr/bin/ld
lt_cv_path_NM='/usr/bin/nm -B'
lt_cv_prog_compiler_c_o=yes
lt_cv_prog_compiler_pic_works=yes
lt_cv_prog_compiler_rtti_exceptions=no
lt_cv_prog_compiler_static_works=yes
lt_cv_prog_gnu_ld=yes
lt_cv_shlibpath_overrides_runpath=yes
lt_cv_sys_global_symbol_pipe='sed -n -e '\''s/^.*[	 ]\([ABCDGIRSTW][ABCDGIRSTW]*\)[	 ][	 ]*\([_A-Za-z][_A-Za-z0-9]*\)$/\1 \2 \2/p'\'''
lt_cv_sys_global_symbol_to_c_name_address='sed -n -e '\''s/^: \([^ ]*\) $/  {\"\1\", (void *) 0},/p'\'' -e '\''s/^[ABCDGIRSTW]* \([^ ]*\) \([^ ]*\)$/  {"\2", (void *) \&\2},/p'\'''
lt_cv_sys_global_symbol_to_c_name_address_lib_prefix='sed -n -e '\''s/^: \([^ ]*\) $/  {\"\1\", (void *) 0},/p'\'' -e '\''s/^[ABCDGIRSTW]* \([^ ]*\) \(lib[^ ]*\)$/  {"\2", (void *) \&\2},/p'\'' -e '\''s/^[ABCDGIRSTW]* \([^ ]*\) \([^ ]*\)$/  {"lib\2", (void *) \&\2},/p'\'''
lt_cv_sys_global_symbol_to_cdecl='sed -n -e '\''s/^T .* \(.*\)$/extern int \1();/p'\'' -e '\''s/^[ABCDGIRSTW]* .* \(.*\)$/extern char \1;/p'\'''
lt_cv_sys_max_cmd_len=1572864

## ----------------- ##
## Output variables. ##
## ----------------- ##

ACLOCAL='${SHELL} /workspaces/labsisop-buildroot/output/build/host-binutils-2.38/missing aclocal-1.15'
AMDEPBACKSLASH=''
AMDEP_FALSE=''
AMDEP_TRUE='#'
AMTAR='$${TAR-tar}'
AM_BACKSLASH='\'
AM_DEFAULT_V='$(AM_DEFAULT_VERBOSITY)'
AM_DEFAULT_VERBOSITY='0'
AM_V='$(V)'
AR='/usr/bin/ar --plugin /usr/lib/gcc/x86_64-linux-gnu/9/liblto_plugin.so --plugin /usr/lib/gcc/x86_64-linux-gnu/9/liblto_plugin.so'
AUTOCONF='${SHELL} /workspaces/labsisop-buildroot/output/build/host-binutils-2.38/missing autoconf'
AUTOHEADER='${SHELL} /workspaces/labsisop-buildroot/output/build/host-binutils-2.38/missing autoheader'
AUTOMAKE='${SHELL} /workspaces/labsisop-buildroot/output/build/host-binutils-2.38/missing automake-1.15'
AWK='gawk'
BUILD_DLLTOOL=''
BUILD_DLLWRAP=''
BUILD_INSTALL_MISC=''
BUILD_MISC=''
BUILD_SRCONV=''
BUILD_WINDMC=''
BUILD_WINDRES=''
CATALOGS=''
CATOBJEXT=''
CC='/usr/bin/gcc'
CCDEPMODE='depmode=none'
CC_FOR_BUILD='/usr/bin/gcc'
CFLAGS='-O2 -I/workspaces/labsisop-buildroot/output/host/include    '
CPP='/usr/bin/gcc -E'
CPPFLAGS=''
CYGPATH_W='echo'
DATADIRNAME=''
DEBUGINFOD_CFLAGS=''
DEBUGINFOD_LIBS=''
DEFS='-DHAVE_CONFIG_H'
DEMANGLER_NAME='c++filt'
DEPDIR='.deps'
DLLTOOL_DEFS=' '
DSYMUTIL='@DSYMUTIL@'
DUMPBIN=''
ECHO_C=''
ECHO_N='-n'
ECHO_T=''
EGREP='/usr/bin/grep -E'
EMULATION='vanilla'
EMULATION_VECTOR='bin_vanilla_emulation'
ENABLE_LIBCTF_FALSE='#'
ENABLE_LIBCTF_TRUE=''
EXEEXT=''
EXEEXT_FOR_BUILD='$(EXEEXT)'
FGREP='/usr/bin/grep -F'
GENCAT=''
GENINSRC_NEVER_FALSE=''
GENINSRC_NEVER_TRUE='#'
GMSGFMT='/usr/bin/msgfmt'
GREP='/usr/bin/grep'
HDEFINES=''
INCINTL=''
INSTALL_DATA='/usr/bin/install -c -m 644'
INSTALL_PROGRAM='/usr/bin/install -c'
INSTALL_SCRIPT='/usr/bin/install -c'
INSTALL_STRIP_PROGRAM='$(install_sh) -c -s'
INSTOBJEXT=''
LARGEFILE_CPPFLAGS=''
LD='/usr/bin/ld -m elf_x86_64'
LDFLAGS=' -L/workspaces/labsisop-buildroot/output/host/lib -Wl,-rpath,/workspaces/labsisop-buildroot/output/host/lib'
LEX='/workspaces/labsisop-buildroot/output/build/host-binutils-2.38/missing flex'
LEXLIB=''
LEX_OUTPUT_ROOT=''
LIBICONV=''
LIBINTL=''
LIBINTL_DEP=''
LIBOBJS=''
LIBS='-ldl '
LIBTOOL='$(SHELL) $(top_builddir)/libtool'
LIPO=''
LN_S='ln -s'
LTLIBICONV=''
LTLIBOBJS=''
MAINT='#'
MAINTAINER_MODE_FALSE=''
MAINTAINER_MODE_TRUE='#'
MAKEINFO='true --split-size=5000000'
MKDIR_P='/usr/bin/mkdir -p'
MKINSTALLDIRS='$(top_builddir)/./../mkinstalldirs'
MSGFMT='/usr/bin/msgfmt'
MSGMERGE='/usr/bin/msgmerge'
NM='/usr/bin/nm -B'
NMEDIT=''
NO_WERROR=''
OBJDUMP='objdump'
OBJDUMP_DEFS=' -DOBJDUMP_PRIVATE_VECTORS=""'
OBJDUMP_PRIVATE_OFILES=''
OBJEXT='o'
OTOOL64=''
OTOOL='@OTOOL@'
PACKAGE='binutils'
PACKAGE_BUGREPORT=''
PACKAGE_NAME='binutils'
PACKAGE_STRING='binutils 2.38'
PACKAGE_TARNAME='binutils'
PACKAGE_URL=''
PACKAGE_VERSION='2.38'
PATH_SEPARATOR=':'
PKG_CONFIG='/workspaces/labsisop-buildroot/output/host/bin/pkg-config'
PKG_CONFIG_LIBDIR='/workspaces/labsisop-buildroot/output/host/lib/pkgconfig:/workspaces/labsisop-buildroot/output/host/share/pkgconfig'
PKG_CONFIG_PATH=''
POSUB=''
RANLIB='/usr/bin/ranlib --plugin /usr/lib/gcc/x86_64-linux-gnu/9/liblto_plugin.so'
SED='/usr/bin/sed'
SET_MAKE=''
SHELL='/bin/bash'
STRIP='strip'
USE_NLS='no'
VERSION='2.38'
WARN_CFLAGS='-W -Wall -Wstrict-prototypes -Wmissing-prototypes -Wshadow -Wstack-usage=262144'
WARN_CFLAGS_FOR_BUILD='-W -Wall -Wstrict-prototypes -Wmissing-prototypes -Wshadow -Wstack-usage=262144'
WARN_WRITE_STRINGS='-Wwrite-strings'
XGETTEXT='/usr/bin/xgettext'
YACC='bison -y'
YFLAGS=''
ac_ct_CC=''
ac_ct_DUMPBIN=''
am__EXEEXT_FALSE=''
am__EXEEXT_TRUE='#'
am__fastdepCC_FALSE=''
am__fastdepCC_TRUE='#'
am__include='include'
am__isrc=''
am__leading_dot='.'
am__nodep=''
am__quote=''
am__tar='$${TAR-tar} chof - "$$tardir"'
am__untar='$${TAR-tar} xf -'
bindir='${exec_prefix}/bin'
build='x86_64-pc-linux-gnu'
build_alias='x86_64-pc-linux-gnu'
build_cpu='x86_64'
build_os='linux-gnu'
build_vendor='pc'
datadir='${datarootdir}'
datarootdir='${prefix}/share'
docdir='${datarootdir}/doc/${PACKAGE_TARNAME}'
dvidir='${docdir}'
exec_prefix='${prefix}'
host='x86_64-pc-linux-gnu'
host_alias='x86_64-pc-linux-gnu'
host_cpu='x86_64'
host_os='linux-gnu'
host_vendor='pc'
htmldir='${docdir}'
includedir='${prefix}/include'
infodir='${datarootdir}/info'
install_sh='${SHELL} /workspaces/labsisop-buildroot/output/build/host-binutils-2.38/install-sh'
libdir='${exec_prefix}/lib'
libexecdir='${exec_prefix}/libexec'
localedir='${datarootdir}/locale'
localstatedir='/workspaces/labsisop-buildroot/output/host/var'
mandir='${datarootdir}/man'
mkdir_p='$(MKDIR_P)'
oldincludedir='/usr/include'
pdfdir='${docdir}'
prefix='/workspaces/labsisop-buildroot/output/host'
program_transform_name='s&^&i686-buildroot-linux-gnu-&'
psdir='${docdir}'
sbindir='${exec_prefix}/sbin'
sharedstatedir='${prefix}/com'
sysconfdir='/workspaces/labsisop-buildroot/output/host/etc'
target='i686-buildroot-linux-gnu'
target_alias='i686-buildroot-linux-gnu'
target_cpu='i686'
target_os='linux-gnu'
target_vendor='buildroot'
zlibdir='-L$(top_builddir)/../zlib'
zlibinc='-I$(top_srcdir)/../zlib'

## ----------- ##
## confdefs.h. ##
## ----------- ##

/* confdefs.h */
#define PACKAGE_NAME "binutils"
#define PACKAGE_TARNAME "binutils"
#define PACKAGE_VERSION "2.38"
#define PACKAGE_STRING "binutils 2.38"
#define PACKAGE_BUGREPORT ""
#define PACKAGE_URL ""
#define PACKAGE "binutils"
#define VERSION "2.38"
#define STDC_HEADERS 1
#define HAVE_SYS_TYPES_H 1
#define HAVE_SYS_STAT_H 1
#define HAVE_STDLIB_H 1
#define HAVE_STRING_H 1
#define HAVE_MEMORY_H 1
#define HAVE_STRINGS_H 1
#define HAVE_INTTYPES_H 1
#define HAVE_STDINT_H 1
#define HAVE_UNISTD_H 1
#define __EXTENSIONS__ 1
#define _ALL_SOURCE 1
#define _GNU_SOURCE 1
#define _POSIX_PTHREAD_SEMANTICS 1
#define _TANDEM_SOURCE 1
#define HAVE_DLFCN_H 1
#define LT_OBJDIR ".libs/"
#define HAVE_DLFCN_H 1
#define DEFAULT_AR_DETERMINISTIC 0
#define DEFAULT_STRINGS_ALL 1
#define DEFAULT_F_FOR_IFUNC_SYMBOLS 0
#define DEFAULT_FOR_FOLLOW_LINKS 1
#define ENABLE_LIBCTF 1
#define EXECUTABLE_SUFFIX ""
#define SIZEOF_LONG 8
#define SIZEOF_LONG_LONG 8
#define HAVE_FCNTL_H 1
#define HAVE_INTTYPES_H 1
#define HAVE_STDINT_H 1
#define HAVE_SYS_FILE_H 1
#define HAVE_SYS_STAT_H 1
#define HAVE_SYS_TIME_H 1
#define HAVE_SYS_TYPES_H 1
#define HAVE_UNISTD_H 1
#define HAVE_SYS_WAIT_H 1
#define HAVE_STDLIB_H 1
#define HAVE_UNISTD_H 1
#define HAVE_SYS_PARAM_H 1
#define HAVE_GETPAGESIZE 1
#define HAVE_MMAP 1
#define HAVE_GETC_UNLOCKED 1
#define HAVE_MKDTEMP 1
#define HAVE_MKSTEMP 1
#define HAVE_SBRK 1
#define HAVE_UTIMENSAT 1
#define HAVE_UTIMES 1
#define HAVE_MBSTATE_T 1
#define HAVE_STRUCT_STAT_ST_ATIM_TV_NSEC 1
#define TYPEOF_STRUCT_STAT_ST_ATIM_IS_STRUCT_TIMESPEC 1
#define HAVE_LC_MESSAGES 1
#define HAVE_DECL_GETOPT 1
#define HAVE_GOOD_UTIME_H 1
#define HAVE_DECL_ASPRINTF 1
#define HAVE_DECL_ENVIRON 1
#define HAVE_DECL_GETC_UNLOCKED 1
#define HAVE_DECL_SBRK 1
#define HAVE_DECL_STPCPY 1
#define HAVE_DECL_STRNLEN 1
#define HAVE_ICONV 1
#define ICONV_CONST 
#define TARGET "i686-buildroot-linux-gnu"
#define TARGET_PREPENDS_UNDERSCORE 0

configure: exit 0
