This file contains any messages produced by compilers while
running configure, to aid debugging if configure makes a mistake.

It was created by mpc configure 1.2.1, which was
generated by GNU Autoconf 2.69.  Invocation command line was

  $ ./configure --prefix=/workspaces/labsisop-buildroot/output/host --sysconfdir=/workspaces/labsisop-buildroot/output/host/etc --localstatedir=/workspaces/labsisop-buildroot/output/host/var --enable-shared --disable-static --disable-gtk-doc --disable-gtk-doc-html --disable-doc --disable-docs --disable-documentation --disable-debug --with-xmlto=no --with-fop=no --disable-nls --disable-dependency-tracking

## --------- ##
## Platform. ##
## --------- ##

hostname = codespaces-1ee735
uname -m = x86_64
uname -r = 6.8.0-1027-azure
uname -s = Linux
uname -v = #32~22.04.1-Ubuntu SMP Thu Apr  3 20:26:27 UTC 2025

/usr/bin/uname -p = x86_64
/bin/uname -X     = unknown

/bin/arch              = x86_64
/usr/bin/arch -k       = unknown
/usr/convex/getsysinfo = unknown
/usr/bin/hostinfo      = unknown
/bin/machine           = unknown
/usr/bin/oslevel       = unknown
/bin/universe          = unknown

PATH: /workspaces/labsisop-buildroot/output/host/bin
PATH: /workspaces/labsisop-buildroot/output/host/sbin
PATH: /usr/local/rvm/gems/ruby-3.3.4/bin
PATH: /usr/local/rvm/gems/ruby-3.3.4@global/bin
PATH: /usr/local/rvm/rubies/ruby-3.3.4/bin
PATH: /vscode/bin/linux-x64/19e0f9e681ecb8e5c09d8784acaa601316ca4571/bin/remote-cli
PATH: /home/codespace/.local/bin
PATH: /home/codespace/.dotnet
PATH: /home/codespace/nvm/current/bin
PATH: /home/codespace/.php/current/bin
PATH: /home/codespace/.python/current/bin
PATH: /home/codespace/java/current/bin
PATH: /home/codespace/.ruby/current/bin
PATH: /home/codespace/.local/bin
PATH: /usr/local/python/current/bin
PATH: /usr/local/py-utils/bin
PATH: /usr/local/jupyter
PATH: /usr/local/oryx
PATH: /usr/local/go/bin
PATH: /go/bin
PATH: /usr/local/sdkman/bin
PATH: /usr/local/sdkman/candidates/java/current/bin
PATH: /usr/local/sdkman/candidates/gradle/current/bin
PATH: /usr/local/sdkman/candidates/maven/current/bin
PATH: /usr/local/sdkman/candidates/ant/current/bin
PATH: /usr/local/rvm/gems/default/bin
PATH: /usr/local/rvm/gems/default@global/bin
PATH: /usr/local/rvm/rubies/default/bin
PATH: /usr/local/share/rbenv/bin
PATH: /usr/local/php/current/bin
PATH: /opt/conda/bin
PATH: /usr/local/nvs
PATH: /usr/local/share/nvm/versions/node/v20.19.0/bin
PATH: /usr/local/hugo/bin
PATH: /usr/local/sbin
PATH: /usr/local/bin
PATH: /usr/sbin
PATH: /usr/bin
PATH: /sbin
PATH: /bin
PATH: /usr/share/dotnet
PATH: /home/codespace/.dotnet/tools
PATH: /usr/local/rvm/bin


## ----------- ##
## Core tests. ##
## ----------- ##

configure:2344: checking for a BSD-compatible install
configure:2412: result: /usr/bin/install -c
configure:2423: checking whether build environment is sane
configure:2478: result: yes
configure:2627: checking for a thread-safe mkdir -p
configure:2666: result: /usr/bin/mkdir -p
configure:2673: checking for gawk
configure:2689: found /workspaces/labsisop-buildroot/output/host/bin/gawk
configure:2700: result: gawk
configure:2711: checking whether make sets $(MAKE)
configure:2733: result: yes
configure:2762: checking whether make supports nested variables
configure:2779: result: yes
configure:2906: checking whether to enable maintainer-specific portions of Makefiles
configure:2915: result: no
configure:2936: checking build system type
configure:2950: result: x86_64-pc-linux-gnu
configure:2970: checking host system type
configure:2983: result: x86_64-pc-linux-gnu
configure:3168: checking for grep that handles long lines and -e
configure:3226: result: /usr/bin/grep
configure:3231: checking for egrep
configure:3293: result: /usr/bin/grep -E
configure:3298: checking for a sed that does not truncate output
configure:3362: result: /usr/bin/sed
configure:3464: checking for gcc
configure:3491: result: /usr/bin/gcc
configure:3720: checking for C compiler version
configure:3729: /usr/bin/gcc --version >&5
gcc (Ubuntu 9.4.0-1ubuntu1~20.04.2) 9.4.0
Copyright (C) 2019 Free Software Foundation, Inc.
This is free software; see the source for copying conditions.  There is NO
warranty; not even for MERCHANTABILITY or FITNESS FOR A PARTICULAR PURPOSE.

configure:3740: $? = 0
configure:3729: /usr/bin/gcc -v >&5
Using built-in specs.
COLLECT_GCC=/usr/bin/gcc
COLLECT_LTO_WRAPPER=/usr/lib/gcc/x86_64-linux-gnu/9/lto-wrapper
OFFLOAD_TARGET_NAMES=nvptx-none:hsa
OFFLOAD_TARGET_DEFAULT=1
Target: x86_64-linux-gnu
Configured with: ../src/configure -v --with-pkgversion='Ubuntu 9.4.0-1ubuntu1~20.04.2' --with-bugurl=file:///usr/share/doc/gcc-9/README.Bugs --enable-languages=c,ada,c++,go,brig,d,fortran,objc,obj-c++,gm2 --prefix=/usr --with-gcc-major-version-only --program-suffix=-9 --program-prefix=x86_64-linux-gnu- --enable-shared --enable-linker-build-id --libexecdir=/usr/lib --without-included-gettext --enable-threads=posix --libdir=/usr/lib --enable-nls --enable-clocale=gnu --enable-libstdcxx-debug --enable-libstdcxx-time=yes --with-default-libstdcxx-abi=new --enable-gnu-unique-object --disable-vtable-verify --enable-plugin --enable-default-pie --with-system-zlib --with-target-system-zlib=auto --enable-objc-gc=auto --enable-multiarch --disable-werror --with-arch-32=i686 --with-abi=m64 --with-multilib-list=m32,m64,mx32 --enable-multilib --with-tune=generic --enable-offload-targets=nvptx-none=/build/gcc-9-9QDOt0/gcc-9-9.4.0/debian/tmp-nvptx/usr,hsa --without-cuda-driver --enable-checking=release --build=x86_64-linux-gnu --host=x86_64-linux-gnu --target=x86_64-linux-gnu
Thread model: posix
gcc version 9.4.0 (Ubuntu 9.4.0-1ubuntu1~20.04.2) 
configure:3740: $? = 0
configure:3729: /usr/bin/gcc -V >&5
gcc: error: unrecognized command line option '-V'
gcc: fatal error: no input files
compilation terminated.
configure:3740: $? = 1
configure:3729: /usr/bin/gcc -qversion >&5
gcc: error: unrecognized command line option '-qversion'; did you mean '--version'?
gcc: fatal error: no input files
compilation terminated.
configure:3740: $? = 1
configure:3760: checking whether the C compiler works
configure:3782: /usr/bin/gcc -O2 -I/workspaces/labsisop-buildroot/output/host/include -I/workspaces/labsisop-buildroot/output/host/include -L/workspaces/labsisop-buildroot/output/host/lib -Wl,-rpath,/workspaces/labsisop-buildroot/output/host/lib conftest.c  >&5
configure:3786: $? = 0
configure:3834: result: yes
configure:3837: checking for C compiler default output file name
configure:3839: result: a.out
configure:3845: checking for suffix of executables
configure:3852: /usr/bin/gcc -o conftest -O2 -I/workspaces/labsisop-buildroot/output/host/include -I/workspaces/labsisop-buildroot/output/host/include -L/workspaces/labsisop-buildroot/output/host/lib -Wl,-rpath,/workspaces/labsisop-buildroot/output/host/lib conftest.c  >&5
configure:3856: $? = 0
configure:3878: result: 
configure:3900: checking whether we are cross compiling
configure:3908: /usr/bin/gcc -o conftest -O2 -I/workspaces/labsisop-buildroot/output/host/include -I/workspaces/labsisop-buildroot/output/host/include -L/workspaces/labsisop-buildroot/output/host/lib -Wl,-rpath,/workspaces/labsisop-buildroot/output/host/lib conftest.c  >&5
configure:3912: $? = 0
configure:3919: ./conftest
configure:3923: $? = 0
configure:3911: result: no
configure:3916: checking for suffix of object files
configure:3938: /usr/bin/gcc -c -O2 -I/workspaces/labsisop-buildroot/output/host/include -I/workspaces/labsisop-buildroot/output/host/include conftest.c >&5
configure:3942: $? = 0
configure:3963: result: o
configure:3967: checking whether we are using the GNU C compiler
configure:3986: /usr/bin/gcc -c -O2 -I/workspaces/labsisop-buildroot/output/host/include -I/workspaces/labsisop-buildroot/output/host/include conftest.c >&5
configure:3986: $? = 0
configure:3995: result: yes
configure:4004: checking whether /usr/bin/gcc accepts -g
configure:4024: /usr/bin/gcc -c -g -I/workspaces/labsisop-buildroot/output/host/include conftest.c >&5
configure:4024: $? = 0
configure:4065: result: yes
configure:4082: checking for /usr/bin/gcc option to accept ISO C89
configure:4145: /usr/bin/gcc  -c -O2 -I/workspaces/labsisop-buildroot/output/host/include -I/workspaces/labsisop-buildroot/output/host/include conftest.c >&5
configure:4145: $? = 0
configure:4158: result: none needed
configure:4183: checking whether /usr/bin/gcc understands -c and -o together
configure:4205: /usr/bin/gcc -c conftest.c -o conftest2.o
configure:4208: $? = 0
configure:4205: /usr/bin/gcc -c conftest.c -o conftest2.o
configure:4208: $? = 0
configure:4220: result: yes
configure:4240: checking whether make supports the include directive
configure:4255: make -f confmf.GNU && cat confinc.out
make[1]: Entering directory '/workspaces/labsisop-buildroot/output/build/host-mpc-1.2.1'
make[1]: Leaving directory '/workspaces/labsisop-buildroot/output/build/host-mpc-1.2.1'
this is the am__doit target
configure:4258: $? = 0
configure:4277: result: yes (GNU style)
configure:4302: checking dependency style of /usr/bin/gcc
configure:4413: result: none
configure:4539: checking the archiver (/usr/bin/ar) interface
configure:4555: /usr/bin/gcc -c -O2 -I/workspaces/labsisop-buildroot/output/host/include -I/workspaces/labsisop-buildroot/output/host/include conftest.c >&5
configure:4555: $? = 0
configure:4557: /usr/bin/ar cru libconftest.a conftest.o >&5
/usr/bin/ar: `u' modifier ignored since `D' is the default (see `U')
configure:4560: $? = 0
configure:4559: result: ar
configure:4627: checking how to print strings
configure:4654: result: printf
configure:4675: checking for a sed that does not truncate output
configure:4739: result: /usr/bin/sed
configure:4757: checking for fgrep
configure:4819: result: /usr/bin/grep -F
configure:4854: checking for ld used by /usr/bin/gcc
configure:4921: result: /usr/bin/ld
configure:4928: checking if the linker (/usr/bin/ld) is GNU ld
configure:4943: result: yes
configure:4955: checking for BSD- or MS-compatible name lister (nm)
configure:5009: result: /usr/bin/nm
configure:5139: checking the name lister (/usr/bin/nm) interface
configure:5146: /usr/bin/gcc -c -O2 -I/workspaces/labsisop-buildroot/output/host/include -I/workspaces/labsisop-buildroot/output/host/include conftest.c >&5
configure:5149: /usr/bin/nm "conftest.o"
configure:5152: output
0000000000000000 B some_variable
configure:5153: result: BSD nm
configure:5156: checking whether ln -s works
configure:5160: result: yes
configure:5168: checking the maximum length of command line arguments
configure:5299: result: 1572864
configure:5347: checking how to convert x86_64-pc-linux-gnu file names to x86_64-pc-linux-gnu format
configure:5387: result: func_convert_file_noop
configure:5394: checking how to convert x86_64-pc-linux-gnu file names to toolchain format
configure:5414: result: func_convert_file_noop
configure:5421: checking for /usr/bin/ld option to reload object files
configure:5428: result: -r
configure:5502: checking for objdump
configure:5518: found /usr/bin/objdump
configure:5529: result: objdump
configure:5561: checking how to recognize dependent libraries
configure:5761: result: pass_all
configure:5846: checking for dlltool
configure:5876: result: no
configure:5906: checking how to associate runtime and link libraries
configure:5933: result: printf %s\n
configure:6057: checking for archiver @FILE support
configure:6074: /usr/bin/gcc -c -O2 -I/workspaces/labsisop-buildroot/output/host/include -I/workspaces/labsisop-buildroot/output/host/include conftest.c >&5
configure:6074: $? = 0
configure:6077: /usr/bin/ar cru libconftest.a @conftest.lst >&5
/usr/bin/ar: `u' modifier ignored since `D' is the default (see `U')
configure:6080: $? = 0
configure:6085: /usr/bin/ar cru libconftest.a @conftest.lst >&5
/usr/bin/ar: `u' modifier ignored since `D' is the default (see `U')
/usr/bin/ar: conftest.o: No such file or directory
configure:6088: $? = 1
configure:6087: result: @
configure:6145: checking for strip
configure:6161: found /usr/bin/strip
configure:6172: result: strip
configure:6244: checking for ranlib
configure:6271: result: /usr/bin/ranlib
configure:6373: checking command to parse /usr/bin/nm output from /usr/bin/gcc object
configure:6526: /usr/bin/gcc -c -O2 -I/workspaces/labsisop-buildroot/output/host/include -I/workspaces/labsisop-buildroot/output/host/include conftest.c >&5
configure:6529: $? = 0
configure:6533: /usr/bin/nm conftest.o \| sed -n -e 's/^.*[ ]\([ABCDGIRSTW][ABCDGIRSTW]*\)[ ][ ]*\([_A-Za-z][_A-Za-z0-9]*\)$/\1 \2 \2/p' | sed '/ __gnu_lto/d' \> conftest.nm
configure:6536: $? = 0
configure:6602: /usr/bin/gcc -o conftest -O2 -I/workspaces/labsisop-buildroot/output/host/include -I/workspaces/labsisop-buildroot/output/host/include -L/workspaces/labsisop-buildroot/output/host/lib -Wl,-rpath,/workspaces/labsisop-buildroot/output/host/lib conftest.c conftstm.o >&5
configure:6605: $? = 0
configure:6643: result: ok
configure:6690: checking for sysroot
configure:6720: result: no
configure:6727: checking for a working dd
configure:6765: result: /usr/bin/dd
configure:6769: checking how to truncate binary pipes
configure:6784: result: /usr/bin/dd bs=4096 count=1
configure:6920: /usr/bin/gcc -c -O2 -I/workspaces/labsisop-buildroot/output/host/include -I/workspaces/labsisop-buildroot/output/host/include conftest.c >&5
configure:6923: $? = 0
configure:7113: checking for mt
configure:7129: found /usr/bin/mt
configure:7140: result: mt
configure:7163: checking if mt is a manifest tool
configure:7169: mt '-?'
configure:7177: result: no
configure:7854: checking how to run the C preprocessor
configure:7924: result: /usr/bin/cpp
configure:7944: /usr/bin/cpp -I/workspaces/labsisop-buildroot/output/host/include conftest.c
configure:7944: $? = 0
configure:7958: /usr/bin/cpp -I/workspaces/labsisop-buildroot/output/host/include conftest.c
conftest.c:11:10: fatal error: ac_nonexistent.h: No such file or directory
   11 | #include <ac_nonexistent.h>
      |          ^~~~~~~~~~~~~~~~~~
compilation terminated.
configure:7958: $? = 1
configure: failed program was:
| /* confdefs.h */
| #define PACKAGE_NAME "mpc"
| #define PACKAGE_TARNAME "mpc"
| #define PACKAGE_VERSION "1.2.1"
| #define PACKAGE_STRING "mpc 1.2.1"
| #define PACKAGE_BUGREPORT "mpc-discuss@lists.gforge.inria.fr"
| #define PACKAGE_URL ""
| #define PACKAGE "mpc"
| #define VERSION "1.2.1"
| /* end confdefs.h.  */
| #include <ac_nonexistent.h>
configure:7987: checking for ANSI C header files
configure:8007: /usr/bin/gcc -c -O2 -I/workspaces/labsisop-buildroot/output/host/include -I/workspaces/labsisop-buildroot/output/host/include conftest.c >&5
configure:8007: $? = 0
configure:8080: /usr/bin/gcc -o conftest -O2 -I/workspaces/labsisop-buildroot/output/host/include -I/workspaces/labsisop-buildroot/output/host/include -L/workspaces/labsisop-buildroot/output/host/lib -Wl,-rpath,/workspaces/labsisop-buildroot/output/host/lib conftest.c  >&5
configure:8080: $? = 0
configure:8080: ./conftest
configure:8080: $? = 0
configure:8091: result: yes
configure:8104: checking for sys/types.h
configure:8104: /usr/bin/gcc -c -O2 -I/workspaces/labsisop-buildroot/output/host/include -I/workspaces/labsisop-buildroot/output/host/include conftest.c >&5
configure:8104: $? = 0
configure:8104: result: yes
configure:8104: checking for sys/stat.h
configure:8104: /usr/bin/gcc -c -O2 -I/workspaces/labsisop-buildroot/output/host/include -I/workspaces/labsisop-buildroot/output/host/include conftest.c >&5
configure:8104: $? = 0
configure:8104: result: yes
configure:8104: checking for stdlib.h
configure:8104: /usr/bin/gcc -c -O2 -I/workspaces/labsisop-buildroot/output/host/include -I/workspaces/labsisop-buildroot/output/host/include conftest.c >&5
configure:8104: $? = 0
configure:8104: result: yes
configure:8104: checking for string.h
configure:8104: /usr/bin/gcc -c -O2 -I/workspaces/labsisop-buildroot/output/host/include -I/workspaces/labsisop-buildroot/output/host/include conftest.c >&5
configure:8104: $? = 0
configure:8104: result: yes
configure:8104: checking for memory.h
configure:8104: /usr/bin/gcc -c -O2 -I/workspaces/labsisop-buildroot/output/host/include -I/workspaces/labsisop-buildroot/output/host/include conftest.c >&5
configure:8104: $? = 0
configure:8104: result: yes
configure:8104: checking for strings.h
configure:8104: /usr/bin/gcc -c -O2 -I/workspaces/labsisop-buildroot/output/host/include -I/workspaces/labsisop-buildroot/output/host/include conftest.c >&5
configure:8104: $? = 0
configure:8104: result: yes
configure:8104: checking for inttypes.h
configure:8104: /usr/bin/gcc -c -O2 -I/workspaces/labsisop-buildroot/output/host/include -I/workspaces/labsisop-buildroot/output/host/include conftest.c >&5
configure:8104: $? = 0
configure:8104: result: yes
configure:8104: checking for stdint.h
configure:8104: /usr/bin/gcc -c -O2 -I/workspaces/labsisop-buildroot/output/host/include -I/workspaces/labsisop-buildroot/output/host/include conftest.c >&5
configure:8104: $? = 0
configure:8104: result: yes
configure:8104: checking for unistd.h
configure:8104: /usr/bin/gcc -c -O2 -I/workspaces/labsisop-buildroot/output/host/include -I/workspaces/labsisop-buildroot/output/host/include conftest.c >&5
configure:8104: $? = 0
configure:8104: result: yes
configure:8118: checking for dlfcn.h
configure:8118: /usr/bin/gcc -c -O2 -I/workspaces/labsisop-buildroot/output/host/include -I/workspaces/labsisop-buildroot/output/host/include conftest.c >&5
configure:8118: $? = 0
configure:8118: result: yes
configure:8374: checking for objdir
configure:8389: result: .libs
configure:8653: checking if /usr/bin/gcc supports -fno-rtti -fno-exceptions
configure:8671: /usr/bin/gcc -c -O2 -I/workspaces/labsisop-buildroot/output/host/include -I/workspaces/labsisop-buildroot/output/host/include -fno-rtti -fno-exceptions conftest.c >&5
cc1: warning: command line option '-fno-rtti' is valid for C++/D/ObjC++ but not for C
configure:8675: $? = 0
configure:8688: result: no
configure:9046: checking for /usr/bin/gcc option to produce PIC
configure:9053: result: -fPIC -DPIC
configure:9061: checking if /usr/bin/gcc PIC flag -fPIC -DPIC works
configure:9079: /usr/bin/gcc -c -O2 -I/workspaces/labsisop-buildroot/output/host/include -I/workspaces/labsisop-buildroot/output/host/include -fPIC -DPIC -DPIC conftest.c >&5
configure:9083: $? = 0
configure:9096: result: yes
configure:9125: checking if /usr/bin/gcc static flag -static works
configure:9153: result: yes
configure:9168: checking if /usr/bin/gcc supports -c -o file.o
configure:9189: /usr/bin/gcc -c -O2 -I/workspaces/labsisop-buildroot/output/host/include -I/workspaces/labsisop-buildroot/output/host/include -o out/conftest2.o conftest.c >&5
configure:9193: $? = 0
configure:9215: result: yes
configure:9223: checking if /usr/bin/gcc supports -c -o file.o
configure:9270: result: yes
configure:9303: checking whether the /usr/bin/gcc linker (/usr/bin/ld -m elf_x86_64) supports shared libraries
configure:10562: result: yes
configure:10599: checking whether -lc should be explicitly linked in
configure:10607: /usr/bin/gcc -c -O2 -I/workspaces/labsisop-buildroot/output/host/include -I/workspaces/labsisop-buildroot/output/host/include conftest.c >&5
configure:10610: $? = 0
configure:10625: /usr/bin/gcc -shared  -fPIC -DPIC conftest.o  -v -Wl,-soname -Wl,conftest -o conftest 2\>\&1 \| /usr/bin/grep  -lc  \>/dev/null 2\>\&1
configure:10628: $? = 0
configure:10642: result: no
configure:10802: checking dynamic linker characteristics
configure:11383: /usr/bin/gcc -o conftest -O2 -I/workspaces/labsisop-buildroot/output/host/include -I/workspaces/labsisop-buildroot/output/host/include -L/workspaces/labsisop-buildroot/output/host/lib -Wl,-rpath,/workspaces/labsisop-buildroot/output/host/lib -Wl,-rpath -Wl,/foo conftest.c  >&5
configure:11383: $? = 0
configure:11620: result: GNU/Linux ld.so
configure:11742: checking how to hardcode library paths into programs
configure:11767: result: immediate
configure:12315: checking whether stripping libraries is possible
configure:12320: result: yes
configure:12355: checking if libtool supports shared libraries
configure:12357: result: yes
configure:12360: checking whether to build shared libraries
configure:12385: result: yes
configure:12388: checking whether to build static libraries
configure:12392: result: no
configure:9223: checking for gmp.h
configure:9231: /usr/bin/gcc -c -O2 -I/workspaces/labsisop-buildroot/output/host/include -I/workspaces/labsisop-buildroot/output/host/include conftest.c >&5
configure:9231: $? = 0
configure:9232: result: yes
configure:10096: checking for ANSI C header files
configure:10200: result: yes
configure:10211: checking locale.h usability
configure:10211: /usr/bin/gcc -c -O2 -I/workspaces/labsisop-buildroot/output/host/include -I/workspaces/labsisop-buildroot/output/host/include conftest.c >&5
configure:10211: $? = 0
configure:10211: result: yes
configure:10211: checking locale.h presence
configure:10211: /usr/bin/cpp -I/workspaces/labsisop-buildroot/output/host/include conftest.c
configure:10211: $? = 0
configure:10211: result: yes
configure:10211: checking for locale.h
configure:10211: result: yes
configure:10211: checking for inttypes.h
configure:10211: result: yes
configure:10211: checking for stdint.h
configure:10211: result: yes
configure:10211: checking limits.h usability
configure:10211: /usr/bin/gcc -c -O2 -I/workspaces/labsisop-buildroot/output/host/include -I/workspaces/labsisop-buildroot/output/host/include conftest.c >&5
configure:10211: $? = 0
configure:10211: result: yes
configure:10211: checking limits.h presence
configure:10211: /usr/bin/cpp -I/workspaces/labsisop-buildroot/output/host/include conftest.c
configure:10211: $? = 0
configure:10211: result: yes
configure:10211: checking for limits.h
configure:10211: result: yes
configure:10211: checking for unistd.h
configure:10211: result: yes
configure:10211: checking sys/time.h usability
configure:10211: /usr/bin/gcc -c -O2 -I/workspaces/labsisop-buildroot/output/host/include -I/workspaces/labsisop-buildroot/output/host/include conftest.c >&5
configure:10211: $? = 0
configure:10211: result: yes
configure:10211: checking sys/time.h presence
configure:10211: /usr/bin/cpp -I/workspaces/labsisop-buildroot/output/host/include conftest.c
configure:10211: $? = 0
configure:10211: result: yes
configure:10211: checking for sys/time.h
configure:10211: result: yes
configure:10211: checking sys/resource.h usability
configure:10211: /usr/bin/gcc -c -O2 -I/workspaces/labsisop-buildroot/output/host/include -I/workspaces/labsisop-buildroot/output/host/include conftest.c >&5
configure:10211: $? = 0
configure:10211: result: yes
configure:10211: checking sys/resource.h presence
configure:10211: /usr/bin/cpp -I/workspaces/labsisop-buildroot/output/host/include conftest.c
configure:10211: $? = 0
configure:10211: result: yes
configure:10211: checking for sys/resource.h
configure:10211: result: yes
configure:10221: checking whether time.h and sys/time.h may both be included
configure:10241: /usr/bin/gcc -c -O2 -I/workspaces/labsisop-buildroot/output/host/include -I/workspaces/labsisop-buildroot/output/host/include conftest.c >&5
configure:10241: $? = 0
configure:10248: result: yes
configure:10257: checking complex.h usability
configure:10257: /usr/bin/gcc -c -O2 -I/workspaces/labsisop-buildroot/output/host/include -I/workspaces/labsisop-buildroot/output/host/include conftest.c >&5
configure:10257: $? = 0
configure:10257: result: yes
configure:10257: checking complex.h presence
configure:10257: /usr/bin/cpp -I/workspaces/labsisop-buildroot/output/host/include conftest.c
configure:10257: $? = 0
configure:10257: result: yes
configure:10257: checking for complex.h
configure:10257: result: yes
configure:10262: checking for library containing creal
configure:10293: /usr/bin/gcc -o conftest -O2 -I/workspaces/labsisop-buildroot/output/host/include -I/workspaces/labsisop-buildroot/output/host/include -L/workspaces/labsisop-buildroot/output/host/lib -Wl,-rpath,/workspaces/labsisop-buildroot/output/host/lib conftest.c  >&5
conftest.c:39:6: warning: conflicting types for built-in function 'creal'; expected 'double(_Complex double)' [-Wbuiltin-declaration-mismatch]
   39 | char creal ();
      |      ^~~~~
conftest.c:1:1: note: 'creal' is declared in header '<complex.h>'
    1 | /* confdefs.h */
/usr/bin/ld: /tmp/ccX5HtzL.o: in function `main':
conftest.c:(.text.startup+0xb): undefined reference to `creal'
collect2: error: ld returned 1 exit status
configure:10293: $? = 1
configure: failed program was:
| /* confdefs.h */
| #define PACKAGE_NAME "mpc"
| #define PACKAGE_TARNAME "mpc"
| #define PACKAGE_VERSION "1.2.1"
| #define PACKAGE_STRING "mpc 1.2.1"
| #define PACKAGE_BUGREPORT "mpc-discuss@lists.gforge.inria.fr"
| #define PACKAGE_URL ""
| #define PACKAGE "mpc"
| #define VERSION "1.2.1"
| #define STDC_HEADERS 1
| #define HAVE_SYS_TYPES_H 1
| #define HAVE_SYS_STAT_H 1
| #define HAVE_STDLIB_H 1
| #define HAVE_STRING_H 1
| #define HAVE_MEMORY_H 1
| #define HAVE_STRINGS_H 1
| #define HAVE_INTTYPES_H 1
| #define HAVE_STDINT_H 1
| #define HAVE_UNISTD_H 1
| #define HAVE_DLFCN_H 1
| #define LT_OBJDIR ".libs/"
| #define STDC_HEADERS 1
| #define HAVE_LOCALE_H 1
| #define HAVE_INTTYPES_H 1
| #define HAVE_STDINT_H 1
| #define HAVE_LIMITS_H 1
| #define HAVE_UNISTD_H 1
| #define HAVE_SYS_TIME_H 1
| #define HAVE_SYS_RESOURCE_H 1
| #define TIME_WITH_SYS_TIME 1
| /* end confdefs.h.  */
| 
| /* Override any GCC internal prototype to avoid an error.
|    Use char because int might match the return type of a GCC
|    builtin and then its argument prototype would still apply.  */
| #ifdef __cplusplus
| extern "C"
| #endif
| char creal ();
| int
| main ()
| {
| return creal ();
|   ;
|   return 0;
| }
configure:10293: /usr/bin/gcc -o conftest -O2 -I/workspaces/labsisop-buildroot/output/host/include -I/workspaces/labsisop-buildroot/output/host/include -L/workspaces/labsisop-buildroot/output/host/lib -Wl,-rpath,/workspaces/labsisop-buildroot/output/host/lib conftest.c -lm   >&5
conftest.c:39:6: warning: conflicting types for built-in function 'creal'; expected 'double(_Complex double)' [-Wbuiltin-declaration-mismatch]
   39 | char creal ();
      |      ^~~~~
conftest.c:1:1: note: 'creal' is declared in header '<complex.h>'
    1 | /* confdefs.h */
configure:10293: $? = 0
configure:10310: result: -lm
configure:10319: checking whether creal, cimag and I can be used
configure:10336: /usr/bin/gcc -o conftest -O2 -I/workspaces/labsisop-buildroot/output/host/include -I/workspaces/labsisop-buildroot/output/host/include -L/workspaces/labsisop-buildroot/output/host/lib -Wl,-rpath,/workspaces/labsisop-buildroot/output/host/lib conftest.c -lm  >&5
configure:10336: $? = 0
configure:10338: result: yes
configure:10361: checking for an ANSI C-conforming const
configure:10427: /usr/bin/gcc -c -O2 -I/workspaces/labsisop-buildroot/output/host/include -I/workspaces/labsisop-buildroot/output/host/include conftest.c >&5
configure:10427: $? = 0
configure:10434: result: yes
configure:10442: checking for size_t
configure:10442: /usr/bin/gcc -c -O2 -I/workspaces/labsisop-buildroot/output/host/include -I/workspaces/labsisop-buildroot/output/host/include conftest.c >&5
configure:10442: $? = 0
configure:10442: /usr/bin/gcc -c -O2 -I/workspaces/labsisop-buildroot/output/host/include -I/workspaces/labsisop-buildroot/output/host/include conftest.c >&5
conftest.c: In function 'main':
conftest.c:69:21: error: expected expression before ')' token
   69 | if (sizeof ((size_t)))
      |                     ^
configure:10442: $? = 1
configure: failed program was:
| /* confdefs.h */
| #define PACKAGE_NAME "mpc"
| #define PACKAGE_TARNAME "mpc"
| #define PACKAGE_VERSION "1.2.1"
| #define PACKAGE_STRING "mpc 1.2.1"
| #define PACKAGE_BUGREPORT "mpc-discuss@lists.gforge.inria.fr"
| #define PACKAGE_URL ""
| #define PACKAGE "mpc"
| #define VERSION "1.2.1"
| #define STDC_HEADERS 1
| #define HAVE_SYS_TYPES_H 1
| #define HAVE_SYS_STAT_H 1
| #define HAVE_STDLIB_H 1
| #define HAVE_STRING_H 1
| #define HAVE_MEMORY_H 1
| #define HAVE_STRINGS_H 1
| #define HAVE_INTTYPES_H 1
| #define HAVE_STDINT_H 1
| #define HAVE_UNISTD_H 1
| #define HAVE_DLFCN_H 1
| #define LT_OBJDIR ".libs/"
| #define STDC_HEADERS 1
| #define HAVE_LOCALE_H 1
| #define HAVE_INTTYPES_H 1
| #define HAVE_STDINT_H 1
| #define HAVE_LIMITS_H 1
| #define HAVE_UNISTD_H 1
| #define HAVE_SYS_TIME_H 1
| #define HAVE_SYS_RESOURCE_H 1
| #define TIME_WITH_SYS_TIME 1
| #define HAVE_COMPLEX_H 1
| /* end confdefs.h.  */
| #include <stdio.h>
| #ifdef HAVE_SYS_TYPES_H
| # include <sys/types.h>
| #endif
| #ifdef HAVE_SYS_STAT_H
| # include <sys/stat.h>
| #endif
| #ifdef STDC_HEADERS
| # include <stdlib.h>
| # include <stddef.h>
| #else
| # ifdef HAVE_STDLIB_H
| #  include <stdlib.h>
| # endif
| #endif
| #ifdef HAVE_STRING_H
| # if !defined STDC_HEADERS && defined HAVE_MEMORY_H
| #  include <memory.h>
| # endif
| # include <string.h>
| #endif
| #ifdef HAVE_STRINGS_H
| # include <strings.h>
| #endif
| #ifdef HAVE_INTTYPES_H
| # include <inttypes.h>
| #endif
| #ifdef HAVE_STDINT_H
| # include <stdint.h>
| #endif
| #ifdef HAVE_UNISTD_H
| # include <unistd.h>
| #endif
| int
| main ()
| {
| if (sizeof ((size_t)))
| 	    return 0;
|   ;
|   return 0;
| }
configure:10442: result: yes
configure:10458: checking for gettimeofday
configure:10458: /usr/bin/gcc -o conftest -O2 -I/workspaces/labsisop-buildroot/output/host/include -I/workspaces/labsisop-buildroot/output/host/include -L/workspaces/labsisop-buildroot/output/host/lib -Wl,-rpath,/workspaces/labsisop-buildroot/output/host/lib conftest.c -lm  >&5
configure:10458: $? = 0
configure:10458: result: yes
configure:10458: checking for localeconv
configure:10458: /usr/bin/gcc -o conftest -O2 -I/workspaces/labsisop-buildroot/output/host/include -I/workspaces/labsisop-buildroot/output/host/include -L/workspaces/labsisop-buildroot/output/host/lib -Wl,-rpath,/workspaces/labsisop-buildroot/output/host/lib conftest.c -lm  >&5
configure:10458: $? = 0
configure:10458: result: yes
configure:10458: checking for setlocale
configure:10458: /usr/bin/gcc -o conftest -O2 -I/workspaces/labsisop-buildroot/output/host/include -I/workspaces/labsisop-buildroot/output/host/include -L/workspaces/labsisop-buildroot/output/host/lib -Wl,-rpath,/workspaces/labsisop-buildroot/output/host/lib conftest.c -lm  >&5
configure:10458: $? = 0
configure:10458: result: yes
configure:10458: checking for getrusage
configure:10458: /usr/bin/gcc -o conftest -O2 -I/workspaces/labsisop-buildroot/output/host/include -I/workspaces/labsisop-buildroot/output/host/include -L/workspaces/labsisop-buildroot/output/host/lib -Wl,-rpath,/workspaces/labsisop-buildroot/output/host/lib conftest.c -lm  >&5
configure:10458: $? = 0
configure:10458: result: yes
configure:10470: checking for dup
configure:10470: /usr/bin/gcc -o conftest -O2 -I/workspaces/labsisop-buildroot/output/host/include -I/workspaces/labsisop-buildroot/output/host/include -L/workspaces/labsisop-buildroot/output/host/lib -Wl,-rpath,/workspaces/labsisop-buildroot/output/host/lib conftest.c -lm  >&5
configure:10470: $? = 0
configure:10470: result: yes
configure:10470: checking for dup2
configure:10470: /usr/bin/gcc -o conftest -O2 -I/workspaces/labsisop-buildroot/output/host/include -I/workspaces/labsisop-buildroot/output/host/include -L/workspaces/labsisop-buildroot/output/host/lib -Wl,-rpath,/workspaces/labsisop-buildroot/output/host/lib conftest.c -lm  >&5
configure:10470: $? = 0
configure:10470: result: yes
configure:10484: checking for __gmpz_init in -lgmp
configure:10509: /usr/bin/gcc -o conftest -O2 -I/workspaces/labsisop-buildroot/output/host/include -I/workspaces/labsisop-buildroot/output/host/include -L/workspaces/labsisop-buildroot/output/host/lib -Wl,-rpath,/workspaces/labsisop-buildroot/output/host/lib conftest.c -lgmp  -lm  >&5
configure:10509: $? = 0
configure:10518: result: yes
configure:10527: checking for MPFR
configure:10542: /usr/bin/gcc -o conftest -O2 -I/workspaces/labsisop-buildroot/output/host/include -I/workspaces/labsisop-buildroot/output/host/include -L/workspaces/labsisop-buildroot/output/host/lib -Wl,-rpath,/workspaces/labsisop-buildroot/output/host/lib conftest.c -lmpfr -lgmp -lm  >&5
configure:10542: $? = 0
configure:10543: result: yes
configure:10561: checking for recent GMP
configure:10573: /usr/bin/gcc -c -O2 -I/workspaces/labsisop-buildroot/output/host/include -I/workspaces/labsisop-buildroot/output/host/include conftest.c >&5
configure:10573: $? = 0
configure:10574: result: yes
configure:10587: checking for recent MPFR
configure:10599: /usr/bin/gcc -c -O2 -I/workspaces/labsisop-buildroot/output/host/include -I/workspaces/labsisop-buildroot/output/host/include conftest.c >&5
configure:10599: $? = 0
configure:10600: result: yes
configure:11121: checking if gcc accepts -dumpversion option
configure:11146: cat conftest.c 1>&5
int main()
{
	return 0;
}
configure:11149: $? = 0
configure:11153: /usr/bin/gcc  -dumpversion -c conftest.c 1>&5
9
configure:11156: $? = 0
configure:11159: result: yes
configure:11153: checking gcc version
configure:11167: result: 9
configure:11350: checking that generated files are newer than configure
configure:11356: result: done
configure:11383: creating ./config.status

## ---------------------- ##
## Running config.status. ##
## ---------------------- ##

This file was extended by mpc config.status 1.2.1, which was
generated by GNU Autoconf 2.69.  Invocation command line was

  CONFIG_FILES    = 
  CONFIG_HEADERS  = 
  CONFIG_LINKS    = 
  CONFIG_COMMANDS = 
  $ ./config.status 

on codespaces-1ee735

config.status:1116: creating Makefile
config.status:1116: creating src/Makefile
config.status:1116: creating tests/Makefile
config.status:1116: creating doc/Makefile
config.status:1116: creating tools/Makefile
config.status:1116: creating tools/bench/Makefile
config.status:1116: creating tools/mpcheck/Makefile
config.status:1116: creating config.h
config.status:1345: executing depfiles commands
config.status:1345: executing libtool commands
configure:13536: WARNING: unrecognized options: --disable-gtk-doc, --disable-gtk-doc-html, --disable-doc, --disable-docs, --disable-documentation, --disable-debug, --with-xmlto, --with-fop, --disable-nls

## ---------------- ##
## Cache variables. ##
## ---------------- ##

ac_cv_build=x86_64-pc-linux-gnu
ac_cv_c_compiler_gnu=yes
ac_cv_c_const=yes
ac_cv_env_CC_set=set
ac_cv_env_CC_value=/usr/bin/gcc
ac_cv_env_CFLAGS_set=set
ac_cv_env_CFLAGS_value='-O2 -I/workspaces/labsisop-buildroot/output/host/include'
ac_cv_env_CPPFLAGS_set=set
ac_cv_env_CPPFLAGS_value=-I/workspaces/labsisop-buildroot/output/host/include
ac_cv_env_CPP_set=set
ac_cv_env_CPP_value=/usr/bin/cpp
ac_cv_env_LDFLAGS_set=set
ac_cv_env_LDFLAGS_value='-L/workspaces/labsisop-buildroot/output/host/lib -Wl,-rpath,/workspaces/labsisop-buildroot/output/host/lib'
ac_cv_env_LIBS_set=
ac_cv_env_LIBS_value=
ac_cv_env_LT_SYS_LIBRARY_PATH_set=
ac_cv_env_LT_SYS_LIBRARY_PATH_value=
ac_cv_env_build_alias_set=
ac_cv_env_build_alias_value=
ac_cv_env_host_alias_set=
ac_cv_env_host_alias_value=
ac_cv_env_target_alias_set=
ac_cv_env_target_alias_value=
ac_cv_func_dup2=yes
ac_cv_func_dup=yes
ac_cv_func_getrusage=yes
ac_cv_func_gettimeofday=yes
ac_cv_func_localeconv=yes
ac_cv_func_setlocale=yes
ac_cv_header_complex_h=yes
ac_cv_header_dlfcn_h=yes
ac_cv_header_inttypes_h=yes
ac_cv_header_limits_h=yes
ac_cv_header_locale_h=yes
ac_cv_header_memory_h=yes
ac_cv_header_stdc=yes
ac_cv_header_stdint_h=yes
ac_cv_header_stdlib_h=yes
ac_cv_header_string_h=yes
ac_cv_header_strings_h=yes
ac_cv_header_sys_resource_h=yes
ac_cv_header_sys_stat_h=yes
ac_cv_header_sys_time_h=yes
ac_cv_header_sys_types_h=yes
ac_cv_header_time=yes
ac_cv_header_unistd_h=yes
ac_cv_host=x86_64-pc-linux-gnu
ac_cv_lib_gmp___gmpz_init=yes
ac_cv_objext=o
ac_cv_path_EGREP='/usr/bin/grep -E'
ac_cv_path_FGREP='/usr/bin/grep -F'
ac_cv_path_GREP=/usr/bin/grep
ac_cv_path_SED=/usr/bin/sed
ac_cv_path_install='/usr/bin/install -c'
ac_cv_path_lt_DD=/usr/bin/dd
ac_cv_path_mkdir=/usr/bin/mkdir
ac_cv_prog_AWK=gawk
ac_cv_prog_CPP=/usr/bin/cpp
ac_cv_prog_ac_ct_CC=/usr/bin/gcc
ac_cv_prog_ac_ct_MANIFEST_TOOL=mt
ac_cv_prog_ac_ct_OBJDUMP=objdump
ac_cv_prog_ac_ct_RANLIB=/usr/bin/ranlib
ac_cv_prog_ac_ct_STRIP=strip
ac_cv_prog_cc_c89=
ac_cv_prog_cc_g=yes
ac_cv_prog_make_make_set=yes
ac_cv_search_creal=-lm
ac_cv_type_size_t=yes
am_cv_CC_dependencies_compiler_type=none
am_cv_ar_interface=ar
am_cv_make_support_nested_variables=yes
am_cv_prog_cc_c_o=yes
ax_cv_gcc_version=9
lt_cv_ar_at_file=@
lt_cv_archive_cmds_need_lc=no
lt_cv_deplibs_check_method=pass_all
lt_cv_file_magic_cmd='$MAGIC_CMD'
lt_cv_file_magic_test_file=
lt_cv_ld_reload_flag=-r
lt_cv_nm_interface='BSD nm'
lt_cv_objdir=.libs
lt_cv_path_LD=/usr/bin/ld
lt_cv_path_NM=/usr/bin/nm
lt_cv_path_mainfest_tool=no
lt_cv_prog_compiler_c_o=yes
lt_cv_prog_compiler_pic='-fPIC -DPIC'
lt_cv_prog_compiler_pic_works=yes
lt_cv_prog_compiler_rtti_exceptions=no
lt_cv_prog_compiler_static_works=yes
lt_cv_prog_gnu_ld=yes
lt_cv_sharedlib_from_linklib_cmd='printf %s\n'
lt_cv_shlibpath_overrides_runpath=yes
lt_cv_sys_global_symbol_pipe='sed -n -e '\''s/^.*[	 ]\([ABCDGIRSTW][ABCDGIRSTW]*\)[	 ][	 ]*\([_A-Za-z][_A-Za-z0-9]*\)$/\1 \2 \2/p'\'' | sed '\''/ __gnu_lto/d'\'''
lt_cv_sys_global_symbol_to_c_name_address='sed -n -e '\''s/^: \(.*\) .*$/  {"\1", (void *) 0},/p'\'' -e '\''s/^[ABCDGIRSTW][ABCDGIRSTW]* .* \(.*\)$/  {"\1", (void *) \&\1},/p'\'''
lt_cv_sys_global_symbol_to_c_name_address_lib_prefix='sed -n -e '\''s/^: \(.*\) .*$/  {"\1", (void *) 0},/p'\'' -e '\''s/^[ABCDGIRSTW][ABCDGIRSTW]* .* \(lib.*\)$/  {"\1", (void *) \&\1},/p'\'' -e '\''s/^[ABCDGIRSTW][ABCDGIRSTW]* .* \(.*\)$/  {"lib\1", (void *) \&\1},/p'\'''
lt_cv_sys_global_symbol_to_cdecl='sed -n -e '\''s/^T .* \(.*\)$/extern int \1();/p'\'' -e '\''s/^[ABCDGIRSTW][ABCDGIRSTW]* .* \(.*\)$/extern char \1;/p'\'''
lt_cv_sys_global_symbol_to_import=
lt_cv_sys_max_cmd_len=1572864
lt_cv_to_host_file_cmd=func_convert_file_noop
lt_cv_to_tool_file_cmd=func_convert_file_noop
lt_cv_truncate_bin='/usr/bin/dd bs=4096 count=1'

## ----------------- ##
## Output variables. ##
## ----------------- ##

ACLOCAL='${SHELL} /workspaces/labsisop-buildroot/output/build/host-mpc-1.2.1/build-aux/missing aclocal-1.16'
AMDEPBACKSLASH=''
AMDEP_FALSE=''
AMDEP_TRUE='#'
AMTAR='$${TAR-tar}'
AM_BACKSLASH='\'
AM_DEFAULT_V='$(AM_DEFAULT_VERBOSITY)'
AM_DEFAULT_VERBOSITY='1'
AM_V='$(V)'
AR='/usr/bin/ar'
AS='/usr/bin/as'
AUTOCONF='${SHELL} /workspaces/labsisop-buildroot/output/build/host-mpc-1.2.1/build-aux/missing autoconf'
AUTOHEADER='${SHELL} /workspaces/labsisop-buildroot/output/build/host-mpc-1.2.1/build-aux/missing autoheader'
AUTOMAKE='${SHELL} /workspaces/labsisop-buildroot/output/build/host-mpc-1.2.1/build-aux/missing automake-1.16'
AWK='gawk'
CC='/usr/bin/gcc'
CCDEPMODE='depmode=none'
CFLAGS='-O2 -I/workspaces/labsisop-buildroot/output/host/include'
CPP='/usr/bin/cpp'
CPPFLAGS='-I/workspaces/labsisop-buildroot/output/host/include'
CYGPATH_W='echo'
DEFS='-DHAVE_CONFIG_H'
DEPDIR='.deps'
DLLTOOL='false'
DSYMUTIL=''
DUMPBIN=''
ECHO_C=''
ECHO_N='-n'
ECHO_T=''
EGREP='/usr/bin/grep -E'
EXEEXT=''
FGREP='/usr/bin/grep -F'
GCC_VERSION='9'
GITVERSION=''
GREP='/usr/bin/grep'
HASGIT=''
INSTALL_DATA='${INSTALL} -m 644'
INSTALL_PROGRAM='${INSTALL}'
INSTALL_SCRIPT='${INSTALL}'
INSTALL_STRIP_PROGRAM='$(install_sh) -c -s'
LD='/usr/bin/ld -m elf_x86_64'
LDFLAGS='-L/workspaces/labsisop-buildroot/output/host/lib -Wl,-rpath,/workspaces/labsisop-buildroot/output/host/lib'
LIBOBJS=''
LIBS='-lmpfr -lgmp -lm '
LIBTOOL='$(SHELL) $(top_builddir)/libtool'
LIPO=''
LN_S='ln -s'
LTLIBOBJS=''
LT_SYS_LIBRARY_PATH=''
MAINT='#'
MAINTAINER_MODE_FALSE=''
MAINTAINER_MODE_TRUE='#'
MAKEINFO='${SHELL} /workspaces/labsisop-buildroot/output/build/host-mpc-1.2.1/build-aux/missing makeinfo'
MANIFEST_TOOL=':'
MKDIR_P='/usr/bin/mkdir -p'
MPC_LDFLAGS=''
MPC_LOG_H=''
NM='/usr/bin/nm'
NMEDIT=''
OBJDUMP='objdump'
OBJEXT='o'
OTOOL64=''
OTOOL=''
PACKAGE='mpc'
PACKAGE_BUGREPORT='mpc-discuss@lists.gforge.inria.fr'
PACKAGE_NAME='mpc'
PACKAGE_STRING='mpc 1.2.1'
PACKAGE_TARNAME='mpc'
PACKAGE_URL=''
PACKAGE_VERSION='1.2.1'
PATH_SEPARATOR=':'
RANLIB='/usr/bin/ranlib'
SED='/usr/bin/sed'
SET_MAKE=''
SHELL='/bin/bash'
STRIP='strip'
VALGRIND=''
VALGRIND_OPTS=''
VERSION='1.2.1'
ac_ct_AR=''
ac_ct_CC='/usr/bin/gcc'
ac_ct_DUMPBIN=''
am__EXEEXT_FALSE=''
am__EXEEXT_TRUE='#'
am__fastdepCC_FALSE=''
am__fastdepCC_TRUE='#'
am__include='include'
am__isrc=''
am__leading_dot='.'
am__nodep=''
am__quote=''
am__tar='$${TAR-tar} chof - "$$tardir"'
am__untar='$${TAR-tar} xf -'
bindir='${exec_prefix}/bin'
build='x86_64-pc-linux-gnu'
build_alias=''
build_cpu='x86_64'
build_os='linux-gnu'
build_vendor='pc'
datadir='${datarootdir}'
datarootdir='${prefix}/share'
docdir='${datarootdir}/doc/${PACKAGE_TARNAME}'
dvidir='${docdir}'
exec_prefix='${prefix}'
host='x86_64-pc-linux-gnu'
host_alias=''
host_cpu='x86_64'
host_os='linux-gnu'
host_vendor='pc'
htmldir='${docdir}'
includedir='${prefix}/include'
infodir='${datarootdir}/info'
install_sh='${SHELL} /workspaces/labsisop-buildroot/output/build/host-mpc-1.2.1/build-aux/install-sh'
libdir='${exec_prefix}/lib'
libexecdir='${exec_prefix}/libexec'
localedir='${datarootdir}/locale'
localstatedir='/workspaces/labsisop-buildroot/output/host/var'
mandir='${datarootdir}/man'
mkdir_p='$(MKDIR_P)'
oldincludedir='/usr/include'
pdfdir='${docdir}'
prefix='/workspaces/labsisop-buildroot/output/host'
program_transform_name='s,x,x,'
psdir='${docdir}'
sbindir='${exec_prefix}/sbin'
sharedstatedir='${prefix}/com'
sysconfdir='/workspaces/labsisop-buildroot/output/host/etc'
target_alias=''

## ----------- ##
## confdefs.h. ##
## ----------- ##

/* confdefs.h */
#define PACKAGE_NAME "mpc"
#define PACKAGE_TARNAME "mpc"
#define PACKAGE_VERSION "1.2.1"
#define PACKAGE_STRING "mpc 1.2.1"
#define PACKAGE_BUGREPORT "mpc-discuss@lists.gforge.inria.fr"
#define PACKAGE_URL ""
#define PACKAGE "mpc"
#define VERSION "1.2.1"
#define STDC_HEADERS 1
#define HAVE_SYS_TYPES_H 1
#define HAVE_SYS_STAT_H 1
#define HAVE_STDLIB_H 1
#define HAVE_STRING_H 1
#define HAVE_MEMORY_H 1
#define HAVE_STRINGS_H 1
#define HAVE_INTTYPES_H 1
#define HAVE_STDINT_H 1
#define HAVE_UNISTD_H 1
#define HAVE_DLFCN_H 1
#define LT_OBJDIR ".libs/"
#define STDC_HEADERS 1
#define HAVE_LOCALE_H 1
#define HAVE_INTTYPES_H 1
#define HAVE_STDINT_H 1
#define HAVE_LIMITS_H 1
#define HAVE_UNISTD_H 1
#define HAVE_SYS_TIME_H 1
#define HAVE_SYS_RESOURCE_H 1
#define TIME_WITH_SYS_TIME 1
#define HAVE_COMPLEX_H 1
#define HAVE_GETTIMEOFDAY 1
#define HAVE_LOCALECONV 1
#define HAVE_SETLOCALE 1
#define HAVE_GETRUSAGE 1
#define HAVE_DUP 1
#define HAVE_DUP2 1
#define MPC_GCC "yes"
#define MPC_CC "/usr/bin/gcc"
#define MPC_GCC_VERSION "9"

configure: exit 0
