This file contains any messages produced by compilers while
running configure, to aid debugging if configure makes a mistake.

It was created by configure, which was
generated by GNU Autoconf 2.69.  Invocation command line was

  $ ./configure --prefix=/workspaces/labsisop-buildroot/output/host --sysconfdir=/workspaces/labsisop-buildroot/output/host/etc --localstatedir=/workspaces/labsisop-buildroot/output/host/var --enable-shared --disable-static --disable-gtk-doc --disable-gtk-doc-html --disable-doc --disable-docs --disable-documentation --disable-debug --with-xmlto=no --with-fop=no --disable-nls --disable-dependency-tracking --disable-multilib --disable-werror --target=i686-buildroot-linux-gnu --disable-shared --enable-static --with-sysroot=/workspaces/labsisop-buildroot/output/host/i686-buildroot-linux-gnu/sysroot --enable-poison-system-directories --without-debuginfod --enable-plugins --enable-lto --disable-sim --disable-gdb --disable-gprofng

## --------- ##
## Platform. ##
## --------- ##

hostname = codespaces-1ee735
uname -m = x86_64
uname -r = 6.8.0-1027-azure
uname -s = Linux
uname -v = #32~22.04.1-Ubuntu SMP Thu Apr  3 20:26:27 UTC 2025

/usr/bin/uname -p = x86_64
/bin/uname -X     = unknown

/bin/arch              = x86_64
/usr/bin/arch -k       = unknown
/usr/convex/getsysinfo = unknown
/usr/bin/hostinfo      = unknown
/bin/machine           = unknown
/usr/bin/oslevel       = unknown
/bin/universe          = unknown

PATH: /workspaces/labsisop-buildroot/output/host/bin
PATH: /workspaces/labsisop-buildroot/output/host/sbin
PATH: /usr/local/rvm/gems/ruby-3.3.4/bin
PATH: /usr/local/rvm/gems/ruby-3.3.4@global/bin
PATH: /usr/local/rvm/rubies/ruby-3.3.4/bin
PATH: /vscode/bin/linux-x64/19e0f9e681ecb8e5c09d8784acaa601316ca4571/bin/remote-cli
PATH: /home/codespace/.local/bin
PATH: /home/codespace/.dotnet
PATH: /home/codespace/nvm/current/bin
PATH: /home/codespace/.php/current/bin
PATH: /home/codespace/.python/current/bin
PATH: /home/codespace/java/current/bin
PATH: /home/codespace/.ruby/current/bin
PATH: /home/codespace/.local/bin
PATH: /usr/local/python/current/bin
PATH: /usr/local/py-utils/bin
PATH: /usr/local/jupyter
PATH: /usr/local/oryx
PATH: /usr/local/go/bin
PATH: /go/bin
PATH: /usr/local/sdkman/bin
PATH: /usr/local/sdkman/candidates/java/current/bin
PATH: /usr/local/sdkman/candidates/gradle/current/bin
PATH: /usr/local/sdkman/candidates/maven/current/bin
PATH: /usr/local/sdkman/candidates/ant/current/bin
PATH: /usr/local/rvm/gems/default/bin
PATH: /usr/local/rvm/gems/default@global/bin
PATH: /usr/local/rvm/rubies/default/bin
PATH: /usr/local/share/rbenv/bin
PATH: /usr/local/php/current/bin
PATH: /opt/conda/bin
PATH: /usr/local/nvs
PATH: /usr/local/share/nvm/versions/node/v20.19.0/bin
PATH: /usr/local/hugo/bin
PATH: /usr/local/sbin
PATH: /usr/local/bin
PATH: /usr/sbin
PATH: /usr/bin
PATH: /sbin
PATH: /bin
PATH: /usr/share/dotnet
PATH: /home/codespace/.dotnet/tools
PATH: /usr/local/rvm/bin


## ----------- ##
## Core tests. ##
## ----------- ##

configure:2360: checking build system type
configure:2374: result: x86_64-pc-linux-gnu
configure:2421: checking host system type
configure:2434: result: x86_64-pc-linux-gnu
configure:2454: checking target system type
configure:2467: result: i686-buildroot-linux-gnu
configure:2521: checking for a BSD-compatible install
configure:2589: result: /usr/bin/install -c
configure:2600: checking whether ln works
configure:2622: result: yes
configure:2626: checking whether ln -s works
configure:2630: result: yes
configure:2637: checking for a sed that does not truncate output
configure:2701: result: /usr/bin/sed
configure:2710: checking for gawk
configure:2726: found /workspaces/labsisop-buildroot/output/host/bin/gawk
configure:2737: result: gawk
configure:4073: checking for gcc
configure:4100: result: /usr/bin/gcc
configure:4329: checking for C compiler version
configure:4338: /usr/bin/gcc --version >&5
gcc (Ubuntu 9.4.0-1ubuntu1~20.04.2) 9.4.0
Copyright (C) 2019 Free Software Foundation, Inc.
This is free software; see the source for copying conditions.  There is NO
warranty; not even for MERCHANTABILITY or FITNESS FOR A PARTICULAR PURPOSE.

configure:4349: $? = 0
configure:4338: /usr/bin/gcc -v >&5
Using built-in specs.
COLLECT_GCC=/usr/bin/gcc
COLLECT_LTO_WRAPPER=/usr/lib/gcc/x86_64-linux-gnu/9/lto-wrapper
OFFLOAD_TARGET_NAMES=nvptx-none:hsa
OFFLOAD_TARGET_DEFAULT=1
Target: x86_64-linux-gnu
Configured with: ../src/configure -v --with-pkgversion='Ubuntu 9.4.0-1ubuntu1~20.04.2' --with-bugurl=file:///usr/share/doc/gcc-9/README.Bugs --enable-languages=c,ada,c++,go,brig,d,fortran,objc,obj-c++,gm2 --prefix=/usr --with-gcc-major-version-only --program-suffix=-9 --program-prefix=x86_64-linux-gnu- --enable-shared --enable-linker-build-id --libexecdir=/usr/lib --without-included-gettext --enable-threads=posix --libdir=/usr/lib --enable-nls --enable-clocale=gnu --enable-libstdcxx-debug --enable-libstdcxx-time=yes --with-default-libstdcxx-abi=new --enable-gnu-unique-object --disable-vtable-verify --enable-plugin --enable-default-pie --with-system-zlib --with-target-system-zlib=auto --enable-objc-gc=auto --enable-multiarch --disable-werror --with-arch-32=i686 --with-abi=m64 --with-multilib-list=m32,m64,mx32 --enable-multilib --with-tune=generic --enable-offload-targets=nvptx-none=/build/gcc-9-9QDOt0/gcc-9-9.4.0/debian/tmp-nvptx/usr,hsa --without-cuda-driver --enable-checking=release --build=x86_64-linux-gnu --host=x86_64-linux-gnu --target=x86_64-linux-gnu
Thread model: posix
gcc version 9.4.0 (Ubuntu 9.4.0-1ubuntu1~20.04.2) 
configure:4349: $? = 0
configure:4338: /usr/bin/gcc -V >&5
gcc: error: unrecognized command line option '-V'
gcc: fatal error: no input files
compilation terminated.
configure:4349: $? = 1
configure:4338: /usr/bin/gcc -qversion >&5
gcc: error: unrecognized command line option '-qversion'; did you mean '--version'?
gcc: fatal error: no input files
compilation terminated.
configure:4349: $? = 1
configure:4369: checking whether the C compiler works
configure:4391: /usr/bin/gcc -O2 -I/workspaces/labsisop-buildroot/output/host/include -I/workspaces/labsisop-buildroot/output/host/include -L/workspaces/labsisop-buildroot/output/host/lib -Wl,-rpath,/workspaces/labsisop-buildroot/output/host/lib conftest.c  >&5
configure:4395: $? = 0
configure:4443: result: yes
configure:4446: checking for C compiler default output file name
configure:4448: result: a.out
configure:4454: checking for suffix of executables
configure:4461: /usr/bin/gcc -o conftest -O2 -I/workspaces/labsisop-buildroot/output/host/include -I/workspaces/labsisop-buildroot/output/host/include -L/workspaces/labsisop-buildroot/output/host/lib -Wl,-rpath,/workspaces/labsisop-buildroot/output/host/lib conftest.c  >&5
configure:4465: $? = 0
configure:4487: result: 
configure:4509: checking whether we are cross compiling
configure:4517: /usr/bin/gcc -o conftest -O2 -I/workspaces/labsisop-buildroot/output/host/include -I/workspaces/labsisop-buildroot/output/host/include -L/workspaces/labsisop-buildroot/output/host/lib -Wl,-rpath,/workspaces/labsisop-buildroot/output/host/lib conftest.c  >&5
configure:4521: $? = 0
configure:4528: ./conftest
configure:4532: $? = 0
configure:4520: result: no
configure:4525: checking for suffix of object files
configure:4547: /usr/bin/gcc -c -O2 -I/workspaces/labsisop-buildroot/output/host/include -I/workspaces/labsisop-buildroot/output/host/include conftest.c >&5
configure:4551: $? = 0
configure:4572: result: o
configure:4576: checking whether we are using the GNU C compiler
configure:4595: /usr/bin/gcc -c -O2 -I/workspaces/labsisop-buildroot/output/host/include -I/workspaces/labsisop-buildroot/output/host/include conftest.c >&5
configure:4595: $? = 0
configure:4604: result: yes
configure:4613: checking whether /usr/bin/gcc accepts -g
configure:4633: /usr/bin/gcc -c -g -I/workspaces/labsisop-buildroot/output/host/include conftest.c >&5
configure:4633: $? = 0
configure:4674: result: yes
configure:4691: checking for /usr/bin/gcc option to accept ISO C89
configure:4754: /usr/bin/gcc  -c -O2 -I/workspaces/labsisop-buildroot/output/host/include -I/workspaces/labsisop-buildroot/output/host/include conftest.c >&5
configure:4754: $? = 0
configure:4767: result: none needed
configure:4787: checking for /usr/bin/gcc option to accept ISO C99
configure:4936: /usr/bin/gcc  -c -O2 -I/workspaces/labsisop-buildroot/output/host/include -I/workspaces/labsisop-buildroot/output/host/include conftest.c >&5
configure:4936: $? = 0
configure:4949: result: none needed
configure:5076: checking for C++ compiler version
configure:5085: /usr/bin/g++ --version >&5
g++ (Ubuntu 9.4.0-1ubuntu1~20.04.2) 9.4.0
Copyright (C) 2019 Free Software Foundation, Inc.
This is free software; see the source for copying conditions.  There is NO
warranty; not even for MERCHANTABILITY or FITNESS FOR A PARTICULAR PURPOSE.

configure:5096: $? = 0
configure:5085: /usr/bin/g++ -v >&5
Using built-in specs.
COLLECT_GCC=/usr/bin/g++
COLLECT_LTO_WRAPPER=/usr/lib/gcc/x86_64-linux-gnu/9/lto-wrapper
OFFLOAD_TARGET_NAMES=nvptx-none:hsa
OFFLOAD_TARGET_DEFAULT=1
Target: x86_64-linux-gnu
Configured with: ../src/configure -v --with-pkgversion='Ubuntu 9.4.0-1ubuntu1~20.04.2' --with-bugurl=file:///usr/share/doc/gcc-9/README.Bugs --enable-languages=c,ada,c++,go,brig,d,fortran,objc,obj-c++,gm2 --prefix=/usr --with-gcc-major-version-only --program-suffix=-9 --program-prefix=x86_64-linux-gnu- --enable-shared --enable-linker-build-id --libexecdir=/usr/lib --without-included-gettext --enable-threads=posix --libdir=/usr/lib --enable-nls --enable-clocale=gnu --enable-libstdcxx-debug --enable-libstdcxx-time=yes --with-default-libstdcxx-abi=new --enable-gnu-unique-object --disable-vtable-verify --enable-plugin --enable-default-pie --with-system-zlib --with-target-system-zlib=auto --enable-objc-gc=auto --enable-multiarch --disable-werror --with-arch-32=i686 --with-abi=m64 --with-multilib-list=m32,m64,mx32 --enable-multilib --with-tune=generic --enable-offload-targets=nvptx-none=/build/gcc-9-9QDOt0/gcc-9-9.4.0/debian/tmp-nvptx/usr,hsa --without-cuda-driver --enable-checking=release --build=x86_64-linux-gnu --host=x86_64-linux-gnu --target=x86_64-linux-gnu
Thread model: posix
gcc version 9.4.0 (Ubuntu 9.4.0-1ubuntu1~20.04.2) 
configure:5096: $? = 0
configure:5085: /usr/bin/g++ -V >&5
g++: error: unrecognized command line option '-V'
g++: fatal error: no input files
compilation terminated.
configure:5096: $? = 1
configure:5085: /usr/bin/g++ -qversion >&5
g++: error: unrecognized command line option '-qversion'; did you mean '--version'?
g++: fatal error: no input files
compilation terminated.
configure:5096: $? = 1
configure:5100: checking whether we are using the GNU C++ compiler
configure:5119: /usr/bin/g++ -c -O2 -I/workspaces/labsisop-buildroot/output/host/include -I/workspaces/labsisop-buildroot/output/host/include conftest.cpp >&5
configure:5119: $? = 0
configure:5128: result: yes
configure:5137: checking whether /usr/bin/g++ accepts -g
configure:5157: /usr/bin/g++ -c -g -I/workspaces/labsisop-buildroot/output/host/include conftest.cpp >&5
configure:5157: $? = 0
configure:5198: result: yes
configure:5247: checking whether g++ accepts -static-libstdc++ -static-libgcc
configure:5264: /usr/bin/g++ -o conftest -O2 -I/workspaces/labsisop-buildroot/output/host/include -I/workspaces/labsisop-buildroot/output/host/include -L/workspaces/labsisop-buildroot/output/host/lib -Wl,-rpath,/workspaces/labsisop-buildroot/output/host/lib -static-libstdc++ -static-libgcc conftest.cpp  >&5
configure:5264: $? = 0
configure:5265: result: yes
configure:5329: checking for gnatbind
configure:5359: result: no
configure:5421: checking for gnatmake
configure:5451: result: no
configure:5470: checking whether compiler driver understands Ada
configure:5493: result: no
configure:5502: checking how to compare bootstrapped objects
configure:5527: result: cmp --ignore-initial=16 $$f1 $$f2
configure:5672: checking for objdir
configure:5687: result: .libs
configure:6252: checking for isl 0.15 or later
configure:6265: /usr/bin/gcc -o conftest -O2 -I/workspaces/labsisop-buildroot/output/host/include   -I/workspaces/labsisop-buildroot/output/host/include -L/workspaces/labsisop-buildroot/output/host/lib -Wl,-rpath,/workspaces/labsisop-buildroot/output/host/lib  -lisl -lmpc -lmpfr -lgmp conftest.c  -lisl -lgmp >&5
conftest.c:10:10: fatal error: isl/schedule.h: No such file or directory
   10 | #include <isl/schedule.h>
      |          ^~~~~~~~~~~~~~~~
compilation terminated.
configure:6265: $? = 1
configure: failed program was:
| /* confdefs.h */
| #define PACKAGE_NAME ""
| #define PACKAGE_TARNAME ""
| #define PACKAGE_VERSION ""
| #define PACKAGE_STRING ""
| #define PACKAGE_BUGREPORT ""
| #define PACKAGE_URL ""
| #define LT_OBJDIR ".libs/"
| /* end confdefs.h.  */
| #include <isl/schedule.h>
| int
| main ()
| {
| isl_options_set_schedule_serialize_sccs (NULL, 0);
|   ;
|   return 0;
| }
configure:6272: result: no
configure:6276: result: required isl version is 0.15 or later
configure:7379: checking for default BUILD_CONFIG
configure:7411: result: 
configure:7416: checking for --enable-vtable-verify
configure:7429: result: no
configure:8050: checking for bison
configure:8066: found /workspaces/labsisop-buildroot/output/host/bin/bison
configure:8077: result: bison -y
configure:8097: checking for bison
configure:8113: found /workspaces/labsisop-buildroot/output/host/bin/bison
configure:8124: result: bison
configure:8144: checking for gm4
configure:8174: result: no
configure:8144: checking for gnum4
configure:8174: result: no
configure:8144: checking for m4
configure:8160: found /workspaces/labsisop-buildroot/output/host/bin/m4
configure:8171: result: m4
configure:8191: checking for flex
configure:8221: result: no
configure:8191: checking for lex
configure:8221: result: no
configure:8239: checking for flex
configure:8269: result: no
configure:8286: checking for makeinfo
configure:8313: result: true
configure:8347: checking for expect
configure:8377: result: no
configure:8396: checking for runtest
configure:8426: result: no
configure:8460: checking for ar
configure:8487: result: /usr/bin/ar
configure:8601: checking for as
configure:8628: result: /usr/bin/as
configure:8823: checking for dlltool
configure:8853: result: no
configure:8883: checking for ld
configure:8910: result: /usr/bin/ld
configure:9105: checking for lipo
configure:9135: result: no
configure:9165: checking for nm
configure:9192: result: /usr/bin/nm
configure:9306: checking for ranlib
configure:9333: result: /usr/bin/ranlib
configure:9523: checking for strip
configure:9539: found /usr/bin/strip
configure:9550: result: strip
configure:9659: checking for windres
configure:9689: result: no
configure:9800: checking for windmc
configure:9830: result: no
configure:9860: checking for objcopy
configure:9887: result: /usr/bin/objcopy
configure:10082: checking for objdump
configure:10098: found /usr/bin/objdump
configure:10109: result: objdump
configure:10223: checking for readelf
configure:10239: found /usr/bin/readelf
configure:10250: result: readelf
configure:10276: checking for -plugin option
configure:10396: result: --plugin /usr/lib/gcc/x86_64-linux-gnu/9/liblto_plugin.so
configure:10508: checking for i686-buildroot-linux-gnu-cc
configure:10538: result: no
configure:10508: checking for i686-buildroot-linux-gnu-gcc
configure:10538: result: no
configure:10669: checking for i686-buildroot-linux-gnu-c++
configure:10699: result: no
configure:10669: checking for i686-buildroot-linux-gnu-g++
configure:10699: result: no
configure:10669: checking for i686-buildroot-linux-gnu-cxx
configure:10699: result: no
configure:10669: checking for i686-buildroot-linux-gnu-gxx
configure:10699: result: no
configure:10830: checking for i686-buildroot-linux-gnu-gcc
configure:10860: result: no
configure:10986: checking for i686-buildroot-linux-gnu-gfortran
configure:11016: result: no
configure:11147: checking for i686-buildroot-linux-gnu-gccgo
configure:11177: result: no
configure:11388: checking for i686-buildroot-linux-gnu-ar
configure:11418: result: no
configure:11618: checking for i686-buildroot-linux-gnu-as
configure:11648: result: no
configure:11848: checking for i686-buildroot-linux-gnu-dlltool
configure:11878: result: no
configure:12078: checking for i686-buildroot-linux-gnu-ld
configure:12108: result: no
configure:12308: checking for i686-buildroot-linux-gnu-lipo
configure:12338: result: no
configure:12538: checking for i686-buildroot-linux-gnu-nm
configure:12568: result: no
configure:12768: checking for i686-buildroot-linux-gnu-objcopy
configure:12798: result: no
configure:12998: checking for i686-buildroot-linux-gnu-objdump
configure:13028: result: no
configure:13228: checking for i686-buildroot-linux-gnu-ranlib
configure:13258: result: no
configure:13458: checking for i686-buildroot-linux-gnu-readelf
configure:13488: result: no
configure:13688: checking for i686-buildroot-linux-gnu-strip
configure:13718: result: no
configure:13918: checking for i686-buildroot-linux-gnu-windres
configure:13948: result: no
configure:14148: checking for i686-buildroot-linux-gnu-windmc
configure:14178: result: no
configure:14245: checking where to find the target ar
configure:14268: result: just compiled
configure:14287: checking where to find the target as
configure:14310: result: just compiled
configure:14329: checking where to find the target cc
configure:14366: result: pre-installed
configure:14371: checking where to find the target c++
configure:14411: result: pre-installed
configure:14416: checking where to find the target c++ for libstdc++
configure:14456: result: pre-installed
configure:14461: checking where to find the target dlltool
configure:14484: result: just compiled
configure:14503: checking where to find the target gcc
configure:14540: result: pre-installed
configure:14545: checking where to find the target gfortran
configure:14585: result: pre-installed
configure:14590: checking where to find the target gccgo
configure:14630: result: pre-installed
configure:14635: checking where to find the target ld
configure:14658: result: just compiled
configure:14677: checking where to find the target lipo
configure:14703: result: pre-installed
configure:14708: checking where to find the target nm
configure:14731: result: just compiled
configure:14750: checking where to find the target objcopy
configure:14773: result: just compiled
configure:14792: checking where to find the target objdump
configure:14815: result: just compiled
configure:14834: checking where to find the target ranlib
configure:14857: result: just compiled
configure:14876: checking where to find the target readelf
configure:14899: result: just compiled
configure:14918: checking where to find the target strip
configure:14941: result: just compiled
configure:14960: checking where to find the target windres
configure:14983: result: just compiled
configure:15002: checking where to find the target windmc
configure:15025: result: just compiled
configure:15072: checking whether to enable maintainer-specific portions of Makefiles
configure:15081: result: no
configure:15316: creating ./config.status

## ---------------------- ##
## Running config.status. ##
## ---------------------- ##

This file was extended by config.status, which was
generated by GNU Autoconf 2.69.  Invocation command line was

  CONFIG_FILES    = 
  CONFIG_HEADERS  = 
  CONFIG_LINKS    = 
  CONFIG_COMMANDS = 
  $ ./config.status 

on codespaces-1ee735

config.status:993: creating Makefile

## ---------------- ##
## Cache variables. ##
## ---------------- ##

ac_cv_build=x86_64-pc-linux-gnu
ac_cv_c_compiler_gnu=yes
ac_cv_cxx_compiler_gnu=yes
ac_cv_env_AR_FOR_TARGET_set=
ac_cv_env_AR_FOR_TARGET_value=
ac_cv_env_AR_set=set
ac_cv_env_AR_value=/usr/bin/ar
ac_cv_env_AS_FOR_TARGET_set=
ac_cv_env_AS_FOR_TARGET_value=
ac_cv_env_AS_set=set
ac_cv_env_AS_value=/usr/bin/as
ac_cv_env_CCC_set=
ac_cv_env_CCC_value=
ac_cv_env_CC_FOR_TARGET_set=
ac_cv_env_CC_FOR_TARGET_value=
ac_cv_env_CC_set=set
ac_cv_env_CC_value=/usr/bin/gcc
ac_cv_env_CFLAGS_set=set
ac_cv_env_CFLAGS_value='-O2 -I/workspaces/labsisop-buildroot/output/host/include'
ac_cv_env_CPPFLAGS_set=set
ac_cv_env_CPPFLAGS_value=-I/workspaces/labsisop-buildroot/output/host/include
ac_cv_env_CXXFLAGS_set=set
ac_cv_env_CXXFLAGS_value='-O2 -I/workspaces/labsisop-buildroot/output/host/include'
ac_cv_env_CXX_FOR_TARGET_set=
ac_cv_env_CXX_FOR_TARGET_value=
ac_cv_env_CXX_set=set
ac_cv_env_CXX_value=/usr/bin/g++
ac_cv_env_DLLTOOL_FOR_TARGET_set=
ac_cv_env_DLLTOOL_FOR_TARGET_value=
ac_cv_env_DLLTOOL_set=
ac_cv_env_DLLTOOL_value=
ac_cv_env_GCC_FOR_TARGET_set=
ac_cv_env_GCC_FOR_TARGET_value=
ac_cv_env_GFORTRAN_FOR_TARGET_set=
ac_cv_env_GFORTRAN_FOR_TARGET_value=
ac_cv_env_GOC_FOR_TARGET_set=
ac_cv_env_GOC_FOR_TARGET_value=
ac_cv_env_LDFLAGS_set=set
ac_cv_env_LDFLAGS_value='-L/workspaces/labsisop-buildroot/output/host/lib -Wl,-rpath,/workspaces/labsisop-buildroot/output/host/lib'
ac_cv_env_LD_FOR_TARGET_set=
ac_cv_env_LD_FOR_TARGET_value=
ac_cv_env_LD_set=set
ac_cv_env_LD_value=/usr/bin/ld
ac_cv_env_LIBS_set=
ac_cv_env_LIBS_value=
ac_cv_env_LIPO_FOR_TARGET_set=
ac_cv_env_LIPO_FOR_TARGET_value=
ac_cv_env_LIPO_set=
ac_cv_env_LIPO_value=
ac_cv_env_NM_FOR_TARGET_set=
ac_cv_env_NM_FOR_TARGET_value=
ac_cv_env_NM_set=set
ac_cv_env_NM_value=/usr/bin/nm
ac_cv_env_OBJCOPY_FOR_TARGET_set=
ac_cv_env_OBJCOPY_FOR_TARGET_value=
ac_cv_env_OBJCOPY_set=set
ac_cv_env_OBJCOPY_value=/usr/bin/objcopy
ac_cv_env_OBJDUMP_FOR_TARGET_set=
ac_cv_env_OBJDUMP_FOR_TARGET_value=
ac_cv_env_OBJDUMP_set=
ac_cv_env_OBJDUMP_value=
ac_cv_env_RANLIB_FOR_TARGET_set=
ac_cv_env_RANLIB_FOR_TARGET_value=
ac_cv_env_RANLIB_set=set
ac_cv_env_RANLIB_value=/usr/bin/ranlib
ac_cv_env_READELF_FOR_TARGET_set=
ac_cv_env_READELF_FOR_TARGET_value=
ac_cv_env_READELF_set=
ac_cv_env_READELF_value=
ac_cv_env_STRIP_FOR_TARGET_set=
ac_cv_env_STRIP_FOR_TARGET_value=
ac_cv_env_STRIP_set=
ac_cv_env_STRIP_value=
ac_cv_env_WINDMC_FOR_TARGET_set=
ac_cv_env_WINDMC_FOR_TARGET_value=
ac_cv_env_WINDMC_set=
ac_cv_env_WINDMC_value=
ac_cv_env_WINDRES_FOR_TARGET_set=
ac_cv_env_WINDRES_FOR_TARGET_value=
ac_cv_env_WINDRES_set=
ac_cv_env_WINDRES_value=
ac_cv_env_build_alias_set=
ac_cv_env_build_alias_value=
ac_cv_env_build_configargs_set=
ac_cv_env_build_configargs_value=
ac_cv_env_host_alias_set=
ac_cv_env_host_alias_value=
ac_cv_env_host_configargs_set=
ac_cv_env_host_configargs_value=
ac_cv_env_target_alias_set=set
ac_cv_env_target_alias_value=i686-buildroot-linux-gnu
ac_cv_env_target_configargs_set=
ac_cv_env_target_configargs_value=
ac_cv_host=x86_64-pc-linux-gnu
ac_cv_objext=o
ac_cv_path_SED=/usr/bin/sed
ac_cv_path_install='/usr/bin/install -c'
ac_cv_prog_AR=/usr/bin/ar
ac_cv_prog_AS=/usr/bin/as
ac_cv_prog_AWK=gawk
ac_cv_prog_BISON=bison
ac_cv_prog_LD=/usr/bin/ld
ac_cv_prog_M4=m4
ac_cv_prog_MAKEINFO=true
ac_cv_prog_NM=/usr/bin/nm
ac_cv_prog_OBJCOPY=/usr/bin/objcopy
ac_cv_prog_OBJDUMP=objdump
ac_cv_prog_RANLIB=/usr/bin/ranlib
ac_cv_prog_READELF=readelf
ac_cv_prog_STRIP=strip
ac_cv_prog_YACC='bison -y'
ac_cv_prog_ac_ct_CC=/usr/bin/gcc
ac_cv_prog_cc_c89=
ac_cv_prog_cc_c99=
ac_cv_prog_cc_g=yes
ac_cv_prog_cxx_g=yes
ac_cv_target=i686-buildroot-linux-gnu
acx_cv_cc_gcc_supports_ada=no
acx_cv_prog_LN=ln
gcc_cv_isl=no
gcc_cv_prog_cmp_skip='cmp --ignore-initial=16 $$f1 $$f2'
gcc_cv_tool_dirs=
gcc_cv_tool_prefix=/workspaces/labsisop-buildroot/output/host
lt_cv_objdir=.libs

## ----------------- ##
## Output variables. ##
## ----------------- ##

AR='/usr/bin/ar'
AR_FOR_BUILD='$(AR)'
AR_FOR_TARGET='$$r/$(HOST_SUBDIR)/binutils/ar'
AR_PLUGIN_OPTION='--plugin /usr/lib/gcc/x86_64-linux-gnu/9/liblto_plugin.so'
AS='/usr/bin/as'
AS_FOR_BUILD='$(AS)'
AS_FOR_TARGET='$$r/$(HOST_SUBDIR)/gas/as-new'
AWK='gawk'
BISON='bison'
BUILD_CONFIG=''
CC='/usr/bin/gcc'
CC_FOR_BUILD='$(CC)'
CC_FOR_TARGET='i686-buildroot-linux-gnu-cc'
CFLAGS='-O2 -I/workspaces/labsisop-buildroot/output/host/include'
CFLAGS_FOR_BUILD='-O2 -I/workspaces/labsisop-buildroot/output/host/include'
CFLAGS_FOR_TARGET='-g -O2'
COMPILER_AS_FOR_TARGET='$(AS_FOR_TARGET)'
COMPILER_LD_FOR_TARGET='$(LD_FOR_TARGET)'
COMPILER_NM_FOR_TARGET='$(NM_FOR_TARGET)'
CONFIGURE_GDB_TK=''
CPPFLAGS='-I/workspaces/labsisop-buildroot/output/host/include'
CXX='/usr/bin/g++'
CXXFLAGS='-O2 -I/workspaces/labsisop-buildroot/output/host/include'
CXXFLAGS_FOR_BUILD='-O2 -I/workspaces/labsisop-buildroot/output/host/include'
CXXFLAGS_FOR_TARGET='-g -O2'
CXX_FOR_BUILD='$(CXX)'
CXX_FOR_TARGET='i686-buildroot-linux-gnu-c++'
DEBUG_PREFIX_CFLAGS_FOR_TARGET=''
DEFS='-DPACKAGE_NAME=\"\" -DPACKAGE_TARNAME=\"\" -DPACKAGE_VERSION=\"\" -DPACKAGE_STRING=\"\" -DPACKAGE_BUGREPORT=\"\" -DPACKAGE_URL=\"\" -DLT_OBJDIR=\".libs/\"'
DLLTOOL='dlltool'
DLLTOOL_FOR_BUILD='$(DLLTOOL)'
DLLTOOL_FOR_TARGET='$$r/$(HOST_SUBDIR)/binutils/dlltool'
ECHO_C=''
ECHO_N='-n'
ECHO_T=''
EXEEXT=''
EXPECT='expect'
FLAGS_FOR_TARGET=' -L$$r/$(HOST_SUBDIR)/ld'
FLEX='/workspaces/labsisop-buildroot/output/build/host-binutils-2.38/missing flex'
GCC_FOR_TARGET='i686-buildroot-linux-gnu-gcc'
GCC_SHLIB_SUBDIR=''
GDB_TK=''
GFORTRAN_FOR_BUILD='$(GFORTRAN)'
GFORTRAN_FOR_TARGET='i686-buildroot-linux-gnu-gfortran'
GNATBIND='no'
GNATMAKE='no'
GOC_FOR_BUILD='$(GOC)'
GOC_FOR_TARGET='i686-buildroot-linux-gnu-gccgo'
INSTALL_DATA='${INSTALL} -m 644'
INSTALL_GDB_TK=''
INSTALL_PROGRAM='${INSTALL}'
INSTALL_SCRIPT='${INSTALL}'
LD='/usr/bin/ld'
LDFLAGS='-L/workspaces/labsisop-buildroot/output/host/lib -Wl,-rpath,/workspaces/labsisop-buildroot/output/host/lib'
LDFLAGS_FOR_BUILD='-L/workspaces/labsisop-buildroot/output/host/lib -Wl,-rpath,/workspaces/labsisop-buildroot/output/host/lib'
LDFLAGS_FOR_TARGET=''
LD_FOR_BUILD='$(LD)'
LD_FOR_TARGET='$$r/$(HOST_SUBDIR)/ld/ld-new'
LEX='/workspaces/labsisop-buildroot/output/build/host-binutils-2.38/missing flex'
LIBOBJS=''
LIBS=''
LIPO='lipo'
LIPO_FOR_TARGET='i686-buildroot-linux-gnu-lipo'
LN='ln'
LN_S='ln -s'
LTLIBOBJS=''
M4='m4'
MAINT='#'
MAINTAINER_MODE_FALSE=''
MAINTAINER_MODE_TRUE='#'
MAKEINFO='/workspaces/labsisop-buildroot/output/build/host-binutils-2.38/missing makeinfo'
NM='/usr/bin/nm'
NM_FOR_BUILD='$(NM)'
NM_FOR_TARGET='$$r/$(HOST_SUBDIR)/binutils/nm-new'
OBJCOPY='/usr/bin/objcopy'
OBJCOPY_FOR_TARGET='$$r/$(HOST_SUBDIR)/binutils/objcopy'
OBJDUMP='objdump'
OBJDUMP_FOR_TARGET='$$r/$(HOST_SUBDIR)/binutils/objdump'
OBJEXT='o'
PACKAGE_BUGREPORT=''
PACKAGE_NAME=''
PACKAGE_STRING=''
PACKAGE_TARNAME=''
PACKAGE_URL=''
PACKAGE_VERSION=''
PATH_SEPARATOR=':'
PGO_BUILD_GEN_CFLAGS=''
PGO_BUILD_LTO_CFLAGS=''
PGO_BUILD_USE_CFLAGS=''
RANLIB='/usr/bin/ranlib'
RANLIB_FOR_BUILD='$(RANLIB)'
RANLIB_FOR_TARGET='$$r/$(HOST_SUBDIR)/binutils/ranlib'
RANLIB_PLUGIN_OPTION='--plugin /usr/lib/gcc/x86_64-linux-gnu/9/liblto_plugin.so'
RAW_CXX_FOR_TARGET='i686-buildroot-linux-gnu-c++'
READELF='readelf'
READELF_FOR_TARGET='$$r/$(HOST_SUBDIR)/binutils/readelf'
RPATH_ENVVAR='LD_LIBRARY_PATH'
RUNTEST='runtest'
SED='/usr/bin/sed'
SHELL='/bin/bash'
STRIP='strip'
STRIP_FOR_TARGET='$$r/$(HOST_SUBDIR)/binutils/strip-new'
SYSROOT_CFLAGS_FOR_TARGET=''
TOPLEVEL_CONFIGURE_ARGUMENTS='./configure --prefix=/workspaces/labsisop-buildroot/output/host --sysconfdir=/workspaces/labsisop-buildroot/output/host/etc --localstatedir=/workspaces/labsisop-buildroot/output/host/var --enable-shared --disable-static --disable-gtk-doc --disable-gtk-doc-html --disable-doc --disable-docs --disable-documentation --disable-debug --with-xmlto=no --with-fop=no --disable-nls --disable-dependency-tracking --disable-multilib --disable-werror --target=i686-buildroot-linux-gnu --disable-shared --enable-static --with-sysroot=/workspaces/labsisop-buildroot/output/host/i686-buildroot-linux-gnu/sysroot --enable-poison-system-directories --without-debuginfod --enable-plugins --enable-lto --disable-sim --disable-gdb --disable-gprofng'
WINDMC='windmc'
WINDMC_FOR_BUILD='$(WINDMC)'
WINDMC_FOR_TARGET='$$r/$(HOST_SUBDIR)/binutils/windmc'
WINDRES='windres'
WINDRES_FOR_BUILD='$(WINDRES)'
WINDRES_FOR_TARGET='$$r/$(HOST_SUBDIR)/binutils/windres'
YACC='bison -y'
ac_ct_CC='/usr/bin/gcc'
ac_ct_CXX=''
bindir='${exec_prefix}/bin'
build='x86_64-pc-linux-gnu'
build_alias=''
build_configargs=' --cache-file=./config.cache '\''--prefix=/workspaces/labsisop-buildroot/output/host'\'' '\''--sysconfdir=/workspaces/labsisop-buildroot/output/host/etc'\'' '\''--localstatedir=/workspaces/labsisop-buildroot/output/host/var'\'' '\''--enable-shared'\'' '\''--disable-static'\'' '\''--disable-gtk-doc'\'' '\''--disable-gtk-doc-html'\'' '\''--disable-doc'\'' '\''--disable-docs'\'' '\''--disable-documentation'\'' '\''--disable-debug'\'' '\''--with-xmlto=no'\'' '\''--with-fop=no'\'' '\''--disable-nls'\'' '\''--disable-dependency-tracking'\'' '\''--disable-multilib'\'' '\''--disable-werror'\'' '\''--disable-shared'\'' '\''--enable-static'\'' '\''--with-sysroot=/workspaces/labsisop-buildroot/output/host/i686-buildroot-linux-gnu/sysroot'\'' '\''--enable-poison-system-directories'\'' '\''--without-debuginfod'\'' '\''--enable-plugins'\'' '\''--enable-lto'\'' '\''--disable-sim'\'' '\''--disable-gdb'\'' '\''--disable-gprofng'\'' --program-transform-name='\''s&^&i686-buildroot-linux-gnu-&'\'' --disable-option-checking'
build_configdirs=' libiberty'
build_cpu='x86_64'
build_libsubdir='build-x86_64-pc-linux-gnu'
build_noncanonical='x86_64-pc-linux-gnu'
build_os='linux-gnu'
build_subdir='build-x86_64-pc-linux-gnu'
build_tooldir='${exec_prefix}/i686-buildroot-linux-gnu'
build_vendor='pc'
compare_exclusions='gcc/cc*-checksum$(objext) | gcc/ada/*tools/*'
configdirs=' intl libiberty opcodes bfd zlib libctf binutils gas ld gprof etc'
datadir='${datarootdir}'
datarootdir='${prefix}/share'
do_compare='cmp --ignore-initial=16 $$f1 $$f2'
docdir='${datarootdir}/doc/${PACKAGE}'
dvidir='${docdir}'
exec_prefix='${prefix}'
extra_host_libiberty_configure_flags=''
extra_host_zlib_configure_flags=''
extra_isl_gmp_configure_flags=''
extra_liboffloadmic_configure_flags=''
extra_linker_plugin_configure_flags=''
extra_linker_plugin_flags=''
extra_mpc_gmp_configure_flags=''
extra_mpc_mpfr_configure_flags=''
extra_mpfr_configure_flags=''
get_gcc_base_ver='cat'
gmpinc=''
gmplibs='-lmpc -lmpfr -lgmp'
host='x86_64-pc-linux-gnu'
host_alias=''
host_configargs=' --cache-file=./config.cache  --with-gnu-as --with-gnu-ld '\''--prefix=/workspaces/labsisop-buildroot/output/host'\'' '\''--sysconfdir=/workspaces/labsisop-buildroot/output/host/etc'\'' '\''--localstatedir=/workspaces/labsisop-buildroot/output/host/var'\'' '\''--enable-shared'\'' '\''--disable-static'\'' '\''--disable-gtk-doc'\'' '\''--disable-gtk-doc-html'\'' '\''--disable-doc'\'' '\''--disable-docs'\'' '\''--disable-documentation'\'' '\''--disable-debug'\'' '\''--with-xmlto=no'\'' '\''--with-fop=no'\'' '\''--disable-nls'\'' '\''--disable-dependency-tracking'\'' '\''--disable-multilib'\'' '\''--disable-werror'\'' '\''--disable-shared'\'' '\''--enable-static'\'' '\''--with-sysroot=/workspaces/labsisop-buildroot/output/host/i686-buildroot-linux-gnu/sysroot'\'' '\''--enable-poison-system-directories'\'' '\''--without-debuginfod'\'' '\''--enable-plugins'\'' '\''--enable-lto'\'' '\''--disable-sim'\'' '\''--disable-gdb'\'' '\''--disable-gprofng'\'' --program-transform-name='\''s&^&i686-buildroot-linux-gnu-&'\'' --disable-option-checking'
host_cpu='x86_64'
host_noncanonical='x86_64-pc-linux-gnu'
host_os='linux-gnu'
host_shared='no'
host_subdir='.'
host_vendor='pc'
htmldir='${docdir}'
includedir='${prefix}/include'
infodir='${datarootdir}/info'
islinc=''
isllibs=''
libdir='${exec_prefix}/lib'
libexecdir='${exec_prefix}/libexec'
localedir='${datarootdir}/locale'
localstatedir='/workspaces/labsisop-buildroot/output/host/var'
mandir='${datarootdir}/man'
oldincludedir='/usr/include'
pdfdir='${docdir}'
poststage1_ldflags='-static-libstdc++ -static-libgcc'
poststage1_libs=''
prefix='/workspaces/labsisop-buildroot/output/host'
program_transform_name='s&^&i686-buildroot-linux-gnu-&'
psdir='${docdir}'
runstatedir='${localstatedir}/run'
sbindir='${exec_prefix}/sbin'
sharedstatedir='${prefix}/com'
stage1_cflags='-g'
stage1_checking='--enable-checking=yes,types'
stage1_languages=',c,'
stage1_ldflags=''
stage1_libs=''
stage2_werror_flag=''
sysconfdir='/workspaces/labsisop-buildroot/output/host/etc'
target='i686-buildroot-linux-gnu'
target_alias='i686-buildroot-linux-gnu'
target_configargs='--cache-file=./config.cache --with-cross-host=x86_64-pc-linux-gnu   '\''--prefix=/workspaces/labsisop-buildroot/output/host'\'' '\''--sysconfdir=/workspaces/labsisop-buildroot/output/host/etc'\'' '\''--localstatedir=/workspaces/labsisop-buildroot/output/host/var'\'' '\''--enable-shared'\'' '\''--disable-static'\'' '\''--disable-gtk-doc'\'' '\''--disable-gtk-doc-html'\'' '\''--disable-doc'\'' '\''--disable-docs'\'' '\''--disable-documentation'\'' '\''--disable-debug'\'' '\''--with-xmlto=no'\'' '\''--with-fop=no'\'' '\''--disable-nls'\'' '\''--disable-dependency-tracking'\'' '\''--disable-multilib'\'' '\''--disable-werror'\'' '\''--disable-shared'\'' '\''--enable-static'\'' '\''--with-sysroot=/workspaces/labsisop-buildroot/output/host/i686-buildroot-linux-gnu/sysroot'\'' '\''--enable-poison-system-directories'\'' '\''--without-debuginfod'\'' '\''--enable-plugins'\'' '\''--enable-lto'\'' '\''--disable-sim'\'' '\''--disable-gdb'\'' '\''--disable-gprofng'\'' --program-transform-name='\''s&^&i686-buildroot-linux-gnu-&'\'' --disable-option-checking'
target_configdirs=''
target_cpu='i686'
target_noncanonical='i686-buildroot-linux-gnu'
target_os='linux-gnu'
target_subdir='i686-buildroot-linux-gnu'
target_vendor='buildroot'
tooldir='${exec_prefix}/i686-buildroot-linux-gnu'

## ------------------- ##
## File substitutions. ##
## ------------------- ##

alphaieee_frag='/dev/null'
host_makefile_frag='/dev/null'
ospace_frag='/dev/null'
serialization_dependencies='serdep.tmp'
target_makefile_frag='./config/mt-gnu'

## ----------- ##
## confdefs.h. ##
## ----------- ##

/* confdefs.h */
#define PACKAGE_NAME ""
#define PACKAGE_TARNAME ""
#define PACKAGE_VERSION ""
#define PACKAGE_STRING ""
#define PACKAGE_BUGREPORT ""
#define PACKAGE_URL ""
#define LT_OBJDIR ".libs/"

configure: exit 0
