This file contains any messages produced by compilers while
running configure, to aid debugging if configure makes a mistake.

It was created by configure, which was
generated by GNU Autoconf 2.69.  Invocation command line was

  $ /workspaces/labsisop-buildroot/output/build/host-binutils-2.38/intl/configure --srcdir=.././intl --cache-file=./config.cache --with-gnu-as --with-gnu-ld --prefix=/workspaces/labsisop-buildroot/output/host --sysconfdir=/workspaces/labsisop-buildroot/output/host/etc --localstatedir=/workspaces/labsisop-buildroot/output/host/var --enable-shared --disable-static --disable-gtk-doc --disable-gtk-doc-html --disable-doc --disable-docs --disable-documentation --disable-debug --with-xmlto=no --with-fop=no --disable-nls --disable-dependency-tracking --disable-multilib --disable-werror --disable-shared --enable-static --with-sysroot=/workspaces/labsisop-buildroot/output/host/i686-buildroot-linux-gnu/sysroot --enable-poison-system-directories --without-debuginfod --enable-plugins --enable-lto --disable-sim --disable-gdb --disable-gprofng --program-transform-name=s&^&i686-buildroot-linux-gnu-& --disable-option-checking --build=x86_64-pc-linux-gnu --host=x86_64-pc-linux-gnu --target=i686-buildroot-linux-gnu

## --------- ##
## Platform. ##
## --------- ##

hostname = codespaces-1ee735
uname -m = x86_64
uname -r = 6.8.0-1027-azure
uname -s = Linux
uname -v = #32~22.04.1-Ubuntu SMP Thu Apr  3 20:26:27 UTC 2025

/usr/bin/uname -p = x86_64
/bin/uname -X     = unknown

/bin/arch              = x86_64
/usr/bin/arch -k       = unknown
/usr/convex/getsysinfo = unknown
/usr/bin/hostinfo      = unknown
/bin/machine           = unknown
/usr/bin/oslevel       = unknown
/bin/universe          = unknown

PATH: /workspaces/labsisop-buildroot/output/host/bin
PATH: /workspaces/labsisop-buildroot/output/host/sbin
PATH: /usr/local/rvm/gems/ruby-3.3.4/bin
PATH: /usr/local/rvm/gems/ruby-3.3.4@global/bin
PATH: /usr/local/rvm/rubies/ruby-3.3.4/bin
PATH: /vscode/bin/linux-x64/19e0f9e681ecb8e5c09d8784acaa601316ca4571/bin/remote-cli
PATH: /home/codespace/.local/bin
PATH: /home/codespace/.dotnet
PATH: /home/codespace/nvm/current/bin
PATH: /home/codespace/.php/current/bin
PATH: /home/codespace/.python/current/bin
PATH: /home/codespace/java/current/bin
PATH: /home/codespace/.ruby/current/bin
PATH: /home/codespace/.local/bin
PATH: /usr/local/python/current/bin
PATH: /usr/local/py-utils/bin
PATH: /usr/local/jupyter
PATH: /usr/local/oryx
PATH: /usr/local/go/bin
PATH: /go/bin
PATH: /usr/local/sdkman/bin
PATH: /usr/local/sdkman/candidates/java/current/bin
PATH: /usr/local/sdkman/candidates/gradle/current/bin
PATH: /usr/local/sdkman/candidates/maven/current/bin
PATH: /usr/local/sdkman/candidates/ant/current/bin
PATH: /usr/local/rvm/gems/default/bin
PATH: /usr/local/rvm/gems/default@global/bin
PATH: /usr/local/rvm/rubies/default/bin
PATH: /usr/local/share/rbenv/bin
PATH: /usr/local/php/current/bin
PATH: /opt/conda/bin
PATH: /usr/local/nvs
PATH: /usr/local/share/nvm/versions/node/v20.19.0/bin
PATH: /usr/local/hugo/bin
PATH: /usr/local/sbin
PATH: /usr/local/bin
PATH: /usr/sbin
PATH: /usr/bin
PATH: /sbin
PATH: /bin
PATH: /usr/share/dotnet
PATH: /home/codespace/.dotnet/tools
PATH: /usr/local/rvm/bin


## ----------- ##
## Core tests. ##
## ----------- ##

configure:2145: creating cache ./config.cache
configure:2232: checking for x86_64-pc-linux-gnu-gcc
configure:2259: result: /usr/bin/gcc
configure:2528: checking for C compiler version
configure:2537: /usr/bin/gcc --version >&5
gcc (Ubuntu 9.4.0-1ubuntu1~20.04.2) 9.4.0
Copyright (C) 2019 Free Software Foundation, Inc.
This is free software; see the source for copying conditions.  There is NO
warranty; not even for MERCHANTABILITY or FITNESS FOR A PARTICULAR PURPOSE.

configure:2548: $? = 0
configure:2537: /usr/bin/gcc -v >&5
Using built-in specs.
COLLECT_GCC=/usr/bin/gcc
COLLECT_LTO_WRAPPER=/usr/lib/gcc/x86_64-linux-gnu/9/lto-wrapper
OFFLOAD_TARGET_NAMES=nvptx-none:hsa
OFFLOAD_TARGET_DEFAULT=1
Target: x86_64-linux-gnu
Configured with: ../src/configure -v --with-pkgversion='Ubuntu 9.4.0-1ubuntu1~20.04.2' --with-bugurl=file:///usr/share/doc/gcc-9/README.Bugs --enable-languages=c,ada,c++,go,brig,d,fortran,objc,obj-c++,gm2 --prefix=/usr --with-gcc-major-version-only --program-suffix=-9 --program-prefix=x86_64-linux-gnu- --enable-shared --enable-linker-build-id --libexecdir=/usr/lib --without-included-gettext --enable-threads=posix --libdir=/usr/lib --enable-nls --enable-clocale=gnu --enable-libstdcxx-debug --enable-libstdcxx-time=yes --with-default-libstdcxx-abi=new --enable-gnu-unique-object --disable-vtable-verify --enable-plugin --enable-default-pie --with-system-zlib --with-target-system-zlib=auto --enable-objc-gc=auto --enable-multiarch --disable-werror --with-arch-32=i686 --with-abi=m64 --with-multilib-list=m32,m64,mx32 --enable-multilib --with-tune=generic --enable-offload-targets=nvptx-none=/build/gcc-9-9QDOt0/gcc-9-9.4.0/debian/tmp-nvptx/usr,hsa --without-cuda-driver --enable-checking=release --build=x86_64-linux-gnu --host=x86_64-linux-gnu --target=x86_64-linux-gnu
Thread model: posix
gcc version 9.4.0 (Ubuntu 9.4.0-1ubuntu1~20.04.2) 
configure:2548: $? = 0
configure:2537: /usr/bin/gcc -V >&5
gcc: error: unrecognized command line option '-V'
gcc: fatal error: no input files
compilation terminated.
configure:2548: $? = 1
configure:2537: /usr/bin/gcc -qversion >&5
gcc: error: unrecognized command line option '-qversion'; did you mean '--version'?
gcc: fatal error: no input files
compilation terminated.
configure:2548: $? = 1
configure:2568: checking whether the C compiler works
configure:2590: /usr/bin/gcc -O2 -I/workspaces/labsisop-buildroot/output/host/include       -L/workspaces/labsisop-buildroot/output/host/lib -Wl,-rpath,/workspaces/labsisop-buildroot/output/host/lib conftest.c  >&5
configure:2594: $? = 0
configure:2642: result: yes
configure:2645: checking for C compiler default output file name
configure:2647: result: a.out
configure:2653: checking for suffix of executables
configure:2660: /usr/bin/gcc -o conftest -O2 -I/workspaces/labsisop-buildroot/output/host/include       -L/workspaces/labsisop-buildroot/output/host/lib -Wl,-rpath,/workspaces/labsisop-buildroot/output/host/lib conftest.c  >&5
configure:2664: $? = 0
configure:2686: result: 
configure:2708: checking whether we are cross compiling
configure:2716: /usr/bin/gcc -o conftest -O2 -I/workspaces/labsisop-buildroot/output/host/include       -L/workspaces/labsisop-buildroot/output/host/lib -Wl,-rpath,/workspaces/labsisop-buildroot/output/host/lib conftest.c  >&5
configure:2720: $? = 0
configure:2727: ./conftest
configure:2731: $? = 0
configure:2719: result: no
configure:2724: checking for suffix of object files
configure:2746: /usr/bin/gcc -c -O2 -I/workspaces/labsisop-buildroot/output/host/include      conftest.c >&5
configure:2750: $? = 0
configure:2771: result: o
configure:2775: checking whether we are using the GNU C compiler
configure:2794: /usr/bin/gcc -c -O2 -I/workspaces/labsisop-buildroot/output/host/include      conftest.c >&5
configure:2794: $? = 0
configure:2803: result: yes
configure:2812: checking whether /usr/bin/gcc accepts -g
configure:2832: /usr/bin/gcc -c -g  conftest.c >&5
configure:2832: $? = 0
configure:2873: result: yes
configure:2890: checking for /usr/bin/gcc option to accept ISO C89
configure:2953: /usr/bin/gcc  -c -O2 -I/workspaces/labsisop-buildroot/output/host/include      conftest.c >&5
configure:2953: $? = 0
configure:2966: result: none needed
configure:2992: checking how to run the C preprocessor
configure:3023: /usr/bin/gcc -E  conftest.c
configure:3023: $? = 0
configure:3037: /usr/bin/gcc -E  conftest.c
conftest.c:9:10: fatal error: ac_nonexistent.h: No such file or directory
    9 | #include <ac_nonexistent.h>
      |          ^~~~~~~~~~~~~~~~~~
compilation terminated.
configure:3037: $? = 1
configure: failed program was:
| /* confdefs.h */
| #define PACKAGE_NAME ""
| #define PACKAGE_TARNAME ""
| #define PACKAGE_VERSION ""
| #define PACKAGE_STRING ""
| #define PACKAGE_BUGREPORT ""
| #define PACKAGE_URL ""
| /* end confdefs.h.  */
| #include <ac_nonexistent.h>
configure:3062: result: /usr/bin/gcc -E
configure:3082: /usr/bin/gcc -E  conftest.c
configure:3082: $? = 0
configure:3096: /usr/bin/gcc -E  conftest.c
conftest.c:9:10: fatal error: ac_nonexistent.h: No such file or directory
    9 | #include <ac_nonexistent.h>
      |          ^~~~~~~~~~~~~~~~~~
compilation terminated.
configure:3096: $? = 1
configure: failed program was:
| /* confdefs.h */
| #define PACKAGE_NAME ""
| #define PACKAGE_TARNAME ""
| #define PACKAGE_VERSION ""
| #define PACKAGE_STRING ""
| #define PACKAGE_BUGREPORT ""
| #define PACKAGE_URL ""
| /* end confdefs.h.  */
| #include <ac_nonexistent.h>
configure:3125: checking for grep that handles long lines and -e
configure:3183: result: /usr/bin/grep
configure:3188: checking for egrep
configure:3250: result: /usr/bin/grep -E
configure:3255: checking for ANSI C header files
configure:3275: /usr/bin/gcc -c -O2 -I/workspaces/labsisop-buildroot/output/host/include      conftest.c >&5
configure:3275: $? = 0
configure:3348: /usr/bin/gcc -o conftest -O2 -I/workspaces/labsisop-buildroot/output/host/include       -L/workspaces/labsisop-buildroot/output/host/lib -Wl,-rpath,/workspaces/labsisop-buildroot/output/host/lib conftest.c  >&5
configure:3348: $? = 0
configure:3348: ./conftest
configure:3348: $? = 0
configure:3359: result: yes
configure:3372: checking for sys/types.h
configure:3372: /usr/bin/gcc -c -O2 -I/workspaces/labsisop-buildroot/output/host/include      conftest.c >&5
configure:3372: $? = 0
configure:3372: result: yes
configure:3372: checking for sys/stat.h
configure:3372: /usr/bin/gcc -c -O2 -I/workspaces/labsisop-buildroot/output/host/include      conftest.c >&5
configure:3372: $? = 0
configure:3372: result: yes
configure:3372: checking for stdlib.h
configure:3372: /usr/bin/gcc -c -O2 -I/workspaces/labsisop-buildroot/output/host/include      conftest.c >&5
configure:3372: $? = 0
configure:3372: result: yes
configure:3372: checking for string.h
configure:3372: /usr/bin/gcc -c -O2 -I/workspaces/labsisop-buildroot/output/host/include      conftest.c >&5
configure:3372: $? = 0
configure:3372: result: yes
configure:3372: checking for memory.h
configure:3372: /usr/bin/gcc -c -O2 -I/workspaces/labsisop-buildroot/output/host/include      conftest.c >&5
configure:3372: $? = 0
configure:3372: result: yes
configure:3372: checking for strings.h
configure:3372: /usr/bin/gcc -c -O2 -I/workspaces/labsisop-buildroot/output/host/include      conftest.c >&5
configure:3372: $? = 0
configure:3372: result: yes
configure:3372: checking for inttypes.h
configure:3372: /usr/bin/gcc -c -O2 -I/workspaces/labsisop-buildroot/output/host/include      conftest.c >&5
configure:3372: $? = 0
configure:3372: result: yes
configure:3372: checking for stdint.h
configure:3372: /usr/bin/gcc -c -O2 -I/workspaces/labsisop-buildroot/output/host/include      conftest.c >&5
configure:3372: $? = 0
configure:3372: result: yes
configure:3372: checking for unistd.h
configure:3372: /usr/bin/gcc -c -O2 -I/workspaces/labsisop-buildroot/output/host/include      conftest.c >&5
configure:3372: $? = 0
configure:3372: result: yes
configure:3385: checking minix/config.h usability
configure:3385: /usr/bin/gcc -c -O2 -I/workspaces/labsisop-buildroot/output/host/include      conftest.c >&5
conftest.c:52:10: fatal error: minix/config.h: No such file or directory
   52 | #include <minix/config.h>
      |          ^~~~~~~~~~~~~~~~
compilation terminated.
configure:3385: $? = 1
configure: failed program was:
| /* confdefs.h */
| #define PACKAGE_NAME ""
| #define PACKAGE_TARNAME ""
| #define PACKAGE_VERSION ""
| #define PACKAGE_STRING ""
| #define PACKAGE_BUGREPORT ""
| #define PACKAGE_URL ""
| #define STDC_HEADERS 1
| #define HAVE_SYS_TYPES_H 1
| #define HAVE_SYS_STAT_H 1
| #define HAVE_STDLIB_H 1
| #define HAVE_STRING_H 1
| #define HAVE_MEMORY_H 1
| #define HAVE_STRINGS_H 1
| #define HAVE_INTTYPES_H 1
| #define HAVE_STDINT_H 1
| #define HAVE_UNISTD_H 1
| /* end confdefs.h.  */
| #include <stdio.h>
| #ifdef HAVE_SYS_TYPES_H
| # include <sys/types.h>
| #endif
| #ifdef HAVE_SYS_STAT_H
| # include <sys/stat.h>
| #endif
| #ifdef STDC_HEADERS
| # include <stdlib.h>
| # include <stddef.h>
| #else
| # ifdef HAVE_STDLIB_H
| #  include <stdlib.h>
| # endif
| #endif
| #ifdef HAVE_STRING_H
| # if !defined STDC_HEADERS && defined HAVE_MEMORY_H
| #  include <memory.h>
| # endif
| # include <string.h>
| #endif
| #ifdef HAVE_STRINGS_H
| # include <strings.h>
| #endif
| #ifdef HAVE_INTTYPES_H
| # include <inttypes.h>
| #endif
| #ifdef HAVE_STDINT_H
| # include <stdint.h>
| #endif
| #ifdef HAVE_UNISTD_H
| # include <unistd.h>
| #endif
| #include <minix/config.h>
configure:3385: result: no
configure:3385: checking minix/config.h presence
configure:3385: /usr/bin/gcc -E  conftest.c
conftest.c:19:10: fatal error: minix/config.h: No such file or directory
   19 | #include <minix/config.h>
      |          ^~~~~~~~~~~~~~~~
compilation terminated.
configure:3385: $? = 1
configure: failed program was:
| /* confdefs.h */
| #define PACKAGE_NAME ""
| #define PACKAGE_TARNAME ""
| #define PACKAGE_VERSION ""
| #define PACKAGE_STRING ""
| #define PACKAGE_BUGREPORT ""
| #define PACKAGE_URL ""
| #define STDC_HEADERS 1
| #define HAVE_SYS_TYPES_H 1
| #define HAVE_SYS_STAT_H 1
| #define HAVE_STDLIB_H 1
| #define HAVE_STRING_H 1
| #define HAVE_MEMORY_H 1
| #define HAVE_STRINGS_H 1
| #define HAVE_INTTYPES_H 1
| #define HAVE_STDINT_H 1
| #define HAVE_UNISTD_H 1
| /* end confdefs.h.  */
| #include <minix/config.h>
configure:3385: result: no
configure:3385: checking for minix/config.h
configure:3385: result: no
configure:3406: checking whether it is safe to define __EXTENSIONS__
configure:3424: /usr/bin/gcc -c -O2 -I/workspaces/labsisop-buildroot/output/host/include      conftest.c >&5
configure:3424: $? = 0
configure:3431: result: yes
configure:3450: checking whether /usr/bin/make sets $(MAKE)
configure:3472: result: yes
configure:3524: checking for a BSD-compatible install
configure:3592: result: /usr/bin/install -c
configure:3617: checking whether NLS is requested
configure:3626: result: no
configure:3664: checking for msgfmt
configure:3695: result: /usr/bin/msgfmt
configure:3704: checking for gmsgfmt
configure:3735: result: /usr/bin/msgfmt
configure:3775: checking for xgettext
configure:3806: result: /usr/bin/xgettext
configure:3846: checking for msgmerge
configure:3876: result: /usr/bin/msgmerge
configure:3915: checking build system type
configure:3929: result: x86_64-pc-linux-gnu
configure:3949: checking host system type
configure:3962: result: x86_64-pc-linux-gnu
configure:3985: checking for x86_64-pc-linux-gnu-ranlib
configure:4012: result: /usr/bin/ranlib --plugin /usr/lib/gcc/x86_64-linux-gnu/9/liblto_plugin.so
configure:4074: checking for library containing strerror
configure:4105: /usr/bin/gcc -o conftest -O2 -I/workspaces/labsisop-buildroot/output/host/include       -L/workspaces/labsisop-buildroot/output/host/lib -Wl,-rpath,/workspaces/labsisop-buildroot/output/host/lib conftest.c  >&5
configure:4105: $? = 0
configure:4122: result: none required
configure:4130: checking for an ANSI C-conforming const
configure:4196: /usr/bin/gcc -c -O2 -I/workspaces/labsisop-buildroot/output/host/include      conftest.c >&5
configure:4196: $? = 0
configure:4203: result: yes
configure:4211: checking for inline
configure:4227: /usr/bin/gcc -c -O2 -I/workspaces/labsisop-buildroot/output/host/include      conftest.c >&5
configure:4227: $? = 0
configure:4235: result: inline
configure:4253: checking for off_t
configure:4253: /usr/bin/gcc -c -O2 -I/workspaces/labsisop-buildroot/output/host/include      conftest.c >&5
configure:4253: $? = 0
configure:4253: /usr/bin/gcc -c -O2 -I/workspaces/labsisop-buildroot/output/host/include      conftest.c >&5
conftest.c: In function 'main':
conftest.c:60:20: error: expected expression before ')' token
   60 | if (sizeof ((off_t)))
      |                    ^
configure:4253: $? = 1
configure: failed program was:
| /* confdefs.h */
| #define PACKAGE_NAME ""
| #define PACKAGE_TARNAME ""
| #define PACKAGE_VERSION ""
| #define PACKAGE_STRING ""
| #define PACKAGE_BUGREPORT ""
| #define PACKAGE_URL ""
| #define STDC_HEADERS 1
| #define HAVE_SYS_TYPES_H 1
| #define HAVE_SYS_STAT_H 1
| #define HAVE_STDLIB_H 1
| #define HAVE_STRING_H 1
| #define HAVE_MEMORY_H 1
| #define HAVE_STRINGS_H 1
| #define HAVE_INTTYPES_H 1
| #define HAVE_STDINT_H 1
| #define HAVE_UNISTD_H 1
| #define __EXTENSIONS__ 1
| #define _ALL_SOURCE 1
| #define _GNU_SOURCE 1
| #define _POSIX_PTHREAD_SEMANTICS 1
| #define _TANDEM_SOURCE 1
| /* end confdefs.h.  */
| #include <stdio.h>
| #ifdef HAVE_SYS_TYPES_H
| # include <sys/types.h>
| #endif
| #ifdef HAVE_SYS_STAT_H
| # include <sys/stat.h>
| #endif
| #ifdef STDC_HEADERS
| # include <stdlib.h>
| # include <stddef.h>
| #else
| # ifdef HAVE_STDLIB_H
| #  include <stdlib.h>
| # endif
| #endif
| #ifdef HAVE_STRING_H
| # if !defined STDC_HEADERS && defined HAVE_MEMORY_H
| #  include <memory.h>
| # endif
| # include <string.h>
| #endif
| #ifdef HAVE_STRINGS_H
| # include <strings.h>
| #endif
| #ifdef HAVE_INTTYPES_H
| # include <inttypes.h>
| #endif
| #ifdef HAVE_STDINT_H
| # include <stdint.h>
| #endif
| #ifdef HAVE_UNISTD_H
| # include <unistd.h>
| #endif
| int
| main ()
| {
| if (sizeof ((off_t)))
| 	    return 0;
|   ;
|   return 0;
| }
configure:4253: result: yes
configure:4264: checking for size_t
configure:4264: /usr/bin/gcc -c -O2 -I/workspaces/labsisop-buildroot/output/host/include      conftest.c >&5
configure:4264: $? = 0
configure:4264: /usr/bin/gcc -c -O2 -I/workspaces/labsisop-buildroot/output/host/include      conftest.c >&5
conftest.c: In function 'main':
conftest.c:60:21: error: expected expression before ')' token
   60 | if (sizeof ((size_t)))
      |                     ^
configure:4264: $? = 1
configure: failed program was:
| /* confdefs.h */
| #define PACKAGE_NAME ""
| #define PACKAGE_TARNAME ""
| #define PACKAGE_VERSION ""
| #define PACKAGE_STRING ""
| #define PACKAGE_BUGREPORT ""
| #define PACKAGE_URL ""
| #define STDC_HEADERS 1
| #define HAVE_SYS_TYPES_H 1
| #define HAVE_SYS_STAT_H 1
| #define HAVE_STDLIB_H 1
| #define HAVE_STRING_H 1
| #define HAVE_MEMORY_H 1
| #define HAVE_STRINGS_H 1
| #define HAVE_INTTYPES_H 1
| #define HAVE_STDINT_H 1
| #define HAVE_UNISTD_H 1
| #define __EXTENSIONS__ 1
| #define _ALL_SOURCE 1
| #define _GNU_SOURCE 1
| #define _POSIX_PTHREAD_SEMANTICS 1
| #define _TANDEM_SOURCE 1
| /* end confdefs.h.  */
| #include <stdio.h>
| #ifdef HAVE_SYS_TYPES_H
| # include <sys/types.h>
| #endif
| #ifdef HAVE_SYS_STAT_H
| # include <sys/stat.h>
| #endif
| #ifdef STDC_HEADERS
| # include <stdlib.h>
| # include <stddef.h>
| #else
| # ifdef HAVE_STDLIB_H
| #  include <stdlib.h>
| # endif
| #endif
| #ifdef HAVE_STRING_H
| # if !defined STDC_HEADERS && defined HAVE_MEMORY_H
| #  include <memory.h>
| # endif
| # include <string.h>
| #endif
| #ifdef HAVE_STRINGS_H
| # include <strings.h>
| #endif
| #ifdef HAVE_INTTYPES_H
| # include <inttypes.h>
| #endif
| #ifdef HAVE_STDINT_H
| # include <stdint.h>
| #endif
| #ifdef HAVE_UNISTD_H
| # include <unistd.h>
| #endif
| int
| main ()
| {
| if (sizeof ((size_t)))
| 	    return 0;
|   ;
|   return 0;
| }
configure:4264: result: yes
configure:4277: checking for working alloca.h
configure:4294: /usr/bin/gcc -o conftest -O2 -I/workspaces/labsisop-buildroot/output/host/include       -L/workspaces/labsisop-buildroot/output/host/lib -Wl,-rpath,/workspaces/labsisop-buildroot/output/host/lib conftest.c  >&5
configure:4294: $? = 0
configure:4302: result: yes
configure:4310: checking for alloca
configure:4347: /usr/bin/gcc -o conftest -O2 -I/workspaces/labsisop-buildroot/output/host/include       -L/workspaces/labsisop-buildroot/output/host/lib -Wl,-rpath,/workspaces/labsisop-buildroot/output/host/lib conftest.c  >&5
configure:4347: $? = 0
configure:4355: result: yes
configure:4467: checking for stdlib.h
configure:4467: result: yes
configure:4467: checking for unistd.h
configure:4467: result: yes
configure:4467: checking for sys/param.h
configure:4467: /usr/bin/gcc -c -O2 -I/workspaces/labsisop-buildroot/output/host/include      conftest.c >&5
configure:4467: $? = 0
configure:4467: result: yes
configure:4487: checking for getpagesize
configure:4487: /usr/bin/gcc -o conftest -O2 -I/workspaces/labsisop-buildroot/output/host/include       -L/workspaces/labsisop-buildroot/output/host/lib -Wl,-rpath,/workspaces/labsisop-buildroot/output/host/lib conftest.c  >&5
configure:4487: $? = 0
configure:4487: result: yes
configure:4496: checking for working mmap
configure:4643: /usr/bin/gcc -o conftest -O2 -I/workspaces/labsisop-buildroot/output/host/include       -L/workspaces/labsisop-buildroot/output/host/lib -Wl,-rpath,/workspaces/labsisop-buildroot/output/host/lib conftest.c  >&5
configure:4643: $? = 0
configure:4643: ./conftest
configure:4643: $? = 0
configure:4653: result: yes
configure:4663: checking whether we are using the GNU C Library 2.1 or newer
configure:4690: result: yes
configure:4698: checking whether integer division by zero raises SIGFPE
configure:4755: /usr/bin/gcc -o conftest -O2 -I/workspaces/labsisop-buildroot/output/host/include       -L/workspaces/labsisop-buildroot/output/host/lib -Wl,-rpath,/workspaces/labsisop-buildroot/output/host/lib conftest.c  >&5
conftest.c:49:5: warning: built-in function 'nan' declared as non-function [-Wbuiltin-declaration-mismatch]
   49 | int nan;
      |     ^~~
configure:4755: $? = 0
configure:4755: ./conftest
configure:4755: $? = 0
configure:4766: result: yes
configure:4779: checking for inttypes.h
configure:4796: /usr/bin/gcc -c -O2 -I/workspaces/labsisop-buildroot/output/host/include      conftest.c >&5
configure:4796: $? = 0
configure:4803: result: yes
configure:4814: checking for stdint.h
configure:4831: /usr/bin/gcc -c -O2 -I/workspaces/labsisop-buildroot/output/host/include      conftest.c >&5
configure:4831: $? = 0
configure:4838: result: yes
configure:4849: checking for unsigned long long
configure:4866: /usr/bin/gcc -o conftest -O2 -I/workspaces/labsisop-buildroot/output/host/include       -L/workspaces/labsisop-buildroot/output/host/lib -Wl,-rpath,/workspaces/labsisop-buildroot/output/host/lib conftest.c  >&5
configure:4866: $? = 0
configure:4874: result: yes
configure:4902: checking for inttypes.h
configure:4920: /usr/bin/gcc -c -O2 -I/workspaces/labsisop-buildroot/output/host/include      conftest.c >&5
configure:4920: $? = 0
configure:4928: result: yes
configure:4941: checking whether the inttypes.h PRIxNN macros are broken
configure:4962: /usr/bin/gcc -c -O2 -I/workspaces/labsisop-buildroot/output/host/include      conftest.c >&5
configure:4962: $? = 0
configure:4970: result: no
configure:5021: checking for ld used by GCC
configure:5084: result: /usr/bin/ld
configure:5091: checking if the linker (/usr/bin/ld) is GNU ld
GNU ld (GNU Binutils for Ubuntu) 2.34
configure:5103: result: yes
configure:5109: checking for shared library run path origin
configure:5122: result: done
configure:5543: checking argz.h usability
configure:5543: /usr/bin/gcc -c -O2 -I/workspaces/labsisop-buildroot/output/host/include      conftest.c >&5
configure:5543: $? = 0
configure:5543: result: yes
configure:5543: checking argz.h presence
configure:5543: /usr/bin/gcc -E  conftest.c
configure:5543: $? = 0
configure:5543: result: yes
configure:5543: checking for argz.h
configure:5543: result: yes
configure:5543: checking limits.h usability
configure:5543: /usr/bin/gcc -c -O2 -I/workspaces/labsisop-buildroot/output/host/include      conftest.c >&5
configure:5543: $? = 0
configure:5543: result: yes
configure:5543: checking limits.h presence
configure:5543: /usr/bin/gcc -E  conftest.c
configure:5543: $? = 0
configure:5543: result: yes
configure:5543: checking for limits.h
configure:5543: result: yes
configure:5543: checking locale.h usability
configure:5543: /usr/bin/gcc -c -O2 -I/workspaces/labsisop-buildroot/output/host/include      conftest.c >&5
configure:5543: $? = 0
configure:5543: result: yes
configure:5543: checking locale.h presence
configure:5543: /usr/bin/gcc -E  conftest.c
configure:5543: $? = 0
configure:5543: result: yes
configure:5543: checking for locale.h
configure:5543: result: yes
configure:5543: checking nl_types.h usability
configure:5543: /usr/bin/gcc -c -O2 -I/workspaces/labsisop-buildroot/output/host/include      conftest.c >&5
configure:5543: $? = 0
configure:5543: result: yes
configure:5543: checking nl_types.h presence
configure:5543: /usr/bin/gcc -E  conftest.c
configure:5543: $? = 0
configure:5543: result: yes
configure:5543: checking for nl_types.h
configure:5543: result: yes
configure:5543: checking malloc.h usability
configure:5543: /usr/bin/gcc -c -O2 -I/workspaces/labsisop-buildroot/output/host/include      conftest.c >&5
configure:5543: $? = 0
configure:5543: result: yes
configure:5543: checking malloc.h presence
configure:5543: /usr/bin/gcc -E  conftest.c
configure:5543: $? = 0
configure:5543: result: yes
configure:5543: checking for malloc.h
configure:5543: result: yes
configure:5543: checking stddef.h usability
configure:5543: /usr/bin/gcc -c -O2 -I/workspaces/labsisop-buildroot/output/host/include      conftest.c >&5
configure:5543: $? = 0
configure:5543: result: yes
configure:5543: checking stddef.h presence
configure:5543: /usr/bin/gcc -E  conftest.c
configure:5543: $? = 0
configure:5543: result: yes
configure:5543: checking for stddef.h
configure:5543: result: yes
configure:5543: checking for stdlib.h
configure:5543: result: yes
configure:5543: checking for string.h
configure:5543: result: yes
configure:5543: checking for unistd.h
configure:5543: result: yes
configure:5543: checking for sys/param.h
configure:5543: result: yes
configure:5559: checking for feof_unlocked
configure:5559: /usr/bin/gcc -o conftest -O2 -I/workspaces/labsisop-buildroot/output/host/include       -L/workspaces/labsisop-buildroot/output/host/lib -Wl,-rpath,/workspaces/labsisop-buildroot/output/host/lib conftest.c  >&5
configure:5559: $? = 0
configure:5559: result: yes
configure:5559: checking for fgets_unlocked
configure:5559: /usr/bin/gcc -o conftest -O2 -I/workspaces/labsisop-buildroot/output/host/include       -L/workspaces/labsisop-buildroot/output/host/lib -Wl,-rpath,/workspaces/labsisop-buildroot/output/host/lib conftest.c  >&5
configure:5559: $? = 0
configure:5559: result: yes
configure:5559: checking for getc_unlocked
configure:5559: /usr/bin/gcc -o conftest -O2 -I/workspaces/labsisop-buildroot/output/host/include       -L/workspaces/labsisop-buildroot/output/host/lib -Wl,-rpath,/workspaces/labsisop-buildroot/output/host/lib conftest.c  >&5
configure:5559: $? = 0
configure:5559: result: yes
configure:5559: checking for getcwd
configure:5559: /usr/bin/gcc -o conftest -O2 -I/workspaces/labsisop-buildroot/output/host/include       -L/workspaces/labsisop-buildroot/output/host/lib -Wl,-rpath,/workspaces/labsisop-buildroot/output/host/lib conftest.c  >&5
configure:5559: $? = 0
configure:5559: result: yes
configure:5559: checking for getegid
configure:5559: /usr/bin/gcc -o conftest -O2 -I/workspaces/labsisop-buildroot/output/host/include       -L/workspaces/labsisop-buildroot/output/host/lib -Wl,-rpath,/workspaces/labsisop-buildroot/output/host/lib conftest.c  >&5
configure:5559: $? = 0
configure:5559: result: yes
configure:5559: checking for geteuid
configure:5559: /usr/bin/gcc -o conftest -O2 -I/workspaces/labsisop-buildroot/output/host/include       -L/workspaces/labsisop-buildroot/output/host/lib -Wl,-rpath,/workspaces/labsisop-buildroot/output/host/lib conftest.c  >&5
configure:5559: $? = 0
configure:5559: result: yes
configure:5559: checking for getgid
configure:5559: /usr/bin/gcc -o conftest -O2 -I/workspaces/labsisop-buildroot/output/host/include       -L/workspaces/labsisop-buildroot/output/host/lib -Wl,-rpath,/workspaces/labsisop-buildroot/output/host/lib conftest.c  >&5
configure:5559: $? = 0
configure:5559: result: yes
configure:5559: checking for getuid
configure:5559: /usr/bin/gcc -o conftest -O2 -I/workspaces/labsisop-buildroot/output/host/include       -L/workspaces/labsisop-buildroot/output/host/lib -Wl,-rpath,/workspaces/labsisop-buildroot/output/host/lib conftest.c  >&5
configure:5559: $? = 0
configure:5559: result: yes
configure:5559: checking for mempcpy
configure:5559: /usr/bin/gcc -o conftest -O2 -I/workspaces/labsisop-buildroot/output/host/include       -L/workspaces/labsisop-buildroot/output/host/lib -Wl,-rpath,/workspaces/labsisop-buildroot/output/host/lib conftest.c  >&5
conftest.c:78:6: warning: conflicting types for built-in function 'mempcpy'; expected 'void *(void *, const void *, long unsigned int)' [-Wbuiltin-declaration-mismatch]
   78 | char mempcpy ();
      |      ^~~~~~~
configure:5559: $? = 0
configure:5559: result: yes
configure:5559: checking for munmap
configure:5559: /usr/bin/gcc -o conftest -O2 -I/workspaces/labsisop-buildroot/output/host/include       -L/workspaces/labsisop-buildroot/output/host/lib -Wl,-rpath,/workspaces/labsisop-buildroot/output/host/lib conftest.c  >&5
configure:5559: $? = 0
configure:5559: result: yes
configure:5559: checking for putenv
configure:5559: /usr/bin/gcc -o conftest -O2 -I/workspaces/labsisop-buildroot/output/host/include       -L/workspaces/labsisop-buildroot/output/host/lib -Wl,-rpath,/workspaces/labsisop-buildroot/output/host/lib conftest.c  >&5
configure:5559: $? = 0
configure:5559: result: yes
configure:5559: checking for setenv
configure:5559: /usr/bin/gcc -o conftest -O2 -I/workspaces/labsisop-buildroot/output/host/include       -L/workspaces/labsisop-buildroot/output/host/lib -Wl,-rpath,/workspaces/labsisop-buildroot/output/host/lib conftest.c  >&5
configure:5559: $? = 0
configure:5559: result: yes
configure:5559: checking for setlocale
configure:5559: /usr/bin/gcc -o conftest -O2 -I/workspaces/labsisop-buildroot/output/host/include       -L/workspaces/labsisop-buildroot/output/host/lib -Wl,-rpath,/workspaces/labsisop-buildroot/output/host/lib conftest.c  >&5
configure:5559: $? = 0
configure:5559: result: yes
configure:5559: checking for stpcpy
configure:5559: /usr/bin/gcc -o conftest -O2 -I/workspaces/labsisop-buildroot/output/host/include       -L/workspaces/labsisop-buildroot/output/host/lib -Wl,-rpath,/workspaces/labsisop-buildroot/output/host/lib conftest.c  >&5
conftest.c:83:6: warning: conflicting types for built-in function 'stpcpy'; expected 'char *(char *, const char *)' [-Wbuiltin-declaration-mismatch]
   83 | char stpcpy ();
      |      ^~~~~~
configure:5559: $? = 0
configure:5559: result: yes
configure:5559: checking for strcasecmp
configure:5559: /usr/bin/gcc -o conftest -O2 -I/workspaces/labsisop-buildroot/output/host/include       -L/workspaces/labsisop-buildroot/output/host/lib -Wl,-rpath,/workspaces/labsisop-buildroot/output/host/lib conftest.c  >&5
conftest.c:84:6: warning: conflicting types for built-in function 'strcasecmp'; expected 'int(const char *, const char *)' [-Wbuiltin-declaration-mismatch]
   84 | char strcasecmp ();
      |      ^~~~~~~~~~
configure:5559: $? = 0
configure:5559: result: yes
configure:5559: checking for strdup
configure:5559: /usr/bin/gcc -o conftest -O2 -I/workspaces/labsisop-buildroot/output/host/include       -L/workspaces/labsisop-buildroot/output/host/lib -Wl,-rpath,/workspaces/labsisop-buildroot/output/host/lib conftest.c  >&5
conftest.c:85:6: warning: conflicting types for built-in function 'strdup'; expected 'char *(const char *)' [-Wbuiltin-declaration-mismatch]
   85 | char strdup ();
      |      ^~~~~~
configure:5559: $? = 0
configure:5559: result: yes
configure:5559: checking for strtoul
configure:5559: /usr/bin/gcc -o conftest -O2 -I/workspaces/labsisop-buildroot/output/host/include       -L/workspaces/labsisop-buildroot/output/host/lib -Wl,-rpath,/workspaces/labsisop-buildroot/output/host/lib conftest.c  >&5
configure:5559: $? = 0
configure:5559: result: yes
configure:5559: checking for tsearch
configure:5559: /usr/bin/gcc -o conftest -O2 -I/workspaces/labsisop-buildroot/output/host/include       -L/workspaces/labsisop-buildroot/output/host/lib -Wl,-rpath,/workspaces/labsisop-buildroot/output/host/lib conftest.c  >&5
configure:5559: $? = 0
configure:5559: result: yes
configure:5559: checking for __argz_count
configure:5559: /usr/bin/gcc -o conftest -O2 -I/workspaces/labsisop-buildroot/output/host/include       -L/workspaces/labsisop-buildroot/output/host/lib -Wl,-rpath,/workspaces/labsisop-buildroot/output/host/lib conftest.c  >&5
configure:5559: $? = 0
configure:5559: result: yes
configure:5559: checking for __argz_stringify
configure:5559: /usr/bin/gcc -o conftest -O2 -I/workspaces/labsisop-buildroot/output/host/include       -L/workspaces/labsisop-buildroot/output/host/lib -Wl,-rpath,/workspaces/labsisop-buildroot/output/host/lib conftest.c  >&5
configure:5559: $? = 0
configure:5559: result: yes
configure:5559: checking for __argz_next
configure:5559: /usr/bin/gcc -o conftest -O2 -I/workspaces/labsisop-buildroot/output/host/include       -L/workspaces/labsisop-buildroot/output/host/lib -Wl,-rpath,/workspaces/labsisop-buildroot/output/host/lib conftest.c  >&5
configure:5559: $? = 0
configure:5559: result: yes
configure:5559: checking for __fsetlocking
configure:5559: /usr/bin/gcc -o conftest -O2 -I/workspaces/labsisop-buildroot/output/host/include       -L/workspaces/labsisop-buildroot/output/host/lib -Wl,-rpath,/workspaces/labsisop-buildroot/output/host/lib conftest.c  >&5
configure:5559: $? = 0
configure:5559: result: yes
configure:5574: checking for iconv
configure:5598: /usr/bin/gcc -o conftest -O2 -I/workspaces/labsisop-buildroot/output/host/include        -L/workspaces/labsisop-buildroot/output/host/lib -Wl,-rpath,/workspaces/labsisop-buildroot/output/host/lib conftest.c  >&5
configure:5598: $? = 0
configure:5672: result: yes
configure:5715: checking for iconv declaration
configure:5744: /usr/bin/gcc -c -O2 -I/workspaces/labsisop-buildroot/output/host/include      conftest.c >&5
configure:5744: $? = 0
configure:5755: result: 
         extern size_t iconv (iconv_t cd, char * *inbuf, size_t *inbytesleft, char * *outbuf, size_t *outbytesleft);
configure:5766: checking for nl_langinfo and CODESET
configure:5782: /usr/bin/gcc -o conftest -O2 -I/workspaces/labsisop-buildroot/output/host/include       -L/workspaces/labsisop-buildroot/output/host/lib -Wl,-rpath,/workspaces/labsisop-buildroot/output/host/lib conftest.c  >&5
configure:5782: $? = 0
configure:5791: result: yes
configure:5801: checking for LC_MESSAGES
configure:5817: /usr/bin/gcc -o conftest -O2 -I/workspaces/labsisop-buildroot/output/host/include       -L/workspaces/labsisop-buildroot/output/host/lib -Wl,-rpath,/workspaces/labsisop-buildroot/output/host/lib conftest.c  >&5
configure:5817: $? = 0
configure:5825: result: yes
configure:5839: checking for bison
configure:5855: found /workspaces/labsisop-buildroot/output/host/bin/bison
configure:5866: result: bison
configure:5880: checking version of bison
configure:5889: result: 3.8.2, ok
configure:5911: checking whether NLS is requested
configure:5920: result: no
configure:6511: checking whether to use NLS
configure:6513: result: no
configure:6641: checking for aclocal
configure:6657: found /usr/bin/aclocal
configure:6668: result: aclocal
configure:6684: checking for autoconf
configure:6700: found /usr/bin/autoconf
configure:6711: result: autoconf
configure:6727: checking for autoheader
configure:6743: found /usr/bin/autoheader
configure:6754: result: autoheader
configure:6882: checking bison 3 or later
configure:6890: result: 3.8.2, bison3
configure:6959: updating cache ./config.cache
configure:7008: creating ./config.status

## ---------------------- ##
## Running config.status. ##
## ---------------------- ##

This file was extended by config.status, which was
generated by GNU Autoconf 2.69.  Invocation command line was

  CONFIG_FILES    = 
  CONFIG_HEADERS  = 
  CONFIG_LINKS    = 
  CONFIG_COMMANDS = 
  $ ./config.status 

on codespaces-1ee735

config.status:919: creating Makefile
config.status:919: creating config.intl
config.status:919: creating config.h
config.status:1108: executing default-1 commands

## ---------------- ##
## Cache variables. ##
## ---------------- ##

ac_cv_build=x86_64-pc-linux-gnu
ac_cv_c_compiler_gnu=yes
ac_cv_c_const=yes
ac_cv_c_inline=inline
ac_cv_env_CC_set=set
ac_cv_env_CC_value=/usr/bin/gcc
ac_cv_env_CFLAGS_set=set
ac_cv_env_CFLAGS_value='-O2 -I/workspaces/labsisop-buildroot/output/host/include    '
ac_cv_env_CPPFLAGS_set=
ac_cv_env_CPPFLAGS_value=
ac_cv_env_CPP_set=
ac_cv_env_CPP_value=
ac_cv_env_LDFLAGS_set=set
ac_cv_env_LDFLAGS_value=' -L/workspaces/labsisop-buildroot/output/host/lib -Wl,-rpath,/workspaces/labsisop-buildroot/output/host/lib'
ac_cv_env_LIBS_set=
ac_cv_env_LIBS_value=
ac_cv_env_build_alias_set=set
ac_cv_env_build_alias_value=x86_64-pc-linux-gnu
ac_cv_env_host_alias_set=set
ac_cv_env_host_alias_value=x86_64-pc-linux-gnu
ac_cv_env_target_alias_set=set
ac_cv_env_target_alias_value=i686-buildroot-linux-gnu
ac_cv_func___argz_count=yes
ac_cv_func___argz_next=yes
ac_cv_func___argz_stringify=yes
ac_cv_func___fsetlocking=yes
ac_cv_func_alloca_works=yes
ac_cv_func_feof_unlocked=yes
ac_cv_func_fgets_unlocked=yes
ac_cv_func_getc_unlocked=yes
ac_cv_func_getcwd=yes
ac_cv_func_getegid=yes
ac_cv_func_geteuid=yes
ac_cv_func_getgid=yes
ac_cv_func_getpagesize=yes
ac_cv_func_getuid=yes
ac_cv_func_mempcpy=yes
ac_cv_func_mmap_fixed_mapped=yes
ac_cv_func_munmap=yes
ac_cv_func_putenv=yes
ac_cv_func_setenv=yes
ac_cv_func_setlocale=yes
ac_cv_func_stpcpy=yes
ac_cv_func_strcasecmp=yes
ac_cv_func_strdup=yes
ac_cv_func_strtoul=yes
ac_cv_func_tsearch=yes
ac_cv_gnu_library_2_1=yes
ac_cv_header_argz_h=yes
ac_cv_header_inttypes_h=yes
ac_cv_header_limits_h=yes
ac_cv_header_locale_h=yes
ac_cv_header_malloc_h=yes
ac_cv_header_memory_h=yes
ac_cv_header_minix_config_h=no
ac_cv_header_nl_types_h=yes
ac_cv_header_stdc=yes
ac_cv_header_stddef_h=yes
ac_cv_header_stdint_h=yes
ac_cv_header_stdlib_h=yes
ac_cv_header_string_h=yes
ac_cv_header_strings_h=yes
ac_cv_header_sys_param_h=yes
ac_cv_header_sys_stat_h=yes
ac_cv_header_sys_types_h=yes
ac_cv_header_unistd_h=yes
ac_cv_host=x86_64-pc-linux-gnu
ac_cv_objext=o
ac_cv_path_EGREP='/usr/bin/grep -E'
ac_cv_path_GMSGFMT=/usr/bin/msgfmt
ac_cv_path_GREP=/usr/bin/grep
ac_cv_path_MSGFMT=/usr/bin/msgfmt
ac_cv_path_MSGMERGE=/usr/bin/msgmerge
ac_cv_path_XGETTEXT=/usr/bin/xgettext
ac_cv_prog_ACLOCAL=aclocal
ac_cv_prog_AUTOCONF=autoconf
ac_cv_prog_AUTOHEADER=autoheader
ac_cv_prog_CC=/usr/bin/gcc
ac_cv_prog_CPP='/usr/bin/gcc -E'
ac_cv_prog_INTLBISON=bison
ac_cv_prog_RANLIB='/usr/bin/ranlib --plugin /usr/lib/gcc/x86_64-linux-gnu/9/liblto_plugin.so'
ac_cv_prog_cc_c89=
ac_cv_prog_cc_g=yes
ac_cv_prog_make__usr_bin_make_set=yes
ac_cv_safe_to_define___extensions__=yes
ac_cv_search_strerror='none required'
ac_cv_type_off_t=yes
ac_cv_type_size_t=yes
ac_cv_type_unsigned_long_long=yes
ac_cv_working_alloca_h=yes
acl_cv_hardcode_direct=no
acl_cv_hardcode_libdir_flag_spec='${wl}-rpath ${wl}$libdir'
acl_cv_hardcode_libdir_separator=
acl_cv_hardcode_minus_L=no
acl_cv_libext=a
acl_cv_path_LD=/usr/bin/ld
acl_cv_prog_gnu_ld=yes
acl_cv_rpath=done
acl_cv_shlibext=so
acl_cv_wl=-Wl,
am_cv_func_iconv=yes
am_cv_langinfo_codeset=yes
am_cv_lib_iconv=no
am_cv_proto_iconv='extern size_t iconv (iconv_t cd, char * *inbuf, size_t *inbytesleft, char * *outbuf, size_t *outbytesleft);'
am_cv_proto_iconv_arg1=
am_cv_val_LC_MESSAGES=yes
gt_cv_header_inttypes_h=yes
gt_cv_int_divbyzero_sigfpe=yes
gt_cv_inttypes_pri_broken=no
jm_ac_cv_header_inttypes_h=yes
jm_ac_cv_header_stdint_h=yes
nls_cv_header_intl=
nls_cv_header_libgt=

## ----------------- ##
## Output variables. ##
## ----------------- ##

ACLOCAL='aclocal'
ALLOCA=''
AUTOCONF='autoconf'
AUTOHEADER='autoheader'
BISON3_NO='#'
BISON3_YES=''
BUILD_INCLUDED_LIBINTL='no'
CATOBJEXT=''
CC='/usr/bin/gcc'
CFLAGS='-O2 -I/workspaces/labsisop-buildroot/output/host/include    '
CPP='/usr/bin/gcc -E'
CPPFLAGS=''
DATADIRNAME='share'
DEFS='-DHAVE_CONFIG_H'
ECHO_C=''
ECHO_N='-n'
ECHO_T=''
EGREP='/usr/bin/grep -E'
EXEEXT=''
GENCAT='gencat'
GLIBC21='yes'
GMSGFMT='/usr/bin/msgfmt'
GREP='/usr/bin/grep'
INCINTL=''
INSTALL_DATA='/usr/bin/install -c -m 644'
INSTALL_PROGRAM='/usr/bin/install -c'
INSTALL_SCRIPT='/usr/bin/install -c'
INSTOBJEXT='.mo'
INTLBISON='bison'
INTLLIBS=''
INTLOBJS=''
INTL_LIBTOOL_SUFFIX_PREFIX=''
LDFLAGS=' -L/workspaces/labsisop-buildroot/output/host/lib -Wl,-rpath,/workspaces/labsisop-buildroot/output/host/lib'
LIBICONV=''
LIBINTL=''
LIBINTL_DEP=''
LIBOBJS=''
LIBS=''
LTLIBICONV=''
LTLIBINTL=''
LTLIBOBJS=''
MAINT='#'
MKINSTALLDIRS='$(top_builddir)/./../mkinstalldirs'
MSGFMT='/usr/bin/msgfmt'
MSGMERGE='/usr/bin/msgmerge'
OBJEXT='o'
PACKAGE_BUGREPORT=''
PACKAGE_NAME=''
PACKAGE_STRING=''
PACKAGE_TARNAME=''
PACKAGE_URL=''
PACKAGE_VERSION=''
PATH_SEPARATOR=':'
PICFLAG='-fpic'
POSUB=''
RANLIB='/usr/bin/ranlib --plugin /usr/lib/gcc/x86_64-linux-gnu/9/liblto_plugin.so'
SET_MAKE=''
SHELL='/bin/bash'
USE_INCLUDED_LIBINTL='no'
USE_NLS='no'
XGETTEXT='/usr/bin/xgettext'
ac_ct_CC=''
bindir='${exec_prefix}/bin'
build='x86_64-pc-linux-gnu'
build_alias='x86_64-pc-linux-gnu'
build_cpu='x86_64'
build_os='linux-gnu'
build_vendor='pc'
datadir='${datarootdir}'
datarootdir='${prefix}/share'
docdir='${datarootdir}/doc/${PACKAGE}'
dvidir='${docdir}'
exec_prefix='${prefix}'
host='x86_64-pc-linux-gnu'
host_alias='x86_64-pc-linux-gnu'
host_cpu='x86_64'
host_os='linux-gnu'
host_vendor='pc'
htmldir='${docdir}'
includedir='${prefix}/include'
infodir='${datarootdir}/info'
libdir='${exec_prefix}/lib'
libexecdir='${exec_prefix}/libexec'
localedir='${datarootdir}/locale'
localstatedir='/workspaces/labsisop-buildroot/output/host/var'
mandir='${datarootdir}/man'
oldincludedir='/usr/include'
pdfdir='${docdir}'
prefix='/workspaces/labsisop-buildroot/output/host'
program_transform_name='s&^&i686-buildroot-linux-gnu-&'
psdir='${docdir}'
runstatedir='${localstatedir}/run'
sbindir='${exec_prefix}/sbin'
sharedstatedir='${prefix}/com'
sysconfdir='/workspaces/labsisop-buildroot/output/host/etc'
target_alias='i686-buildroot-linux-gnu'

## ----------- ##
## confdefs.h. ##
## ----------- ##

/* confdefs.h */
#define PACKAGE_NAME ""
#define PACKAGE_TARNAME ""
#define PACKAGE_VERSION ""
#define PACKAGE_STRING ""
#define PACKAGE_BUGREPORT ""
#define PACKAGE_URL ""
#define STDC_HEADERS 1
#define HAVE_SYS_TYPES_H 1
#define HAVE_SYS_STAT_H 1
#define HAVE_STDLIB_H 1
#define HAVE_STRING_H 1
#define HAVE_MEMORY_H 1
#define HAVE_STRINGS_H 1
#define HAVE_INTTYPES_H 1
#define HAVE_STDINT_H 1
#define HAVE_UNISTD_H 1
#define __EXTENSIONS__ 1
#define _ALL_SOURCE 1
#define _GNU_SOURCE 1
#define _POSIX_PTHREAD_SEMANTICS 1
#define _TANDEM_SOURCE 1
#define HAVE_ALLOCA_H 1
#define HAVE_ALLOCA 1
#define HAVE_STDLIB_H 1
#define HAVE_UNISTD_H 1
#define HAVE_SYS_PARAM_H 1
#define HAVE_GETPAGESIZE 1
#define HAVE_MMAP 1
#define INTDIV0_RAISES_SIGFPE 1
#define HAVE_INTTYPES_H_WITH_UINTMAX 1
#define HAVE_STDINT_H_WITH_UINTMAX 1
#define HAVE_UNSIGNED_LONG_LONG 1
#define HAVE_UINTMAX_T 1
#define HAVE_INTTYPES_H 1
#define HAVE_ARGZ_H 1
#define HAVE_LIMITS_H 1
#define HAVE_LOCALE_H 1
#define HAVE_NL_TYPES_H 1
#define HAVE_MALLOC_H 1
#define HAVE_STDDEF_H 1
#define HAVE_STDLIB_H 1
#define HAVE_STRING_H 1
#define HAVE_UNISTD_H 1
#define HAVE_SYS_PARAM_H 1
#define HAVE_FEOF_UNLOCKED 1
#define HAVE_FGETS_UNLOCKED 1
#define HAVE_GETC_UNLOCKED 1
#define HAVE_GETCWD 1
#define HAVE_GETEGID 1
#define HAVE_GETEUID 1
#define HAVE_GETGID 1
#define HAVE_GETUID 1
#define HAVE_MEMPCPY 1
#define HAVE_MUNMAP 1
#define HAVE_PUTENV 1
#define HAVE_SETENV 1
#define HAVE_SETLOCALE 1
#define HAVE_STPCPY 1
#define HAVE_STRCASECMP 1
#define HAVE_STRDUP 1
#define HAVE_STRTOUL 1
#define HAVE_TSEARCH 1
#define HAVE___ARGZ_COUNT 1
#define HAVE___ARGZ_STRINGIFY 1
#define HAVE___ARGZ_NEXT 1
#define HAVE___FSETLOCKING 1
#define HAVE_ICONV 1
#define ICONV_CONST 
#define HAVE_LANGINFO_CODESET 1
#define HAVE_LC_MESSAGES 1
#define IN_LIBINTL 1
#define IN_LIBRARY 1
#define DEPENDS_ON_LIBICONV 1
#define ENABLE_RELOCATABLE 1
#define NO_XMALLOC 1
#define set_relocation_prefix libintl_set_relocation_prefix
#define relocate libintl_relocate

configure: exit 0
