This file contains any messages produced by compilers while
running configure, to aid debugging if configure makes a mistake.

It was created by GNU Awk Bundled Extensions configure 5.2.0, which was
generated by GNU Autoconf 2.71.  Invocation command line was

  $ ./configure --disable-option-checking --prefix=/workspaces/labsisop-buildroot/output/host --sysconfdir=/workspaces/labsisop-buildroot/output/host/etc --localstatedir=/workspaces/labsisop-buildroot/output/host/var --enable-shared --disable-static --disable-gtk-doc --disable-gtk-doc-html --disable-doc --disable-docs --disable-documentation --disable-debug --with-xmlto=no --with-fop=no --disable-nls --disable-dependency-tracking --without-readline --without-mpfr CC=/usr/bin/gcc 'CFLAGS=-O2 -I/workspaces/labsisop-buildroot/output/host/include' 'LDFLAGS=-L/workspaces/labsisop-buildroot/output/host/lib -Wl,-rpath,/workspaces/labsisop-buildroot/output/host/lib' CPPFLAGS=-I/workspaces/labsisop-buildroot/output/host/include CPP=/usr/bin/cpp --cache-file=/dev/null --srcdir=.

## --------- ##
## Platform. ##
## --------- ##

hostname = codespaces-1ee735
uname -m = x86_64
uname -r = 6.8.0-1027-azure
uname -s = Linux
uname -v = #32~22.04.1-Ubuntu SMP Thu Apr  3 20:26:27 UTC 2025

/usr/bin/uname -p = x86_64
/bin/uname -X     = unknown

/bin/arch              = x86_64
/usr/bin/arch -k       = unknown
/usr/convex/getsysinfo = unknown
/usr/bin/hostinfo      = unknown
/bin/machine           = unknown
/usr/bin/oslevel       = unknown
/bin/universe          = unknown

PATH: /workspaces/labsisop-buildroot/output/host/bin/
PATH: /workspaces/labsisop-buildroot/output/host/sbin/
PATH: /usr/local/rvm/gems/ruby-3.3.4/bin/
PATH: /usr/local/rvm/gems/ruby-3.3.4@global/bin/
PATH: /usr/local/rvm/rubies/ruby-3.3.4/bin/
PATH: /vscode/bin/linux-x64/19e0f9e681ecb8e5c09d8784acaa601316ca4571/bin/remote-cli/
PATH: /home/codespace/.local/bin/
PATH: /home/codespace/.dotnet/
PATH: /home/codespace/nvm/current/bin/
PATH: /home/codespace/.php/current/bin/
PATH: /home/codespace/.python/current/bin/
PATH: /home/codespace/java/current/bin/
PATH: /home/codespace/.ruby/current/bin/
PATH: /home/codespace/.local/bin/
PATH: /usr/local/python/current/bin/
PATH: /usr/local/py-utils/bin/
PATH: /usr/local/jupyter/
PATH: /usr/local/oryx/
PATH: /usr/local/go/bin/
PATH: /go/bin/
PATH: /usr/local/sdkman/bin/
PATH: /usr/local/sdkman/candidates/java/current/bin/
PATH: /usr/local/sdkman/candidates/gradle/current/bin/
PATH: /usr/local/sdkman/candidates/maven/current/bin/
PATH: /usr/local/sdkman/candidates/ant/current/bin/
PATH: /usr/local/rvm/gems/default/bin/
PATH: /usr/local/rvm/gems/default@global/bin/
PATH: /usr/local/rvm/rubies/default/bin/
PATH: /usr/local/share/rbenv/bin/
PATH: /usr/local/php/current/bin/
PATH: /opt/conda/bin/
PATH: /usr/local/nvs/
PATH: /usr/local/share/nvm/versions/node/v20.19.0/bin/
PATH: /usr/local/hugo/bin/
PATH: /usr/local/sbin/
PATH: /usr/local/bin/
PATH: /usr/sbin/
PATH: /usr/bin/
PATH: /sbin/
PATH: /bin/
PATH: /usr/share/dotnet/
PATH: /home/codespace/.dotnet/tools/
PATH: /usr/local/rvm/bin/


## ----------- ##
## Core tests. ##
## ----------- ##

configure:2590: looking for aux files: ltmain.sh ar-lib config.rpath compile config.guess config.sub missing install-sh
configure:2603:  trying ./../build-aux/
configure:2632:   ./../build-aux/ltmain.sh found
configure:2632:   ./../build-aux/ar-lib found
configure:2632:   ./../build-aux/config.rpath found
configure:2632:   ./../build-aux/compile found
configure:2632:   ./../build-aux/config.guess found
configure:2632:   ./../build-aux/config.sub found
configure:2632:   ./../build-aux/missing found
configure:2614:   ./../build-aux/install-sh found
configure:2767: checking for a BSD-compatible install
configure:2840: result: ./build-aux/install-sh -c
configure:2851: checking whether build environment is sane
configure:2906: result: yes
configure:3063: checking for a race-free mkdir -p
configure:3107: result: /usr/bin/mkdir -p
configure:3114: checking for gawk
configure:3135: found /usr/bin/gawk
configure:3146: result: gawk
configure:3157: checking whether make sets $(MAKE)
configure:3180: result: yes
configure:3210: checking whether make supports nested variables
configure:3228: result: yes
configure:3371: checking build system type
configure:3386: result: x86_64-pc-linux-gnu
configure:3406: checking host system type
configure:3420: result: x86_64-pc-linux-gnu
configure:3547: checking whether make supports the include directive
configure:3562: make -f confmf.GNU && cat confinc.out
make[1]: Entering directory '/workspaces/labsisop-buildroot/output/build/host-gawk-5.2.0/extension'
make[1]: Leaving directory '/workspaces/labsisop-buildroot/output/build/host-gawk-5.2.0/extension'
this is the am__doit target
configure:3565: $? = 0
configure:3584: result: yes (GNU style)
configure:3660: checking for gcc
configure:3692: result: /usr/bin/gcc
configure:4045: checking for C compiler version
configure:4054: /usr/bin/gcc --version >&5
gcc (Ubuntu 9.4.0-1ubuntu1~20.04.2) 9.4.0
Copyright (C) 2019 Free Software Foundation, Inc.
This is free software; see the source for copying conditions.  There is NO
warranty; not even for MERCHANTABILITY or FITNESS FOR A PARTICULAR PURPOSE.

configure:4065: $? = 0
configure:4054: /usr/bin/gcc -v >&5
Using built-in specs.
COLLECT_GCC=/usr/bin/gcc
COLLECT_LTO_WRAPPER=/usr/lib/gcc/x86_64-linux-gnu/9/lto-wrapper
OFFLOAD_TARGET_NAMES=nvptx-none:hsa
OFFLOAD_TARGET_DEFAULT=1
Target: x86_64-linux-gnu
Configured with: ../src/configure -v --with-pkgversion='Ubuntu 9.4.0-1ubuntu1~20.04.2' --with-bugurl=file:///usr/share/doc/gcc-9/README.Bugs --enable-languages=c,ada,c++,go,brig,d,fortran,objc,obj-c++,gm2 --prefix=/usr --with-gcc-major-version-only --program-suffix=-9 --program-prefix=x86_64-linux-gnu- --enable-shared --enable-linker-build-id --libexecdir=/usr/lib --without-included-gettext --enable-threads=posix --libdir=/usr/lib --enable-nls --enable-clocale=gnu --enable-libstdcxx-debug --enable-libstdcxx-time=yes --with-default-libstdcxx-abi=new --enable-gnu-unique-object --disable-vtable-verify --enable-plugin --enable-default-pie --with-system-zlib --with-target-system-zlib=auto --enable-objc-gc=auto --enable-multiarch --disable-werror --with-arch-32=i686 --with-abi=m64 --with-multilib-list=m32,m64,mx32 --enable-multilib --with-tune=generic --enable-offload-targets=nvptx-none=/build/gcc-9-9QDOt0/gcc-9-9.4.0/debian/tmp-nvptx/usr,hsa --without-cuda-driver --enable-checking=release --build=x86_64-linux-gnu --host=x86_64-linux-gnu --target=x86_64-linux-gnu
Thread model: posix
gcc version 9.4.0 (Ubuntu 9.4.0-1ubuntu1~20.04.2) 
configure:4065: $? = 0
configure:4054: /usr/bin/gcc -V >&5
gcc: error: unrecognized command line option '-V'
gcc: fatal error: no input files
compilation terminated.
configure:4065: $? = 1
configure:4054: /usr/bin/gcc -qversion >&5
gcc: error: unrecognized command line option '-qversion'; did you mean '--version'?
gcc: fatal error: no input files
compilation terminated.
configure:4065: $? = 1
configure:4054: /usr/bin/gcc -version >&5
gcc: error: unrecognized command line option '-version'
gcc: fatal error: no input files
compilation terminated.
configure:4065: $? = 1
configure:4085: checking whether the C compiler works
configure:4107: /usr/bin/gcc -O2 -I/workspaces/labsisop-buildroot/output/host/include -I/workspaces/labsisop-buildroot/output/host/include -L/workspaces/labsisop-buildroot/output/host/lib -Wl,-rpath,/workspaces/labsisop-buildroot/output/host/lib conftest.c  >&5
configure:4111: $? = 0
configure:4161: result: yes
configure:4164: checking for C compiler default output file name
configure:4166: result: a.out
configure:4172: checking for suffix of executables
configure:4179: /usr/bin/gcc -o conftest -O2 -I/workspaces/labsisop-buildroot/output/host/include -I/workspaces/labsisop-buildroot/output/host/include -L/workspaces/labsisop-buildroot/output/host/lib -Wl,-rpath,/workspaces/labsisop-buildroot/output/host/lib conftest.c  >&5
configure:4183: $? = 0
configure:4206: result: 
configure:4228: checking whether we are cross compiling
configure:4236: /usr/bin/gcc -o conftest -O2 -I/workspaces/labsisop-buildroot/output/host/include -I/workspaces/labsisop-buildroot/output/host/include -L/workspaces/labsisop-buildroot/output/host/lib -Wl,-rpath,/workspaces/labsisop-buildroot/output/host/lib conftest.c  >&5
configure:4240: $? = 0
configure:4247: ./conftest
configure:4251: $? = 0
configure:4239: result: no
configure:4244: checking for suffix of object files
configure:4267: /usr/bin/gcc -c -O2 -I/workspaces/labsisop-buildroot/output/host/include -I/workspaces/labsisop-buildroot/output/host/include conftest.c >&5
configure:4271: $? = 0
configure:4293: result: o
configure:4297: checking whether the compiler supports GNU C
configure:4317: /usr/bin/gcc -c -O2 -I/workspaces/labsisop-buildroot/output/host/include -I/workspaces/labsisop-buildroot/output/host/include conftest.c >&5
configure:4317: $? = 0
configure:4327: result: yes
configure:4338: checking whether /usr/bin/gcc accepts -g
configure:4359: /usr/bin/gcc -c -g -I/workspaces/labsisop-buildroot/output/host/include conftest.c >&5
configure:4359: $? = 0
configure:4403: result: yes
configure:4423: checking for /usr/bin/gcc option to enable C11 features
configure:4438: /usr/bin/gcc  -c -O2 -I/workspaces/labsisop-buildroot/output/host/include -I/workspaces/labsisop-buildroot/output/host/include conftest.c >&5
configure:4438: $? = 0
configure:4456: result: none needed
configure:4572: checking whether /usr/bin/gcc understands -c and -o together
configure:4595: /usr/bin/gcc -c conftest.c -o conftest2.o
configure:4598: $? = 0
configure:4595: /usr/bin/gcc -c conftest.c -o conftest2.o
configure:4598: $? = 0
configure:4610: result: yes
configure:4629: checking dependency style of /usr/bin/gcc
configure:4741: result: none
configure:4761: checking for stdio.h
configure:4761: /usr/bin/gcc -c -O2 -I/workspaces/labsisop-buildroot/output/host/include -I/workspaces/labsisop-buildroot/output/host/include conftest.c >&5
configure:4761: $? = 0
configure:4761: result: yes
configure:4761: checking for stdlib.h
configure:4761: /usr/bin/gcc -c -O2 -I/workspaces/labsisop-buildroot/output/host/include -I/workspaces/labsisop-buildroot/output/host/include conftest.c >&5
configure:4761: $? = 0
configure:4761: result: yes
configure:4761: checking for string.h
configure:4761: /usr/bin/gcc -c -O2 -I/workspaces/labsisop-buildroot/output/host/include -I/workspaces/labsisop-buildroot/output/host/include conftest.c >&5
configure:4761: $? = 0
configure:4761: result: yes
configure:4761: checking for inttypes.h
configure:4761: /usr/bin/gcc -c -O2 -I/workspaces/labsisop-buildroot/output/host/include -I/workspaces/labsisop-buildroot/output/host/include conftest.c >&5
configure:4761: $? = 0
configure:4761: result: yes
configure:4761: checking for stdint.h
configure:4761: /usr/bin/gcc -c -O2 -I/workspaces/labsisop-buildroot/output/host/include -I/workspaces/labsisop-buildroot/output/host/include conftest.c >&5
configure:4761: $? = 0
configure:4761: result: yes
configure:4761: checking for strings.h
configure:4761: /usr/bin/gcc -c -O2 -I/workspaces/labsisop-buildroot/output/host/include -I/workspaces/labsisop-buildroot/output/host/include conftest.c >&5
configure:4761: $? = 0
configure:4761: result: yes
configure:4761: checking for sys/stat.h
configure:4761: /usr/bin/gcc -c -O2 -I/workspaces/labsisop-buildroot/output/host/include -I/workspaces/labsisop-buildroot/output/host/include conftest.c >&5
configure:4761: $? = 0
configure:4761: result: yes
configure:4761: checking for sys/types.h
configure:4761: /usr/bin/gcc -c -O2 -I/workspaces/labsisop-buildroot/output/host/include -I/workspaces/labsisop-buildroot/output/host/include conftest.c >&5
configure:4761: $? = 0
configure:4761: result: yes
configure:4761: checking for unistd.h
configure:4761: /usr/bin/gcc -c -O2 -I/workspaces/labsisop-buildroot/output/host/include -I/workspaces/labsisop-buildroot/output/host/include conftest.c >&5
configure:4761: $? = 0
configure:4761: result: yes
configure:4761: checking for wchar.h
configure:4761: /usr/bin/gcc -c -O2 -I/workspaces/labsisop-buildroot/output/host/include -I/workspaces/labsisop-buildroot/output/host/include conftest.c >&5
configure:4761: $? = 0
configure:4761: result: yes
configure:4761: checking for minix/config.h
configure:4761: /usr/bin/gcc -c -O2 -I/workspaces/labsisop-buildroot/output/host/include -I/workspaces/labsisop-buildroot/output/host/include conftest.c >&5
conftest.c:49:10: fatal error: minix/config.h: No such file or directory
   49 | #include <minix/config.h>
      |          ^~~~~~~~~~~~~~~~
compilation terminated.
configure:4761: $? = 1
configure: failed program was:
| /* confdefs.h */
| #define PACKAGE_NAME "GNU Awk Bundled Extensions"
| #define PACKAGE_TARNAME "gawk-extensions"
| #define PACKAGE_VERSION "5.2.0"
| #define PACKAGE_STRING "GNU Awk Bundled Extensions 5.2.0"
| #define PACKAGE_BUGREPORT "bug-gawk@gnu.org"
| #define PACKAGE_URL "https://www.gnu.org/software/gawk-extensions/"
| #define PACKAGE "gawk-extensions"
| #define VERSION "5.2.0"
| #define HAVE_STDIO_H 1
| #define HAVE_STDLIB_H 1
| #define HAVE_STRING_H 1
| #define HAVE_INTTYPES_H 1
| #define HAVE_STDINT_H 1
| #define HAVE_STRINGS_H 1
| #define HAVE_SYS_STAT_H 1
| #define HAVE_SYS_TYPES_H 1
| #define HAVE_UNISTD_H 1
| #define HAVE_WCHAR_H 1
| /* end confdefs.h.  */
| #include <stddef.h>
| #ifdef HAVE_STDIO_H
| # include <stdio.h>
| #endif
| #ifdef HAVE_STDLIB_H
| # include <stdlib.h>
| #endif
| #ifdef HAVE_STRING_H
| # include <string.h>
| #endif
| #ifdef HAVE_INTTYPES_H
| # include <inttypes.h>
| #endif
| #ifdef HAVE_STDINT_H
| # include <stdint.h>
| #endif
| #ifdef HAVE_STRINGS_H
| # include <strings.h>
| #endif
| #ifdef HAVE_SYS_TYPES_H
| # include <sys/types.h>
| #endif
| #ifdef HAVE_SYS_STAT_H
| # include <sys/stat.h>
| #endif
| #ifdef HAVE_UNISTD_H
| # include <unistd.h>
| #endif
| #include <minix/config.h>
configure:4761: result: no
configure:4761: checking for sys/time.h
configure:4761: /usr/bin/gcc -c -O2 -I/workspaces/labsisop-buildroot/output/host/include -I/workspaces/labsisop-buildroot/output/host/include conftest.c >&5
configure:4761: $? = 0
configure:4761: result: yes
configure:4792: checking whether it is safe to define __EXTENSIONS__
configure:4811: /usr/bin/gcc -c -O2 -I/workspaces/labsisop-buildroot/output/host/include -I/workspaces/labsisop-buildroot/output/host/include conftest.c >&5
configure:4811: $? = 0
configure:4819: result: yes
configure:4822: checking whether _XOPEN_SOURCE should be defined
configure:4844: /usr/bin/gcc -c -O2 -I/workspaces/labsisop-buildroot/output/host/include -I/workspaces/labsisop-buildroot/output/host/include conftest.c >&5
configure:4844: $? = 0
configure:4871: result: no
configure:4928: checking for z/OS USS compilation
configure:4943: result: no
configure:5044: checking for a sed that does not truncate output
configure:5114: result: /usr/bin/sed
configure:5120: checking whether NLS is requested
configure:5130: result: no
configure:5170: checking for msgfmt
configure: trying /usr/bin/msgfmt...
0 translated messages.
configure:5203: result: /usr/bin/msgfmt
configure:5212: checking for gmsgfmt
configure:5248: result: /usr/bin/msgfmt
configure:5293: checking for xgettext
configure: trying /usr/bin/xgettext...
/usr/bin/xgettext: warning: file '/dev/null' extension '' is unknown; will try C
configure:5326: result: /usr/bin/xgettext
configure:5371: checking for msgmerge
configure: trying /usr/bin/msgmerge...
configure:5403: result: /usr/bin/msgmerge
configure:5468: checking for ld
configure:5599: result: /usr/bin/ld
configure:5606: checking if the linker (/usr/bin/ld) is GNU ld
configure:5622: result: yes
configure:5630: checking for shared library run path origin
configure:5644: result: done
configure:5666: checking 32-bit host C ABI
configure:5733: /usr/bin/gcc -c -O2 -I/workspaces/labsisop-buildroot/output/host/include -I/workspaces/labsisop-buildroot/output/host/include conftest.c >&5
configure:5733: $? = 0
configure:5929: result: no
configure:5939: checking how to run the C preprocessor
configure:6007: result: /usr/bin/cpp
configure:6021: /usr/bin/cpp -I/workspaces/labsisop-buildroot/output/host/include conftest.c
configure:6021: $? = 0
configure:6036: /usr/bin/cpp -I/workspaces/labsisop-buildroot/output/host/include conftest.c
conftest.c:39:10: fatal error: ac_nonexistent.h: No such file or directory
   39 | #include <ac_nonexistent.h>
      |          ^~~~~~~~~~~~~~~~~~
compilation terminated.
configure:6036: $? = 1
configure: failed program was:
| /* confdefs.h */
| #define PACKAGE_NAME "GNU Awk Bundled Extensions"
| #define PACKAGE_TARNAME "gawk-extensions"
| #define PACKAGE_VERSION "5.2.0"
| #define PACKAGE_STRING "GNU Awk Bundled Extensions 5.2.0"
| #define PACKAGE_BUGREPORT "bug-gawk@gnu.org"
| #define PACKAGE_URL "https://www.gnu.org/software/gawk-extensions/"
| #define PACKAGE "gawk-extensions"
| #define VERSION "5.2.0"
| #define HAVE_STDIO_H 1
| #define HAVE_STDLIB_H 1
| #define HAVE_STRING_H 1
| #define HAVE_INTTYPES_H 1
| #define HAVE_STDINT_H 1
| #define HAVE_STRINGS_H 1
| #define HAVE_SYS_STAT_H 1
| #define HAVE_SYS_TYPES_H 1
| #define HAVE_UNISTD_H 1
| #define HAVE_WCHAR_H 1
| #define HAVE_SYS_TIME_H 1
| #define STDC_HEADERS 1
| #define _ALL_SOURCE 1
| #define _DARWIN_C_SOURCE 1
| #define _GNU_SOURCE 1
| #define _HPUX_ALT_XOPEN_SOCKET_API 1
| #define _NETBSD_SOURCE 1
| #define _OPENBSD_SOURCE 1
| #define _POSIX_PTHREAD_SEMANTICS 1
| #define __STDC_WANT_IEC_60559_ATTRIBS_EXT__ 1
| #define __STDC_WANT_IEC_60559_BFP_EXT__ 1
| #define __STDC_WANT_IEC_60559_DFP_EXT__ 1
| #define __STDC_WANT_IEC_60559_FUNCS_EXT__ 1
| #define __STDC_WANT_IEC_60559_TYPES_EXT__ 1
| #define __STDC_WANT_LIB_EXT2__ 1
| #define __STDC_WANT_MATH_SPEC_FUNCS__ 1
| #define _TANDEM_SOURCE 1
| #define __EXTENSIONS__ 1
| /* end confdefs.h.  */
| #include <ac_nonexistent.h>
configure:6067: checking for grep that handles long lines and -e
configure:6131: result: /usr/bin/grep
configure:6136: checking for egrep
configure:6204: result: /usr/bin/grep -E
configure:6213: checking for ELF binary format
configure:6237: result: yes
configure:6286: checking for the common suffixes of directories in the library search path
configure:6355: result: lib,lib,lib64
configure:6873: checking for CFPreferencesCopyAppValue
configure:6892: /usr/bin/gcc -o conftest -O2 -I/workspaces/labsisop-buildroot/output/host/include -I/workspaces/labsisop-buildroot/output/host/include -L/workspaces/labsisop-buildroot/output/host/lib -Wl,-rpath,/workspaces/labsisop-buildroot/output/host/lib conftest.c  -Wl,-framework -Wl,CoreFoundation >&5
conftest.c:39:10: fatal error: CoreFoundation/CFPreferences.h: No such file or directory
   39 | #include <CoreFoundation/CFPreferences.h>
      |          ^~~~~~~~~~~~~~~~~~~~~~~~~~~~~~~~
compilation terminated.
configure:6892: $? = 1
configure: failed program was:
| /* confdefs.h */
| #define PACKAGE_NAME "GNU Awk Bundled Extensions"
| #define PACKAGE_TARNAME "gawk-extensions"
| #define PACKAGE_VERSION "5.2.0"
| #define PACKAGE_STRING "GNU Awk Bundled Extensions 5.2.0"
| #define PACKAGE_BUGREPORT "bug-gawk@gnu.org"
| #define PACKAGE_URL "https://www.gnu.org/software/gawk-extensions/"
| #define PACKAGE "gawk-extensions"
| #define VERSION "5.2.0"
| #define HAVE_STDIO_H 1
| #define HAVE_STDLIB_H 1
| #define HAVE_STRING_H 1
| #define HAVE_INTTYPES_H 1
| #define HAVE_STDINT_H 1
| #define HAVE_STRINGS_H 1
| #define HAVE_SYS_STAT_H 1
| #define HAVE_SYS_TYPES_H 1
| #define HAVE_UNISTD_H 1
| #define HAVE_WCHAR_H 1
| #define HAVE_SYS_TIME_H 1
| #define STDC_HEADERS 1
| #define _ALL_SOURCE 1
| #define _DARWIN_C_SOURCE 1
| #define _GNU_SOURCE 1
| #define _HPUX_ALT_XOPEN_SOCKET_API 1
| #define _NETBSD_SOURCE 1
| #define _OPENBSD_SOURCE 1
| #define _POSIX_PTHREAD_SEMANTICS 1
| #define __STDC_WANT_IEC_60559_ATTRIBS_EXT__ 1
| #define __STDC_WANT_IEC_60559_BFP_EXT__ 1
| #define __STDC_WANT_IEC_60559_DFP_EXT__ 1
| #define __STDC_WANT_IEC_60559_FUNCS_EXT__ 1
| #define __STDC_WANT_IEC_60559_TYPES_EXT__ 1
| #define __STDC_WANT_LIB_EXT2__ 1
| #define __STDC_WANT_MATH_SPEC_FUNCS__ 1
| #define _TANDEM_SOURCE 1
| #define __EXTENSIONS__ 1
| /* end confdefs.h.  */
| #include <CoreFoundation/CFPreferences.h>
| int
| main (void)
| {
| CFPreferencesCopyAppValue(NULL, NULL)
|   ;
|   return 0;
| }
configure:6902: result: no
configure:6909: checking for CFLocaleCopyPreferredLanguages
configure:6928: /usr/bin/gcc -o conftest -O2 -I/workspaces/labsisop-buildroot/output/host/include -I/workspaces/labsisop-buildroot/output/host/include -L/workspaces/labsisop-buildroot/output/host/lib -Wl,-rpath,/workspaces/labsisop-buildroot/output/host/lib conftest.c  -Wl,-framework -Wl,CoreFoundation >&5
conftest.c:39:10: fatal error: CoreFoundation/CFLocale.h: No such file or directory
   39 | #include <CoreFoundation/CFLocale.h>
      |          ^~~~~~~~~~~~~~~~~~~~~~~~~~~
compilation terminated.
configure:6928: $? = 1
configure: failed program was:
| /* confdefs.h */
| #define PACKAGE_NAME "GNU Awk Bundled Extensions"
| #define PACKAGE_TARNAME "gawk-extensions"
| #define PACKAGE_VERSION "5.2.0"
| #define PACKAGE_STRING "GNU Awk Bundled Extensions 5.2.0"
| #define PACKAGE_BUGREPORT "bug-gawk@gnu.org"
| #define PACKAGE_URL "https://www.gnu.org/software/gawk-extensions/"
| #define PACKAGE "gawk-extensions"
| #define VERSION "5.2.0"
| #define HAVE_STDIO_H 1
| #define HAVE_STDLIB_H 1
| #define HAVE_STRING_H 1
| #define HAVE_INTTYPES_H 1
| #define HAVE_STDINT_H 1
| #define HAVE_STRINGS_H 1
| #define HAVE_SYS_STAT_H 1
| #define HAVE_SYS_TYPES_H 1
| #define HAVE_UNISTD_H 1
| #define HAVE_WCHAR_H 1
| #define HAVE_SYS_TIME_H 1
| #define STDC_HEADERS 1
| #define _ALL_SOURCE 1
| #define _DARWIN_C_SOURCE 1
| #define _GNU_SOURCE 1
| #define _HPUX_ALT_XOPEN_SOCKET_API 1
| #define _NETBSD_SOURCE 1
| #define _OPENBSD_SOURCE 1
| #define _POSIX_PTHREAD_SEMANTICS 1
| #define __STDC_WANT_IEC_60559_ATTRIBS_EXT__ 1
| #define __STDC_WANT_IEC_60559_BFP_EXT__ 1
| #define __STDC_WANT_IEC_60559_DFP_EXT__ 1
| #define __STDC_WANT_IEC_60559_FUNCS_EXT__ 1
| #define __STDC_WANT_IEC_60559_TYPES_EXT__ 1
| #define __STDC_WANT_LIB_EXT2__ 1
| #define __STDC_WANT_MATH_SPEC_FUNCS__ 1
| #define _TANDEM_SOURCE 1
| #define __EXTENSIONS__ 1
| /* end confdefs.h.  */
| #include <CoreFoundation/CFLocale.h>
| int
| main (void)
| {
| CFLocaleCopyPreferredLanguages();
|   ;
|   return 0;
| }
configure:6938: result: no
configure:7919: checking whether to use NLS
configure:7921: result: no
configure:7994: checking for nl_langinfo and CODESET
configure:8011: /usr/bin/gcc -o conftest -O2 -I/workspaces/labsisop-buildroot/output/host/include -I/workspaces/labsisop-buildroot/output/host/include -L/workspaces/labsisop-buildroot/output/host/lib -Wl,-rpath,/workspaces/labsisop-buildroot/output/host/lib conftest.c  >&5
configure:8011: $? = 0
configure:8021: result: yes
configure:8030: checking for LC_MESSAGES
configure:8047: /usr/bin/gcc -o conftest -O2 -I/workspaces/labsisop-buildroot/output/host/include -I/workspaces/labsisop-buildroot/output/host/include -L/workspaces/labsisop-buildroot/output/host/lib -Wl,-rpath,/workspaces/labsisop-buildroot/output/host/lib conftest.c  >&5
configure:8047: $? = 0
configure:8056: result: yes
configure:8065: checking for struct stat.st_blksize
configure:8065: /usr/bin/gcc -c -O2 -I/workspaces/labsisop-buildroot/output/host/include -I/workspaces/labsisop-buildroot/output/host/include conftest.c >&5
configure:8065: $? = 0
configure:8065: result: yes
configure:8188: checking the archiver (/usr/bin/ar) interface
configure:8205: /usr/bin/gcc -c -O2 -I/workspaces/labsisop-buildroot/output/host/include -I/workspaces/labsisop-buildroot/output/host/include conftest.c >&5
configure:8205: $? = 0
configure:8208: /usr/bin/ar cru libconftest.a conftest.o >&5
/usr/bin/ar: `u' modifier ignored since `D' is the default (see `U')
configure:8211: $? = 0
configure:8210: result: ar
configure:8238: checking for special C compiler options needed for large files
configure:8286: result: no
configure:8292: checking for _FILE_OFFSET_BITS value needed for large files
configure:8318: /usr/bin/gcc -c -O2 -I/workspaces/labsisop-buildroot/output/host/include -I/workspaces/labsisop-buildroot/output/host/include conftest.c >&5
configure:8318: $? = 0
configure:8352: result: no
configure:8481: checking how to print strings
configure:8508: result: printf
configure:8529: checking for a sed that does not truncate output
configure:8599: result: /usr/bin/sed
configure:8617: checking for fgrep
configure:8685: result: /usr/bin/grep -F
configure:8721: checking for ld used by /usr/bin/gcc
configure:8789: result: /usr/bin/ld
configure:8796: checking if the linker (/usr/bin/ld) is GNU ld
configure:8812: result: yes
configure:8824: checking for BSD- or MS-compatible name lister (nm)
configure:8879: result: /usr/bin/nm
configure:9019: checking the name lister (/usr/bin/nm) interface
configure:9027: /usr/bin/gcc -c -O2 -I/workspaces/labsisop-buildroot/output/host/include -I/workspaces/labsisop-buildroot/output/host/include conftest.c >&5
configure:9030: /usr/bin/nm "conftest.o"
configure:9033: output
0000000000000000 B some_variable
configure:9034: result: BSD nm
configure:9037: checking whether ln -s works
configure:9041: result: yes
configure:9049: checking the maximum length of command line arguments
configure:9181: result: 1572864
configure:9229: checking how to convert x86_64-pc-linux-gnu file names to x86_64-pc-linux-gnu format
configure:9270: result: func_convert_file_noop
configure:9277: checking how to convert x86_64-pc-linux-gnu file names to toolchain format
configure:9298: result: func_convert_file_noop
configure:9305: checking for /usr/bin/ld option to reload object files
configure:9313: result: -r
configure:9392: checking for file
configure:9413: found /usr/bin/file
configure:9424: result: file
configure:9500: checking for objdump
configure:9521: found /usr/bin/objdump
configure:9532: result: objdump
configure:9561: checking how to recognize dependent libraries
configure:9762: result: pass_all
configure:9852: checking for dlltool
configure:9887: result: no
configure:9914: checking how to associate runtime and link libraries
configure:9942: result: printf %s\n
configure:10092: checking for archiver @FILE support
configure:10110: /usr/bin/gcc -c -O2 -I/workspaces/labsisop-buildroot/output/host/include -I/workspaces/labsisop-buildroot/output/host/include conftest.c >&5
configure:10110: $? = 0
configure:10114: /usr/bin/ar cr libconftest.a @conftest.lst >&5
configure:10117: $? = 0
configure:10122: /usr/bin/ar cr libconftest.a @conftest.lst >&5
/usr/bin/ar: conftest.o: No such file or directory
configure:10125: $? = 1
configure:10124: result: @
configure:10187: checking for strip
configure:10208: found /usr/bin/strip
configure:10219: result: strip
configure:10296: checking for ranlib
configure:10328: result: /usr/bin/ranlib
configure:10430: checking command to parse /usr/bin/nm output from /usr/bin/gcc object
configure:10584: /usr/bin/gcc -c -O2 -I/workspaces/labsisop-buildroot/output/host/include -I/workspaces/labsisop-buildroot/output/host/include conftest.c >&5
configure:10587: $? = 0
configure:10591: /usr/bin/nm conftest.o \| /usr/bin/sed -n -e 's/^.*[ ]\([ABCDGIRSTW][ABCDGIRSTW]*\)[ ][ ]*\([_A-Za-z][_A-Za-z0-9]*\)$/\1 \2 \2/p' | /usr/bin/sed '/ __gnu_lto/d' \> conftest.nm
configure:10594: $? = 0
configure:10660: /usr/bin/gcc -o conftest -O2 -I/workspaces/labsisop-buildroot/output/host/include -I/workspaces/labsisop-buildroot/output/host/include -L/workspaces/labsisop-buildroot/output/host/lib -Wl,-rpath,/workspaces/labsisop-buildroot/output/host/lib conftest.c conftstm.o >&5
configure:10663: $? = 0
configure:10701: result: ok
configure:10748: checking for sysroot
configure:10779: result: no
configure:10786: checking for a working dd
configure:10830: result: /usr/bin/dd
configure:10834: checking how to truncate binary pipes
configure:10850: result: /usr/bin/dd bs=4096 count=1
configure:10987: /usr/bin/gcc -c -O2 -I/workspaces/labsisop-buildroot/output/host/include -I/workspaces/labsisop-buildroot/output/host/include conftest.c >&5
configure:10990: $? = 0
configure:11187: checking for mt
configure:11208: found /usr/bin/mt
configure:11219: result: mt
configure:11242: checking if mt is a manifest tool
configure:11249: mt '-?'
configure:11257: result: no
configure:11978: checking for dlfcn.h
configure:11978: /usr/bin/gcc -c -O2 -I/workspaces/labsisop-buildroot/output/host/include -I/workspaces/labsisop-buildroot/output/host/include conftest.c >&5
configure:11978: $? = 0
configure:11978: result: yes
configure:12564: checking for objdir
configure:12580: result: .libs
configure:12844: checking if /usr/bin/gcc supports -fno-rtti -fno-exceptions
configure:12863: /usr/bin/gcc -c -O2 -I/workspaces/labsisop-buildroot/output/host/include -I/workspaces/labsisop-buildroot/output/host/include -fno-rtti -fno-exceptions conftest.c >&5
cc1: warning: command line option '-fno-rtti' is valid for C++/D/ObjC++ but not for C
configure:12867: $? = 0
configure:12880: result: no
configure:13238: checking for /usr/bin/gcc option to produce PIC
configure:13246: result: -fPIC -DPIC
configure:13254: checking if /usr/bin/gcc PIC flag -fPIC -DPIC works
configure:13273: /usr/bin/gcc -c -O2 -I/workspaces/labsisop-buildroot/output/host/include -I/workspaces/labsisop-buildroot/output/host/include -fPIC -DPIC -DPIC conftest.c >&5
configure:13277: $? = 0
configure:13290: result: yes
configure:13319: checking if /usr/bin/gcc static flag -static works
configure:13348: result: yes
configure:13363: checking if /usr/bin/gcc supports -c -o file.o
configure:13385: /usr/bin/gcc -c -O2 -I/workspaces/labsisop-buildroot/output/host/include -I/workspaces/labsisop-buildroot/output/host/include -o out/conftest2.o conftest.c >&5
configure:13389: $? = 0
configure:13411: result: yes
configure:13419: checking if /usr/bin/gcc supports -c -o file.o
configure:13467: result: yes
configure:13500: checking whether the /usr/bin/gcc linker (/usr/bin/ld -m elf_x86_64) supports shared libraries
configure:14768: result: yes
configure:14805: checking whether -lc should be explicitly linked in
configure:14814: /usr/bin/gcc -c -O2 -I/workspaces/labsisop-buildroot/output/host/include -I/workspaces/labsisop-buildroot/output/host/include conftest.c >&5
configure:14817: $? = 0
configure:14832: /usr/bin/gcc -shared  -fPIC -DPIC conftest.o  -v -Wl,-soname -Wl,conftest -o conftest 2\>\&1 \| /usr/bin/grep  -lc  \>/dev/null 2\>\&1
configure:14835: $? = 0
configure:14849: result: no
configure:15009: checking dynamic linker characteristics
configure:15591: /usr/bin/gcc -o conftest -O2 -I/workspaces/labsisop-buildroot/output/host/include -I/workspaces/labsisop-buildroot/output/host/include -L/workspaces/labsisop-buildroot/output/host/lib -Wl,-rpath,/workspaces/labsisop-buildroot/output/host/lib -Wl,-rpath -Wl,/foo conftest.c  >&5
configure:15591: $? = 0
configure:15830: result: GNU/Linux ld.so
configure:15952: checking how to hardcode library paths into programs
configure:15977: result: immediate
configure:16529: checking whether stripping libraries is possible
configure:16538: result: yes
configure:16580: checking if libtool supports shared libraries
configure:16582: result: yes
configure:16585: checking whether to build shared libraries
configure:16610: result: yes
configure:16613: checking whether to build static libraries
configure:16617: result: no
configure:13426: checking for special development options
configure:13437: result: no
configure:13441: checking for fnmatch.h
configure:13441: /usr/bin/gcc -c -O2 -I/workspaces/labsisop-buildroot/output/host/include -Wall -I/workspaces/labsisop-buildroot/output/host/include conftest.c >&5
configure:13441: $? = 0
configure:13441: result: yes
configure:13447: checking for limits.h
configure:13447: /usr/bin/gcc -c -O2 -I/workspaces/labsisop-buildroot/output/host/include -Wall -I/workspaces/labsisop-buildroot/output/host/include conftest.c >&5
configure:13447: $? = 0
configure:13447: result: yes
configure:13453: checking for sys/mkdev.h
configure:13453: /usr/bin/gcc -c -O2 -I/workspaces/labsisop-buildroot/output/host/include -Wall -I/workspaces/labsisop-buildroot/output/host/include conftest.c >&5
conftest.c:74:10: fatal error: sys/mkdev.h: No such file or directory
   74 | #include <sys/mkdev.h>
      |          ^~~~~~~~~~~~~
compilation terminated.
configure:13453: $? = 1
configure: failed program was:
| /* confdefs.h */
| #define PACKAGE_NAME "GNU Awk Bundled Extensions"
| #define PACKAGE_TARNAME "gawk-extensions"
| #define PACKAGE_VERSION "5.2.0"
| #define PACKAGE_STRING "GNU Awk Bundled Extensions 5.2.0"
| #define PACKAGE_BUGREPORT "bug-gawk@gnu.org"
| #define PACKAGE_URL "https://www.gnu.org/software/gawk-extensions/"
| #define PACKAGE "gawk-extensions"
| #define VERSION "5.2.0"
| #define HAVE_STDIO_H 1
| #define HAVE_STDLIB_H 1
| #define HAVE_STRING_H 1
| #define HAVE_INTTYPES_H 1
| #define HAVE_STDINT_H 1
| #define HAVE_STRINGS_H 1
| #define HAVE_SYS_STAT_H 1
| #define HAVE_SYS_TYPES_H 1
| #define HAVE_UNISTD_H 1
| #define HAVE_WCHAR_H 1
| #define HAVE_SYS_TIME_H 1
| #define STDC_HEADERS 1
| #define _ALL_SOURCE 1
| #define _DARWIN_C_SOURCE 1
| #define _GNU_SOURCE 1
| #define _HPUX_ALT_XOPEN_SOCKET_API 1
| #define _NETBSD_SOURCE 1
| #define _OPENBSD_SOURCE 1
| #define _POSIX_PTHREAD_SEMANTICS 1
| #define __STDC_WANT_IEC_60559_ATTRIBS_EXT__ 1
| #define __STDC_WANT_IEC_60559_BFP_EXT__ 1
| #define __STDC_WANT_IEC_60559_DFP_EXT__ 1
| #define __STDC_WANT_IEC_60559_FUNCS_EXT__ 1
| #define __STDC_WANT_IEC_60559_TYPES_EXT__ 1
| #define __STDC_WANT_LIB_EXT2__ 1
| #define __STDC_WANT_MATH_SPEC_FUNCS__ 1
| #define _TANDEM_SOURCE 1
| #define __EXTENSIONS__ 1
| #define HAVE_LANGINFO_CODESET 1
| #define HAVE_LC_MESSAGES 1
| #define HAVE_STRUCT_STAT_ST_BLKSIZE 1
| #define HAVE_DLFCN_H 1
| #define LT_OBJDIR ".libs/"
| #define HAVE_FNMATCH_H 1
| #define HAVE_LIMITS_H 1
| /* end confdefs.h.  */
| #include <stddef.h>
| #ifdef HAVE_STDIO_H
| # include <stdio.h>
| #endif
| #ifdef HAVE_STDLIB_H
| # include <stdlib.h>
| #endif
| #ifdef HAVE_STRING_H
| # include <string.h>
| #endif
| #ifdef HAVE_INTTYPES_H
| # include <inttypes.h>
| #endif
| #ifdef HAVE_STDINT_H
| # include <stdint.h>
| #endif
| #ifdef HAVE_STRINGS_H
| # include <strings.h>
| #endif
| #ifdef HAVE_SYS_TYPES_H
| # include <sys/types.h>
| #endif
| #ifdef HAVE_SYS_STAT_H
| # include <sys/stat.h>
| #endif
| #ifdef HAVE_UNISTD_H
| # include <unistd.h>
| #endif
| #include <sys/mkdev.h>
configure:13453: result: no
configure:13459: checking for sys/param.h
configure:13459: /usr/bin/gcc -c -O2 -I/workspaces/labsisop-buildroot/output/host/include -Wall -I/workspaces/labsisop-buildroot/output/host/include conftest.c >&5
configure:13459: $? = 0
configure:13459: result: yes
configure:13465: checking for sys/select.h
configure:13465: /usr/bin/gcc -c -O2 -I/workspaces/labsisop-buildroot/output/host/include -Wall -I/workspaces/labsisop-buildroot/output/host/include conftest.c >&5
configure:13465: $? = 0
configure:13465: result: yes
configure:13471: checking for sys/statvfs.h
configure:13471: /usr/bin/gcc -c -O2 -I/workspaces/labsisop-buildroot/output/host/include -Wall -I/workspaces/labsisop-buildroot/output/host/include conftest.c >&5
configure:13471: $? = 0
configure:13471: result: yes
configure:13477: checking for sys/sysmacros.h
configure:13477: /usr/bin/gcc -c -O2 -I/workspaces/labsisop-buildroot/output/host/include -Wall -I/workspaces/labsisop-buildroot/output/host/include conftest.c >&5
configure:13477: $? = 0
configure:13477: result: yes
configure:13483: checking for sys/time.h
configure:13483: result: yes
configure:13494: checking for dirent.h that defines DIR
configure:13514: /usr/bin/gcc -c -O2 -I/workspaces/labsisop-buildroot/output/host/include -Wall -I/workspaces/labsisop-buildroot/output/host/include conftest.c >&5
configure:13514: $? = 0
configure:13523: result: yes
configure:13537: checking for library containing opendir
configure:13567: /usr/bin/gcc -o conftest -O2 -I/workspaces/labsisop-buildroot/output/host/include -Wall -I/workspaces/labsisop-buildroot/output/host/include -L/workspaces/labsisop-buildroot/output/host/lib -Wl,-rpath,/workspaces/labsisop-buildroot/output/host/lib conftest.c  >&5
configure:13567: $? = 0
configure:13587: result: none required
configure:13748: checking for library containing fmod
configure:13778: /usr/bin/gcc -o conftest -O2 -I/workspaces/labsisop-buildroot/output/host/include -Wall -I/workspaces/labsisop-buildroot/output/host/include -L/workspaces/labsisop-buildroot/output/host/lib -Wl,-rpath,/workspaces/labsisop-buildroot/output/host/lib conftest.c  >&5
conftest.c:56:6: warning: conflicting types for built-in function 'fmod'; expected 'double(double,  double)' [-Wbuiltin-declaration-mismatch]
   56 | char fmod ();
      |      ^~~~
conftest.c:1:1: note: 'fmod' is declared in header '<math.h>'
    1 | /* confdefs.h */
/usr/bin/ld: /tmp/ccez8N2v.o: in function `main':
conftest.c:(.text.startup+0xb): undefined reference to `fmod'
collect2: error: ld returned 1 exit status
configure:13778: $? = 1
configure: failed program was:
| /* confdefs.h */
| #define PACKAGE_NAME "GNU Awk Bundled Extensions"
| #define PACKAGE_TARNAME "gawk-extensions"
| #define PACKAGE_VERSION "5.2.0"
| #define PACKAGE_STRING "GNU Awk Bundled Extensions 5.2.0"
| #define PACKAGE_BUGREPORT "bug-gawk@gnu.org"
| #define PACKAGE_URL "https://www.gnu.org/software/gawk-extensions/"
| #define PACKAGE "gawk-extensions"
| #define VERSION "5.2.0"
| #define HAVE_STDIO_H 1
| #define HAVE_STDLIB_H 1
| #define HAVE_STRING_H 1
| #define HAVE_INTTYPES_H 1
| #define HAVE_STDINT_H 1
| #define HAVE_STRINGS_H 1
| #define HAVE_SYS_STAT_H 1
| #define HAVE_SYS_TYPES_H 1
| #define HAVE_UNISTD_H 1
| #define HAVE_WCHAR_H 1
| #define HAVE_SYS_TIME_H 1
| #define STDC_HEADERS 1
| #define _ALL_SOURCE 1
| #define _DARWIN_C_SOURCE 1
| #define _GNU_SOURCE 1
| #define _HPUX_ALT_XOPEN_SOCKET_API 1
| #define _NETBSD_SOURCE 1
| #define _OPENBSD_SOURCE 1
| #define _POSIX_PTHREAD_SEMANTICS 1
| #define __STDC_WANT_IEC_60559_ATTRIBS_EXT__ 1
| #define __STDC_WANT_IEC_60559_BFP_EXT__ 1
| #define __STDC_WANT_IEC_60559_DFP_EXT__ 1
| #define __STDC_WANT_IEC_60559_FUNCS_EXT__ 1
| #define __STDC_WANT_IEC_60559_TYPES_EXT__ 1
| #define __STDC_WANT_LIB_EXT2__ 1
| #define __STDC_WANT_MATH_SPEC_FUNCS__ 1
| #define _TANDEM_SOURCE 1
| #define __EXTENSIONS__ 1
| #define HAVE_LANGINFO_CODESET 1
| #define HAVE_LC_MESSAGES 1
| #define HAVE_STRUCT_STAT_ST_BLKSIZE 1
| #define HAVE_DLFCN_H 1
| #define LT_OBJDIR ".libs/"
| #define HAVE_FNMATCH_H 1
| #define HAVE_LIMITS_H 1
| #define HAVE_SYS_PARAM_H 1
| #define HAVE_SYS_SELECT_H 1
| #define HAVE_SYS_STATVFS_H 1
| #define HAVE_SYS_SYSMACROS_H 1
| #define HAVE_SYS_TIME_H 1
| #define HAVE_DIRENT_H 1
| /* end confdefs.h.  */
| 
| /* Override any GCC internal prototype to avoid an error.
|    Use char because int might match the return type of a GCC
|    builtin and then its argument prototype would still apply.  */
| char fmod ();
| int
| main (void)
| {
| return fmod ();
|   ;
|   return 0;
| }
configure:13778: /usr/bin/gcc -o conftest -O2 -I/workspaces/labsisop-buildroot/output/host/include -Wall -I/workspaces/labsisop-buildroot/output/host/include -L/workspaces/labsisop-buildroot/output/host/lib -Wl,-rpath,/workspaces/labsisop-buildroot/output/host/lib conftest.c -lm   >&5
conftest.c:56:6: warning: conflicting types for built-in function 'fmod'; expected 'double(double,  double)' [-Wbuiltin-declaration-mismatch]
   56 | char fmod ();
      |      ^~~~
conftest.c:1:1: note: 'fmod' is declared in header '<math.h>'
    1 | /* confdefs.h */
configure:13778: $? = 0
configure:13798: result: -lm
configure:13807: checking for fdopendir
configure:13807: /usr/bin/gcc -o conftest -O2 -I/workspaces/labsisop-buildroot/output/host/include -Wall -I/workspaces/labsisop-buildroot/output/host/include -L/workspaces/labsisop-buildroot/output/host/lib -Wl,-rpath,/workspaces/labsisop-buildroot/output/host/lib conftest.c -lm  >&5
configure:13807: $? = 0
configure:13807: result: yes
configure:13813: checking for fmod
configure:13813: /usr/bin/gcc -o conftest -O2 -I/workspaces/labsisop-buildroot/output/host/include -Wall -I/workspaces/labsisop-buildroot/output/host/include -L/workspaces/labsisop-buildroot/output/host/lib -Wl,-rpath,/workspaces/labsisop-buildroot/output/host/lib conftest.c -lm  >&5
conftest.c:69:6: warning: conflicting types for built-in function 'fmod'; expected 'double(double,  double)' [-Wbuiltin-declaration-mismatch]
   69 | char fmod ();
      |      ^~~~
conftest.c:61:1: note: 'fmod' is declared in header '<math.h>'
   60 | #include <limits.h>
   61 | #undef fmod
configure:13813: $? = 0
configure:13813: result: yes
configure:13819: checking for fnmatch
configure:13819: /usr/bin/gcc -o conftest -O2 -I/workspaces/labsisop-buildroot/output/host/include -Wall -I/workspaces/labsisop-buildroot/output/host/include -L/workspaces/labsisop-buildroot/output/host/lib -Wl,-rpath,/workspaces/labsisop-buildroot/output/host/lib conftest.c -lm  >&5
configure:13819: $? = 0
configure:13819: result: yes
configure:13825: checking for getdtablesize
configure:13825: /usr/bin/gcc -o conftest -O2 -I/workspaces/labsisop-buildroot/output/host/include -Wall -I/workspaces/labsisop-buildroot/output/host/include -L/workspaces/labsisop-buildroot/output/host/lib -Wl,-rpath,/workspaces/labsisop-buildroot/output/host/lib conftest.c -lm  >&5
configure:13825: $? = 0
configure:13825: result: yes
configure:13831: checking for gettimeofday
configure:13831: /usr/bin/gcc -o conftest -O2 -I/workspaces/labsisop-buildroot/output/host/include -Wall -I/workspaces/labsisop-buildroot/output/host/include -L/workspaces/labsisop-buildroot/output/host/lib -Wl,-rpath,/workspaces/labsisop-buildroot/output/host/lib conftest.c -lm  >&5
configure:13831: $? = 0
configure:13831: result: yes
configure:13837: checking for nanosleep
configure:13837: /usr/bin/gcc -o conftest -O2 -I/workspaces/labsisop-buildroot/output/host/include -Wall -I/workspaces/labsisop-buildroot/output/host/include -L/workspaces/labsisop-buildroot/output/host/lib -Wl,-rpath,/workspaces/labsisop-buildroot/output/host/lib conftest.c -lm  >&5
configure:13837: $? = 0
configure:13837: result: yes
configure:13843: checking for select
configure:13843: /usr/bin/gcc -o conftest -O2 -I/workspaces/labsisop-buildroot/output/host/include -Wall -I/workspaces/labsisop-buildroot/output/host/include -L/workspaces/labsisop-buildroot/output/host/lib -Wl,-rpath,/workspaces/labsisop-buildroot/output/host/lib conftest.c -lm  >&5
configure:13843: $? = 0
configure:13843: result: yes
configure:13849: checking for statvfs
configure:13849: /usr/bin/gcc -o conftest -O2 -I/workspaces/labsisop-buildroot/output/host/include -Wall -I/workspaces/labsisop-buildroot/output/host/include -L/workspaces/labsisop-buildroot/output/host/lib -Wl,-rpath,/workspaces/labsisop-buildroot/output/host/lib conftest.c -lm  >&5
configure:13849: $? = 0
configure:13849: result: yes
configure:13855: checking for GetSystemTimeAsFileTime
configure:13855: /usr/bin/gcc -o conftest -O2 -I/workspaces/labsisop-buildroot/output/host/include -Wall -I/workspaces/labsisop-buildroot/output/host/include -L/workspaces/labsisop-buildroot/output/host/lib -Wl,-rpath,/workspaces/labsisop-buildroot/output/host/lib conftest.c -lm  >&5
/usr/bin/ld: /tmp/ccxvyjou.o: in function `main':
conftest.c:(.text.startup+0xb): undefined reference to `GetSystemTimeAsFileTime'
collect2: error: ld returned 1 exit status
configure:13855: $? = 1
configure: failed program was:
| /* confdefs.h */
| #define PACKAGE_NAME "GNU Awk Bundled Extensions"
| #define PACKAGE_TARNAME "gawk-extensions"
| #define PACKAGE_VERSION "5.2.0"
| #define PACKAGE_STRING "GNU Awk Bundled Extensions 5.2.0"
| #define PACKAGE_BUGREPORT "bug-gawk@gnu.org"
| #define PACKAGE_URL "https://www.gnu.org/software/gawk-extensions/"
| #define PACKAGE "gawk-extensions"
| #define VERSION "5.2.0"
| #define HAVE_STDIO_H 1
| #define HAVE_STDLIB_H 1
| #define HAVE_STRING_H 1
| #define HAVE_INTTYPES_H 1
| #define HAVE_STDINT_H 1
| #define HAVE_STRINGS_H 1
| #define HAVE_SYS_STAT_H 1
| #define HAVE_SYS_TYPES_H 1
| #define HAVE_UNISTD_H 1
| #define HAVE_WCHAR_H 1
| #define HAVE_SYS_TIME_H 1
| #define STDC_HEADERS 1
| #define _ALL_SOURCE 1
| #define _DARWIN_C_SOURCE 1
| #define _GNU_SOURCE 1
| #define _HPUX_ALT_XOPEN_SOCKET_API 1
| #define _NETBSD_SOURCE 1
| #define _OPENBSD_SOURCE 1
| #define _POSIX_PTHREAD_SEMANTICS 1
| #define __STDC_WANT_IEC_60559_ATTRIBS_EXT__ 1
| #define __STDC_WANT_IEC_60559_BFP_EXT__ 1
| #define __STDC_WANT_IEC_60559_DFP_EXT__ 1
| #define __STDC_WANT_IEC_60559_FUNCS_EXT__ 1
| #define __STDC_WANT_IEC_60559_TYPES_EXT__ 1
| #define __STDC_WANT_LIB_EXT2__ 1
| #define __STDC_WANT_MATH_SPEC_FUNCS__ 1
| #define _TANDEM_SOURCE 1
| #define __EXTENSIONS__ 1
| #define HAVE_LANGINFO_CODESET 1
| #define HAVE_LC_MESSAGES 1
| #define HAVE_STRUCT_STAT_ST_BLKSIZE 1
| #define HAVE_DLFCN_H 1
| #define LT_OBJDIR ".libs/"
| #define HAVE_FNMATCH_H 1
| #define HAVE_LIMITS_H 1
| #define HAVE_SYS_PARAM_H 1
| #define HAVE_SYS_SELECT_H 1
| #define HAVE_SYS_STATVFS_H 1
| #define HAVE_SYS_SYSMACROS_H 1
| #define HAVE_SYS_TIME_H 1
| #define HAVE_DIRENT_H 1
| #define HAVE_FDOPENDIR 1
| #define HAVE_FMOD 1
| #define HAVE_FNMATCH 1
| #define HAVE_GETDTABLESIZE 1
| #define HAVE_GETTIMEOFDAY 1
| #define HAVE_NANOSLEEP 1
| #define HAVE_SELECT 1
| #define HAVE_STATVFS 1
| /* end confdefs.h.  */
| /* Define GetSystemTimeAsFileTime to an innocuous variant, in case <limits.h> declares GetSystemTimeAsFileTime.
|    For example, HP-UX 11i <limits.h> declares gettimeofday.  */
| #define GetSystemTimeAsFileTime innocuous_GetSystemTimeAsFileTime
| 
| /* System header to define __stub macros and hopefully few prototypes,
|    which can conflict with char GetSystemTimeAsFileTime (); below.  */
| 
| #include <limits.h>
| #undef GetSystemTimeAsFileTime
| 
| /* Override any GCC internal prototype to avoid an error.
|    Use char because int might match the return type of a GCC
|    builtin and then its argument prototype would still apply.  */
| #ifdef __cplusplus
| extern "C"
| #endif
| char GetSystemTimeAsFileTime ();
| /* The GNU C library defines this for functions which it implements
|     to always fail with ENOSYS.  Some functions are actually named
|     something starting with __ and the normal name is an alias.  */
| #if defined __stub_GetSystemTimeAsFileTime || defined __stub___GetSystemTimeAsFileTime
| choke me
| #endif
| 
| int
| main (void)
| {
| return GetSystemTimeAsFileTime ();
|   ;
|   return 0;
| }
configure:13855: result: no
configure:13863: checking for /usr/bin/gcc options needed to detect all undeclared functions
configure:13885: /usr/bin/gcc -c -O2 -I/workspaces/labsisop-buildroot/output/host/include -Wall  -I/workspaces/labsisop-buildroot/output/host/include conftest.c >&5
conftest.c: In function 'main':
conftest.c:64:8: error: 'strchr' undeclared (first use in this function)
   64 | (void) strchr;
      |        ^~~~~~
conftest.c:1:1: note: 'strchr' is defined in header '<string.h>'; did you forget to '#include <string.h>'?
    1 | /* confdefs.h */
conftest.c:64:8: note: each undeclared identifier is reported only once for each function it appears in
   64 | (void) strchr;
      |        ^~~~~~
configure:13885: $? = 1
configure: failed program was:
| /* confdefs.h */
| #define PACKAGE_NAME "GNU Awk Bundled Extensions"
| #define PACKAGE_TARNAME "gawk-extensions"
| #define PACKAGE_VERSION "5.2.0"
| #define PACKAGE_STRING "GNU Awk Bundled Extensions 5.2.0"
| #define PACKAGE_BUGREPORT "bug-gawk@gnu.org"
| #define PACKAGE_URL "https://www.gnu.org/software/gawk-extensions/"
| #define PACKAGE "gawk-extensions"
| #define VERSION "5.2.0"
| #define HAVE_STDIO_H 1
| #define HAVE_STDLIB_H 1
| #define HAVE_STRING_H 1
| #define HAVE_INTTYPES_H 1
| #define HAVE_STDINT_H 1
| #define HAVE_STRINGS_H 1
| #define HAVE_SYS_STAT_H 1
| #define HAVE_SYS_TYPES_H 1
| #define HAVE_UNISTD_H 1
| #define HAVE_WCHAR_H 1
| #define HAVE_SYS_TIME_H 1
| #define STDC_HEADERS 1
| #define _ALL_SOURCE 1
| #define _DARWIN_C_SOURCE 1
| #define _GNU_SOURCE 1
| #define _HPUX_ALT_XOPEN_SOCKET_API 1
| #define _NETBSD_SOURCE 1
| #define _OPENBSD_SOURCE 1
| #define _POSIX_PTHREAD_SEMANTICS 1
| #define __STDC_WANT_IEC_60559_ATTRIBS_EXT__ 1
| #define __STDC_WANT_IEC_60559_BFP_EXT__ 1
| #define __STDC_WANT_IEC_60559_DFP_EXT__ 1
| #define __STDC_WANT_IEC_60559_FUNCS_EXT__ 1
| #define __STDC_WANT_IEC_60559_TYPES_EXT__ 1
| #define __STDC_WANT_LIB_EXT2__ 1
| #define __STDC_WANT_MATH_SPEC_FUNCS__ 1
| #define _TANDEM_SOURCE 1
| #define __EXTENSIONS__ 1
| #define HAVE_LANGINFO_CODESET 1
| #define HAVE_LC_MESSAGES 1
| #define HAVE_STRUCT_STAT_ST_BLKSIZE 1
| #define HAVE_DLFCN_H 1
| #define LT_OBJDIR ".libs/"
| #define HAVE_FNMATCH_H 1
| #define HAVE_LIMITS_H 1
| #define HAVE_SYS_PARAM_H 1
| #define HAVE_SYS_SELECT_H 1
| #define HAVE_SYS_STATVFS_H 1
| #define HAVE_SYS_SYSMACROS_H 1
| #define HAVE_SYS_TIME_H 1
| #define HAVE_DIRENT_H 1
| #define HAVE_FDOPENDIR 1
| #define HAVE_FMOD 1
| #define HAVE_FNMATCH 1
| #define HAVE_GETDTABLESIZE 1
| #define HAVE_GETTIMEOFDAY 1
| #define HAVE_NANOSLEEP 1
| #define HAVE_SELECT 1
| #define HAVE_STATVFS 1
| /* end confdefs.h.  */
| 
| int
| main (void)
| {
| (void) strchr;
|   ;
|   return 0;
| }
configure:13912: /usr/bin/gcc -c -O2 -I/workspaces/labsisop-buildroot/output/host/include -Wall  -I/workspaces/labsisop-buildroot/output/host/include conftest.c >&5
configure:13912: $? = 0
configure:13929: result: none needed
configure:13947: checking for dirfd
configure:13947: /usr/bin/gcc -o conftest -O2 -I/workspaces/labsisop-buildroot/output/host/include -Wall -I/workspaces/labsisop-buildroot/output/host/include -L/workspaces/labsisop-buildroot/output/host/lib -Wl,-rpath,/workspaces/labsisop-buildroot/output/host/lib conftest.c -lm  >&5
configure:13947: $? = 0
configure:13947: result: yes
configure:13954: checking whether dirfd is declared
configure:13954: /usr/bin/gcc -c -O2 -I/workspaces/labsisop-buildroot/output/host/include -Wall  -I/workspaces/labsisop-buildroot/output/host/include conftest.c >&5
configure:13954: $? = 0
configure:13954: result: yes
configure:13969: checking whether dirfd is a macro
configure:13994: result: no
configure:14006: checking how to get the file descriptor associated with an open DIR*
configure:14030: /usr/bin/gcc -c -O2 -I/workspaces/labsisop-buildroot/output/host/include -Wall -DDIR_FD_MEMBER_NAME=d_fd -I/workspaces/labsisop-buildroot/output/host/include conftest.c >&5
conftest.c: In function 'main':
conftest.c:68:40: error: dereferencing pointer to incomplete type 'DIR' {aka 'struct __dirstream'}
   68 | DIR *dir_p = opendir("."); (void) dir_p->DIR_FD_MEMBER_NAME;
      |                                        ^~
configure:14030: $? = 1
configure: failed program was:
| /* confdefs.h */
| #define PACKAGE_NAME "GNU Awk Bundled Extensions"
| #define PACKAGE_TARNAME "gawk-extensions"
| #define PACKAGE_VERSION "5.2.0"
| #define PACKAGE_STRING "GNU Awk Bundled Extensions 5.2.0"
| #define PACKAGE_BUGREPORT "bug-gawk@gnu.org"
| #define PACKAGE_URL "https://www.gnu.org/software/gawk-extensions/"
| #define PACKAGE "gawk-extensions"
| #define VERSION "5.2.0"
| #define HAVE_STDIO_H 1
| #define HAVE_STDLIB_H 1
| #define HAVE_STRING_H 1
| #define HAVE_INTTYPES_H 1
| #define HAVE_STDINT_H 1
| #define HAVE_STRINGS_H 1
| #define HAVE_SYS_STAT_H 1
| #define HAVE_SYS_TYPES_H 1
| #define HAVE_UNISTD_H 1
| #define HAVE_WCHAR_H 1
| #define HAVE_SYS_TIME_H 1
| #define STDC_HEADERS 1
| #define _ALL_SOURCE 1
| #define _DARWIN_C_SOURCE 1
| #define _GNU_SOURCE 1
| #define _HPUX_ALT_XOPEN_SOCKET_API 1
| #define _NETBSD_SOURCE 1
| #define _OPENBSD_SOURCE 1
| #define _POSIX_PTHREAD_SEMANTICS 1
| #define __STDC_WANT_IEC_60559_ATTRIBS_EXT__ 1
| #define __STDC_WANT_IEC_60559_BFP_EXT__ 1
| #define __STDC_WANT_IEC_60559_DFP_EXT__ 1
| #define __STDC_WANT_IEC_60559_FUNCS_EXT__ 1
| #define __STDC_WANT_IEC_60559_TYPES_EXT__ 1
| #define __STDC_WANT_LIB_EXT2__ 1
| #define __STDC_WANT_MATH_SPEC_FUNCS__ 1
| #define _TANDEM_SOURCE 1
| #define __EXTENSIONS__ 1
| #define HAVE_LANGINFO_CODESET 1
| #define HAVE_LC_MESSAGES 1
| #define HAVE_STRUCT_STAT_ST_BLKSIZE 1
| #define HAVE_DLFCN_H 1
| #define LT_OBJDIR ".libs/"
| #define HAVE_FNMATCH_H 1
| #define HAVE_LIMITS_H 1
| #define HAVE_SYS_PARAM_H 1
| #define HAVE_SYS_SELECT_H 1
| #define HAVE_SYS_STATVFS_H 1
| #define HAVE_SYS_SYSMACROS_H 1
| #define HAVE_SYS_TIME_H 1
| #define HAVE_DIRENT_H 1
| #define HAVE_FDOPENDIR 1
| #define HAVE_FMOD 1
| #define HAVE_FNMATCH 1
| #define HAVE_GETDTABLESIZE 1
| #define HAVE_GETTIMEOFDAY 1
| #define HAVE_NANOSLEEP 1
| #define HAVE_SELECT 1
| #define HAVE_STATVFS 1
| #define HAVE_DIRFD 1
| #define HAVE_DECL_DIRFD 1
| /* end confdefs.h.  */
| 
|            #include <sys/types.h>
|            #include <dirent.h>
| int
| main (void)
| {
| DIR *dir_p = opendir("."); (void) dir_p->DIR_FD_MEMBER_NAME;
|   ;
|   return 0;
| }
configure:14030: /usr/bin/gcc -c -O2 -I/workspaces/labsisop-buildroot/output/host/include -Wall -DDIR_FD_MEMBER_NAME=dd_fd -I/workspaces/labsisop-buildroot/output/host/include conftest.c >&5
conftest.c: In function 'main':
conftest.c:68:40: error: dereferencing pointer to incomplete type 'DIR' {aka 'struct __dirstream'}
   68 | DIR *dir_p = opendir("."); (void) dir_p->DIR_FD_MEMBER_NAME;
      |                                        ^~
configure:14030: $? = 1
configure: failed program was:
| /* confdefs.h */
| #define PACKAGE_NAME "GNU Awk Bundled Extensions"
| #define PACKAGE_TARNAME "gawk-extensions"
| #define PACKAGE_VERSION "5.2.0"
| #define PACKAGE_STRING "GNU Awk Bundled Extensions 5.2.0"
| #define PACKAGE_BUGREPORT "bug-gawk@gnu.org"
| #define PACKAGE_URL "https://www.gnu.org/software/gawk-extensions/"
| #define PACKAGE "gawk-extensions"
| #define VERSION "5.2.0"
| #define HAVE_STDIO_H 1
| #define HAVE_STDLIB_H 1
| #define HAVE_STRING_H 1
| #define HAVE_INTTYPES_H 1
| #define HAVE_STDINT_H 1
| #define HAVE_STRINGS_H 1
| #define HAVE_SYS_STAT_H 1
| #define HAVE_SYS_TYPES_H 1
| #define HAVE_UNISTD_H 1
| #define HAVE_WCHAR_H 1
| #define HAVE_SYS_TIME_H 1
| #define STDC_HEADERS 1
| #define _ALL_SOURCE 1
| #define _DARWIN_C_SOURCE 1
| #define _GNU_SOURCE 1
| #define _HPUX_ALT_XOPEN_SOCKET_API 1
| #define _NETBSD_SOURCE 1
| #define _OPENBSD_SOURCE 1
| #define _POSIX_PTHREAD_SEMANTICS 1
| #define __STDC_WANT_IEC_60559_ATTRIBS_EXT__ 1
| #define __STDC_WANT_IEC_60559_BFP_EXT__ 1
| #define __STDC_WANT_IEC_60559_DFP_EXT__ 1
| #define __STDC_WANT_IEC_60559_FUNCS_EXT__ 1
| #define __STDC_WANT_IEC_60559_TYPES_EXT__ 1
| #define __STDC_WANT_LIB_EXT2__ 1
| #define __STDC_WANT_MATH_SPEC_FUNCS__ 1
| #define _TANDEM_SOURCE 1
| #define __EXTENSIONS__ 1
| #define HAVE_LANGINFO_CODESET 1
| #define HAVE_LC_MESSAGES 1
| #define HAVE_STRUCT_STAT_ST_BLKSIZE 1
| #define HAVE_DLFCN_H 1
| #define LT_OBJDIR ".libs/"
| #define HAVE_FNMATCH_H 1
| #define HAVE_LIMITS_H 1
| #define HAVE_SYS_PARAM_H 1
| #define HAVE_SYS_SELECT_H 1
| #define HAVE_SYS_STATVFS_H 1
| #define HAVE_SYS_SYSMACROS_H 1
| #define HAVE_SYS_TIME_H 1
| #define HAVE_DIRENT_H 1
| #define HAVE_FDOPENDIR 1
| #define HAVE_FMOD 1
| #define HAVE_FNMATCH 1
| #define HAVE_GETDTABLESIZE 1
| #define HAVE_GETTIMEOFDAY 1
| #define HAVE_NANOSLEEP 1
| #define HAVE_SELECT 1
| #define HAVE_STATVFS 1
| #define HAVE_DIRFD 1
| #define HAVE_DECL_DIRFD 1
| /* end confdefs.h.  */
| 
|            #include <sys/types.h>
|            #include <dirent.h>
| int
| main (void)
| {
| DIR *dir_p = opendir("."); (void) dir_p->DIR_FD_MEMBER_NAME;
|   ;
|   return 0;
| }
configure:14045: result: no_such_member
configure:14055: checking for inline
configure:14072: /usr/bin/gcc -c -O2 -I/workspaces/labsisop-buildroot/output/host/include -Wall -I/workspaces/labsisop-buildroot/output/host/include conftest.c >&5
configure:14072: $? = 0
configure:14081: result: inline
configure:14207: checking that generated files are newer than configure
configure:14213: result: done
configure:14236: creating ./config.status

## ---------------------- ##
## Running config.status. ##
## ---------------------- ##

This file was extended by GNU Awk Bundled Extensions config.status 5.2.0, which was
generated by GNU Autoconf 2.71.  Invocation command line was

  CONFIG_FILES    = 
  CONFIG_HEADERS  = 
  CONFIG_LINKS    = 
  CONFIG_COMMANDS = 
  $ ./config.status 

on codespaces-1ee735

config.status:1149: creating Makefile
config.status:1149: creating po/Makefile.in
config.status:1149: creating config.h
config.status:1378: executing depfiles commands
config.status:1378: executing po-directories commands
config.status:1378: executing libtool commands

## ---------------- ##
## Cache variables. ##
## ---------------- ##

ac_cv_build=x86_64-pc-linux-gnu
ac_cv_c_compiler_gnu=yes
ac_cv_c_inline=inline
ac_cv_c_undeclared_builtin_options='none needed'
ac_cv_env_CC_set=set
ac_cv_env_CC_value=/usr/bin/gcc
ac_cv_env_CFLAGS_set=set
ac_cv_env_CFLAGS_value='-O2 -I/workspaces/labsisop-buildroot/output/host/include'
ac_cv_env_CPPFLAGS_set=set
ac_cv_env_CPPFLAGS_value=-I/workspaces/labsisop-buildroot/output/host/include
ac_cv_env_CPP_set=set
ac_cv_env_CPP_value=/usr/bin/cpp
ac_cv_env_LDFLAGS_set=set
ac_cv_env_LDFLAGS_value='-L/workspaces/labsisop-buildroot/output/host/lib -Wl,-rpath,/workspaces/labsisop-buildroot/output/host/lib'
ac_cv_env_LIBS_set=
ac_cv_env_LIBS_value=
ac_cv_env_LT_SYS_LIBRARY_PATH_set=
ac_cv_env_LT_SYS_LIBRARY_PATH_value=
ac_cv_env_build_alias_set=
ac_cv_env_build_alias_value=
ac_cv_env_host_alias_set=
ac_cv_env_host_alias_value=
ac_cv_env_target_alias_set=
ac_cv_env_target_alias_value=
ac_cv_func_GetSystemTimeAsFileTime=no
ac_cv_func_dirfd=yes
ac_cv_func_fdopendir=yes
ac_cv_func_fmod=yes
ac_cv_func_fnmatch=yes
ac_cv_func_getdtablesize=yes
ac_cv_func_gettimeofday=yes
ac_cv_func_nanosleep=yes
ac_cv_func_select=yes
ac_cv_func_statvfs=yes
ac_cv_have_decl_dirfd=yes
ac_cv_header_dirent_dirent_h=yes
ac_cv_header_dlfcn_h=yes
ac_cv_header_fnmatch_h=yes
ac_cv_header_inttypes_h=yes
ac_cv_header_limits_h=yes
ac_cv_header_minix_config_h=no
ac_cv_header_stdint_h=yes
ac_cv_header_stdio_h=yes
ac_cv_header_stdlib_h=yes
ac_cv_header_string_h=yes
ac_cv_header_strings_h=yes
ac_cv_header_sys_mkdev_h=no
ac_cv_header_sys_param_h=yes
ac_cv_header_sys_select_h=yes
ac_cv_header_sys_stat_h=yes
ac_cv_header_sys_statvfs_h=yes
ac_cv_header_sys_sysmacros_h=yes
ac_cv_header_sys_time_h=yes
ac_cv_header_sys_types_h=yes
ac_cv_header_unistd_h=yes
ac_cv_header_wchar_h=yes
ac_cv_host=x86_64-pc-linux-gnu
ac_cv_member_struct_stat_st_blksize=yes
ac_cv_objext=o
ac_cv_path_EGREP='/usr/bin/grep -E'
ac_cv_path_FGREP='/usr/bin/grep -F'
ac_cv_path_GMSGFMT=/usr/bin/msgfmt
ac_cv_path_GREP=/usr/bin/grep
ac_cv_path_MSGFMT=/usr/bin/msgfmt
ac_cv_path_MSGMERGE=/usr/bin/msgmerge
ac_cv_path_SED=/usr/bin/sed
ac_cv_path_XGETTEXT=/usr/bin/xgettext
ac_cv_path_lt_DD=/usr/bin/dd
ac_cv_path_mkdir=/usr/bin/mkdir
ac_cv_prog_AWK=gawk
ac_cv_prog_CPP=/usr/bin/cpp
ac_cv_prog_ac_ct_CC=/usr/bin/gcc
ac_cv_prog_ac_ct_FILECMD=file
ac_cv_prog_ac_ct_MANIFEST_TOOL=mt
ac_cv_prog_ac_ct_OBJDUMP=objdump
ac_cv_prog_ac_ct_RANLIB=/usr/bin/ranlib
ac_cv_prog_ac_ct_STRIP=strip
ac_cv_prog_cc_c11=
ac_cv_prog_cc_g=yes
ac_cv_prog_cc_stdc=
ac_cv_prog_make_make_set=yes
ac_cv_safe_to_define___extensions__=yes
ac_cv_search_fmod=-lm
ac_cv_search_opendir='none required'
ac_cv_should_define__xopen_source=no
ac_cv_sys_file_offset_bits=no
ac_cv_sys_largefile_CC=no
ac_cv_zos_uss=no
acl_cv_hardcode_direct=no
acl_cv_hardcode_libdir_flag_spec='${wl}-rpath ${wl}$libdir'
acl_cv_hardcode_libdir_separator=
acl_cv_hardcode_minus_L=no
acl_cv_libdirstems=lib,lib,lib64
acl_cv_libext=a
acl_cv_libname_spec='lib$name'
acl_cv_library_names_spec='$libname$shrext'
acl_cv_prog_gnu_ld=yes
acl_cv_rpath=done
acl_cv_shlibext=so
acl_cv_wl=-Wl,
am_cv_CC_dependencies_compiler_type=none
am_cv_ar_interface=ar
am_cv_langinfo_codeset=yes
am_cv_make_support_nested_variables=yes
am_cv_prog_cc_c_o=yes
gl_cv_elf=yes
gl_cv_func_dirfd_macro=no
gl_cv_host_cpu_c_abi_32bit=no
gl_cv_sys_dir_fd_member_name=no_such_member
gt_cv_func_CFLocaleCopyPreferredLanguages=no
gt_cv_func_CFPreferencesCopyAppValue=no
gt_cv_val_LC_MESSAGES=yes
lt_cv_ar_at_file=@
lt_cv_archive_cmds_need_lc=no
lt_cv_deplibs_check_method=pass_all
lt_cv_file_magic_cmd='$MAGIC_CMD'
lt_cv_file_magic_test_file=
lt_cv_ld_reload_flag=-r
lt_cv_nm_interface='BSD nm'
lt_cv_objdir=.libs
lt_cv_path_LD=/usr/bin/ld
lt_cv_path_NM=/usr/bin/nm
lt_cv_path_mainfest_tool=no
lt_cv_prog_compiler_c_o=yes
lt_cv_prog_compiler_pic='-fPIC -DPIC'
lt_cv_prog_compiler_pic_works=yes
lt_cv_prog_compiler_rtti_exceptions=no
lt_cv_prog_compiler_static_works=yes
lt_cv_prog_gnu_ld=yes
lt_cv_sharedlib_from_linklib_cmd='printf %s\n'
lt_cv_shlibpath_overrides_runpath=yes
lt_cv_sys_global_symbol_pipe='/usr/bin/sed -n -e '\''s/^.*[	 ]\([ABCDGIRSTW][ABCDGIRSTW]*\)[	 ][	 ]*\([_A-Za-z][_A-Za-z0-9]*\)$/\1 \2 \2/p'\'' | /usr/bin/sed '\''/ __gnu_lto/d'\'''
lt_cv_sys_global_symbol_to_c_name_address='/usr/bin/sed -n -e '\''s/^: \(.*\) .*$/  {"\1", (void *) 0},/p'\'' -e '\''s/^[ABCDGIRSTW][ABCDGIRSTW]* .* \(.*\)$/  {"\1", (void *) \&\1},/p'\'''
lt_cv_sys_global_symbol_to_c_name_address_lib_prefix='/usr/bin/sed -n -e '\''s/^: \(.*\) .*$/  {"\1", (void *) 0},/p'\'' -e '\''s/^[ABCDGIRSTW][ABCDGIRSTW]* .* \(lib.*\)$/  {"\1", (void *) \&\1},/p'\'' -e '\''s/^[ABCDGIRSTW][ABCDGIRSTW]* .* \(.*\)$/  {"lib\1", (void *) \&\1},/p'\'''
lt_cv_sys_global_symbol_to_cdecl='/usr/bin/sed -n -e '\''s/^T .* \(.*\)$/extern int \1();/p'\'' -e '\''s/^[ABCDGIRSTW][ABCDGIRSTW]* .* \(.*\)$/extern char \1;/p'\'''
lt_cv_sys_global_symbol_to_import=
lt_cv_sys_max_cmd_len=1572864
lt_cv_to_host_file_cmd=func_convert_file_noop
lt_cv_to_tool_file_cmd=func_convert_file_noop
lt_cv_truncate_bin='/usr/bin/dd bs=4096 count=1'

## ----------------- ##
## Output variables. ##
## ----------------- ##

ACLOCAL='${SHELL} '\''/workspaces/labsisop-buildroot/output/build/host-gawk-5.2.0/build-aux/missing'\'' aclocal-1.16'
AMDEPBACKSLASH=''
AMDEP_FALSE=''
AMDEP_TRUE='#'
AMTAR='$${TAR-tar}'
AM_BACKSLASH='\'
AM_DEFAULT_V='$(AM_DEFAULT_VERBOSITY)'
AM_DEFAULT_VERBOSITY='1'
AM_V='$(V)'
AR='/usr/bin/ar'
AS='/usr/bin/as'
AUTOCONF='${SHELL} '\''/workspaces/labsisop-buildroot/output/build/host-gawk-5.2.0/build-aux/missing'\'' autoconf'
AUTOHEADER='${SHELL} '\''/workspaces/labsisop-buildroot/output/build/host-gawk-5.2.0/build-aux/missing'\'' autoheader'
AUTOMAKE='${SHELL} '\''/workspaces/labsisop-buildroot/output/build/host-gawk-5.2.0/build-aux/missing'\'' automake-1.16'
AWK='gawk'
CC='/usr/bin/gcc'
CCDEPMODE='depmode=none'
CFLAGS='-O2 -I/workspaces/labsisop-buildroot/output/host/include -Wall'
CPP='/usr/bin/cpp'
CPPFLAGS='-I/workspaces/labsisop-buildroot/output/host/include'
CSCOPE='cscope'
CTAGS='ctags'
CYGPATH_W='echo'
DEFS='-DHAVE_CONFIG_H'
DEPDIR='.deps'
DLLTOOL='false'
DSYMUTIL=''
DUMPBIN=''
ECHO_C=''
ECHO_N='-n'
ECHO_T=''
EGREP='/usr/bin/grep -E'
ETAGS='etags'
EXEEXT=''
FGREP='/usr/bin/grep -F'
FILECMD='file'
GETTEXT_MACRO_VERSION='0.20'
GMSGFMT='/usr/bin/msgfmt'
GMSGFMT_015='/usr/bin/msgfmt'
GREP='/usr/bin/grep'
INSTALL_DATA='${INSTALL} -m 644'
INSTALL_PROGRAM='${INSTALL}'
INSTALL_SCRIPT='${INSTALL}'
INSTALL_STRIP_PROGRAM='$(install_sh) -c -s'
INTLLIBS=''
INTL_MACOSX_LIBS=''
LD='/usr/bin/ld -m elf_x86_64'
LDFLAGS='-L/workspaces/labsisop-buildroot/output/host/lib -Wl,-rpath,/workspaces/labsisop-buildroot/output/host/lib'
LIBICONV='-liconv'
LIBINTL=''
LIBMPFR=''
LIBOBJS=''
LIBS='-lm '
LIBTOOL='$(SHELL) $(top_builddir)/libtool'
LIPO=''
LN_S='ln -s'
LTLIBICONV='-liconv'
LTLIBINTL=''
LTLIBOBJS=''
LT_SYS_LIBRARY_PATH=''
MAKEINFO='${SHELL} '\''/workspaces/labsisop-buildroot/output/build/host-gawk-5.2.0/build-aux/missing'\'' makeinfo'
MANIFEST_TOOL=':'
MKDIR_P='/usr/bin/mkdir -p'
MSGFMT='/usr/bin/msgfmt'
MSGMERGE='/usr/bin/msgmerge'
MSGMERGE_FOR_MSGFMT_OPTION='--no-fuzzy-matching --no-location --quiet'
NM='/usr/bin/nm'
NMEDIT=''
OBJDUMP='objdump'
OBJEXT='o'
OTOOL64=''
OTOOL=''
PACKAGE='gawk-extensions'
PACKAGE_BUGREPORT='bug-gawk@gnu.org'
PACKAGE_NAME='GNU Awk Bundled Extensions'
PACKAGE_STRING='GNU Awk Bundled Extensions 5.2.0'
PACKAGE_TARNAME='gawk-extensions'
PACKAGE_URL='https://www.gnu.org/software/gawk-extensions/'
PACKAGE_VERSION='5.2.0'
PATH_SEPARATOR=':'
POSUB=''
RANLIB='/usr/bin/ranlib'
SED='/usr/bin/sed'
SET_MAKE=''
SHELL='/bin/bash'
STRIP='strip'
USE_NLS='no'
VERSION='5.2.0'
XGETTEXT='/usr/bin/xgettext'
XGETTEXT_015='/usr/bin/xgettext'
XGETTEXT_EXTRA_OPTIONS=''
ac_ct_AR=''
ac_ct_CC='/usr/bin/gcc'
ac_ct_DUMPBIN=''
am__EXEEXT_FALSE=''
am__EXEEXT_TRUE='#'
am__fastdepCC_FALSE=''
am__fastdepCC_TRUE='#'
am__include='include'
am__isrc=''
am__leading_dot='.'
am__nodep=''
am__quote=''
am__tar='$${TAR-tar} chof - "$$tardir"'
am__untar='$${TAR-tar} xf -'
bindir='${exec_prefix}/bin'
build='x86_64-pc-linux-gnu'
build_alias=''
build_cpu='x86_64'
build_os='linux-gnu'
build_vendor='pc'
datadir='${datarootdir}'
datarootdir='${prefix}/share'
docdir='${datarootdir}/doc/${PACKAGE_TARNAME}'
dvidir='${docdir}'
exec_prefix='${prefix}'
host='x86_64-pc-linux-gnu'
host_alias=''
host_cpu='x86_64'
host_os='linux-gnu'
host_vendor='pc'
htmldir='${docdir}'
includedir='${prefix}/include'
infodir='${datarootdir}/info'
install_sh='${SHELL} /workspaces/labsisop-buildroot/output/build/host-gawk-5.2.0/build-aux/install-sh'
libdir='${exec_prefix}/lib'
libexecdir='${exec_prefix}/libexec'
localedir='${datarootdir}/locale'
localstatedir='/workspaces/labsisop-buildroot/output/host/var'
mandir='${datarootdir}/man'
mkdir_p='$(MKDIR_P)'
oldincludedir='/usr/include'
pdfdir='${docdir}'
pkgextensiondir='${libdir}/gawk'
prefix='/workspaces/labsisop-buildroot/output/host'
program_transform_name='s,x,x,'
psdir='${docdir}'
runstatedir='${localstatedir}/run'
sbindir='${exec_prefix}/sbin'
sharedstatedir='${prefix}/com'
sysconfdir='/workspaces/labsisop-buildroot/output/host/etc'
target_alias=''

## ----------- ##
## confdefs.h. ##
## ----------- ##

/* confdefs.h */
#define PACKAGE_NAME "GNU Awk Bundled Extensions"
#define PACKAGE_TARNAME "gawk-extensions"
#define PACKAGE_VERSION "5.2.0"
#define PACKAGE_STRING "GNU Awk Bundled Extensions 5.2.0"
#define PACKAGE_BUGREPORT "bug-gawk@gnu.org"
#define PACKAGE_URL "https://www.gnu.org/software/gawk-extensions/"
#define PACKAGE "gawk-extensions"
#define VERSION "5.2.0"
#define HAVE_STDIO_H 1
#define HAVE_STDLIB_H 1
#define HAVE_STRING_H 1
#define HAVE_INTTYPES_H 1
#define HAVE_STDINT_H 1
#define HAVE_STRINGS_H 1
#define HAVE_SYS_STAT_H 1
#define HAVE_SYS_TYPES_H 1
#define HAVE_UNISTD_H 1
#define HAVE_WCHAR_H 1
#define HAVE_SYS_TIME_H 1
#define STDC_HEADERS 1
#define _ALL_SOURCE 1
#define _DARWIN_C_SOURCE 1
#define _GNU_SOURCE 1
#define _HPUX_ALT_XOPEN_SOCKET_API 1
#define _NETBSD_SOURCE 1
#define _OPENBSD_SOURCE 1
#define _POSIX_PTHREAD_SEMANTICS 1
#define __STDC_WANT_IEC_60559_ATTRIBS_EXT__ 1
#define __STDC_WANT_IEC_60559_BFP_EXT__ 1
#define __STDC_WANT_IEC_60559_DFP_EXT__ 1
#define __STDC_WANT_IEC_60559_FUNCS_EXT__ 1
#define __STDC_WANT_IEC_60559_TYPES_EXT__ 1
#define __STDC_WANT_LIB_EXT2__ 1
#define __STDC_WANT_MATH_SPEC_FUNCS__ 1
#define _TANDEM_SOURCE 1
#define __EXTENSIONS__ 1
#define HAVE_LANGINFO_CODESET 1
#define HAVE_LC_MESSAGES 1
#define HAVE_STRUCT_STAT_ST_BLKSIZE 1
#define HAVE_DLFCN_H 1
#define LT_OBJDIR ".libs/"
#define HAVE_FNMATCH_H 1
#define HAVE_LIMITS_H 1
#define HAVE_SYS_PARAM_H 1
#define HAVE_SYS_SELECT_H 1
#define HAVE_SYS_STATVFS_H 1
#define HAVE_SYS_SYSMACROS_H 1
#define HAVE_SYS_TIME_H 1
#define HAVE_DIRENT_H 1
#define HAVE_FDOPENDIR 1
#define HAVE_FMOD 1
#define HAVE_FNMATCH 1
#define HAVE_GETDTABLESIZE 1
#define HAVE_GETTIMEOFDAY 1
#define HAVE_NANOSLEEP 1
#define HAVE_SELECT 1
#define HAVE_STATVFS 1
#define HAVE_DIRFD 1
#define HAVE_DECL_DIRFD 1

configure: exit 0
