This file contains any messages produced by compilers while
running configure, to aid debugging if configure makes a mistake.

It was created by GNU Autoconf configure 2.71, which was
generated by GNU Autoconf 2.71.  Invocation command line was

  $ ./configure --prefix=/workspaces/labsisop-buildroot/output/host --sysconfdir=/workspaces/labsisop-buildroot/output/host/etc --localstatedir=/workspaces/labsisop-buildroot/output/host/var --enable-shared --disable-static --disable-gtk-doc --disable-gtk-doc-html --disable-doc --disable-docs --disable-documentation --disable-debug --with-xmlto=no --with-fop=no --disable-nls --disable-dependency-tracking

## --------- ##
## Platform. ##
## --------- ##

hostname = codespaces-1ee735
uname -m = x86_64
uname -r = 6.8.0-1027-azure
uname -s = Linux
uname -v = #32~22.04.1-Ubuntu SMP Thu Apr  3 20:26:27 UTC 2025

/usr/bin/uname -p = x86_64
/bin/uname -X     = unknown

/bin/arch              = x86_64
/usr/bin/arch -k       = unknown
/usr/convex/getsysinfo = unknown
/usr/bin/hostinfo      = unknown
/bin/machine           = unknown
/usr/bin/oslevel       = unknown
/bin/universe          = unknown

PATH: /workspaces/labsisop-buildroot/output/host/bin/
PATH: /workspaces/labsisop-buildroot/output/host/sbin/
PATH: /usr/local/rvm/gems/ruby-3.3.4/bin/
PATH: /usr/local/rvm/gems/ruby-3.3.4@global/bin/
PATH: /usr/local/rvm/rubies/ruby-3.3.4/bin/
PATH: /vscode/bin/linux-x64/19e0f9e681ecb8e5c09d8784acaa601316ca4571/bin/remote-cli/
PATH: /home/codespace/.local/bin/
PATH: /home/codespace/.dotnet/
PATH: /home/codespace/nvm/current/bin/
PATH: /home/codespace/.php/current/bin/
PATH: /home/codespace/.python/current/bin/
PATH: /home/codespace/java/current/bin/
PATH: /home/codespace/.ruby/current/bin/
PATH: /home/codespace/.local/bin/
PATH: /usr/local/python/current/bin/
PATH: /usr/local/py-utils/bin/
PATH: /usr/local/jupyter/
PATH: /usr/local/oryx/
PATH: /usr/local/go/bin/
PATH: /go/bin/
PATH: /usr/local/sdkman/bin/
PATH: /usr/local/sdkman/candidates/java/current/bin/
PATH: /usr/local/sdkman/candidates/gradle/current/bin/
PATH: /usr/local/sdkman/candidates/maven/current/bin/
PATH: /usr/local/sdkman/candidates/ant/current/bin/
PATH: /usr/local/rvm/gems/default/bin/
PATH: /usr/local/rvm/gems/default@global/bin/
PATH: /usr/local/rvm/rubies/default/bin/
PATH: /usr/local/share/rbenv/bin/
PATH: /usr/local/php/current/bin/
PATH: /opt/conda/bin/
PATH: /usr/local/nvs/
PATH: /usr/local/share/nvm/versions/node/v20.19.0/bin/
PATH: /usr/local/hugo/bin/
PATH: /usr/local/sbin/
PATH: /usr/local/bin/
PATH: /usr/sbin/
PATH: /usr/bin/
PATH: /sbin/
PATH: /bin/
PATH: /usr/share/dotnet/
PATH: /home/codespace/.dotnet/tools/
PATH: /usr/local/rvm/bin/


## ----------- ##
## Core tests. ##
## ----------- ##

configure:1756: looking for aux files: config.guess config.sub missing install-sh
configure:1769:  trying ./build-aux/
configure:1798:   ./build-aux/config.guess found
configure:1798:   ./build-aux/config.sub found
configure:1798:   ./build-aux/missing found
configure:1780:   ./build-aux/install-sh found
configure:1931: checking for a BSD-compatible install
configure:2004: result: /usr/bin/install -c
configure:2015: checking whether build environment is sane
configure:2070: result: yes
configure:2227: checking for a race-free mkdir -p
configure:2271: result: /usr/bin/mkdir -p
configure:2278: checking for gawk
configure:2299: found /workspaces/labsisop-buildroot/output/host/bin/gawk
configure:2310: result: gawk
configure:2321: checking whether make sets $(MAKE)
configure:2344: result: yes
configure:2374: checking whether make supports nested variables
configure:2392: result: yes
configure:2526: checking build system type
configure:2541: result: x86_64-pc-linux-gnu
configure:2561: checking host system type
configure:2575: result: x86_64-pc-linux-gnu
configure:2602: autobuild project... GNU Autoconf
configure:2608: autobuild revision... 2.71
configure:2613: autobuild hostname... codespaces-1ee735
configure:2624: autobuild timestamp... 20250513T105218Z
configure:2651: checking for a shell whose -n mode is known to work
configure:2683: result: /bin/bash
configure:2688: checking for characters that cannot appear in file names
configure:2709: result: none
configure:2715: checking whether directories can have trailing spaces
configure:2730: result: yes
configure:2741: checking for expr
configure:2764: found /usr/bin/expr
configure:2776: result: /usr/bin/expr
configure:2795: checking for GNU M4 that supports accurate traces
configure:2850: result: /workspaces/labsisop-buildroot/output/host/bin/m4
configure:2853: checking whether /workspaces/labsisop-buildroot/output/host/bin/m4 accepts --gnu
configure:2864: result: no
configure:2881: checking how m4 supports trace files
configure:2892: result: --debugfile
configure:2914: checking for perl
configure:2950: result: /usr/bin/perl
configure:2969: checking whether /usr/bin/perl Fcntl::flock is implemented
configure:2984: result: yes
configure:3000: checking for emacs
configure:3032: result: no
configure:3092: checking for emacs
configure:3124: result: no
configure:3149: checking where .elc files should go
configure:3179: result: ${datadir}/emacs/site-lisp
configure:3192: checking for grep that handles long lines and -e
configure:3256: result: /usr/bin/grep
configure:3261: checking for egrep
configure:3329: result: /usr/bin/grep -E
configure:3334: checking for a sed that does not truncate output
configure:3404: result: /usr/bin/sed
configure:3417: checking whether make is case sensitive
configure:3433: result: yes
configure:3593: checking that generated files are newer than configure
configure:3599: result: done
configure:3611: creating ./config.status

## ---------------------- ##
## Running config.status. ##
## ---------------------- ##

This file was extended by GNU Autoconf config.status 2.71, which was
generated by GNU Autoconf 2.71.  Invocation command line was

  CONFIG_FILES    = 
  CONFIG_HEADERS  = 
  CONFIG_LINKS    = 
  CONFIG_COMMANDS = 
  $ ./config.status 

on codespaces-1ee735

config.status:780: creating tests/atlocal
config.status:780: creating Makefile
config.status:983: executing tests/atconfig commands
configure:4701: WARNING: unrecognized options: --enable-shared, --disable-static, --disable-gtk-doc, --disable-gtk-doc-html, --disable-doc, --disable-docs, --disable-documentation, --disable-debug, --with-xmlto, --with-fop, --disable-nls, --disable-dependency-tracking

## ---------------- ##
## Cache variables. ##
## ---------------- ##

ac_cv_build=x86_64-pc-linux-gnu
ac_cv_dir_trailing_space=yes
ac_cv_env_EMACSLOADPATH_set=
ac_cv_env_EMACSLOADPATH_value=
ac_cv_env_EMACS_set=set
ac_cv_env_EMACS_value=no
ac_cv_env_M4_set=
ac_cv_env_M4_value=
ac_cv_env_build_alias_set=
ac_cv_env_build_alias_value=
ac_cv_env_host_alias_set=
ac_cv_env_host_alias_value=
ac_cv_env_target_alias_set=
ac_cv_env_target_alias_value=
ac_cv_host=x86_64-pc-linux-gnu
ac_cv_path_EGREP='/usr/bin/grep -E'
ac_cv_path_EXPR=/usr/bin/expr
ac_cv_path_GREP=/usr/bin/grep
ac_cv_path_M4=/workspaces/labsisop-buildroot/output/host/bin/m4
ac_cv_path_PERL=/usr/bin/perl
ac_cv_path_SED=/usr/bin/sed
ac_cv_path_install='/usr/bin/install -c'
ac_cv_path_mkdir=/usr/bin/mkdir
ac_cv_perl_flock_implemented=yes
ac_cv_prog_AWK=gawk
ac_cv_prog_EMACS=no
ac_cv_prog_TEST_EMACS=no
ac_cv_prog_gnu_m4_debugfile=--debugfile
ac_cv_prog_gnu_m4_gnu=no
ac_cv_prog_make_make_case=yes
ac_cv_prog_make_make_set=yes
ac_cv_sh_working_n=/bin/bash
ac_cv_unsupported_fs_chars=
am_cv_lispdir='${datadir}/emacs/site-lisp'
am_cv_make_support_nested_variables=yes

## ----------------- ##
## Output variables. ##
## ----------------- ##

ACLOCAL='${SHELL} '\''/workspaces/labsisop-buildroot/output/build/host-autoconf-2.71/build-aux/missing'\'' aclocal-1.16'
AMTAR='$${TAR-tar}'
AM_BACKSLASH='\'
AM_DEFAULT_V='$(AM_DEFAULT_VERBOSITY)'
AM_DEFAULT_VERBOSITY='1'
AM_V='$(V)'
AUTOCONF='${SHELL} '\''/workspaces/labsisop-buildroot/output/build/host-autoconf-2.71/build-aux/missing'\'' autoconf'
AUTOHEADER='${SHELL} '\''/workspaces/labsisop-buildroot/output/build/host-autoconf-2.71/build-aux/missing'\'' autoheader'
AUTOMAKE='${SHELL} '\''/workspaces/labsisop-buildroot/output/build/host-autoconf-2.71/build-aux/missing'\'' automake-1.16'
AWK='gawk'
CYGPATH_W='echo'
DEFS='-DPACKAGE_NAME=\"GNU\ Autoconf\" -DPACKAGE_TARNAME=\"autoconf\" -DPACKAGE_VERSION=\"2.71\" -DPACKAGE_STRING=\"GNU\ Autoconf\ 2.71\" -DPACKAGE_BUGREPORT=\"bug-autoconf@gnu.org\" -DPACKAGE_URL=\"https://www.gnu.org/software/autoconf/\" -DPACKAGE=\"autoconf\" -DVERSION=\"2.71\"'
ECHO_C=''
ECHO_N='-n'
ECHO_T=''
EGREP='/usr/bin/grep -E'
EMACS='no'
EMACSLOADPATH=''
EXPR='/usr/bin/expr'
GREP='/usr/bin/grep'
HELP2MAN='${SHELL} '\''/workspaces/labsisop-buildroot/output/build/host-autoconf-2.71/build-aux/missing'\'' help2man'
INSTALL_DATA='${INSTALL} -m 644'
INSTALL_PROGRAM='${INSTALL}'
INSTALL_SCRIPT='${INSTALL}'
INSTALL_STRIP_PROGRAM='$(install_sh) -c -s'
LIBOBJS=''
LIBS=''
LTLIBOBJS=''
M4='/workspaces/labsisop-buildroot/output/host/bin/m4'
M4_DEBUGFILE='--debugfile'
M4_GNU=''
MAKEINFO='${SHELL} '\''/workspaces/labsisop-buildroot/output/build/host-autoconf-2.71/build-aux/missing'\'' makeinfo'
MAKE_CASE_SENSITIVE_FALSE='#'
MAKE_CASE_SENSITIVE_TRUE=''
MKDIR_P='/usr/bin/mkdir -p'
PACKAGE='autoconf'
PACKAGE_BUGREPORT='bug-autoconf@gnu.org'
PACKAGE_NAME='GNU Autoconf'
PACKAGE_STRING='GNU Autoconf 2.71'
PACKAGE_TARNAME='autoconf'
PACKAGE_URL='https://www.gnu.org/software/autoconf/'
PACKAGE_VERSION='2.71'
PATH_SEPARATOR=':'
PERL='/usr/bin/perl'
PERL_FLOCK='yes'
RELEASE_YEAR='2021'
SED='/usr/bin/sed'
SET_MAKE=''
SHELL='/bin/bash'
SHELL_N='/bin/bash'
STRIP=''
TEST_EMACS='no'
VERSION='2.71'
ac_cv_dir_trailing_space='yes'
ac_cv_unsupported_fs_chars=''
am__isrc=''
am__leading_dot='.'
am__tar='$${TAR-tar} chof - "$$tardir"'
am__untar='$${TAR-tar} xf -'
bindir='${exec_prefix}/bin'
build='x86_64-pc-linux-gnu'
build_alias=''
build_cpu='x86_64'
build_os='linux-gnu'
build_vendor='pc'
datadir='${datarootdir}'
datarootdir='${prefix}/share'
docdir='${datarootdir}/doc/${PACKAGE_TARNAME}'
dvidir='${docdir}'
exec_prefix='${prefix}'
host='x86_64-pc-linux-gnu'
host_alias=''
host_cpu='x86_64'
host_os='linux-gnu'
host_vendor='pc'
htmldir='${docdir}'
includedir='${prefix}/include'
infodir='${datarootdir}/info'
install_sh='${SHELL} /workspaces/labsisop-buildroot/output/build/host-autoconf-2.71/build-aux/install-sh'
libdir='${exec_prefix}/lib'
libexecdir='${exec_prefix}/libexec'
lispdir='${datadir}/emacs/site-lisp'
localedir='${datarootdir}/locale'
localstatedir='/workspaces/labsisop-buildroot/output/host/var'
mandir='${datarootdir}/man'
mkdir_p='$(MKDIR_P)'
oldincludedir='/usr/include'
pdfdir='${docdir}'
prefix='/workspaces/labsisop-buildroot/output/host'
program_transform_name='s,x,x,'
psdir='${docdir}'
runstatedir='${localstatedir}/run'
sbindir='${exec_prefix}/sbin'
sharedstatedir='${prefix}/com'
sysconfdir='/workspaces/labsisop-buildroot/output/host/etc'
target_alias=''

## ----------- ##
## confdefs.h. ##
## ----------- ##

/* confdefs.h */
#define PACKAGE_NAME "GNU Autoconf"
#define PACKAGE_TARNAME "autoconf"
#define PACKAGE_VERSION "2.71"
#define PACKAGE_STRING "GNU Autoconf 2.71"
#define PACKAGE_BUGREPORT "bug-autoconf@gnu.org"
#define PACKAGE_URL "https://www.gnu.org/software/autoconf/"
#define PACKAGE "autoconf"
#define VERSION "2.71"

configure: exit 0
