This file contains any messages produced by compilers while
running configure, to aid debugging if configure makes a mistake.

It was created by gas configure 2.38, which was
generated by GNU Autoconf 2.69.  Invocation command line was

  $ /workspaces/labsisop-buildroot/output/build/host-binutils-2.38/gas/configure --srcdir=.././gas --cache-file=./config.cache --with-gnu-as --with-gnu-ld --prefix=/workspaces/labsisop-buildroot/output/host --sysconfdir=/workspaces/labsisop-buildroot/output/host/etc --localstatedir=/workspaces/labsisop-buildroot/output/host/var --enable-shared --disable-static --disable-gtk-doc --disable-gtk-doc-html --disable-doc --disable-docs --disable-documentation --disable-debug --with-xmlto=no --with-fop=no --disable-nls --disable-dependency-tracking --disable-multilib --disable-werror --disable-shared --enable-static --with-sysroot=/workspaces/labsisop-buildroot/output/host/i686-buildroot-linux-gnu/sysroot --enable-poison-system-directories --without-debuginfod --enable-plugins --enable-lto --disable-sim --disable-gdb --disable-gprofng --program-transform-name=s&^&i686-buildroot-linux-gnu-& --disable-option-checking --build=x86_64-pc-linux-gnu --host=x86_64-pc-linux-gnu --target=i686-buildroot-linux-gnu

## --------- ##
## Platform. ##
## --------- ##

hostname = codespaces-1ee735
uname -m = x86_64
uname -r = 6.8.0-1027-azure
uname -s = Linux
uname -v = #32~22.04.1-Ubuntu SMP Thu Apr  3 20:26:27 UTC 2025

/usr/bin/uname -p = x86_64
/bin/uname -X     = unknown

/bin/arch              = x86_64
/usr/bin/arch -k       = unknown
/usr/convex/getsysinfo = unknown
/usr/bin/hostinfo      = unknown
/bin/machine           = unknown
/usr/bin/oslevel       = unknown
/bin/universe          = unknown

PATH: /workspaces/labsisop-buildroot/output/host/bin
PATH: /workspaces/labsisop-buildroot/output/host/sbin
PATH: /usr/local/rvm/gems/ruby-3.3.4/bin
PATH: /usr/local/rvm/gems/ruby-3.3.4@global/bin
PATH: /usr/local/rvm/rubies/ruby-3.3.4/bin
PATH: /vscode/bin/linux-x64/19e0f9e681ecb8e5c09d8784acaa601316ca4571/bin/remote-cli
PATH: /home/codespace/.local/bin
PATH: /home/codespace/.dotnet
PATH: /home/codespace/nvm/current/bin
PATH: /home/codespace/.php/current/bin
PATH: /home/codespace/.python/current/bin
PATH: /home/codespace/java/current/bin
PATH: /home/codespace/.ruby/current/bin
PATH: /home/codespace/.local/bin
PATH: /usr/local/python/current/bin
PATH: /usr/local/py-utils/bin
PATH: /usr/local/jupyter
PATH: /usr/local/oryx
PATH: /usr/local/go/bin
PATH: /go/bin
PATH: /usr/local/sdkman/bin
PATH: /usr/local/sdkman/candidates/java/current/bin
PATH: /usr/local/sdkman/candidates/gradle/current/bin
PATH: /usr/local/sdkman/candidates/maven/current/bin
PATH: /usr/local/sdkman/candidates/ant/current/bin
PATH: /usr/local/rvm/gems/default/bin
PATH: /usr/local/rvm/gems/default@global/bin
PATH: /usr/local/rvm/rubies/default/bin
PATH: /usr/local/share/rbenv/bin
PATH: /usr/local/php/current/bin
PATH: /opt/conda/bin
PATH: /usr/local/nvs
PATH: /usr/local/share/nvm/versions/node/v20.19.0/bin
PATH: /usr/local/hugo/bin
PATH: /usr/local/sbin
PATH: /usr/local/bin
PATH: /usr/sbin
PATH: /usr/bin
PATH: /sbin
PATH: /bin
PATH: /usr/share/dotnet
PATH: /home/codespace/.dotnet/tools
PATH: /usr/local/rvm/bin


## ----------- ##
## Core tests. ##
## ----------- ##

configure:2261: creating cache ./config.cache
configure:2372: checking build system type
configure:2386: result: x86_64-pc-linux-gnu
configure:2406: checking host system type
configure:2419: result: x86_64-pc-linux-gnu
configure:2439: checking target system type
configure:2452: result: i686-buildroot-linux-gnu
configure:2495: checking for a BSD-compatible install
configure:2563: result: /usr/bin/install -c
configure:2574: checking whether build environment is sane
configure:2629: result: yes
configure:2778: checking for a thread-safe mkdir -p
configure:2817: result: /usr/bin/mkdir -p
configure:2824: checking for gawk
configure:2851: result: gawk
configure:2862: checking whether /usr/bin/make sets $(MAKE)
configure:2884: result: yes
configure:2913: checking whether /usr/bin/make supports nested variables
configure:2930: result: yes
configure:3067: checking whether /usr/bin/make supports nested variables
configure:3084: result: yes
configure:3104: checking for x86_64-pc-linux-gnu-gcc
configure:3131: result: /usr/bin/gcc
configure:3400: checking for C compiler version
configure:3409: /usr/bin/gcc --version >&5
gcc (Ubuntu 9.4.0-1ubuntu1~20.04.2) 9.4.0
Copyright (C) 2019 Free Software Foundation, Inc.
This is free software; see the source for copying conditions.  There is NO
warranty; not even for MERCHANTABILITY or FITNESS FOR A PARTICULAR PURPOSE.

configure:3420: $? = 0
configure:3409: /usr/bin/gcc -v >&5
Using built-in specs.
COLLECT_GCC=/usr/bin/gcc
COLLECT_LTO_WRAPPER=/usr/lib/gcc/x86_64-linux-gnu/9/lto-wrapper
OFFLOAD_TARGET_NAMES=nvptx-none:hsa
OFFLOAD_TARGET_DEFAULT=1
Target: x86_64-linux-gnu
Configured with: ../src/configure -v --with-pkgversion='Ubuntu 9.4.0-1ubuntu1~20.04.2' --with-bugurl=file:///usr/share/doc/gcc-9/README.Bugs --enable-languages=c,ada,c++,go,brig,d,fortran,objc,obj-c++,gm2 --prefix=/usr --with-gcc-major-version-only --program-suffix=-9 --program-prefix=x86_64-linux-gnu- --enable-shared --enable-linker-build-id --libexecdir=/usr/lib --without-included-gettext --enable-threads=posix --libdir=/usr/lib --enable-nls --enable-clocale=gnu --enable-libstdcxx-debug --enable-libstdcxx-time=yes --with-default-libstdcxx-abi=new --enable-gnu-unique-object --disable-vtable-verify --enable-plugin --enable-default-pie --with-system-zlib --with-target-system-zlib=auto --enable-objc-gc=auto --enable-multiarch --disable-werror --with-arch-32=i686 --with-abi=m64 --with-multilib-list=m32,m64,mx32 --enable-multilib --with-tune=generic --enable-offload-targets=nvptx-none=/build/gcc-9-9QDOt0/gcc-9-9.4.0/debian/tmp-nvptx/usr,hsa --without-cuda-driver --enable-checking=release --build=x86_64-linux-gnu --host=x86_64-linux-gnu --target=x86_64-linux-gnu
Thread model: posix
gcc version 9.4.0 (Ubuntu 9.4.0-1ubuntu1~20.04.2) 
configure:3420: $? = 0
configure:3409: /usr/bin/gcc -V >&5
gcc: error: unrecognized command line option '-V'
gcc: fatal error: no input files
compilation terminated.
configure:3420: $? = 1
configure:3409: /usr/bin/gcc -qversion >&5
gcc: error: unrecognized command line option '-qversion'; did you mean '--version'?
gcc: fatal error: no input files
compilation terminated.
configure:3420: $? = 1
configure:3440: checking whether the C compiler works
configure:3462: /usr/bin/gcc -O2 -I/workspaces/labsisop-buildroot/output/host/include       -L/workspaces/labsisop-buildroot/output/host/lib -Wl,-rpath,/workspaces/labsisop-buildroot/output/host/lib conftest.c  >&5
configure:3466: $? = 0
configure:3514: result: yes
configure:3517: checking for C compiler default output file name
configure:3519: result: a.out
configure:3525: checking for suffix of executables
configure:3532: /usr/bin/gcc -o conftest -O2 -I/workspaces/labsisop-buildroot/output/host/include       -L/workspaces/labsisop-buildroot/output/host/lib -Wl,-rpath,/workspaces/labsisop-buildroot/output/host/lib conftest.c  >&5
configure:3536: $? = 0
configure:3558: result: 
configure:3580: checking whether we are cross compiling
configure:3588: /usr/bin/gcc -o conftest -O2 -I/workspaces/labsisop-buildroot/output/host/include       -L/workspaces/labsisop-buildroot/output/host/lib -Wl,-rpath,/workspaces/labsisop-buildroot/output/host/lib conftest.c  >&5
configure:3592: $? = 0
configure:3599: ./conftest
configure:3603: $? = 0
configure:3591: result: no
configure:3596: checking for suffix of object files
configure:3618: /usr/bin/gcc -c -O2 -I/workspaces/labsisop-buildroot/output/host/include      conftest.c >&5
configure:3622: $? = 0
configure:3643: result: o
configure:3647: checking whether we are using the GNU C compiler
configure:3666: /usr/bin/gcc -c -O2 -I/workspaces/labsisop-buildroot/output/host/include      conftest.c >&5
configure:3666: $? = 0
configure:3675: result: yes
configure:3684: checking whether /usr/bin/gcc accepts -g
configure:3704: /usr/bin/gcc -c -g  conftest.c >&5
configure:3704: $? = 0
configure:3745: result: yes
configure:3762: checking for /usr/bin/gcc option to accept ISO C89
configure:3825: /usr/bin/gcc  -c -O2 -I/workspaces/labsisop-buildroot/output/host/include      conftest.c >&5
configure:3825: $? = 0
configure:3838: result: none needed
configure:3863: checking whether /usr/bin/gcc understands -c and -o together
configure:3885: /usr/bin/gcc -c conftest.c -o conftest2.o
configure:3888: $? = 0
configure:3885: /usr/bin/gcc -c conftest.c -o conftest2.o
configure:3888: $? = 0
configure:3900: result: yes
configure:3928: checking for style of include used by /usr/bin/make
configure:3956: result: GNU
configure:3982: checking dependency style of /usr/bin/gcc
configure:4093: result: none
configure:4114: checking how to run the C preprocessor
configure:4145: /usr/bin/gcc -E  conftest.c
configure:4145: $? = 0
configure:4159: /usr/bin/gcc -E  conftest.c
conftest.c:11:10: fatal error: ac_nonexistent.h: No such file or directory
   11 | #include <ac_nonexistent.h>
      |          ^~~~~~~~~~~~~~~~~~
compilation terminated.
configure:4159: $? = 1
configure: failed program was:
| /* confdefs.h */
| #define PACKAGE_NAME "gas"
| #define PACKAGE_TARNAME "gas"
| #define PACKAGE_VERSION "2.38"
| #define PACKAGE_STRING "gas 2.38"
| #define PACKAGE_BUGREPORT ""
| #define PACKAGE_URL ""
| #define PACKAGE "gas"
| #define VERSION "2.38"
| /* end confdefs.h.  */
| #include <ac_nonexistent.h>
configure:4184: result: /usr/bin/gcc -E
configure:4204: /usr/bin/gcc -E  conftest.c
configure:4204: $? = 0
configure:4218: /usr/bin/gcc -E  conftest.c
conftest.c:11:10: fatal error: ac_nonexistent.h: No such file or directory
   11 | #include <ac_nonexistent.h>
      |          ^~~~~~~~~~~~~~~~~~
compilation terminated.
configure:4218: $? = 1
configure: failed program was:
| /* confdefs.h */
| #define PACKAGE_NAME "gas"
| #define PACKAGE_TARNAME "gas"
| #define PACKAGE_VERSION "2.38"
| #define PACKAGE_STRING "gas 2.38"
| #define PACKAGE_BUGREPORT ""
| #define PACKAGE_URL ""
| #define PACKAGE "gas"
| #define VERSION "2.38"
| /* end confdefs.h.  */
| #include <ac_nonexistent.h>
configure:4247: checking for grep that handles long lines and -e
configure:4305: result: /usr/bin/grep
configure:4310: checking for egrep
configure:4372: result: /usr/bin/grep -E
configure:4377: checking for ANSI C header files
configure:4397: /usr/bin/gcc -c -O2 -I/workspaces/labsisop-buildroot/output/host/include      conftest.c >&5
configure:4397: $? = 0
configure:4470: /usr/bin/gcc -o conftest -O2 -I/workspaces/labsisop-buildroot/output/host/include       -L/workspaces/labsisop-buildroot/output/host/lib -Wl,-rpath,/workspaces/labsisop-buildroot/output/host/lib conftest.c  >&5
configure:4470: $? = 0
configure:4470: ./conftest
configure:4470: $? = 0
configure:4481: result: yes
configure:4494: checking for sys/types.h
configure:4494: /usr/bin/gcc -c -O2 -I/workspaces/labsisop-buildroot/output/host/include      conftest.c >&5
configure:4494: $? = 0
configure:4494: result: yes
configure:4494: checking for sys/stat.h
configure:4494: /usr/bin/gcc -c -O2 -I/workspaces/labsisop-buildroot/output/host/include      conftest.c >&5
configure:4494: $? = 0
configure:4494: result: yes
configure:4494: checking for stdlib.h
configure:4494: /usr/bin/gcc -c -O2 -I/workspaces/labsisop-buildroot/output/host/include      conftest.c >&5
configure:4494: $? = 0
configure:4494: result: yes
configure:4494: checking for string.h
configure:4494: /usr/bin/gcc -c -O2 -I/workspaces/labsisop-buildroot/output/host/include      conftest.c >&5
configure:4494: $? = 0
configure:4494: result: yes
configure:4494: checking for memory.h
configure:4494: /usr/bin/gcc -c -O2 -I/workspaces/labsisop-buildroot/output/host/include      conftest.c >&5
configure:4494: $? = 0
configure:4494: result: yes
configure:4494: checking for strings.h
configure:4494: /usr/bin/gcc -c -O2 -I/workspaces/labsisop-buildroot/output/host/include      conftest.c >&5
configure:4494: $? = 0
configure:4494: result: yes
configure:4494: checking for inttypes.h
configure:4494: /usr/bin/gcc -c -O2 -I/workspaces/labsisop-buildroot/output/host/include      conftest.c >&5
configure:4494: $? = 0
configure:4494: result: yes
configure:4494: checking for stdint.h
configure:4494: /usr/bin/gcc -c -O2 -I/workspaces/labsisop-buildroot/output/host/include      conftest.c >&5
configure:4494: $? = 0
configure:4494: result: yes
configure:4494: checking for unistd.h
configure:4494: /usr/bin/gcc -c -O2 -I/workspaces/labsisop-buildroot/output/host/include      conftest.c >&5
configure:4494: $? = 0
configure:4494: result: yes
configure:4507: checking minix/config.h usability
configure:4507: /usr/bin/gcc -c -O2 -I/workspaces/labsisop-buildroot/output/host/include      conftest.c >&5
conftest.c:54:10: fatal error: minix/config.h: No such file or directory
   54 | #include <minix/config.h>
      |          ^~~~~~~~~~~~~~~~
compilation terminated.
configure:4507: $? = 1
configure: failed program was:
| /* confdefs.h */
| #define PACKAGE_NAME "gas"
| #define PACKAGE_TARNAME "gas"
| #define PACKAGE_VERSION "2.38"
| #define PACKAGE_STRING "gas 2.38"
| #define PACKAGE_BUGREPORT ""
| #define PACKAGE_URL ""
| #define PACKAGE "gas"
| #define VERSION "2.38"
| #define STDC_HEADERS 1
| #define HAVE_SYS_TYPES_H 1
| #define HAVE_SYS_STAT_H 1
| #define HAVE_STDLIB_H 1
| #define HAVE_STRING_H 1
| #define HAVE_MEMORY_H 1
| #define HAVE_STRINGS_H 1
| #define HAVE_INTTYPES_H 1
| #define HAVE_STDINT_H 1
| #define HAVE_UNISTD_H 1
| /* end confdefs.h.  */
| #include <stdio.h>
| #ifdef HAVE_SYS_TYPES_H
| # include <sys/types.h>
| #endif
| #ifdef HAVE_SYS_STAT_H
| # include <sys/stat.h>
| #endif
| #ifdef STDC_HEADERS
| # include <stdlib.h>
| # include <stddef.h>
| #else
| # ifdef HAVE_STDLIB_H
| #  include <stdlib.h>
| # endif
| #endif
| #ifdef HAVE_STRING_H
| # if !defined STDC_HEADERS && defined HAVE_MEMORY_H
| #  include <memory.h>
| # endif
| # include <string.h>
| #endif
| #ifdef HAVE_STRINGS_H
| # include <strings.h>
| #endif
| #ifdef HAVE_INTTYPES_H
| # include <inttypes.h>
| #endif
| #ifdef HAVE_STDINT_H
| # include <stdint.h>
| #endif
| #ifdef HAVE_UNISTD_H
| # include <unistd.h>
| #endif
| #include <minix/config.h>
configure:4507: result: no
configure:4507: checking minix/config.h presence
configure:4507: /usr/bin/gcc -E  conftest.c
conftest.c:21:10: fatal error: minix/config.h: No such file or directory
   21 | #include <minix/config.h>
      |          ^~~~~~~~~~~~~~~~
compilation terminated.
configure:4507: $? = 1
configure: failed program was:
| /* confdefs.h */
| #define PACKAGE_NAME "gas"
| #define PACKAGE_TARNAME "gas"
| #define PACKAGE_VERSION "2.38"
| #define PACKAGE_STRING "gas 2.38"
| #define PACKAGE_BUGREPORT ""
| #define PACKAGE_URL ""
| #define PACKAGE "gas"
| #define VERSION "2.38"
| #define STDC_HEADERS 1
| #define HAVE_SYS_TYPES_H 1
| #define HAVE_SYS_STAT_H 1
| #define HAVE_STDLIB_H 1
| #define HAVE_STRING_H 1
| #define HAVE_MEMORY_H 1
| #define HAVE_STRINGS_H 1
| #define HAVE_INTTYPES_H 1
| #define HAVE_STDINT_H 1
| #define HAVE_UNISTD_H 1
| /* end confdefs.h.  */
| #include <minix/config.h>
configure:4507: result: no
configure:4507: checking for minix/config.h
configure:4507: result: no
configure:4528: checking whether it is safe to define __EXTENSIONS__
configure:4546: /usr/bin/gcc -c -O2 -I/workspaces/labsisop-buildroot/output/host/include      conftest.c >&5
configure:4546: $? = 0
configure:4553: result: yes
configure:4616: checking how to print strings
configure:4643: result: printf
configure:4664: checking for a sed that does not truncate output
configure:4728: result: /usr/bin/sed
configure:4746: checking for fgrep
configure:4808: result: /usr/bin/grep -F
configure:4843: checking for ld used by /usr/bin/gcc
configure:4910: result: /usr/bin/ld
configure:4917: checking if the linker (/usr/bin/ld) is GNU ld
configure:4932: result: yes
configure:4944: checking for BSD- or MS-compatible name lister (nm)
configure:4994: result: /usr/bin/nm -B
configure:5124: checking the name lister (/usr/bin/nm -B) interface
configure:5131: /usr/bin/gcc -c -O2 -I/workspaces/labsisop-buildroot/output/host/include      conftest.c >&5
configure:5134: /usr/bin/nm -B "conftest.o"
configure:5137: output
0000000000000000 B some_variable
configure:5138: result: BSD nm
configure:5141: checking whether ln -s works
configure:5145: result: yes
configure:5153: checking the maximum length of command line arguments
configure:5278: result: 1572864
configure:5295: checking whether the shell understands some XSI constructs
configure:5304: result: yes
configure:5308: checking whether the shell understands "+="
configure:5312: result: yes
configure:5347: checking for /usr/bin/ld option to reload object files
configure:5354: result: -r
configure:5383: checking for x86_64-pc-linux-gnu-objdump
configure:5410: result: objdump
configure:5482: checking how to recognize dependent libraries
configure:5683: result: pass_all
configure:5716: checking for x86_64-pc-linux-gnu-ar
configure:5743: result: /usr/bin/ar --plugin /usr/lib/gcc/x86_64-linux-gnu/9/liblto_plugin.so
configure:5834: checking for x86_64-pc-linux-gnu-strip
configure:5864: result: no
configure:5874: checking for strip
configure:5890: found /usr/bin/strip
configure:5901: result: strip
configure:5933: checking for x86_64-pc-linux-gnu-ranlib
configure:5960: result: /usr/bin/ranlib --plugin /usr/lib/gcc/x86_64-linux-gnu/9/liblto_plugin.so
configure:6107: checking command to parse /usr/bin/nm -B output from /usr/bin/gcc object
configure:6225: /usr/bin/gcc -c -O2 -I/workspaces/labsisop-buildroot/output/host/include      conftest.c >&5
configure:6228: $? = 0
configure:6232: /usr/bin/nm -B conftest.o \| sed -n -e 's/^.*[ ]\([ABCDGIRSTW][ABCDGIRSTW]*\)[ ][ ]*\([_A-Za-z][_A-Za-z0-9]*\)$/\1 \2 \2/p' \> conftest.nm
configure:6235: $? = 0
configure:6289: /usr/bin/gcc -o conftest -O2 -I/workspaces/labsisop-buildroot/output/host/include       -L/workspaces/labsisop-buildroot/output/host/lib -Wl,-rpath,/workspaces/labsisop-buildroot/output/host/lib conftest.c conftstm.o >&5
configure:6292: $? = 0
configure:6330: result: ok
configure:6425: /usr/bin/gcc -c -O2 -I/workspaces/labsisop-buildroot/output/host/include      conftest.c >&5
configure:6428: $? = 0
configure:7178: checking for dlfcn.h
configure:7178: /usr/bin/gcc -c -O2 -I/workspaces/labsisop-buildroot/output/host/include      conftest.c >&5
configure:7178: $? = 0
configure:7178: result: yes
configure:7365: checking for objdir
configure:7380: result: .libs
configure:7651: checking if /usr/bin/gcc supports -fno-rtti -fno-exceptions
configure:7669: /usr/bin/gcc -c -O2 -I/workspaces/labsisop-buildroot/output/host/include      -fno-rtti -fno-exceptions conftest.c >&5
cc1: warning: command line option '-fno-rtti' is valid for C++/D/ObjC++ but not for C
configure:7673: $? = 0
configure:7686: result: no
configure:7706: checking for /usr/bin/gcc option to produce PIC
configure:7992: result: -fPIC -DPIC
configure:8004: checking if /usr/bin/gcc PIC flag -fPIC -DPIC works
configure:8022: /usr/bin/gcc -c -O2 -I/workspaces/labsisop-buildroot/output/host/include      -fPIC -DPIC -DPIC conftest.c >&5
configure:8026: $? = 0
configure:8039: result: yes
configure:8063: checking if /usr/bin/gcc static flag -static works
configure:8091: result: yes
configure:8106: checking if /usr/bin/gcc supports -c -o file.o
configure:8127: /usr/bin/gcc -c -O2 -I/workspaces/labsisop-buildroot/output/host/include      -o out/conftest2.o conftest.c >&5
configure:8131: $? = 0
configure:8153: result: yes
configure:8161: checking if /usr/bin/gcc supports -c -o file.o
configure:8208: result: yes
configure:8241: checking whether the /usr/bin/gcc linker (/usr/bin/ld -m elf_x86_64) supports shared libraries
configure:9312: result: yes
configure:9557: checking dynamic linker characteristics
configure:9998: /usr/bin/gcc -o conftest -O2 -I/workspaces/labsisop-buildroot/output/host/include       -L/workspaces/labsisop-buildroot/output/host/lib -Wl,-rpath,/workspaces/labsisop-buildroot/output/host/lib -Wl,-rpath -Wl,/foo conftest.c  >&5
configure:9998: $? = 0
configure:10220: result: GNU/Linux ld.so
configure:10327: checking how to hardcode library paths into programs
configure:10352: result: immediate
configure:10892: checking whether stripping libraries is possible
configure:10897: result: yes
configure:10932: checking if libtool supports shared libraries
configure:10934: result: yes
configure:10937: checking whether to build shared libraries
configure:10958: result: no
configure:10961: checking whether to build static libraries
configure:10965: result: yes
configure:8170: checking for dlfcn.h
configure:8170: result: yes
configure:8183: checking for windows.h
configure:8183: /usr/bin/gcc -c -O2 -I/workspaces/labsisop-buildroot/output/host/include      conftest.c >&5
conftest.c:63:10: fatal error: windows.h: No such file or directory
   63 | #include <windows.h>
      |          ^~~~~~~~~~~
compilation terminated.
configure:8183: $? = 1
configure: failed program was:
| /* confdefs.h */
| #define PACKAGE_NAME "gas"
| #define PACKAGE_TARNAME "gas"
| #define PACKAGE_VERSION "2.38"
| #define PACKAGE_STRING "gas 2.38"
| #define PACKAGE_BUGREPORT ""
| #define PACKAGE_URL ""
| #define PACKAGE "gas"
| #define VERSION "2.38"
| #define STDC_HEADERS 1
| #define HAVE_SYS_TYPES_H 1
| #define HAVE_SYS_STAT_H 1
| #define HAVE_STDLIB_H 1
| #define HAVE_STRING_H 1
| #define HAVE_MEMORY_H 1
| #define HAVE_STRINGS_H 1
| #define HAVE_INTTYPES_H 1
| #define HAVE_STDINT_H 1
| #define HAVE_UNISTD_H 1
| #define __EXTENSIONS__ 1
| #define _ALL_SOURCE 1
| #define _GNU_SOURCE 1
| #define _POSIX_PTHREAD_SEMANTICS 1
| #define _TANDEM_SOURCE 1
| #define HAVE_DLFCN_H 1
| #define LT_OBJDIR ".libs/"
| #define HAVE_DLFCN_H 1
| /* end confdefs.h.  */
| #include <stdio.h>
| #ifdef HAVE_SYS_TYPES_H
| # include <sys/types.h>
| #endif
| #ifdef HAVE_SYS_STAT_H
| # include <sys/stat.h>
| #endif
| #ifdef STDC_HEADERS
| # include <stdlib.h>
| # include <stddef.h>
| #else
| # ifdef HAVE_STDLIB_H
| #  include <stdlib.h>
| # endif
| #endif
| #ifdef HAVE_STRING_H
| # if !defined STDC_HEADERS && defined HAVE_MEMORY_H
| #  include <memory.h>
| # endif
| # include <string.h>
| #endif
| #ifdef HAVE_STRINGS_H
| # include <strings.h>
| #endif
| #ifdef HAVE_INTTYPES_H
| # include <inttypes.h>
| #endif
| #ifdef HAVE_STDINT_H
| # include <stdint.h>
| #endif
| #ifdef HAVE_UNISTD_H
| # include <unistd.h>
| #endif
| 
| #include <windows.h>
configure:8183: result: no
configure:8210: checking for library containing dlsym
configure:8241: /usr/bin/gcc -o conftest -O2 -I/workspaces/labsisop-buildroot/output/host/include       -L/workspaces/labsisop-buildroot/output/host/lib -Wl,-rpath,/workspaces/labsisop-buildroot/output/host/lib conftest.c  >&5
/usr/bin/ld: /tmp/ccsDzhaG.o: in function `main':
conftest.c:(.text.startup+0xb): undefined reference to `dlsym'
collect2: error: ld returned 1 exit status
configure:8241: $? = 1
configure: failed program was:
| /* confdefs.h */
| #define PACKAGE_NAME "gas"
| #define PACKAGE_TARNAME "gas"
| #define PACKAGE_VERSION "2.38"
| #define PACKAGE_STRING "gas 2.38"
| #define PACKAGE_BUGREPORT ""
| #define PACKAGE_URL ""
| #define PACKAGE "gas"
| #define VERSION "2.38"
| #define STDC_HEADERS 1
| #define HAVE_SYS_TYPES_H 1
| #define HAVE_SYS_STAT_H 1
| #define HAVE_STDLIB_H 1
| #define HAVE_STRING_H 1
| #define HAVE_MEMORY_H 1
| #define HAVE_STRINGS_H 1
| #define HAVE_INTTYPES_H 1
| #define HAVE_STDINT_H 1
| #define HAVE_UNISTD_H 1
| #define __EXTENSIONS__ 1
| #define _ALL_SOURCE 1
| #define _GNU_SOURCE 1
| #define _POSIX_PTHREAD_SEMANTICS 1
| #define _TANDEM_SOURCE 1
| #define HAVE_DLFCN_H 1
| #define LT_OBJDIR ".libs/"
| #define HAVE_DLFCN_H 1
| /* end confdefs.h.  */
| 
| /* Override any GCC internal prototype to avoid an error.
|    Use char because int might match the return type of a GCC
|    builtin and then its argument prototype would still apply.  */
| #ifdef __cplusplus
| extern "C"
| #endif
| char dlsym ();
| int
| main ()
| {
| return dlsym ();
|   ;
|   return 0;
| }
configure:8241: /usr/bin/gcc -o conftest -O2 -I/workspaces/labsisop-buildroot/output/host/include       -L/workspaces/labsisop-buildroot/output/host/lib -Wl,-rpath,/workspaces/labsisop-buildroot/output/host/lib conftest.c -ldl   >&5
configure:8241: $? = 0
configure:8258: result: -ldl
configure:8330: checking for special C compiler options needed for large files
configure:8375: result: no
configure:8381: checking for _FILE_OFFSET_BITS value needed for large files
configure:8406: /usr/bin/gcc -c -O2 -I/workspaces/labsisop-buildroot/output/host/include      conftest.c >&5
configure:8406: $? = 0
configure:8438: result: no
configure:8524: checking how to compare bootstrapped objects
configure:8549: result: cmp --ignore-initial=16 $$f1 $$f2
gcc: error: CPPFLAGS_FOR_BUILD@: No such file or directory
gcc: error: CPPFLAGS_FOR_BUILD@: No such file or directory
configure:8854: checking whether byte ordering is bigendian
configure:8869: /usr/bin/gcc -c -O2 -I/workspaces/labsisop-buildroot/output/host/include      conftest.c >&5
conftest.c:30:9: error: unknown type name 'not'
   30 |         not a universal capable compiler
      |         ^~~
conftest.c:30:15: error: expected '=', ',', ';', 'asm' or '__attribute__' before 'universal'
   30 |         not a universal capable compiler
      |               ^~~~~~~~~
conftest.c:30:15: error: unknown type name 'universal'
configure:8869: $? = 1
configure: failed program was:
| /* confdefs.h */
| #define PACKAGE_NAME "gas"
| #define PACKAGE_TARNAME "gas"
| #define PACKAGE_VERSION "2.38"
| #define PACKAGE_STRING "gas 2.38"
| #define PACKAGE_BUGREPORT ""
| #define PACKAGE_URL ""
| #define PACKAGE "gas"
| #define VERSION "2.38"
| #define STDC_HEADERS 1
| #define HAVE_SYS_TYPES_H 1
| #define HAVE_SYS_STAT_H 1
| #define HAVE_STDLIB_H 1
| #define HAVE_STRING_H 1
| #define HAVE_MEMORY_H 1
| #define HAVE_STRINGS_H 1
| #define HAVE_INTTYPES_H 1
| #define HAVE_STDINT_H 1
| #define HAVE_UNISTD_H 1
| #define __EXTENSIONS__ 1
| #define _ALL_SOURCE 1
| #define _GNU_SOURCE 1
| #define _POSIX_PTHREAD_SEMANTICS 1
| #define _TANDEM_SOURCE 1
| #define HAVE_DLFCN_H 1
| #define LT_OBJDIR ".libs/"
| #define HAVE_DLFCN_H 1
| /* end confdefs.h.  */
| #ifndef __APPLE_CC__
| 	       not a universal capable compiler
| 	     #endif
| 	     typedef int dummy;
| 
configure:8914: /usr/bin/gcc -c -O2 -I/workspaces/labsisop-buildroot/output/host/include      conftest.c >&5
configure:8914: $? = 0
configure:8932: /usr/bin/gcc -c -O2 -I/workspaces/labsisop-buildroot/output/host/include      conftest.c >&5
conftest.c: In function 'main':
conftest.c:36:4: error: unknown type name 'not'; did you mean 'ino_t'?
   36 |    not big endian
      |    ^~~
      |    ino_t
conftest.c:36:12: error: expected '=', ',', ';', 'asm' or '__attribute__' before 'endian'
   36 |    not big endian
      |            ^~~~~~
configure:8932: $? = 1
configure: failed program was:
| /* confdefs.h */
| #define PACKAGE_NAME "gas"
| #define PACKAGE_TARNAME "gas"
| #define PACKAGE_VERSION "2.38"
| #define PACKAGE_STRING "gas 2.38"
| #define PACKAGE_BUGREPORT ""
| #define PACKAGE_URL ""
| #define PACKAGE "gas"
| #define VERSION "2.38"
| #define STDC_HEADERS 1
| #define HAVE_SYS_TYPES_H 1
| #define HAVE_SYS_STAT_H 1
| #define HAVE_STDLIB_H 1
| #define HAVE_STRING_H 1
| #define HAVE_MEMORY_H 1
| #define HAVE_STRINGS_H 1
| #define HAVE_INTTYPES_H 1
| #define HAVE_STDINT_H 1
| #define HAVE_UNISTD_H 1
| #define __EXTENSIONS__ 1
| #define _ALL_SOURCE 1
| #define _GNU_SOURCE 1
| #define _POSIX_PTHREAD_SEMANTICS 1
| #define _TANDEM_SOURCE 1
| #define HAVE_DLFCN_H 1
| #define LT_OBJDIR ".libs/"
| #define HAVE_DLFCN_H 1
| /* end confdefs.h.  */
| #include <sys/types.h>
| 		#include <sys/param.h>
| 
| int
| main ()
| {
| #if BYTE_ORDER != BIG_ENDIAN
| 		 not big endian
| 		#endif
| 
|   ;
|   return 0;
| }
configure:9060: result: no
configure:10009: checking for bison
configure:10036: result: bison -y
configure:10052: checking for flex
configure:10079: result: /workspaces/labsisop-buildroot/output/build/host-binutils-2.38/missing flex
configure:10226: checking whether NLS is requested
configure:10229: result: no
configure:10297: checking whether NLS is requested
configure:10306: result: no
configure:10344: checking for msgfmt
configure:10375: result: /usr/bin/msgfmt
configure:10384: checking for gmsgfmt
configure:10415: result: /usr/bin/msgfmt
configure:10455: checking for xgettext
configure:10486: result: /usr/bin/xgettext
configure:10526: checking for msgmerge
configure:10556: result: /usr/bin/msgmerge
configure:10593: checking whether to enable maintainer-specific portions of Makefiles
configure:10602: result: no
configure:10628: checking for memory.h
configure:10628: result: yes
configure:10628: checking for sys/stat.h
configure:10628: result: yes
configure:10628: checking for sys/types.h
configure:10628: result: yes
configure:10628: checking for unistd.h
configure:10628: result: yes
configure:10641: checking whether compiling a cross-assembler
configure:10651: result: yes
configure:10656: checking for strsignal
configure:10656: /usr/bin/gcc -o conftest -O2 -I/workspaces/labsisop-buildroot/output/host/include       -L/workspaces/labsisop-buildroot/output/host/lib -Wl,-rpath,/workspaces/labsisop-buildroot/output/host/lib conftest.c -ldl  >&5
configure:10656: $? = 0
configure:10656: result: yes
configure:10667: checking for LC_MESSAGES
configure:10683: /usr/bin/gcc -o conftest -O2 -I/workspaces/labsisop-buildroot/output/host/include       -L/workspaces/labsisop-buildroot/output/host/lib -Wl,-rpath,/workspaces/labsisop-buildroot/output/host/lib conftest.c -ldl  >&5
configure:10683: $? = 0
configure:10691: result: yes
configure:10842: checking for working assert macro
configure:10867: /usr/bin/gcc -o conftest -O2 -I/workspaces/labsisop-buildroot/output/host/include       -L/workspaces/labsisop-buildroot/output/host/lib -Wl,-rpath,/workspaces/labsisop-buildroot/output/host/lib conftest.c -ldl  >&5
In file included from conftest.c:51:
conftest.c: In function 'main':
conftest.c:60:10: warning: implicit declaration of function 'strcmp' [-Wimplicit-function-declaration]
   60 | assert (!strcmp(s, "foo bar baz quux"));
      |          ^~~~~~
conftest.c:60:10: warning: argument 1 null where non-null expected [-Wnonnull]
   60 | assert (!strcmp(s, "foo bar baz quux"));
      |          ^~~~~~~~~~~~~~~~~~~~~~~~~~~~~
conftest.c:60:10: note: in a call to built-in function 'strcmp'
configure:10867: $? = 0
configure:10875: result: yes
configure:10896: checking for a known getopt prototype in unistd.h
configure:10912: /usr/bin/gcc -c -O2 -I/workspaces/labsisop-buildroot/output/host/include      conftest.c >&5
configure:10912: $? = 0
configure:10920: result: yes
configure:10929: checking whether declaration is required for environ
configure:10949: /usr/bin/gcc -o conftest -O2 -I/workspaces/labsisop-buildroot/output/host/include       -L/workspaces/labsisop-buildroot/output/host/lib -Wl,-rpath,/workspaces/labsisop-buildroot/output/host/lib conftest.c -ldl  >&5
configure:10949: $? = 0
configure:10957: result: no
configure:10966: checking whether declaration is required for ffs
configure:10986: /usr/bin/gcc -o conftest -O2 -I/workspaces/labsisop-buildroot/output/host/include       -L/workspaces/labsisop-buildroot/output/host/lib -Wl,-rpath,/workspaces/labsisop-buildroot/output/host/lib conftest.c -ldl  >&5
configure:10986: $? = 0
configure:10994: result: no
configure:11003: checking whether asprintf is declared
configure:11003: /usr/bin/gcc -c -O2 -I/workspaces/labsisop-buildroot/output/host/include      conftest.c >&5
configure:11003: $? = 0
configure:11003: result: yes
configure:11013: checking whether mempcpy is declared
configure:11013: /usr/bin/gcc -c -O2 -I/workspaces/labsisop-buildroot/output/host/include      conftest.c >&5
configure:11013: $? = 0
configure:11013: result: yes
configure:11023: checking whether stpcpy is declared
configure:11023: /usr/bin/gcc -c -O2 -I/workspaces/labsisop-buildroot/output/host/include      conftest.c >&5
configure:11023: $? = 0
configure:11023: result: yes
configure:11103: checking for struct stat.st_mtim.tv_sec in sys/stat.h
configure:11121: /usr/bin/gcc -c -O2 -I/workspaces/labsisop-buildroot/output/host/include      conftest.c >&5
In file included from /usr/include/x86_64-linux-gnu/sys/stat.h:25,
                 from conftest.c:57:
/usr/include/features.h:187:3: warning: #warning "_BSD_SOURCE and _SVID_SOURCE are deprecated, use _DEFAULT_SOURCE" [-Wcpp]
  187 | # warning "_BSD_SOURCE and _SVID_SOURCE are deprecated, use _DEFAULT_SOURCE"
      |   ^~~~~~~
configure:11121: $? = 0
configure:11135: result: yes
configure:11138: checking for struct stat.st_mtim.tv_nsec in sys/stat.h
configure:11156: /usr/bin/gcc -c -O2 -I/workspaces/labsisop-buildroot/output/host/include      conftest.c >&5
In file included from /usr/include/x86_64-linux-gnu/sys/stat.h:25,
                 from conftest.c:58:
/usr/include/features.h:187:3: warning: #warning "_BSD_SOURCE and _SVID_SOURCE are deprecated, use _DEFAULT_SOURCE" [-Wcpp]
  187 | # warning "_BSD_SOURCE and _SVID_SOURCE are deprecated, use _DEFAULT_SOURCE"
      |   ^~~~~~~
configure:11156: $? = 0
configure:11170: result: yes
configure:11245: updating cache ./config.cache
configure:11289: checking that generated files are newer than configure
configure:11295: result: done
configure:11327: creating ./config.status

## ---------------------- ##
## Running config.status. ##
## ---------------------- ##

This file was extended by gas config.status 2.38, which was
generated by GNU Autoconf 2.69.  Invocation command line was

  CONFIG_FILES    = 
  CONFIG_HEADERS  = 
  CONFIG_LINKS    = 
  CONFIG_COMMANDS = 
  $ ./config.status 

on codespaces-1ee735

config.status:1160: creating .gdbinit
config.status:1160: creating Makefile
config.status:1160: creating po/Makefile.in
config.status:1160: creating config.h
config.status:1389: executing depfiles commands
config.status:1389: executing libtool commands
config.status:1389: executing default-1 commands
config.status:1389: executing default commands

## ---------------- ##
## Cache variables. ##
## ---------------- ##

ac_cv_build=x86_64-pc-linux-gnu
ac_cv_c_bigendian=no
ac_cv_c_compiler_gnu=yes
ac_cv_env_CC_set=set
ac_cv_env_CC_value=/usr/bin/gcc
ac_cv_env_CFLAGS_set=set
ac_cv_env_CFLAGS_value='-O2 -I/workspaces/labsisop-buildroot/output/host/include    '
ac_cv_env_CPPFLAGS_set=
ac_cv_env_CPPFLAGS_value=
ac_cv_env_CPP_set=
ac_cv_env_CPP_value=
ac_cv_env_LDFLAGS_set=set
ac_cv_env_LDFLAGS_value=' -L/workspaces/labsisop-buildroot/output/host/lib -Wl,-rpath,/workspaces/labsisop-buildroot/output/host/lib'
ac_cv_env_LIBS_set=
ac_cv_env_LIBS_value=
ac_cv_env_YACC_set=set
ac_cv_env_YACC_value='bison -y'
ac_cv_env_YFLAGS_set=
ac_cv_env_YFLAGS_value=
ac_cv_env_build_alias_set=set
ac_cv_env_build_alias_value=x86_64-pc-linux-gnu
ac_cv_env_host_alias_set=set
ac_cv_env_host_alias_value=x86_64-pc-linux-gnu
ac_cv_env_target_alias_set=set
ac_cv_env_target_alias_value=i686-buildroot-linux-gnu
ac_cv_func_strsignal=yes
ac_cv_have_decl_asprintf=yes
ac_cv_have_decl_mempcpy=yes
ac_cv_have_decl_stpcpy=yes
ac_cv_header_dlfcn_h=yes
ac_cv_header_inttypes_h=yes
ac_cv_header_memory_h=yes
ac_cv_header_minix_config_h=no
ac_cv_header_stdc=yes
ac_cv_header_stdint_h=yes
ac_cv_header_stdlib_h=yes
ac_cv_header_string_h=yes
ac_cv_header_strings_h=yes
ac_cv_header_sys_stat_h=yes
ac_cv_header_sys_types_h=yes
ac_cv_header_unistd_h=yes
ac_cv_header_windows_h=no
ac_cv_host=x86_64-pc-linux-gnu
ac_cv_objext=o
ac_cv_path_EGREP='/usr/bin/grep -E'
ac_cv_path_FGREP='/usr/bin/grep -F'
ac_cv_path_GMSGFMT=/usr/bin/msgfmt
ac_cv_path_GREP=/usr/bin/grep
ac_cv_path_MSGFMT=/usr/bin/msgfmt
ac_cv_path_MSGMERGE=/usr/bin/msgmerge
ac_cv_path_SED=/usr/bin/sed
ac_cv_path_XGETTEXT=/usr/bin/xgettext
ac_cv_path_mkdir=/usr/bin/mkdir
ac_cv_prog_AR='/usr/bin/ar --plugin /usr/lib/gcc/x86_64-linux-gnu/9/liblto_plugin.so'
ac_cv_prog_AWK=gawk
ac_cv_prog_CC=/usr/bin/gcc
ac_cv_prog_CPP='/usr/bin/gcc -E'
ac_cv_prog_LEX='/workspaces/labsisop-buildroot/output/build/host-binutils-2.38/missing flex'
ac_cv_prog_OBJDUMP=objdump
ac_cv_prog_RANLIB='/usr/bin/ranlib --plugin /usr/lib/gcc/x86_64-linux-gnu/9/liblto_plugin.so'
ac_cv_prog_YACC='bison -y'
ac_cv_prog_ac_ct_STRIP=strip
ac_cv_prog_cc_c89=
ac_cv_prog_cc_g=yes
ac_cv_prog_make__usr_bin_make_set=yes
ac_cv_safe_to_define___extensions__=yes
ac_cv_search_dlsym=-ldl
ac_cv_sys_file_offset_bits=no
ac_cv_sys_largefile_CC=no
ac_cv_target=i686-buildroot-linux-gnu
am_cv_CC_dependencies_compiler_type=none
am_cv_make_support_nested_variables=yes
am_cv_prog_cc_c_o=yes
am_cv_val_LC_MESSAGES=yes
gas_cv_assert_ok=yes
gas_cv_decl_getopt_unistd_h=yes
gas_cv_decl_needed_environ=no
gas_cv_decl_needed_ffs=no
gas_cv_have_sys_stat_type_member_st_mtim_tv_nsec=yes
gas_cv_have_sys_stat_type_member_st_mtim_tv_sec=yes
gcc_cv_prog_cmp_skip='cmp --ignore-initial=16 $$f1 $$f2'
lt_cv_deplibs_check_method=pass_all
lt_cv_file_magic_cmd='$MAGIC_CMD'
lt_cv_file_magic_test_file=
lt_cv_ld_reload_flag=-r
lt_cv_nm_interface='BSD nm'
lt_cv_objdir=.libs
lt_cv_path_LD=/usr/bin/ld
lt_cv_path_NM='/usr/bin/nm -B'
lt_cv_prog_compiler_c_o=yes
lt_cv_prog_compiler_pic_works=yes
lt_cv_prog_compiler_rtti_exceptions=no
lt_cv_prog_compiler_static_works=yes
lt_cv_prog_gnu_ld=yes
lt_cv_shlibpath_overrides_runpath=yes
lt_cv_sys_global_symbol_pipe='sed -n -e '\''s/^.*[	 ]\([ABCDGIRSTW][ABCDGIRSTW]*\)[	 ][	 ]*\([_A-Za-z][_A-Za-z0-9]*\)$/\1 \2 \2/p'\'''
lt_cv_sys_global_symbol_to_c_name_address='sed -n -e '\''s/^: \([^ ]*\) $/  {\"\1\", (void *) 0},/p'\'' -e '\''s/^[ABCDGIRSTW]* \([^ ]*\) \([^ ]*\)$/  {"\2", (void *) \&\2},/p'\'''
lt_cv_sys_global_symbol_to_c_name_address_lib_prefix='sed -n -e '\''s/^: \([^ ]*\) $/  {\"\1\", (void *) 0},/p'\'' -e '\''s/^[ABCDGIRSTW]* \([^ ]*\) \(lib[^ ]*\)$/  {"\2", (void *) \&\2},/p'\'' -e '\''s/^[ABCDGIRSTW]* \([^ ]*\) \([^ ]*\)$/  {"lib\2", (void *) \&\2},/p'\'''
lt_cv_sys_global_symbol_to_cdecl='sed -n -e '\''s/^T .* \(.*\)$/extern int \1();/p'\'' -e '\''s/^[ABCDGIRSTW]* .* \(.*\)$/extern char \1;/p'\'''
lt_cv_sys_max_cmd_len=1572864

## ----------------- ##
## Output variables. ##
## ----------------- ##

ACLOCAL='${SHELL} /workspaces/labsisop-buildroot/output/build/host-binutils-2.38/missing aclocal-1.15'
AMDEPBACKSLASH=''
AMDEP_FALSE=''
AMDEP_TRUE='#'
AMTAR='$${TAR-tar}'
AM_BACKSLASH='\'
AM_DEFAULT_V='$(AM_DEFAULT_VERBOSITY)'
AM_DEFAULT_VERBOSITY='0'
AM_V='$(V)'
AR='/usr/bin/ar --plugin /usr/lib/gcc/x86_64-linux-gnu/9/liblto_plugin.so --plugin /usr/lib/gcc/x86_64-linux-gnu/9/liblto_plugin.so'
AUTOCONF='${SHELL} /workspaces/labsisop-buildroot/output/build/host-binutils-2.38/missing autoconf'
AUTOHEADER='${SHELL} /workspaces/labsisop-buildroot/output/build/host-binutils-2.38/missing autoheader'
AUTOMAKE='${SHELL} /workspaces/labsisop-buildroot/output/build/host-binutils-2.38/missing automake-1.15'
AWK='gawk'
CATALOGS=''
CATOBJEXT=''
CC='/usr/bin/gcc'
CCDEPMODE='depmode=none'
CFLAGS='-O2 -I/workspaces/labsisop-buildroot/output/host/include    '
CPP='/usr/bin/gcc -E'
CPPFLAGS=''
CYGPATH_W='echo'
DATADIRNAME=''
DEFS='-DHAVE_CONFIG_H'
DEPDIR='.deps'
DSYMUTIL='@DSYMUTIL@'
DUMPBIN=''
ECHO_C=''
ECHO_N='-n'
ECHO_T=''
EGREP='/usr/bin/grep -E'
EXEEXT=''
FGREP='/usr/bin/grep -F'
GDBINIT='.gdbinit'
GENCAT=''
GENINSRC_NEVER_FALSE=''
GENINSRC_NEVER_TRUE='#'
GMSGFMT='/usr/bin/msgfmt'
GREP='/usr/bin/grep'
INCINTL=''
INSTALL_DATA='/usr/bin/install -c -m 644'
INSTALL_PROGRAM='/usr/bin/install -c'
INSTALL_SCRIPT='/usr/bin/install -c'
INSTALL_STRIP_PROGRAM='$(install_sh) -c -s'
INSTOBJEXT=''
LARGEFILE_CPPFLAGS=''
LD='/usr/bin/ld -m elf_x86_64'
LDFLAGS=' -L/workspaces/labsisop-buildroot/output/host/lib -Wl,-rpath,/workspaces/labsisop-buildroot/output/host/lib'
LEX='/workspaces/labsisop-buildroot/output/build/host-binutils-2.38/missing flex'
LEXLIB=''
LEX_OUTPUT_ROOT=''
LIBINTL=''
LIBINTL_DEP=''
LIBM=''
LIBOBJS=''
LIBS='-ldl '
LIBTOOL='$(SHELL) $(top_builddir)/libtool'
LIPO=''
LN_S='ln -s'
LTLIBOBJS=''
MAINT='#'
MAINTAINER_MODE_FALSE=''
MAINTAINER_MODE_TRUE='#'
MAKEINFO='true --split-size=5000000'
MKDIR_P='/usr/bin/mkdir -p'
MKINSTALLDIRS='$(top_builddir)/../mkinstalldirs'
MSGFMT='/usr/bin/msgfmt'
MSGMERGE='/usr/bin/msgmerge'
NM='/usr/bin/nm -B'
NMEDIT=''
NO_WERROR=''
OBJDUMP='objdump'
OBJEXT='o'
OPCODES_LIB='../opcodes/libopcodes.la'
OTOOL64=''
OTOOL='@OTOOL@'
PACKAGE='gas'
PACKAGE_BUGREPORT=''
PACKAGE_NAME='gas'
PACKAGE_STRING='gas 2.38'
PACKAGE_TARNAME='gas'
PACKAGE_URL=''
PACKAGE_VERSION='2.38'
PATH_SEPARATOR=':'
POSUB=''
RANLIB='/usr/bin/ranlib --plugin /usr/lib/gcc/x86_64-linux-gnu/9/liblto_plugin.so --plugin /usr/lib/gcc/x86_64-linux-gnu/9/liblto_plugin.so'
SED='/usr/bin/sed'
SET_MAKE=''
SHELL='/bin/bash'
STRIP='strip'
USE_NLS='no'
VERSION='2.38'
WARN_CFLAGS='-W -Wall -Wstrict-prototypes -Wmissing-prototypes -Wshadow -Wstack-usage=262144'
WARN_CFLAGS_FOR_BUILD='-W -Wall -Wstrict-prototypes -Wmissing-prototypes -Wshadow -Wstack-usage=262144'
WARN_WRITE_STRINGS='-Wwrite-strings'
XGETTEXT='/usr/bin/xgettext'
YACC='bison -y'
YFLAGS=''
ac_ct_CC=''
ac_ct_DUMPBIN=''
am__EXEEXT_FALSE=''
am__EXEEXT_TRUE='#'
am__fastdepCC_FALSE=''
am__fastdepCC_TRUE='#'
am__include='include'
am__isrc=''
am__leading_dot='.'
am__nodep=''
am__quote=''
am__tar='$${TAR-tar} chof - "$$tardir"'
am__untar='$${TAR-tar} xf -'
atof='ieee'
bindir='${exec_prefix}/bin'
build='x86_64-pc-linux-gnu'
build_alias='x86_64-pc-linux-gnu'
build_cpu='x86_64'
build_os='linux-gnu'
build_vendor='pc'
cgen_cpu_prefix=''
datadir='${datarootdir}'
datarootdir='${prefix}/share'
do_compare='cmp --ignore-initial=16 $$f1 $$f2'
docdir='${datarootdir}/doc/${PACKAGE_TARNAME}'
dvidir='${docdir}'
exec_prefix='${prefix}'
extra_objects=''
host='x86_64-pc-linux-gnu'
host_alias='x86_64-pc-linux-gnu'
host_cpu='x86_64'
host_os='linux-gnu'
host_vendor='pc'
htmldir='${docdir}'
includedir='${prefix}/include'
infodir='${datarootdir}/info'
install_sh='${SHELL} /workspaces/labsisop-buildroot/output/build/host-binutils-2.38/install-sh'
install_tooldir='install-exec-tooldir'
libdir='${exec_prefix}/lib'
libexecdir='${exec_prefix}/libexec'
localedir='${datarootdir}/locale'
localstatedir='/workspaces/labsisop-buildroot/output/host/var'
mandir='${datarootdir}/man'
mkdir_p='$(MKDIR_P)'
obj_format='elf'
oldincludedir='/usr/include'
pdfdir='${docdir}'
prefix='/workspaces/labsisop-buildroot/output/host'
program_transform_name='s&^&i686-buildroot-linux-gnu-&'
psdir='${docdir}'
sbindir='${exec_prefix}/sbin'
sharedstatedir='${prefix}/com'
sysconfdir='/workspaces/labsisop-buildroot/output/host/etc'
target='i686-buildroot-linux-gnu'
target_alias='i686-buildroot-linux-gnu'
target_cpu='i686'
target_cpu_type='i386'
target_os='linux-gnu'
target_vendor='buildroot'
te_file='linux'
zlibdir='-L$(top_builddir)/../zlib'
zlibinc='-I$(top_srcdir)/../zlib'

## ----------- ##
## confdefs.h. ##
## ----------- ##

/* confdefs.h */
#define PACKAGE_NAME "gas"
#define PACKAGE_TARNAME "gas"
#define PACKAGE_VERSION "2.38"
#define PACKAGE_STRING "gas 2.38"
#define PACKAGE_BUGREPORT ""
#define PACKAGE_URL ""
#define PACKAGE "gas"
#define VERSION "2.38"
#define STDC_HEADERS 1
#define HAVE_SYS_TYPES_H 1
#define HAVE_SYS_STAT_H 1
#define HAVE_STDLIB_H 1
#define HAVE_STRING_H 1
#define HAVE_MEMORY_H 1
#define HAVE_STRINGS_H 1
#define HAVE_INTTYPES_H 1
#define HAVE_STDINT_H 1
#define HAVE_UNISTD_H 1
#define __EXTENSIONS__ 1
#define _ALL_SOURCE 1
#define _GNU_SOURCE 1
#define _POSIX_PTHREAD_SEMANTICS 1
#define _TANDEM_SOURCE 1
#define HAVE_DLFCN_H 1
#define LT_OBJDIR ".libs/"
#define HAVE_DLFCN_H 1
#define DEFAULT_ARCH "i386"
#define DEFAULT_GENERATE_X86_RELAX_RELOCATIONS 1
#define DEFAULT_GENERATE_ELF_STT_COMMON 0
#define DEFAULT_GENERATE_BUILD_NOTES 0
#define DEFAULT_X86_USED_NOTE 1
#define DEFAULT_RISCV_ATTR 1
#define DEFAULT_MIPS_FIX_LOONGSON3_LLSC 0
#define DEFAULT_FLAG_COMPRESS_DEBUG 1
#define EMULATIONS  &i386elf,
#define DEFAULT_EMULATION "i386elf"
#define TARGET_ALIAS "i686-buildroot-linux-gnu"
#define TARGET_CANONICAL "i686-buildroot-linux-gnu"
#define TARGET_CPU "i686"
#define TARGET_VENDOR "buildroot"
#define TARGET_OS "linux-gnu"
#define HAVE_MEMORY_H 1
#define HAVE_SYS_STAT_H 1
#define HAVE_SYS_TYPES_H 1
#define HAVE_UNISTD_H 1
#define CROSS_COMPILE 1
#define HAVE_STRSIGNAL 1
#define HAVE_LC_MESSAGES 1
#define HAVE_DECL_GETOPT 1
#define HAVE_DECL_ASPRINTF 1
#define HAVE_DECL_MEMPCPY 1
#define HAVE_DECL_STPCPY 1
#define HAVE_ST_MTIM_TV_SEC 1
#define HAVE_ST_MTIM_TV_NSEC 1

configure: exit 0
