This file contains any messages produced by compilers while
running configure, to aid debugging if configure makes a mistake.

It was created by ld configure 2.38, which was
generated by GNU Autoconf 2.69.  Invocation command line was

  $ /workspaces/labsisop-buildroot/output/build/host-binutils-2.38/ld/configure --srcdir=.././ld --cache-file=./config.cache --with-gnu-as --with-gnu-ld --prefix=/workspaces/labsisop-buildroot/output/host --sysconfdir=/workspaces/labsisop-buildroot/output/host/etc --localstatedir=/workspaces/labsisop-buildroot/output/host/var --enable-shared --disable-static --disable-gtk-doc --disable-gtk-doc-html --disable-doc --disable-docs --disable-documentation --disable-debug --with-xmlto=no --with-fop=no --disable-nls --disable-dependency-tracking --disable-multilib --disable-werror --disable-shared --enable-static --with-sysroot=/workspaces/labsisop-buildroot/output/host/i686-buildroot-linux-gnu/sysroot --enable-poison-system-directories --without-debuginfod --enable-plugins --enable-lto --disable-sim --disable-gdb --disable-gprofng --program-transform-name=s&^&i686-buildroot-linux-gnu-& --disable-option-checking --build=x86_64-pc-linux-gnu --host=x86_64-pc-linux-gnu --target=i686-buildroot-linux-gnu

## --------- ##
## Platform. ##
## --------- ##

hostname = codespaces-1ee735
uname -m = x86_64
uname -r = 6.8.0-1027-azure
uname -s = Linux
uname -v = #32~22.04.1-Ubuntu SMP Thu Apr  3 20:26:27 UTC 2025

/usr/bin/uname -p = x86_64
/bin/uname -X     = unknown

/bin/arch              = x86_64
/usr/bin/arch -k       = unknown
/usr/convex/getsysinfo = unknown
/usr/bin/hostinfo      = unknown
/bin/machine           = unknown
/usr/bin/oslevel       = unknown
/bin/universe          = unknown

PATH: /workspaces/labsisop-buildroot/output/host/bin
PATH: /workspaces/labsisop-buildroot/output/host/sbin
PATH: /usr/local/rvm/gems/ruby-3.3.4/bin
PATH: /usr/local/rvm/gems/ruby-3.3.4@global/bin
PATH: /usr/local/rvm/rubies/ruby-3.3.4/bin
PATH: /vscode/bin/linux-x64/19e0f9e681ecb8e5c09d8784acaa601316ca4571/bin/remote-cli
PATH: /home/codespace/.local/bin
PATH: /home/codespace/.dotnet
PATH: /home/codespace/nvm/current/bin
PATH: /home/codespace/.php/current/bin
PATH: /home/codespace/.python/current/bin
PATH: /home/codespace/java/current/bin
PATH: /home/codespace/.ruby/current/bin
PATH: /home/codespace/.local/bin
PATH: /usr/local/python/current/bin
PATH: /usr/local/py-utils/bin
PATH: /usr/local/jupyter
PATH: /usr/local/oryx
PATH: /usr/local/go/bin
PATH: /go/bin
PATH: /usr/local/sdkman/bin
PATH: /usr/local/sdkman/candidates/java/current/bin
PATH: /usr/local/sdkman/candidates/gradle/current/bin
PATH: /usr/local/sdkman/candidates/maven/current/bin
PATH: /usr/local/sdkman/candidates/ant/current/bin
PATH: /usr/local/rvm/gems/default/bin
PATH: /usr/local/rvm/gems/default@global/bin
PATH: /usr/local/rvm/rubies/default/bin
PATH: /usr/local/share/rbenv/bin
PATH: /usr/local/php/current/bin
PATH: /opt/conda/bin
PATH: /usr/local/nvs
PATH: /usr/local/share/nvm/versions/node/v20.19.0/bin
PATH: /usr/local/hugo/bin
PATH: /usr/local/sbin
PATH: /usr/local/bin
PATH: /usr/sbin
PATH: /usr/bin
PATH: /sbin
PATH: /bin
PATH: /usr/share/dotnet
PATH: /home/codespace/.dotnet/tools
PATH: /usr/local/rvm/bin


## ----------- ##
## Core tests. ##
## ----------- ##

configure:2608: creating cache ./config.cache
configure:2722: checking build system type
configure:2736: result: x86_64-pc-linux-gnu
configure:2756: checking host system type
configure:2769: result: x86_64-pc-linux-gnu
configure:2789: checking target system type
configure:2802: result: i686-buildroot-linux-gnu
configure:2846: checking for a BSD-compatible install
configure:2914: result: /usr/bin/install -c
configure:2925: checking whether build environment is sane
configure:2980: result: yes
configure:3129: checking for a thread-safe mkdir -p
configure:3168: result: /usr/bin/mkdir -p
configure:3175: checking for gawk
configure:3202: result: gawk
configure:3213: checking whether /usr/bin/make sets $(MAKE)
configure:3235: result: yes
configure:3264: checking whether /usr/bin/make supports nested variables
configure:3281: result: yes
configure:3418: checking whether /usr/bin/make supports nested variables
configure:3435: result: yes
configure:3447: checking whether to enable maintainer-specific portions of Makefiles
configure:3456: result: no
configure:3478: checking for x86_64-pc-linux-gnu-gcc
configure:3505: result: /usr/bin/gcc
configure:3774: checking for C compiler version
configure:3783: /usr/bin/gcc --version >&5
gcc (Ubuntu 9.4.0-1ubuntu1~20.04.2) 9.4.0
Copyright (C) 2019 Free Software Foundation, Inc.
This is free software; see the source for copying conditions.  There is NO
warranty; not even for MERCHANTABILITY or FITNESS FOR A PARTICULAR PURPOSE.

configure:3794: $? = 0
configure:3783: /usr/bin/gcc -v >&5
Using built-in specs.
COLLECT_GCC=/usr/bin/gcc
COLLECT_LTO_WRAPPER=/usr/lib/gcc/x86_64-linux-gnu/9/lto-wrapper
OFFLOAD_TARGET_NAMES=nvptx-none:hsa
OFFLOAD_TARGET_DEFAULT=1
Target: x86_64-linux-gnu
Configured with: ../src/configure -v --with-pkgversion='Ubuntu 9.4.0-1ubuntu1~20.04.2' --with-bugurl=file:///usr/share/doc/gcc-9/README.Bugs --enable-languages=c,ada,c++,go,brig,d,fortran,objc,obj-c++,gm2 --prefix=/usr --with-gcc-major-version-only --program-suffix=-9 --program-prefix=x86_64-linux-gnu- --enable-shared --enable-linker-build-id --libexecdir=/usr/lib --without-included-gettext --enable-threads=posix --libdir=/usr/lib --enable-nls --enable-clocale=gnu --enable-libstdcxx-debug --enable-libstdcxx-time=yes --with-default-libstdcxx-abi=new --enable-gnu-unique-object --disable-vtable-verify --enable-plugin --enable-default-pie --with-system-zlib --with-target-system-zlib=auto --enable-objc-gc=auto --enable-multiarch --disable-werror --with-arch-32=i686 --with-abi=m64 --with-multilib-list=m32,m64,mx32 --enable-multilib --with-tune=generic --enable-offload-targets=nvptx-none=/build/gcc-9-9QDOt0/gcc-9-9.4.0/debian/tmp-nvptx/usr,hsa --without-cuda-driver --enable-checking=release --build=x86_64-linux-gnu --host=x86_64-linux-gnu --target=x86_64-linux-gnu
Thread model: posix
gcc version 9.4.0 (Ubuntu 9.4.0-1ubuntu1~20.04.2) 
configure:3794: $? = 0
configure:3783: /usr/bin/gcc -V >&5
gcc: error: unrecognized command line option '-V'
gcc: fatal error: no input files
compilation terminated.
configure:3794: $? = 1
configure:3783: /usr/bin/gcc -qversion >&5
gcc: error: unrecognized command line option '-qversion'; did you mean '--version'?
gcc: fatal error: no input files
compilation terminated.
configure:3794: $? = 1
configure:3814: checking whether the C compiler works
configure:3836: /usr/bin/gcc -O2 -I/workspaces/labsisop-buildroot/output/host/include       -L/workspaces/labsisop-buildroot/output/host/lib -Wl,-rpath,/workspaces/labsisop-buildroot/output/host/lib conftest.c  >&5
configure:3840: $? = 0
configure:3888: result: yes
configure:3891: checking for C compiler default output file name
configure:3893: result: a.out
configure:3899: checking for suffix of executables
configure:3906: /usr/bin/gcc -o conftest -O2 -I/workspaces/labsisop-buildroot/output/host/include       -L/workspaces/labsisop-buildroot/output/host/lib -Wl,-rpath,/workspaces/labsisop-buildroot/output/host/lib conftest.c  >&5
configure:3910: $? = 0
configure:3932: result: 
configure:3954: checking whether we are cross compiling
configure:3962: /usr/bin/gcc -o conftest -O2 -I/workspaces/labsisop-buildroot/output/host/include       -L/workspaces/labsisop-buildroot/output/host/lib -Wl,-rpath,/workspaces/labsisop-buildroot/output/host/lib conftest.c  >&5
configure:3966: $? = 0
configure:3973: ./conftest
configure:3977: $? = 0
configure:3965: result: no
configure:3970: checking for suffix of object files
configure:3992: /usr/bin/gcc -c -O2 -I/workspaces/labsisop-buildroot/output/host/include      conftest.c >&5
configure:3996: $? = 0
configure:4017: result: o
configure:4021: checking whether we are using the GNU C compiler
configure:4040: /usr/bin/gcc -c -O2 -I/workspaces/labsisop-buildroot/output/host/include      conftest.c >&5
configure:4040: $? = 0
configure:4049: result: yes
configure:4058: checking whether /usr/bin/gcc accepts -g
configure:4078: /usr/bin/gcc -c -g  conftest.c >&5
configure:4078: $? = 0
configure:4119: result: yes
configure:4136: checking for /usr/bin/gcc option to accept ISO C89
configure:4199: /usr/bin/gcc  -c -O2 -I/workspaces/labsisop-buildroot/output/host/include      conftest.c >&5
configure:4199: $? = 0
configure:4212: result: none needed
configure:4237: checking whether /usr/bin/gcc understands -c and -o together
configure:4259: /usr/bin/gcc -c conftest.c -o conftest2.o
configure:4262: $? = 0
configure:4259: /usr/bin/gcc -c conftest.c -o conftest2.o
configure:4262: $? = 0
configure:4274: result: yes
configure:4302: checking for style of include used by /usr/bin/make
configure:4330: result: GNU
configure:4356: checking dependency style of /usr/bin/gcc
configure:4467: result: none
configure:4594: checking for C++ compiler version
configure:4603: /usr/bin/g++ --version >&5
g++ (Ubuntu 9.4.0-1ubuntu1~20.04.2) 9.4.0
Copyright (C) 2019 Free Software Foundation, Inc.
This is free software; see the source for copying conditions.  There is NO
warranty; not even for MERCHANTABILITY or FITNESS FOR A PARTICULAR PURPOSE.

configure:4614: $? = 0
configure:4603: /usr/bin/g++ -v >&5
Using built-in specs.
COLLECT_GCC=/usr/bin/g++
COLLECT_LTO_WRAPPER=/usr/lib/gcc/x86_64-linux-gnu/9/lto-wrapper
OFFLOAD_TARGET_NAMES=nvptx-none:hsa
OFFLOAD_TARGET_DEFAULT=1
Target: x86_64-linux-gnu
Configured with: ../src/configure -v --with-pkgversion='Ubuntu 9.4.0-1ubuntu1~20.04.2' --with-bugurl=file:///usr/share/doc/gcc-9/README.Bugs --enable-languages=c,ada,c++,go,brig,d,fortran,objc,obj-c++,gm2 --prefix=/usr --with-gcc-major-version-only --program-suffix=-9 --program-prefix=x86_64-linux-gnu- --enable-shared --enable-linker-build-id --libexecdir=/usr/lib --without-included-gettext --enable-threads=posix --libdir=/usr/lib --enable-nls --enable-clocale=gnu --enable-libstdcxx-debug --enable-libstdcxx-time=yes --with-default-libstdcxx-abi=new --enable-gnu-unique-object --disable-vtable-verify --enable-plugin --enable-default-pie --with-system-zlib --with-target-system-zlib=auto --enable-objc-gc=auto --enable-multiarch --disable-werror --with-arch-32=i686 --with-abi=m64 --with-multilib-list=m32,m64,mx32 --enable-multilib --with-tune=generic --enable-offload-targets=nvptx-none=/build/gcc-9-9QDOt0/gcc-9-9.4.0/debian/tmp-nvptx/usr,hsa --without-cuda-driver --enable-checking=release --build=x86_64-linux-gnu --host=x86_64-linux-gnu --target=x86_64-linux-gnu
Thread model: posix
gcc version 9.4.0 (Ubuntu 9.4.0-1ubuntu1~20.04.2) 
configure:4614: $? = 0
configure:4603: /usr/bin/g++ -V >&5
g++: error: unrecognized command line option '-V'
g++: fatal error: no input files
compilation terminated.
configure:4614: $? = 1
configure:4603: /usr/bin/g++ -qversion >&5
g++: error: unrecognized command line option '-qversion'; did you mean '--version'?
g++: fatal error: no input files
compilation terminated.
configure:4614: $? = 1
configure:4618: checking whether we are using the GNU C++ compiler
configure:4637: /usr/bin/g++ -c -O2 -I/workspaces/labsisop-buildroot/output/host/include      conftest.cpp >&5
configure:4637: $? = 0
configure:4646: result: yes
configure:4655: checking whether /usr/bin/g++ accepts -g
configure:4675: /usr/bin/g++ -c -g  conftest.cpp >&5
configure:4675: $? = 0
configure:4716: result: yes
configure:4741: checking dependency style of /usr/bin/g++
configure:4852: result: none
configure:4867: checking for grep that handles long lines and -e
configure:4925: result: /usr/bin/grep
configure:4936: checking how to run the C preprocessor
configure:4967: /usr/bin/gcc -E  conftest.c
configure:4967: $? = 0
configure:4981: /usr/bin/gcc -E  conftest.c
conftest.c:11:10: fatal error: ac_nonexistent.h: No such file or directory
   11 | #include <ac_nonexistent.h>
      |          ^~~~~~~~~~~~~~~~~~
compilation terminated.
configure:4981: $? = 1
configure: failed program was:
| /* confdefs.h */
| #define PACKAGE_NAME "ld"
| #define PACKAGE_TARNAME "ld"
| #define PACKAGE_VERSION "2.38"
| #define PACKAGE_STRING "ld 2.38"
| #define PACKAGE_BUGREPORT ""
| #define PACKAGE_URL ""
| #define PACKAGE "ld"
| #define VERSION "2.38"
| /* end confdefs.h.  */
| #include <ac_nonexistent.h>
configure:5006: result: /usr/bin/gcc -E
configure:5026: /usr/bin/gcc -E  conftest.c
configure:5026: $? = 0
configure:5040: /usr/bin/gcc -E  conftest.c
conftest.c:11:10: fatal error: ac_nonexistent.h: No such file or directory
   11 | #include <ac_nonexistent.h>
      |          ^~~~~~~~~~~~~~~~~~
compilation terminated.
configure:5040: $? = 1
configure: failed program was:
| /* confdefs.h */
| #define PACKAGE_NAME "ld"
| #define PACKAGE_TARNAME "ld"
| #define PACKAGE_VERSION "2.38"
| #define PACKAGE_STRING "ld 2.38"
| #define PACKAGE_BUGREPORT ""
| #define PACKAGE_URL ""
| #define PACKAGE "ld"
| #define VERSION "2.38"
| /* end confdefs.h.  */
| #include <ac_nonexistent.h>
configure:5069: checking for egrep
configure:5131: result: /usr/bin/grep -E
configure:5136: checking for ANSI C header files
configure:5156: /usr/bin/gcc -c -O2 -I/workspaces/labsisop-buildroot/output/host/include      conftest.c >&5
configure:5156: $? = 0
configure:5229: /usr/bin/gcc -o conftest -O2 -I/workspaces/labsisop-buildroot/output/host/include       -L/workspaces/labsisop-buildroot/output/host/lib -Wl,-rpath,/workspaces/labsisop-buildroot/output/host/lib conftest.c  >&5
configure:5229: $? = 0
configure:5229: ./conftest
configure:5229: $? = 0
configure:5240: result: yes
configure:5253: checking for sys/types.h
configure:5253: /usr/bin/gcc -c -O2 -I/workspaces/labsisop-buildroot/output/host/include      conftest.c >&5
configure:5253: $? = 0
configure:5253: result: yes
configure:5253: checking for sys/stat.h
configure:5253: /usr/bin/gcc -c -O2 -I/workspaces/labsisop-buildroot/output/host/include      conftest.c >&5
configure:5253: $? = 0
configure:5253: result: yes
configure:5253: checking for stdlib.h
configure:5253: /usr/bin/gcc -c -O2 -I/workspaces/labsisop-buildroot/output/host/include      conftest.c >&5
configure:5253: $? = 0
configure:5253: result: yes
configure:5253: checking for string.h
configure:5253: /usr/bin/gcc -c -O2 -I/workspaces/labsisop-buildroot/output/host/include      conftest.c >&5
configure:5253: $? = 0
configure:5253: result: yes
configure:5253: checking for memory.h
configure:5253: /usr/bin/gcc -c -O2 -I/workspaces/labsisop-buildroot/output/host/include      conftest.c >&5
configure:5253: $? = 0
configure:5253: result: yes
configure:5253: checking for strings.h
configure:5253: /usr/bin/gcc -c -O2 -I/workspaces/labsisop-buildroot/output/host/include      conftest.c >&5
configure:5253: $? = 0
configure:5253: result: yes
configure:5253: checking for inttypes.h
configure:5253: /usr/bin/gcc -c -O2 -I/workspaces/labsisop-buildroot/output/host/include      conftest.c >&5
configure:5253: $? = 0
configure:5253: result: yes
configure:5253: checking for stdint.h
configure:5253: /usr/bin/gcc -c -O2 -I/workspaces/labsisop-buildroot/output/host/include      conftest.c >&5
configure:5253: $? = 0
configure:5253: result: yes
configure:5253: checking for unistd.h
configure:5253: /usr/bin/gcc -c -O2 -I/workspaces/labsisop-buildroot/output/host/include      conftest.c >&5
configure:5253: $? = 0
configure:5253: result: yes
configure:5266: checking minix/config.h usability
configure:5266: /usr/bin/gcc -c -O2 -I/workspaces/labsisop-buildroot/output/host/include      conftest.c >&5
conftest.c:54:10: fatal error: minix/config.h: No such file or directory
   54 | #include <minix/config.h>
      |          ^~~~~~~~~~~~~~~~
compilation terminated.
configure:5266: $? = 1
configure: failed program was:
| /* confdefs.h */
| #define PACKAGE_NAME "ld"
| #define PACKAGE_TARNAME "ld"
| #define PACKAGE_VERSION "2.38"
| #define PACKAGE_STRING "ld 2.38"
| #define PACKAGE_BUGREPORT ""
| #define PACKAGE_URL ""
| #define PACKAGE "ld"
| #define VERSION "2.38"
| #define STDC_HEADERS 1
| #define HAVE_SYS_TYPES_H 1
| #define HAVE_SYS_STAT_H 1
| #define HAVE_STDLIB_H 1
| #define HAVE_STRING_H 1
| #define HAVE_MEMORY_H 1
| #define HAVE_STRINGS_H 1
| #define HAVE_INTTYPES_H 1
| #define HAVE_STDINT_H 1
| #define HAVE_UNISTD_H 1
| /* end confdefs.h.  */
| #include <stdio.h>
| #ifdef HAVE_SYS_TYPES_H
| # include <sys/types.h>
| #endif
| #ifdef HAVE_SYS_STAT_H
| # include <sys/stat.h>
| #endif
| #ifdef STDC_HEADERS
| # include <stdlib.h>
| # include <stddef.h>
| #else
| # ifdef HAVE_STDLIB_H
| #  include <stdlib.h>
| # endif
| #endif
| #ifdef HAVE_STRING_H
| # if !defined STDC_HEADERS && defined HAVE_MEMORY_H
| #  include <memory.h>
| # endif
| # include <string.h>
| #endif
| #ifdef HAVE_STRINGS_H
| # include <strings.h>
| #endif
| #ifdef HAVE_INTTYPES_H
| # include <inttypes.h>
| #endif
| #ifdef HAVE_STDINT_H
| # include <stdint.h>
| #endif
| #ifdef HAVE_UNISTD_H
| # include <unistd.h>
| #endif
| #include <minix/config.h>
configure:5266: result: no
configure:5266: checking minix/config.h presence
configure:5266: /usr/bin/gcc -E  conftest.c
conftest.c:21:10: fatal error: minix/config.h: No such file or directory
   21 | #include <minix/config.h>
      |          ^~~~~~~~~~~~~~~~
compilation terminated.
configure:5266: $? = 1
configure: failed program was:
| /* confdefs.h */
| #define PACKAGE_NAME "ld"
| #define PACKAGE_TARNAME "ld"
| #define PACKAGE_VERSION "2.38"
| #define PACKAGE_STRING "ld 2.38"
| #define PACKAGE_BUGREPORT ""
| #define PACKAGE_URL ""
| #define PACKAGE "ld"
| #define VERSION "2.38"
| #define STDC_HEADERS 1
| #define HAVE_SYS_TYPES_H 1
| #define HAVE_SYS_STAT_H 1
| #define HAVE_STDLIB_H 1
| #define HAVE_STRING_H 1
| #define HAVE_MEMORY_H 1
| #define HAVE_STRINGS_H 1
| #define HAVE_INTTYPES_H 1
| #define HAVE_STDINT_H 1
| #define HAVE_UNISTD_H 1
| /* end confdefs.h.  */
| #include <minix/config.h>
configure:5266: result: no
configure:5266: checking for minix/config.h
configure:5266: result: no
configure:5287: checking whether it is safe to define __EXTENSIONS__
configure:5305: /usr/bin/gcc -c -O2 -I/workspaces/labsisop-buildroot/output/host/include      conftest.c >&5
configure:5305: $? = 0
configure:5312: result: yes
configure:5376: checking how to print strings
configure:5403: result: printf
configure:5424: checking for a sed that does not truncate output
configure:5488: result: /usr/bin/sed
configure:5506: checking for fgrep
configure:5568: result: /usr/bin/grep -F
configure:5603: checking for ld used by /usr/bin/gcc
configure:5670: result: /usr/bin/ld
configure:5677: checking if the linker (/usr/bin/ld) is GNU ld
configure:5692: result: yes
configure:5704: checking for BSD- or MS-compatible name lister (nm)
configure:5754: result: /usr/bin/nm -B
configure:5884: checking the name lister (/usr/bin/nm -B) interface
configure:5891: /usr/bin/gcc -c -O2 -I/workspaces/labsisop-buildroot/output/host/include      conftest.c >&5
configure:5894: /usr/bin/nm -B "conftest.o"
configure:5897: output
0000000000000000 B some_variable
configure:5898: result: BSD nm
configure:5901: checking whether ln -s works
configure:5905: result: yes
configure:5913: checking the maximum length of command line arguments
configure:6038: result: 1572864
configure:6055: checking whether the shell understands some XSI constructs
configure:6064: result: yes
configure:6068: checking whether the shell understands "+="
configure:6072: result: yes
configure:6107: checking for /usr/bin/ld option to reload object files
configure:6114: result: -r
configure:6143: checking for x86_64-pc-linux-gnu-objdump
configure:6170: result: objdump
configure:6242: checking how to recognize dependent libraries
configure:6443: result: pass_all
configure:6476: checking for x86_64-pc-linux-gnu-ar
configure:6503: result: /usr/bin/ar --plugin /usr/lib/gcc/x86_64-linux-gnu/9/liblto_plugin.so
configure:6594: checking for x86_64-pc-linux-gnu-strip
configure:6624: result: no
configure:6634: checking for strip
configure:6650: found /usr/bin/strip
configure:6661: result: strip
configure:6693: checking for x86_64-pc-linux-gnu-ranlib
configure:6720: result: /usr/bin/ranlib --plugin /usr/lib/gcc/x86_64-linux-gnu/9/liblto_plugin.so
configure:6867: checking command to parse /usr/bin/nm -B output from /usr/bin/gcc object
configure:6985: /usr/bin/gcc -c -O2 -I/workspaces/labsisop-buildroot/output/host/include      conftest.c >&5
configure:6988: $? = 0
configure:6992: /usr/bin/nm -B conftest.o \| sed -n -e 's/^.*[ ]\([ABCDGIRSTW][ABCDGIRSTW]*\)[ ][ ]*\([_A-Za-z][_A-Za-z0-9]*\)$/\1 \2 \2/p' \> conftest.nm
configure:6995: $? = 0
configure:7049: /usr/bin/gcc -o conftest -O2 -I/workspaces/labsisop-buildroot/output/host/include       -L/workspaces/labsisop-buildroot/output/host/lib -Wl,-rpath,/workspaces/labsisop-buildroot/output/host/lib conftest.c conftstm.o >&5
configure:7052: $? = 0
configure:7090: result: ok
configure:7185: /usr/bin/gcc -c -O2 -I/workspaces/labsisop-buildroot/output/host/include      conftest.c >&5
configure:7188: $? = 0
configure:7938: checking for dlfcn.h
configure:7938: /usr/bin/gcc -c -O2 -I/workspaces/labsisop-buildroot/output/host/include      conftest.c >&5
configure:7938: $? = 0
configure:7938: result: yes
configure:8126: checking for objdir
configure:8141: result: .libs
configure:8412: checking if /usr/bin/gcc supports -fno-rtti -fno-exceptions
configure:8430: /usr/bin/gcc -c -O2 -I/workspaces/labsisop-buildroot/output/host/include      -fno-rtti -fno-exceptions conftest.c >&5
cc1: warning: command line option '-fno-rtti' is valid for C++/D/ObjC++ but not for C
configure:8434: $? = 0
configure:8447: result: no
configure:8467: checking for /usr/bin/gcc option to produce PIC
configure:8753: result: -fPIC -DPIC
configure:8765: checking if /usr/bin/gcc PIC flag -fPIC -DPIC works
configure:8783: /usr/bin/gcc -c -O2 -I/workspaces/labsisop-buildroot/output/host/include      -fPIC -DPIC -DPIC conftest.c >&5
configure:8787: $? = 0
configure:8800: result: yes
configure:8824: checking if /usr/bin/gcc static flag -static works
configure:8852: result: yes
configure:8867: checking if /usr/bin/gcc supports -c -o file.o
configure:8888: /usr/bin/gcc -c -O2 -I/workspaces/labsisop-buildroot/output/host/include      -o out/conftest2.o conftest.c >&5
configure:8892: $? = 0
configure:8914: result: yes
configure:8922: checking if /usr/bin/gcc supports -c -o file.o
configure:8969: result: yes
configure:9002: checking whether the /usr/bin/gcc linker (/usr/bin/ld -m elf_x86_64) supports shared libraries
configure:10073: result: yes
configure:10318: checking dynamic linker characteristics
configure:10759: /usr/bin/gcc -o conftest -O2 -I/workspaces/labsisop-buildroot/output/host/include       -L/workspaces/labsisop-buildroot/output/host/lib -Wl,-rpath,/workspaces/labsisop-buildroot/output/host/lib -Wl,-rpath -Wl,/foo conftest.c  >&5
configure:10759: $? = 0
configure:10981: result: GNU/Linux ld.so
configure:11088: checking how to hardcode library paths into programs
configure:11113: result: immediate
configure:11653: checking whether stripping libraries is possible
configure:11658: result: yes
configure:11693: checking if libtool supports shared libraries
configure:11695: result: yes
configure:11698: checking whether to build shared libraries
configure:11719: result: no
configure:11722: checking whether to build static libraries
configure:11726: result: yes
configure:8906: checking how to run the C++ preprocessor
configure:8933: /usr/bin/g++ -E  conftest.cpp
configure:8933: $? = 0
configure:8947: /usr/bin/g++ -E  conftest.cpp
conftest.cpp:28:10: fatal error: ac_nonexistent.h: No such file or directory
   28 | #include <ac_nonexistent.h>
      |          ^~~~~~~~~~~~~~~~~~
compilation terminated.
configure:8947: $? = 1
configure: failed program was:
| /* confdefs.h */
| #define PACKAGE_NAME "ld"
| #define PACKAGE_TARNAME "ld"
| #define PACKAGE_VERSION "2.38"
| #define PACKAGE_STRING "ld 2.38"
| #define PACKAGE_BUGREPORT ""
| #define PACKAGE_URL ""
| #define PACKAGE "ld"
| #define VERSION "2.38"
| #define STDC_HEADERS 1
| #define HAVE_SYS_TYPES_H 1
| #define HAVE_SYS_STAT_H 1
| #define HAVE_STDLIB_H 1
| #define HAVE_STRING_H 1
| #define HAVE_MEMORY_H 1
| #define HAVE_STRINGS_H 1
| #define HAVE_INTTYPES_H 1
| #define HAVE_STDINT_H 1
| #define HAVE_UNISTD_H 1
| #define __EXTENSIONS__ 1
| #define _ALL_SOURCE 1
| #define _GNU_SOURCE 1
| #define _POSIX_PTHREAD_SEMANTICS 1
| #define _TANDEM_SOURCE 1
| #define HAVE_DLFCN_H 1
| #define LT_OBJDIR ".libs/"
| /* end confdefs.h.  */
| #include <ac_nonexistent.h>
configure:8972: result: /usr/bin/g++ -E
configure:8992: /usr/bin/g++ -E  conftest.cpp
configure:8992: $? = 0
configure:9006: /usr/bin/g++ -E  conftest.cpp
conftest.cpp:28:10: fatal error: ac_nonexistent.h: No such file or directory
   28 | #include <ac_nonexistent.h>
      |          ^~~~~~~~~~~~~~~~~~
compilation terminated.
configure:9006: $? = 1
configure: failed program was:
| /* confdefs.h */
| #define PACKAGE_NAME "ld"
| #define PACKAGE_TARNAME "ld"
| #define PACKAGE_VERSION "2.38"
| #define PACKAGE_STRING "ld 2.38"
| #define PACKAGE_BUGREPORT ""
| #define PACKAGE_URL ""
| #define PACKAGE "ld"
| #define VERSION "2.38"
| #define STDC_HEADERS 1
| #define HAVE_SYS_TYPES_H 1
| #define HAVE_SYS_STAT_H 1
| #define HAVE_STDLIB_H 1
| #define HAVE_STRING_H 1
| #define HAVE_MEMORY_H 1
| #define HAVE_STRINGS_H 1
| #define HAVE_INTTYPES_H 1
| #define HAVE_STDINT_H 1
| #define HAVE_UNISTD_H 1
| #define __EXTENSIONS__ 1
| #define _ALL_SOURCE 1
| #define _GNU_SOURCE 1
| #define _POSIX_PTHREAD_SEMANTICS 1
| #define _TANDEM_SOURCE 1
| #define HAVE_DLFCN_H 1
| #define LT_OBJDIR ".libs/"
| /* end confdefs.h.  */
| #include <ac_nonexistent.h>
configure:9174: checking for ld used by /usr/bin/g++
configure:9241: result: /usr/bin/ld -m elf_x86_64
configure:9248: checking if the linker (/usr/bin/ld -m elf_x86_64) is GNU ld
configure:9263: result: yes
configure:9318: checking whether the /usr/bin/g++ linker (/usr/bin/ld -m elf_x86_64) supports shared libraries
configure:10250: result: yes
configure:10278: /usr/bin/g++ -c -O2 -I/workspaces/labsisop-buildroot/output/host/include      conftest.cpp >&5
configure:10281: $? = 0
configure:10463: checking for /usr/bin/g++ option to produce PIC
configure:10786: result: -fPIC -DPIC
configure:10795: checking if /usr/bin/g++ PIC flag -fPIC -DPIC works
configure:10813: /usr/bin/g++ -c -O2 -I/workspaces/labsisop-buildroot/output/host/include      -fPIC -DPIC -DPIC conftest.cpp >&5
configure:10817: $? = 0
configure:10830: result: yes
configure:10851: checking if /usr/bin/g++ static flag -static works
configure:10879: result: yes
configure:10891: checking if /usr/bin/g++ supports -c -o file.o
configure:10912: /usr/bin/g++ -c -O2 -I/workspaces/labsisop-buildroot/output/host/include      -o out/conftest2.o conftest.cpp >&5
configure:10916: $? = 0
configure:10938: result: yes
configure:10943: checking if /usr/bin/g++ supports -c -o file.o
configure:10990: result: yes
configure:11020: checking whether the /usr/bin/g++ linker (/usr/bin/ld -m elf_x86_64) supports shared libraries
configure:11048: result: yes
configure:11191: checking dynamic linker characteristics
configure:11788: result: GNU/Linux ld.so
configure:11841: checking how to hardcode library paths into programs
configure:11866: result: immediate
configure:10954: checking for dlfcn.h
configure:10954: result: yes
configure:10967: checking for windows.h
configure:10967: /usr/bin/gcc -c -O2 -I/workspaces/labsisop-buildroot/output/host/include      conftest.c >&5
conftest.c:63:10: fatal error: windows.h: No such file or directory
   63 | #include <windows.h>
      |          ^~~~~~~~~~~
compilation terminated.
configure:10967: $? = 1
configure: failed program was:
| /* confdefs.h */
| #define PACKAGE_NAME "ld"
| #define PACKAGE_TARNAME "ld"
| #define PACKAGE_VERSION "2.38"
| #define PACKAGE_STRING "ld 2.38"
| #define PACKAGE_BUGREPORT ""
| #define PACKAGE_URL ""
| #define PACKAGE "ld"
| #define VERSION "2.38"
| #define STDC_HEADERS 1
| #define HAVE_SYS_TYPES_H 1
| #define HAVE_SYS_STAT_H 1
| #define HAVE_STDLIB_H 1
| #define HAVE_STRING_H 1
| #define HAVE_MEMORY_H 1
| #define HAVE_STRINGS_H 1
| #define HAVE_INTTYPES_H 1
| #define HAVE_STDINT_H 1
| #define HAVE_UNISTD_H 1
| #define __EXTENSIONS__ 1
| #define _ALL_SOURCE 1
| #define _GNU_SOURCE 1
| #define _POSIX_PTHREAD_SEMANTICS 1
| #define _TANDEM_SOURCE 1
| #define HAVE_DLFCN_H 1
| #define LT_OBJDIR ".libs/"
| #define HAVE_DLFCN_H 1
| /* end confdefs.h.  */
| #include <stdio.h>
| #ifdef HAVE_SYS_TYPES_H
| # include <sys/types.h>
| #endif
| #ifdef HAVE_SYS_STAT_H
| # include <sys/stat.h>
| #endif
| #ifdef STDC_HEADERS
| # include <stdlib.h>
| # include <stddef.h>
| #else
| # ifdef HAVE_STDLIB_H
| #  include <stdlib.h>
| # endif
| #endif
| #ifdef HAVE_STRING_H
| # if !defined STDC_HEADERS && defined HAVE_MEMORY_H
| #  include <memory.h>
| # endif
| # include <string.h>
| #endif
| #ifdef HAVE_STRINGS_H
| # include <strings.h>
| #endif
| #ifdef HAVE_INTTYPES_H
| # include <inttypes.h>
| #endif
| #ifdef HAVE_STDINT_H
| # include <stdint.h>
| #endif
| #ifdef HAVE_UNISTD_H
| # include <unistd.h>
| #endif
| 
| #include <windows.h>
configure:10967: result: no
configure:10994: checking for library containing dlsym
configure:11025: /usr/bin/gcc -o conftest -O2 -I/workspaces/labsisop-buildroot/output/host/include       -L/workspaces/labsisop-buildroot/output/host/lib -Wl,-rpath,/workspaces/labsisop-buildroot/output/host/lib conftest.c  >&5
/usr/bin/ld: /tmp/ccsWTIhb.o: in function `main':
conftest.c:(.text.startup+0xb): undefined reference to `dlsym'
collect2: error: ld returned 1 exit status
configure:11025: $? = 1
configure: failed program was:
| /* confdefs.h */
| #define PACKAGE_NAME "ld"
| #define PACKAGE_TARNAME "ld"
| #define PACKAGE_VERSION "2.38"
| #define PACKAGE_STRING "ld 2.38"
| #define PACKAGE_BUGREPORT ""
| #define PACKAGE_URL ""
| #define PACKAGE "ld"
| #define VERSION "2.38"
| #define STDC_HEADERS 1
| #define HAVE_SYS_TYPES_H 1
| #define HAVE_SYS_STAT_H 1
| #define HAVE_STDLIB_H 1
| #define HAVE_STRING_H 1
| #define HAVE_MEMORY_H 1
| #define HAVE_STRINGS_H 1
| #define HAVE_INTTYPES_H 1
| #define HAVE_STDINT_H 1
| #define HAVE_UNISTD_H 1
| #define __EXTENSIONS__ 1
| #define _ALL_SOURCE 1
| #define _GNU_SOURCE 1
| #define _POSIX_PTHREAD_SEMANTICS 1
| #define _TANDEM_SOURCE 1
| #define HAVE_DLFCN_H 1
| #define LT_OBJDIR ".libs/"
| #define HAVE_DLFCN_H 1
| /* end confdefs.h.  */
| 
| /* Override any GCC internal prototype to avoid an error.
|    Use char because int might match the return type of a GCC
|    builtin and then its argument prototype would still apply.  */
| #ifdef __cplusplus
| extern "C"
| #endif
| char dlsym ();
| int
| main ()
| {
| return dlsym ();
|   ;
|   return 0;
| }
configure:11025: /usr/bin/gcc -o conftest -O2 -I/workspaces/labsisop-buildroot/output/host/include       -L/workspaces/labsisop-buildroot/output/host/lib -Wl,-rpath,/workspaces/labsisop-buildroot/output/host/lib conftest.c -ldl   >&5
configure:11025: $? = 0
configure:11042: result: -ldl
configure:11114: checking for special C compiler options needed for large files
configure:11159: result: no
configure:11165: checking for _FILE_OFFSET_BITS value needed for large files
configure:11190: /usr/bin/gcc -c -O2 -I/workspaces/labsisop-buildroot/output/host/include      conftest.c >&5
configure:11190: $? = 0
configure:11222: result: no
configure:11361: checking size of void *
configure:11366: /usr/bin/gcc -o conftest -O2 -I/workspaces/labsisop-buildroot/output/host/include       -L/workspaces/labsisop-buildroot/output/host/lib -Wl,-rpath,/workspaces/labsisop-buildroot/output/host/lib conftest.c -ldl  >&5
configure:11366: $? = 0
configure:11366: ./conftest
configure:11366: $? = 0
configure:11380: result: 8
gcc: error: CPPFLAGS_FOR_BUILD@: No such file or directory
gcc: error: CPPFLAGS_FOR_BUILD@: No such file or directory
configure:11808: checking for LC_MESSAGES
configure:11824: /usr/bin/gcc -o conftest -O2 -I/workspaces/labsisop-buildroot/output/host/include       -L/workspaces/labsisop-buildroot/output/host/lib -Wl,-rpath,/workspaces/labsisop-buildroot/output/host/lib conftest.c -ldl  >&5
configure:11824: $? = 0
configure:11832: result: yes
configure:11870: checking whether NLS is requested
configure:11873: result: no
configure:11941: checking whether NLS is requested
configure:11950: result: no
configure:11988: checking for msgfmt
configure:12019: result: /usr/bin/msgfmt
configure:12028: checking for gmsgfmt
configure:12059: result: /usr/bin/msgfmt
configure:12099: checking for xgettext
configure:12130: result: /usr/bin/xgettext
configure:12170: checking for msgmerge
configure:12200: result: /usr/bin/msgmerge
configure:12242: checking for bison
configure:12269: result: bison -y
configure:12285: checking for flex
configure:12312: result: /workspaces/labsisop-buildroot/output/build/host-binutils-2.38/missing flex
configure:12446: checking whether to enable maintainer-specific portions of Makefiles
configure:12455: result: no
configure:12476: checking how to compare bootstrapped objects
configure:12501: result: cmp --ignore-initial=16 $$f1 $$f2
configure:12523: checking fcntl.h usability
configure:12523: /usr/bin/gcc -c -O2 -I/workspaces/labsisop-buildroot/output/host/include      conftest.c >&5
configure:12523: $? = 0
configure:12523: result: yes
configure:12523: checking fcntl.h presence
configure:12523: /usr/bin/gcc -E  conftest.c
configure:12523: $? = 0
configure:12523: result: yes
configure:12523: checking for fcntl.h
configure:12523: result: yes
configure:12523: checking elf-hints.h usability
configure:12523: /usr/bin/gcc -c -O2 -I/workspaces/labsisop-buildroot/output/host/include      conftest.c >&5
conftest.c:69:10: fatal error: elf-hints.h: No such file or directory
   69 | #include <elf-hints.h>
      |          ^~~~~~~~~~~~~
compilation terminated.
configure:12523: $? = 1
configure: failed program was:
| /* confdefs.h */
| #define PACKAGE_NAME "ld"
| #define PACKAGE_TARNAME "ld"
| #define PACKAGE_VERSION "2.38"
| #define PACKAGE_STRING "ld 2.38"
| #define PACKAGE_BUGREPORT ""
| #define PACKAGE_URL ""
| #define PACKAGE "ld"
| #define VERSION "2.38"
| #define STDC_HEADERS 1
| #define HAVE_SYS_TYPES_H 1
| #define HAVE_SYS_STAT_H 1
| #define HAVE_STDLIB_H 1
| #define HAVE_STRING_H 1
| #define HAVE_MEMORY_H 1
| #define HAVE_STRINGS_H 1
| #define HAVE_INTTYPES_H 1
| #define HAVE_STDINT_H 1
| #define HAVE_UNISTD_H 1
| #define __EXTENSIONS__ 1
| #define _ALL_SOURCE 1
| #define _GNU_SOURCE 1
| #define _POSIX_PTHREAD_SEMANTICS 1
| #define _TANDEM_SOURCE 1
| #define HAVE_DLFCN_H 1
| #define LT_OBJDIR ".libs/"
| #define HAVE_DLFCN_H 1
| #define SIZEOF_VOID_P 8
| #define ENABLE_POISON_SYSTEM_DIRECTORIES 1
| #define GOT_HANDLING_DEFAULT GOT_HANDLING_TARGET_DEFAULT
| #define HAVE_INITFINI_ARRAY 1
| #define ENABLE_LIBCTF 1
| #define HAVE_LC_MESSAGES 1
| #define HAVE_FCNTL_H 1
| /* end confdefs.h.  */
| #include <stdio.h>
| #ifdef HAVE_SYS_TYPES_H
| # include <sys/types.h>
| #endif
| #ifdef HAVE_SYS_STAT_H
| # include <sys/stat.h>
| #endif
| #ifdef STDC_HEADERS
| # include <stdlib.h>
| # include <stddef.h>
| #else
| # ifdef HAVE_STDLIB_H
| #  include <stdlib.h>
| # endif
| #endif
| #ifdef HAVE_STRING_H
| # if !defined STDC_HEADERS && defined HAVE_MEMORY_H
| #  include <memory.h>
| # endif
| # include <string.h>
| #endif
| #ifdef HAVE_STRINGS_H
| # include <strings.h>
| #endif
| #ifdef HAVE_INTTYPES_H
| # include <inttypes.h>
| #endif
| #ifdef HAVE_STDINT_H
| # include <stdint.h>
| #endif
| #ifdef HAVE_UNISTD_H
| # include <unistd.h>
| #endif
| #include <elf-hints.h>
configure:12523: result: no
configure:12523: checking elf-hints.h presence
configure:12523: /usr/bin/gcc -E  conftest.c
conftest.c:36:10: fatal error: elf-hints.h: No such file or directory
   36 | #include <elf-hints.h>
      |          ^~~~~~~~~~~~~
compilation terminated.
configure:12523: $? = 1
configure: failed program was:
| /* confdefs.h */
| #define PACKAGE_NAME "ld"
| #define PACKAGE_TARNAME "ld"
| #define PACKAGE_VERSION "2.38"
| #define PACKAGE_STRING "ld 2.38"
| #define PACKAGE_BUGREPORT ""
| #define PACKAGE_URL ""
| #define PACKAGE "ld"
| #define VERSION "2.38"
| #define STDC_HEADERS 1
| #define HAVE_SYS_TYPES_H 1
| #define HAVE_SYS_STAT_H 1
| #define HAVE_STDLIB_H 1
| #define HAVE_STRING_H 1
| #define HAVE_MEMORY_H 1
| #define HAVE_STRINGS_H 1
| #define HAVE_INTTYPES_H 1
| #define HAVE_STDINT_H 1
| #define HAVE_UNISTD_H 1
| #define __EXTENSIONS__ 1
| #define _ALL_SOURCE 1
| #define _GNU_SOURCE 1
| #define _POSIX_PTHREAD_SEMANTICS 1
| #define _TANDEM_SOURCE 1
| #define HAVE_DLFCN_H 1
| #define LT_OBJDIR ".libs/"
| #define HAVE_DLFCN_H 1
| #define SIZEOF_VOID_P 8
| #define ENABLE_POISON_SYSTEM_DIRECTORIES 1
| #define GOT_HANDLING_DEFAULT GOT_HANDLING_TARGET_DEFAULT
| #define HAVE_INITFINI_ARRAY 1
| #define ENABLE_LIBCTF 1
| #define HAVE_LC_MESSAGES 1
| #define HAVE_FCNTL_H 1
| /* end confdefs.h.  */
| #include <elf-hints.h>
configure:12523: result: no
configure:12523: checking for elf-hints.h
configure:12523: result: no
configure:12523: checking limits.h usability
configure:12523: /usr/bin/gcc -c -O2 -I/workspaces/labsisop-buildroot/output/host/include      conftest.c >&5
configure:12523: $? = 0
configure:12523: result: yes
configure:12523: checking limits.h presence
configure:12523: /usr/bin/gcc -E  conftest.c
configure:12523: $? = 0
configure:12523: result: yes
configure:12523: checking for limits.h
configure:12523: result: yes
configure:12523: checking for inttypes.h
configure:12523: result: yes
configure:12523: checking for stdint.h
configure:12523: result: yes
configure:12523: checking sys/file.h usability
configure:12523: /usr/bin/gcc -c -O2 -I/workspaces/labsisop-buildroot/output/host/include      conftest.c >&5
configure:12523: $? = 0
configure:12523: result: yes
configure:12523: checking sys/file.h presence
configure:12523: /usr/bin/gcc -E  conftest.c
configure:12523: $? = 0
configure:12523: result: yes
configure:12523: checking for sys/file.h
configure:12523: result: yes
configure:12523: checking sys/mman.h usability
configure:12523: /usr/bin/gcc -c -O2 -I/workspaces/labsisop-buildroot/output/host/include      conftest.c >&5
configure:12523: $? = 0
configure:12523: result: yes
configure:12523: checking sys/mman.h presence
configure:12523: /usr/bin/gcc -E  conftest.c
configure:12523: $? = 0
configure:12523: result: yes
configure:12523: checking for sys/mman.h
configure:12523: result: yes
configure:12523: checking sys/param.h usability
configure:12523: /usr/bin/gcc -c -O2 -I/workspaces/labsisop-buildroot/output/host/include      conftest.c >&5
configure:12523: $? = 0
configure:12523: result: yes
configure:12523: checking sys/param.h presence
configure:12523: /usr/bin/gcc -E  conftest.c
configure:12523: $? = 0
configure:12523: result: yes
configure:12523: checking for sys/param.h
configure:12523: result: yes
configure:12523: checking for sys/stat.h
configure:12523: result: yes
configure:12523: checking sys/time.h usability
configure:12523: /usr/bin/gcc -c -O2 -I/workspaces/labsisop-buildroot/output/host/include      conftest.c >&5
configure:12523: $? = 0
configure:12523: result: yes
configure:12523: checking sys/time.h presence
configure:12523: /usr/bin/gcc -E  conftest.c
configure:12523: $? = 0
configure:12523: result: yes
configure:12523: checking for sys/time.h
configure:12523: result: yes
configure:12523: checking for sys/types.h
configure:12523: result: yes
configure:12523: checking for unistd.h
configure:12523: result: yes
configure:12536: checking for close
configure:12536: /usr/bin/gcc -o conftest -O2 -I/workspaces/labsisop-buildroot/output/host/include       -L/workspaces/labsisop-buildroot/output/host/lib -Wl,-rpath,/workspaces/labsisop-buildroot/output/host/lib conftest.c -ldl  >&5
configure:12536: $? = 0
configure:12536: result: yes
configure:12536: checking for glob
configure:12536: /usr/bin/gcc -o conftest -O2 -I/workspaces/labsisop-buildroot/output/host/include       -L/workspaces/labsisop-buildroot/output/host/lib -Wl,-rpath,/workspaces/labsisop-buildroot/output/host/lib conftest.c -ldl  >&5
configure:12536: $? = 0
configure:12536: result: yes
configure:12536: checking for lseek
configure:12536: /usr/bin/gcc -o conftest -O2 -I/workspaces/labsisop-buildroot/output/host/include       -L/workspaces/labsisop-buildroot/output/host/lib -Wl,-rpath,/workspaces/labsisop-buildroot/output/host/lib conftest.c -ldl  >&5
configure:12536: $? = 0
configure:12536: result: yes
configure:12536: checking for mkstemp
configure:12536: /usr/bin/gcc -o conftest -O2 -I/workspaces/labsisop-buildroot/output/host/include       -L/workspaces/labsisop-buildroot/output/host/lib -Wl,-rpath,/workspaces/labsisop-buildroot/output/host/lib conftest.c -ldl  >&5
configure:12536: $? = 0
configure:12536: result: yes
configure:12536: checking for open
configure:12536: /usr/bin/gcc -o conftest -O2 -I/workspaces/labsisop-buildroot/output/host/include       -L/workspaces/labsisop-buildroot/output/host/lib -Wl,-rpath,/workspaces/labsisop-buildroot/output/host/lib conftest.c -ldl  >&5
configure:12536: $? = 0
configure:12536: result: yes
configure:12536: checking for realpath
configure:12536: /usr/bin/gcc -o conftest -O2 -I/workspaces/labsisop-buildroot/output/host/include       -L/workspaces/labsisop-buildroot/output/host/lib -Wl,-rpath,/workspaces/labsisop-buildroot/output/host/lib conftest.c -ldl  >&5
configure:12536: $? = 0
configure:12536: result: yes
configure:12536: checking for sbrk
configure:12536: /usr/bin/gcc -o conftest -O2 -I/workspaces/labsisop-buildroot/output/host/include       -L/workspaces/labsisop-buildroot/output/host/lib -Wl,-rpath,/workspaces/labsisop-buildroot/output/host/lib conftest.c -ldl  >&5
configure:12536: $? = 0
configure:12536: result: yes
configure:12536: checking for waitpid
configure:12536: /usr/bin/gcc -o conftest -O2 -I/workspaces/labsisop-buildroot/output/host/include       -L/workspaces/labsisop-buildroot/output/host/lib -Wl,-rpath,/workspaces/labsisop-buildroot/output/host/lib conftest.c -ldl  >&5
configure:12536: $? = 0
configure:12536: result: yes
configure:12554: checking whether asprintf is declared
configure:12554: /usr/bin/gcc -c -O2 -I/workspaces/labsisop-buildroot/output/host/include      conftest.c >&5
configure:12554: $? = 0
configure:12554: result: yes
configure:12564: checking whether environ is declared
configure:12564: /usr/bin/gcc -c -O2 -I/workspaces/labsisop-buildroot/output/host/include      conftest.c >&5
configure:12564: $? = 0
configure:12564: result: yes
configure:12574: checking whether sbrk is declared
configure:12574: /usr/bin/gcc -c -O2 -I/workspaces/labsisop-buildroot/output/host/include      conftest.c >&5
configure:12574: $? = 0
configure:12574: result: yes
configure:12592: checking for stdlib.h
configure:12592: result: yes
configure:12592: checking for unistd.h
configure:12592: result: yes
configure:12592: checking for sys/param.h
configure:12592: result: yes
configure:12612: checking for getpagesize
configure:12612: /usr/bin/gcc -o conftest -O2 -I/workspaces/labsisop-buildroot/output/host/include       -L/workspaces/labsisop-buildroot/output/host/lib -Wl,-rpath,/workspaces/labsisop-buildroot/output/host/lib conftest.c -ldl  >&5
configure:12612: $? = 0
configure:12612: result: yes
configure:12621: checking for working mmap
configure:12768: /usr/bin/gcc -o conftest -O2 -I/workspaces/labsisop-buildroot/output/host/include       -L/workspaces/labsisop-buildroot/output/host/lib -Wl,-rpath,/workspaces/labsisop-buildroot/output/host/lib conftest.c -ldl  >&5
configure:12768: $? = 0
configure:12768: ./conftest
configure:12768: $? = 0
configure:12778: result: yes
configure:12788: checking for library containing dlopen
configure:12819: /usr/bin/gcc -o conftest -O2 -I/workspaces/labsisop-buildroot/output/host/include       -L/workspaces/labsisop-buildroot/output/host/lib -Wl,-rpath,/workspaces/labsisop-buildroot/output/host/lib conftest.c -ldl  >&5
configure:12819: $? = 0
configure:12836: result: none required
configure:12845: checking for a known getopt prototype in unistd.h
configure:12861: /usr/bin/gcc -c -O2 -I/workspaces/labsisop-buildroot/output/host/include      conftest.c >&5
configure:12861: $? = 0
configure:12869: result: yes
configure:12903: checking whether ANSI C string concatenation works
configure:12919: /usr/bin/gcc -c -O2 -I/workspaces/labsisop-buildroot/output/host/include      conftest.c >&5
configure:12919: $? = 0
configure:12927: result: yes
configure:13243: updating cache ./config.cache
configure:13287: checking that generated files are newer than configure
configure:13293: result: done
configure:13340: creating ./config.status

## ---------------------- ##
## Running config.status. ##
## ---------------------- ##

This file was extended by ld config.status 2.38, which was
generated by GNU Autoconf 2.69.  Invocation command line was

  CONFIG_FILES    = 
  CONFIG_HEADERS  = 
  CONFIG_LINKS    = 
  CONFIG_COMMANDS = 
  $ ./config.status 

on codespaces-1ee735

config.status:1254: creating Makefile
config.status:1254: creating po/Makefile.in
config.status:1254: creating config.h
config.status:1483: executing depfiles commands
config.status:1483: executing libtool commands
config.status:1483: executing default-1 commands
config.status:1483: executing default commands

## ---------------- ##
## Cache variables. ##
## ---------------- ##

ac_cv_build=x86_64-pc-linux-gnu
ac_cv_c_compiler_gnu=yes
ac_cv_cxx_compiler_gnu=yes
ac_cv_env_CCC_set=
ac_cv_env_CCC_value=
ac_cv_env_CC_set=set
ac_cv_env_CC_value=/usr/bin/gcc
ac_cv_env_CFLAGS_set=set
ac_cv_env_CFLAGS_value='-O2 -I/workspaces/labsisop-buildroot/output/host/include    '
ac_cv_env_CPPFLAGS_set=
ac_cv_env_CPPFLAGS_value=
ac_cv_env_CPP_set=
ac_cv_env_CPP_value=
ac_cv_env_CXXCPP_set=
ac_cv_env_CXXCPP_value=
ac_cv_env_CXXFLAGS_set=set
ac_cv_env_CXXFLAGS_value='-O2 -I/workspaces/labsisop-buildroot/output/host/include    '
ac_cv_env_CXX_set=set
ac_cv_env_CXX_value=/usr/bin/g++
ac_cv_env_LDFLAGS_set=set
ac_cv_env_LDFLAGS_value=' -L/workspaces/labsisop-buildroot/output/host/lib -Wl,-rpath,/workspaces/labsisop-buildroot/output/host/lib'
ac_cv_env_LIBS_set=
ac_cv_env_LIBS_value=
ac_cv_env_YACC_set=set
ac_cv_env_YACC_value='bison -y'
ac_cv_env_YFLAGS_set=
ac_cv_env_YFLAGS_value=
ac_cv_env_build_alias_set=set
ac_cv_env_build_alias_value=x86_64-pc-linux-gnu
ac_cv_env_host_alias_set=set
ac_cv_env_host_alias_value=x86_64-pc-linux-gnu
ac_cv_env_target_alias_set=set
ac_cv_env_target_alias_value=i686-buildroot-linux-gnu
ac_cv_func_close=yes
ac_cv_func_getpagesize=yes
ac_cv_func_glob=yes
ac_cv_func_lseek=yes
ac_cv_func_mkstemp=yes
ac_cv_func_mmap_fixed_mapped=yes
ac_cv_func_open=yes
ac_cv_func_realpath=yes
ac_cv_func_sbrk=yes
ac_cv_func_waitpid=yes
ac_cv_have_decl_asprintf=yes
ac_cv_have_decl_environ=yes
ac_cv_have_decl_sbrk=yes
ac_cv_header_dlfcn_h=yes
ac_cv_header_elf_hints_h=no
ac_cv_header_fcntl_h=yes
ac_cv_header_inttypes_h=yes
ac_cv_header_limits_h=yes
ac_cv_header_memory_h=yes
ac_cv_header_minix_config_h=no
ac_cv_header_stdc=yes
ac_cv_header_stdint_h=yes
ac_cv_header_stdlib_h=yes
ac_cv_header_string_h=yes
ac_cv_header_strings_h=yes
ac_cv_header_sys_file_h=yes
ac_cv_header_sys_mman_h=yes
ac_cv_header_sys_param_h=yes
ac_cv_header_sys_stat_h=yes
ac_cv_header_sys_time_h=yes
ac_cv_header_sys_types_h=yes
ac_cv_header_unistd_h=yes
ac_cv_header_windows_h=no
ac_cv_host=x86_64-pc-linux-gnu
ac_cv_objext=o
ac_cv_path_EGREP='/usr/bin/grep -E'
ac_cv_path_FGREP='/usr/bin/grep -F'
ac_cv_path_GMSGFMT=/usr/bin/msgfmt
ac_cv_path_GREP=/usr/bin/grep
ac_cv_path_MSGFMT=/usr/bin/msgfmt
ac_cv_path_MSGMERGE=/usr/bin/msgmerge
ac_cv_path_SED=/usr/bin/sed
ac_cv_path_XGETTEXT=/usr/bin/xgettext
ac_cv_path_mkdir=/usr/bin/mkdir
ac_cv_prog_AR='/usr/bin/ar --plugin /usr/lib/gcc/x86_64-linux-gnu/9/liblto_plugin.so'
ac_cv_prog_AWK=gawk
ac_cv_prog_CC=/usr/bin/gcc
ac_cv_prog_CPP='/usr/bin/gcc -E'
ac_cv_prog_CXXCPP='/usr/bin/g++ -E'
ac_cv_prog_LEX='/workspaces/labsisop-buildroot/output/build/host-binutils-2.38/missing flex'
ac_cv_prog_OBJDUMP=objdump
ac_cv_prog_RANLIB='/usr/bin/ranlib --plugin /usr/lib/gcc/x86_64-linux-gnu/9/liblto_plugin.so'
ac_cv_prog_YACC='bison -y'
ac_cv_prog_ac_ct_STRIP=strip
ac_cv_prog_cc_c89=
ac_cv_prog_cc_g=yes
ac_cv_prog_cxx_g=yes
ac_cv_prog_make__usr_bin_make_set=yes
ac_cv_safe_to_define___extensions__=yes
ac_cv_search_dlopen='none required'
ac_cv_search_dlsym=-ldl
ac_cv_sizeof_void_p=8
ac_cv_sys_file_offset_bits=no
ac_cv_sys_largefile_CC=no
ac_cv_target=i686-buildroot-linux-gnu
am_cv_CC_dependencies_compiler_type=none
am_cv_CXX_dependencies_compiler_type=none
am_cv_make_support_nested_variables=yes
am_cv_prog_cc_c_o=yes
am_cv_val_LC_MESSAGES=yes
gcc_cv_prog_cmp_skip='cmp --ignore-initial=16 $$f1 $$f2'
ld_cv_decl_getopt_unistd_h=yes
ld_cv_string_concatenation=yes
lt_cv_deplibs_check_method=pass_all
lt_cv_file_magic_cmd='$MAGIC_CMD'
lt_cv_file_magic_test_file=
lt_cv_ld_reload_flag=-r
lt_cv_nm_interface='BSD nm'
lt_cv_objdir=.libs
lt_cv_path_LD=/usr/bin/ld
lt_cv_path_LDCXX='/usr/bin/ld -m elf_x86_64'
lt_cv_path_NM='/usr/bin/nm -B'
lt_cv_prog_compiler_c_o=yes
lt_cv_prog_compiler_c_o_CXX=yes
lt_cv_prog_compiler_pic_works=yes
lt_cv_prog_compiler_pic_works_CXX=yes
lt_cv_prog_compiler_rtti_exceptions=no
lt_cv_prog_compiler_static_works=yes
lt_cv_prog_compiler_static_works_CXX=yes
lt_cv_prog_gnu_ld=yes
lt_cv_prog_gnu_ldcxx=yes
lt_cv_shlibpath_overrides_runpath=yes
lt_cv_sys_global_symbol_pipe='sed -n -e '\''s/^.*[	 ]\([ABCDGIRSTW][ABCDGIRSTW]*\)[	 ][	 ]*\([_A-Za-z][_A-Za-z0-9]*\)$/\1 \2 \2/p'\'''
lt_cv_sys_global_symbol_to_c_name_address='sed -n -e '\''s/^: \([^ ]*\) $/  {\"\1\", (void *) 0},/p'\'' -e '\''s/^[ABCDGIRSTW]* \([^ ]*\) \([^ ]*\)$/  {"\2", (void *) \&\2},/p'\'''
lt_cv_sys_global_symbol_to_c_name_address_lib_prefix='sed -n -e '\''s/^: \([^ ]*\) $/  {\"\1\", (void *) 0},/p'\'' -e '\''s/^[ABCDGIRSTW]* \([^ ]*\) \(lib[^ ]*\)$/  {"\2", (void *) \&\2},/p'\'' -e '\''s/^[ABCDGIRSTW]* \([^ ]*\) \([^ ]*\)$/  {"lib\2", (void *) \&\2},/p'\'''
lt_cv_sys_global_symbol_to_cdecl='sed -n -e '\''s/^T .* \(.*\)$/extern int \1();/p'\'' -e '\''s/^[ABCDGIRSTW]* .* \(.*\)$/extern char \1;/p'\'''
lt_cv_sys_max_cmd_len=1572864

## ----------------- ##
## Output variables. ##
## ----------------- ##

ACLOCAL='${SHELL} /workspaces/labsisop-buildroot/output/build/host-binutils-2.38/missing aclocal-1.15'
AMDEPBACKSLASH=''
AMDEP_FALSE=''
AMDEP_TRUE='#'
AMTAR='$${TAR-tar}'
AM_BACKSLASH='\'
AM_DEFAULT_V='$(AM_DEFAULT_VERBOSITY)'
AM_DEFAULT_VERBOSITY='0'
AM_V='$(V)'
AR='/usr/bin/ar --plugin /usr/lib/gcc/x86_64-linux-gnu/9/liblto_plugin.so --plugin /usr/lib/gcc/x86_64-linux-gnu/9/liblto_plugin.so'
AUTOCONF='${SHELL} /workspaces/labsisop-buildroot/output/build/host-binutils-2.38/missing autoconf'
AUTOHEADER='${SHELL} /workspaces/labsisop-buildroot/output/build/host-binutils-2.38/missing autoheader'
AUTOMAKE='${SHELL} /workspaces/labsisop-buildroot/output/build/host-binutils-2.38/missing automake-1.15'
AWK='gawk'
CATALOGS=''
CATOBJEXT=''
CC='/usr/bin/gcc'
CCDEPMODE='depmode=none'
CFLAGS='-O2 -I/workspaces/labsisop-buildroot/output/host/include    '
CPP='/usr/bin/gcc -E'
CPPFLAGS=''
CXX='/usr/bin/g++'
CXXCPP='/usr/bin/g++ -E'
CXXDEPMODE='depmode=none'
CXXFLAGS='-O2 -I/workspaces/labsisop-buildroot/output/host/include    '
CYGPATH_W='echo'
DATADIRNAME=''
DEFS='-DHAVE_CONFIG_H'
DEPDIR='.deps'
DSYMUTIL='@DSYMUTIL@'
DUMPBIN=''
ECHO_C=''
ECHO_N='-n'
ECHO_T=''
EGREP='/usr/bin/grep -E'
EMUL='elf_i386'
EMULATION_LIBPATH='elf_i386 elf_x86_64 elf32_x86_64'
EMULATION_OFILES=' eelf_i386.o eelf_iamcu.o eelf_x86_64.o eelf32_x86_64.o eelf_l1om.o eelf_k1om.o'
EMUL_EXTRA_OFILES=' ldelf.o ldelfgen.o'
ENABLE_BFD_64_BIT_FALSE='#'
ENABLE_BFD_64_BIT_TRUE=''
ENABLE_LIBCTF_FALSE='#'
ENABLE_LIBCTF_TRUE=''
EXEEXT=''
FGREP='/usr/bin/grep -F'
GENCAT=''
GENINSRC_NEVER_FALSE=''
GENINSRC_NEVER_TRUE='#'
GMSGFMT='/usr/bin/msgfmt'
GREP='/usr/bin/grep'
HDEFINES=''
INCINTL=''
INSTALL_DATA='/usr/bin/install -c -m 644'
INSTALL_PROGRAM='/usr/bin/install -c'
INSTALL_SCRIPT='/usr/bin/install -c'
INSTALL_STRIP_PROGRAM='$(install_sh) -c -s'
INSTOBJEXT=''
LARGEFILE_CPPFLAGS=''
LD='/usr/bin/ld -m elf_x86_64'
LDFLAGS=' -L/workspaces/labsisop-buildroot/output/host/lib -Wl,-rpath,/workspaces/labsisop-buildroot/output/host/lib'
LEX='/workspaces/labsisop-buildroot/output/build/host-binutils-2.38/missing flex'
LEXLIB=''
LEX_OUTPUT_ROOT=''
LIBINTL=''
LIBINTL_DEP=''
LIBOBJS=''
LIBS='-ldl '
LIBTOOL='$(SHELL) $(top_builddir)/libtool'
LIB_PATH=''
LIPO=''
LN_S='ln -s'
LTLIBOBJS=''
MAINT='#'
MAINTAINER_MODE_FALSE=''
MAINTAINER_MODE_TRUE='#'
MAKEINFO='true --split-size=5000000'
MKDIR_P='/usr/bin/mkdir -p'
MKINSTALLDIRS='$(top_builddir)/./../mkinstalldirs'
MSGFMT='/usr/bin/msgfmt'
MSGMERGE='/usr/bin/msgmerge'
NATIVE_LIB_DIRS='/usr/local/lib /lib /usr/lib'
NM='/usr/bin/nm -B'
NMEDIT=''
NO_WERROR=''
OBJDUMP='objdump'
OBJEXT='o'
OTOOL64=''
OTOOL='@OTOOL@'
PACKAGE='ld'
PACKAGE_BUGREPORT=''
PACKAGE_NAME='ld'
PACKAGE_STRING='ld 2.38'
PACKAGE_TARNAME='ld'
PACKAGE_URL=''
PACKAGE_VERSION='2.38'
PATH_SEPARATOR=':'
POSUB=''
RANLIB='/usr/bin/ranlib --plugin /usr/lib/gcc/x86_64-linux-gnu/9/liblto_plugin.so --plugin /usr/lib/gcc/x86_64-linux-gnu/9/liblto_plugin.so'
SED='/usr/bin/sed'
SET_MAKE=''
SHELL='/bin/bash'
STRINGIFY='astring.sed'
STRIP='strip'
TARGET_SYSTEM_ROOT='/workspaces/labsisop-buildroot/output/host/i686-buildroot-linux-gnu/sysroot'
TARGET_SYSTEM_ROOT_DEFINE='-DTARGET_SYSTEM_ROOT=\"$(TARGET_SYSTEM_ROOT)\" -DTARGET_SYSTEM_ROOT_RELOCATABLE'
TDIRS='
TESTBFDLIB='../bfd/.libs/libbfd.a'
TESTCTFLIB='../libctf/.libs/libctf.a'
USE_NLS='no'
VERSION='2.38'
WARN_CFLAGS='-W -Wall -Wstrict-prototypes -Wmissing-prototypes -Wshadow -Wstack-usage=262144'
WARN_CFLAGS_FOR_BUILD='-W -Wall -Wstrict-prototypes -Wmissing-prototypes -Wshadow -Wstack-usage=262144'
WARN_WRITE_STRINGS='-Wwrite-strings'
XGETTEXT='/usr/bin/xgettext'
YACC='bison -y'
YFLAGS=''
ac_ct_CC=''
ac_ct_CXX=''
ac_ct_DUMPBIN=''
am__EXEEXT_FALSE=''
am__EXEEXT_TRUE='#'
am__fastdepCC_FALSE=''
am__fastdepCC_TRUE='#'
am__fastdepCXX_FALSE=''
am__fastdepCXX_TRUE='#'
am__include='include'
am__isrc=''
am__leading_dot='.'
am__nodep=''
am__quote=''
am__tar='$${TAR-tar} chof - "$$tardir"'
am__untar='$${TAR-tar} xf -'
bindir='${exec_prefix}/bin'
build='x86_64-pc-linux-gnu'
build_alias='x86_64-pc-linux-gnu'
build_cpu='x86_64'
build_os='linux-gnu'
build_vendor='pc'
datadir='${datarootdir}'
datarootdir='${prefix}/share'
do_compare='cmp --ignore-initial=16 $$f1 $$f2'
docdir='${datarootdir}/doc/${PACKAGE_TARNAME}'
dvidir='${docdir}'
elf_list_options='true'
elf_plt_unwind_list_options='true'
elf_shlib_list_options='true'
enable_initfini_array='yes'
enable_libctf='yes'
exec_prefix='${prefix}'
host='x86_64-pc-linux-gnu'
host_alias='x86_64-pc-linux-gnu'
host_cpu='x86_64'
host_os='linux-gnu'
host_vendor='pc'
htmldir='${docdir}'
includedir='${prefix}/include'
infodir='${datarootdir}/info'
install_as_default='yes'
install_sh='${SHELL} /workspaces/labsisop-buildroot/output/build/host-binutils-2.38/install-sh'
installed_linker='ld.bfd'
libdir='${exec_prefix}/lib'
libexecdir='${exec_prefix}/libexec'
localedir='${datarootdir}/locale'
localstatedir='/workspaces/labsisop-buildroot/output/host/var'
mandir='${datarootdir}/man'
mkdir_p='$(MKDIR_P)'
oldincludedir='/usr/include'
pdfdir='${docdir}'
prefix='/workspaces/labsisop-buildroot/output/host'
program_transform_name='s&^&i686-buildroot-linux-gnu-&'
psdir='${docdir}'
sbindir='${exec_prefix}/sbin'
sharedstatedir='${prefix}/com'
sysconfdir='/workspaces/labsisop-buildroot/output/host/etc'
target='i686-buildroot-linux-gnu'
target_alias='i686-buildroot-linux-gnu'
target_cpu='i686'
target_os='linux-gnu'
target_vendor='buildroot'
tdir_elf32_x86_64=i686-buildroot-linux-gnu
tdir_elf_i386=i686-buildroot-linux-gnu
tdir_elf_iamcu=i686-buildroot-linux-gnu
tdir_elf_k1om=i686-buildroot-linux-gnu'
tdir_elf_l1om=i686-buildroot-linux-gnu
tdir_elf_x86_64=i686-buildroot-linux-gnu
use_sysroot='yes'
zlibdir='-L$(top_builddir)/../zlib'
zlibinc='-I$(top_srcdir)/../zlib'

## ----------- ##
## confdefs.h. ##
## ----------- ##

/* confdefs.h */
#define PACKAGE_NAME "ld"
#define PACKAGE_TARNAME "ld"
#define PACKAGE_VERSION "2.38"
#define PACKAGE_STRING "ld 2.38"
#define PACKAGE_BUGREPORT ""
#define PACKAGE_URL ""
#define PACKAGE "ld"
#define VERSION "2.38"
#define STDC_HEADERS 1
#define HAVE_SYS_TYPES_H 1
#define HAVE_SYS_STAT_H 1
#define HAVE_STDLIB_H 1
#define HAVE_STRING_H 1
#define HAVE_MEMORY_H 1
#define HAVE_STRINGS_H 1
#define HAVE_INTTYPES_H 1
#define HAVE_STDINT_H 1
#define HAVE_UNISTD_H 1
#define __EXTENSIONS__ 1
#define _ALL_SOURCE 1
#define _GNU_SOURCE 1
#define _POSIX_PTHREAD_SEMANTICS 1
#define _TANDEM_SOURCE 1
#define HAVE_DLFCN_H 1
#define LT_OBJDIR ".libs/"
#define HAVE_DLFCN_H 1
#define SIZEOF_VOID_P 8
#define ENABLE_POISON_SYSTEM_DIRECTORIES 1
#define GOT_HANDLING_DEFAULT GOT_HANDLING_TARGET_DEFAULT
#define HAVE_INITFINI_ARRAY 1
#define ENABLE_LIBCTF 1
#define HAVE_LC_MESSAGES 1
#define HAVE_FCNTL_H 1
#define HAVE_LIMITS_H 1
#define HAVE_INTTYPES_H 1
#define HAVE_STDINT_H 1
#define HAVE_SYS_FILE_H 1
#define HAVE_SYS_MMAN_H 1
#define HAVE_SYS_PARAM_H 1
#define HAVE_SYS_STAT_H 1
#define HAVE_SYS_TIME_H 1
#define HAVE_SYS_TYPES_H 1
#define HAVE_UNISTD_H 1
#define HAVE_CLOSE 1
#define HAVE_GLOB 1
#define HAVE_LSEEK 1
#define HAVE_MKSTEMP 1
#define HAVE_OPEN 1
#define HAVE_REALPATH 1
#define HAVE_SBRK 1
#define HAVE_WAITPID 1
#define HAVE_DECL_ASPRINTF 1
#define HAVE_DECL_ENVIRON 1
#define HAVE_DECL_SBRK 1
#define HAVE_STDLIB_H 1
#define HAVE_UNISTD_H 1
#define HAVE_SYS_PARAM_H 1
#define HAVE_GETPAGESIZE 1
#define HAVE_MMAP 1
#define HAVE_DECL_GETOPT 1
#define DEFAULT_NEW_DTAGS 0
#define DEFAULT_LD_Z_RELRO 1
#define DEFAULT_LD_TEXTREL_CHECK textrel_check_warning
#define DEFAULT_LD_TEXTREL_CHECK_WARNING 1
#define DEFAULT_LD_Z_SEPARATE_CODE 1
#define SUPPORT_ERROR_HANDLING_SCRIPT 1
#define DEFAULT_EMIT_SYSV_HASH 1
#define DEFAULT_EMIT_GNU_HASH 1

configure: exit 0

## ---------------------- ##
## Running config.status. ##
## ---------------------- ##

This file was extended by ld config.status 2.38, which was
generated by GNU Autoconf 2.69.  Invocation command line was

  CONFIG_FILES    = po/Makefile.in:po/Make-in
  CONFIG_HEADERS  = 
  CONFIG_LINKS    = 
  CONFIG_COMMANDS = 
  $ ./config.status 

on codespaces-1ee735

config.status:1254: creating po/Makefile.in
config.status:1483: executing depfiles commands
config.status:1483: executing libtool commands
config.status:1483: executing default-1 commands
config.status:1483: executing default commands
